ARM GAS  C:\Users\ADMINI~1\AppData\Local\Temp\cciEGJLF.s 			page 1


   1              		.syntax unified
   2              		.cpu cortex-m0
   3              		.fpu softvfp
   4              		.eabi_attribute 20, 1
   5              		.eabi_attribute 21, 1
   6              		.eabi_attribute 23, 3
   7              		.eabi_attribute 24, 1
   8              		.eabi_attribute 25, 1
   9              		.eabi_attribute 26, 1
  10              		.eabi_attribute 30, 6
  11              		.eabi_attribute 34, 0
  12              		.eabi_attribute 18, 4
  13              		.thumb
  14              		.syntax unified
  15              		.file	"Accel_ISR.c"
  16              		.text
  17              	.Ltext0:
  18              		.cfi_sections	.debug_frame
  19              		.section	.text.Accel_ISR_Start,"ax",%progbits
  20              		.align	2
  21              		.global	Accel_ISR_Start
  22              		.code	16
  23              		.thumb_func
  24              		.type	Accel_ISR_Start, %function
  25              	Accel_ISR_Start:
  26              	.LFB1:
  27              		.file 1 "Generated_Source\\PSoC4\\Accel_ISR.c"
   1:Generated_Source\PSoC4/Accel_ISR.c **** /*******************************************************************************
   2:Generated_Source\PSoC4/Accel_ISR.c **** * File Name: Accel_ISR.c  
   3:Generated_Source\PSoC4/Accel_ISR.c **** * Version 1.70
   4:Generated_Source\PSoC4/Accel_ISR.c **** *
   5:Generated_Source\PSoC4/Accel_ISR.c **** *  Description:
   6:Generated_Source\PSoC4/Accel_ISR.c **** *   API for controlling the state of an interrupt.
   7:Generated_Source\PSoC4/Accel_ISR.c **** *
   8:Generated_Source\PSoC4/Accel_ISR.c **** *
   9:Generated_Source\PSoC4/Accel_ISR.c **** *  Note:
  10:Generated_Source\PSoC4/Accel_ISR.c **** *
  11:Generated_Source\PSoC4/Accel_ISR.c **** ********************************************************************************
  12:Generated_Source\PSoC4/Accel_ISR.c **** * Copyright 2008-2015, Cypress Semiconductor Corporation.  All rights reserved.
  13:Generated_Source\PSoC4/Accel_ISR.c **** * You may use this file only in accordance with the license, terms, conditions, 
  14:Generated_Source\PSoC4/Accel_ISR.c **** * disclaimers, and limitations in the end user license agreement accompanying 
  15:Generated_Source\PSoC4/Accel_ISR.c **** * the software package with which this file was provided.
  16:Generated_Source\PSoC4/Accel_ISR.c **** *******************************************************************************/
  17:Generated_Source\PSoC4/Accel_ISR.c **** 
  18:Generated_Source\PSoC4/Accel_ISR.c **** 
  19:Generated_Source\PSoC4/Accel_ISR.c **** #include <cydevice_trm.h>
  20:Generated_Source\PSoC4/Accel_ISR.c **** #include <CyLib.h>
  21:Generated_Source\PSoC4/Accel_ISR.c **** #include <Accel_ISR.h>
  22:Generated_Source\PSoC4/Accel_ISR.c **** 
  23:Generated_Source\PSoC4/Accel_ISR.c **** 
  24:Generated_Source\PSoC4/Accel_ISR.c **** #if !defined(Accel_ISR__REMOVED) /* Check for removal by optimization */
  25:Generated_Source\PSoC4/Accel_ISR.c **** 
  26:Generated_Source\PSoC4/Accel_ISR.c **** /*******************************************************************************
  27:Generated_Source\PSoC4/Accel_ISR.c **** *  Place your includes, defines and code here 
  28:Generated_Source\PSoC4/Accel_ISR.c **** ********************************************************************************/
  29:Generated_Source\PSoC4/Accel_ISR.c **** /* `#START Accel_ISR_intc` */
  30:Generated_Source\PSoC4/Accel_ISR.c **** 
ARM GAS  C:\Users\ADMINI~1\AppData\Local\Temp\cciEGJLF.s 			page 2


  31:Generated_Source\PSoC4/Accel_ISR.c **** /* `#END` */
  32:Generated_Source\PSoC4/Accel_ISR.c **** 
  33:Generated_Source\PSoC4/Accel_ISR.c **** extern cyisraddress CyRamVectors[CYINT_IRQ_BASE + CY_NUM_INTERRUPTS];
  34:Generated_Source\PSoC4/Accel_ISR.c **** 
  35:Generated_Source\PSoC4/Accel_ISR.c **** /* Declared in startup, used to set unused interrupts to. */
  36:Generated_Source\PSoC4/Accel_ISR.c **** CY_ISR_PROTO(IntDefaultHandler);
  37:Generated_Source\PSoC4/Accel_ISR.c **** 
  38:Generated_Source\PSoC4/Accel_ISR.c **** 
  39:Generated_Source\PSoC4/Accel_ISR.c **** /*******************************************************************************
  40:Generated_Source\PSoC4/Accel_ISR.c **** * Function Name: Accel_ISR_Start
  41:Generated_Source\PSoC4/Accel_ISR.c **** ********************************************************************************
  42:Generated_Source\PSoC4/Accel_ISR.c **** *
  43:Generated_Source\PSoC4/Accel_ISR.c **** * Summary:
  44:Generated_Source\PSoC4/Accel_ISR.c **** *  Set up the interrupt and enable it. This function disables the interrupt, 
  45:Generated_Source\PSoC4/Accel_ISR.c **** *  sets the default interrupt vector, sets the priority from the value in the
  46:Generated_Source\PSoC4/Accel_ISR.c **** *  Design Wide Resources Interrupt Editor, then enables the interrupt to the 
  47:Generated_Source\PSoC4/Accel_ISR.c **** *  interrupt controller.
  48:Generated_Source\PSoC4/Accel_ISR.c **** *
  49:Generated_Source\PSoC4/Accel_ISR.c **** * Parameters:  
  50:Generated_Source\PSoC4/Accel_ISR.c **** *   None
  51:Generated_Source\PSoC4/Accel_ISR.c **** *
  52:Generated_Source\PSoC4/Accel_ISR.c **** * Return:
  53:Generated_Source\PSoC4/Accel_ISR.c **** *   None
  54:Generated_Source\PSoC4/Accel_ISR.c **** *
  55:Generated_Source\PSoC4/Accel_ISR.c **** *******************************************************************************/
  56:Generated_Source\PSoC4/Accel_ISR.c **** void Accel_ISR_Start(void)
  57:Generated_Source\PSoC4/Accel_ISR.c **** {
  28              		.loc 1 57 0
  29              		.cfi_startproc
  30              		@ args = 0, pretend = 0, frame = 0
  31              		@ frame_needed = 1, uses_anonymous_args = 0
  32 0000 80B5     		push	{r7, lr}
  33              		.cfi_def_cfa_offset 8
  34              		.cfi_offset 7, -8
  35              		.cfi_offset 14, -4
  36 0002 00AF     		add	r7, sp, #0
  37              		.cfi_def_cfa_register 7
  58:Generated_Source\PSoC4/Accel_ISR.c ****     /* For all we know the interrupt is active. */
  59:Generated_Source\PSoC4/Accel_ISR.c ****     Accel_ISR_Disable();
  38              		.loc 1 59 0
  39 0004 FFF7FEFF 		bl	Accel_ISR_Disable
  60:Generated_Source\PSoC4/Accel_ISR.c **** 
  61:Generated_Source\PSoC4/Accel_ISR.c ****     /* Set the ISR to point to the Accel_ISR Interrupt. */
  62:Generated_Source\PSoC4/Accel_ISR.c ****     Accel_ISR_SetVector(&Accel_ISR_Interrupt);
  40              		.loc 1 62 0
  41 0008 054B     		ldr	r3, .L2
  42 000a 1800     		movs	r0, r3
  43 000c FFF7FEFF 		bl	Accel_ISR_SetVector
  63:Generated_Source\PSoC4/Accel_ISR.c **** 
  64:Generated_Source\PSoC4/Accel_ISR.c ****     /* Set the priority. */
  65:Generated_Source\PSoC4/Accel_ISR.c ****     Accel_ISR_SetPriority((uint8)Accel_ISR_INTC_PRIOR_NUMBER);
  44              		.loc 1 65 0
  45 0010 0320     		movs	r0, #3
  46 0012 FFF7FEFF 		bl	Accel_ISR_SetPriority
  66:Generated_Source\PSoC4/Accel_ISR.c **** 
  67:Generated_Source\PSoC4/Accel_ISR.c ****     /* Enable it. */
  68:Generated_Source\PSoC4/Accel_ISR.c ****     Accel_ISR_Enable();
ARM GAS  C:\Users\ADMINI~1\AppData\Local\Temp\cciEGJLF.s 			page 3


  47              		.loc 1 68 0
  48 0016 FFF7FEFF 		bl	Accel_ISR_Enable
  69:Generated_Source\PSoC4/Accel_ISR.c **** }
  49              		.loc 1 69 0
  50 001a C046     		nop
  51 001c BD46     		mov	sp, r7
  52              		@ sp needed
  53 001e 80BD     		pop	{r7, pc}
  54              	.L3:
  55              		.align	2
  56              	.L2:
  57 0020 00000000 		.word	Accel_ISR_Interrupt
  58              		.cfi_endproc
  59              	.LFE1:
  60              		.size	Accel_ISR_Start, .-Accel_ISR_Start
  61              		.section	.text.Accel_ISR_StartEx,"ax",%progbits
  62              		.align	2
  63              		.global	Accel_ISR_StartEx
  64              		.code	16
  65              		.thumb_func
  66              		.type	Accel_ISR_StartEx, %function
  67              	Accel_ISR_StartEx:
  68              	.LFB2:
  70:Generated_Source\PSoC4/Accel_ISR.c **** 
  71:Generated_Source\PSoC4/Accel_ISR.c **** 
  72:Generated_Source\PSoC4/Accel_ISR.c **** /*******************************************************************************
  73:Generated_Source\PSoC4/Accel_ISR.c **** * Function Name: Accel_ISR_StartEx
  74:Generated_Source\PSoC4/Accel_ISR.c **** ********************************************************************************
  75:Generated_Source\PSoC4/Accel_ISR.c **** *
  76:Generated_Source\PSoC4/Accel_ISR.c **** * Summary:
  77:Generated_Source\PSoC4/Accel_ISR.c **** *  Sets up the interrupt and enables it. This function disables the interrupt,
  78:Generated_Source\PSoC4/Accel_ISR.c **** *  sets the interrupt vector based on the address passed in, sets the priority 
  79:Generated_Source\PSoC4/Accel_ISR.c **** *  from the value in the Design Wide Resources Interrupt Editor, then enables 
  80:Generated_Source\PSoC4/Accel_ISR.c **** *  the interrupt to the interrupt controller.
  81:Generated_Source\PSoC4/Accel_ISR.c **** *  
  82:Generated_Source\PSoC4/Accel_ISR.c **** *  When defining ISR functions, the CY_ISR and CY_ISR_PROTO macros should be 
  83:Generated_Source\PSoC4/Accel_ISR.c **** *  used to provide consistent definition across compilers:
  84:Generated_Source\PSoC4/Accel_ISR.c **** *  
  85:Generated_Source\PSoC4/Accel_ISR.c **** *  Function definition example:
  86:Generated_Source\PSoC4/Accel_ISR.c **** *   CY_ISR(MyISR)
  87:Generated_Source\PSoC4/Accel_ISR.c **** *   {
  88:Generated_Source\PSoC4/Accel_ISR.c **** *   }
  89:Generated_Source\PSoC4/Accel_ISR.c **** *   Function prototype example:
  90:Generated_Source\PSoC4/Accel_ISR.c **** *   CY_ISR_PROTO(MyISR);
  91:Generated_Source\PSoC4/Accel_ISR.c **** *
  92:Generated_Source\PSoC4/Accel_ISR.c **** * Parameters:  
  93:Generated_Source\PSoC4/Accel_ISR.c **** *   address: Address of the ISR to set in the interrupt vector table.
  94:Generated_Source\PSoC4/Accel_ISR.c **** *
  95:Generated_Source\PSoC4/Accel_ISR.c **** * Return:
  96:Generated_Source\PSoC4/Accel_ISR.c **** *   None
  97:Generated_Source\PSoC4/Accel_ISR.c **** *
  98:Generated_Source\PSoC4/Accel_ISR.c **** *******************************************************************************/
  99:Generated_Source\PSoC4/Accel_ISR.c **** void Accel_ISR_StartEx(cyisraddress address)
 100:Generated_Source\PSoC4/Accel_ISR.c **** {
  69              		.loc 1 100 0
  70              		.cfi_startproc
  71              		@ args = 0, pretend = 0, frame = 8
ARM GAS  C:\Users\ADMINI~1\AppData\Local\Temp\cciEGJLF.s 			page 4


  72              		@ frame_needed = 1, uses_anonymous_args = 0
  73 0000 80B5     		push	{r7, lr}
  74              		.cfi_def_cfa_offset 8
  75              		.cfi_offset 7, -8
  76              		.cfi_offset 14, -4
  77 0002 82B0     		sub	sp, sp, #8
  78              		.cfi_def_cfa_offset 16
  79 0004 00AF     		add	r7, sp, #0
  80              		.cfi_def_cfa_register 7
  81 0006 7860     		str	r0, [r7, #4]
 101:Generated_Source\PSoC4/Accel_ISR.c ****     /* For all we know the interrupt is active. */
 102:Generated_Source\PSoC4/Accel_ISR.c ****     Accel_ISR_Disable();
  82              		.loc 1 102 0
  83 0008 FFF7FEFF 		bl	Accel_ISR_Disable
 103:Generated_Source\PSoC4/Accel_ISR.c **** 
 104:Generated_Source\PSoC4/Accel_ISR.c ****     /* Set the ISR to point to the Accel_ISR Interrupt. */
 105:Generated_Source\PSoC4/Accel_ISR.c ****     Accel_ISR_SetVector(address);
  84              		.loc 1 105 0
  85 000c 7B68     		ldr	r3, [r7, #4]
  86 000e 1800     		movs	r0, r3
  87 0010 FFF7FEFF 		bl	Accel_ISR_SetVector
 106:Generated_Source\PSoC4/Accel_ISR.c **** 
 107:Generated_Source\PSoC4/Accel_ISR.c ****     /* Set the priority. */
 108:Generated_Source\PSoC4/Accel_ISR.c ****     Accel_ISR_SetPriority((uint8)Accel_ISR_INTC_PRIOR_NUMBER);
  88              		.loc 1 108 0
  89 0014 0320     		movs	r0, #3
  90 0016 FFF7FEFF 		bl	Accel_ISR_SetPriority
 109:Generated_Source\PSoC4/Accel_ISR.c **** 
 110:Generated_Source\PSoC4/Accel_ISR.c ****     /* Enable it. */
 111:Generated_Source\PSoC4/Accel_ISR.c ****     Accel_ISR_Enable();
  91              		.loc 1 111 0
  92 001a FFF7FEFF 		bl	Accel_ISR_Enable
 112:Generated_Source\PSoC4/Accel_ISR.c **** }
  93              		.loc 1 112 0
  94 001e C046     		nop
  95 0020 BD46     		mov	sp, r7
  96 0022 02B0     		add	sp, sp, #8
  97              		@ sp needed
  98 0024 80BD     		pop	{r7, pc}
  99              		.cfi_endproc
 100              	.LFE2:
 101              		.size	Accel_ISR_StartEx, .-Accel_ISR_StartEx
 102 0026 C046     		.section	.text.Accel_ISR_Stop,"ax",%progbits
 103              		.align	2
 104              		.global	Accel_ISR_Stop
 105              		.code	16
 106              		.thumb_func
 107              		.type	Accel_ISR_Stop, %function
 108              	Accel_ISR_Stop:
 109              	.LFB3:
 113:Generated_Source\PSoC4/Accel_ISR.c **** 
 114:Generated_Source\PSoC4/Accel_ISR.c **** 
 115:Generated_Source\PSoC4/Accel_ISR.c **** /*******************************************************************************
 116:Generated_Source\PSoC4/Accel_ISR.c **** * Function Name: Accel_ISR_Stop
 117:Generated_Source\PSoC4/Accel_ISR.c **** ********************************************************************************
 118:Generated_Source\PSoC4/Accel_ISR.c **** *
 119:Generated_Source\PSoC4/Accel_ISR.c **** * Summary:
ARM GAS  C:\Users\ADMINI~1\AppData\Local\Temp\cciEGJLF.s 			page 5


 120:Generated_Source\PSoC4/Accel_ISR.c **** *   Disables and removes the interrupt.
 121:Generated_Source\PSoC4/Accel_ISR.c **** *
 122:Generated_Source\PSoC4/Accel_ISR.c **** * Parameters:  
 123:Generated_Source\PSoC4/Accel_ISR.c **** *   None
 124:Generated_Source\PSoC4/Accel_ISR.c **** *
 125:Generated_Source\PSoC4/Accel_ISR.c **** * Return:
 126:Generated_Source\PSoC4/Accel_ISR.c **** *   None
 127:Generated_Source\PSoC4/Accel_ISR.c **** *
 128:Generated_Source\PSoC4/Accel_ISR.c **** *******************************************************************************/
 129:Generated_Source\PSoC4/Accel_ISR.c **** void Accel_ISR_Stop(void)
 130:Generated_Source\PSoC4/Accel_ISR.c **** {
 110              		.loc 1 130 0
 111              		.cfi_startproc
 112              		@ args = 0, pretend = 0, frame = 0
 113              		@ frame_needed = 1, uses_anonymous_args = 0
 114 0000 80B5     		push	{r7, lr}
 115              		.cfi_def_cfa_offset 8
 116              		.cfi_offset 7, -8
 117              		.cfi_offset 14, -4
 118 0002 00AF     		add	r7, sp, #0
 119              		.cfi_def_cfa_register 7
 131:Generated_Source\PSoC4/Accel_ISR.c ****     /* Disable this interrupt. */
 132:Generated_Source\PSoC4/Accel_ISR.c ****     Accel_ISR_Disable();
 120              		.loc 1 132 0
 121 0004 FFF7FEFF 		bl	Accel_ISR_Disable
 133:Generated_Source\PSoC4/Accel_ISR.c **** 
 134:Generated_Source\PSoC4/Accel_ISR.c ****     /* Set the ISR to point to the passive one. */
 135:Generated_Source\PSoC4/Accel_ISR.c ****     Accel_ISR_SetVector(&IntDefaultHandler);
 122              		.loc 1 135 0
 123 0008 034B     		ldr	r3, .L6
 124 000a 1800     		movs	r0, r3
 125 000c FFF7FEFF 		bl	Accel_ISR_SetVector
 136:Generated_Source\PSoC4/Accel_ISR.c **** }
 126              		.loc 1 136 0
 127 0010 C046     		nop
 128 0012 BD46     		mov	sp, r7
 129              		@ sp needed
 130 0014 80BD     		pop	{r7, pc}
 131              	.L7:
 132 0016 C046     		.align	2
 133              	.L6:
 134 0018 00000000 		.word	IntDefaultHandler
 135              		.cfi_endproc
 136              	.LFE3:
 137              		.size	Accel_ISR_Stop, .-Accel_ISR_Stop
 138              		.section	.text.Accel_ISR_Interrupt,"ax",%progbits
 139              		.align	2
 140              		.global	Accel_ISR_Interrupt
 141              		.code	16
 142              		.thumb_func
 143              		.type	Accel_ISR_Interrupt, %function
 144              	Accel_ISR_Interrupt:
 145              	.LFB4:
 137:Generated_Source\PSoC4/Accel_ISR.c **** 
 138:Generated_Source\PSoC4/Accel_ISR.c **** 
 139:Generated_Source\PSoC4/Accel_ISR.c **** /*******************************************************************************
 140:Generated_Source\PSoC4/Accel_ISR.c **** * Function Name: Accel_ISR_Interrupt
ARM GAS  C:\Users\ADMINI~1\AppData\Local\Temp\cciEGJLF.s 			page 6


 141:Generated_Source\PSoC4/Accel_ISR.c **** ********************************************************************************
 142:Generated_Source\PSoC4/Accel_ISR.c **** *
 143:Generated_Source\PSoC4/Accel_ISR.c **** * Summary:
 144:Generated_Source\PSoC4/Accel_ISR.c **** *   The default Interrupt Service Routine for Accel_ISR.
 145:Generated_Source\PSoC4/Accel_ISR.c **** *
 146:Generated_Source\PSoC4/Accel_ISR.c **** *   Add custom code between the START and END comments to keep the next version
 147:Generated_Source\PSoC4/Accel_ISR.c **** *   of this file from over-writing your code.
 148:Generated_Source\PSoC4/Accel_ISR.c **** *
 149:Generated_Source\PSoC4/Accel_ISR.c **** *   Note You may use either the default ISR by using this API, or you may define
 150:Generated_Source\PSoC4/Accel_ISR.c **** *   your own separate ISR through ISR_StartEx().
 151:Generated_Source\PSoC4/Accel_ISR.c **** *
 152:Generated_Source\PSoC4/Accel_ISR.c **** * Parameters:  
 153:Generated_Source\PSoC4/Accel_ISR.c **** *   None
 154:Generated_Source\PSoC4/Accel_ISR.c **** *
 155:Generated_Source\PSoC4/Accel_ISR.c **** * Return:
 156:Generated_Source\PSoC4/Accel_ISR.c **** *   None
 157:Generated_Source\PSoC4/Accel_ISR.c **** *
 158:Generated_Source\PSoC4/Accel_ISR.c **** *******************************************************************************/
 159:Generated_Source\PSoC4/Accel_ISR.c **** CY_ISR(Accel_ISR_Interrupt)
 160:Generated_Source\PSoC4/Accel_ISR.c **** {
 146              		.loc 1 160 0
 147              		.cfi_startproc
 148              		@ args = 0, pretend = 0, frame = 0
 149              		@ frame_needed = 1, uses_anonymous_args = 0
 150 0000 80B5     		push	{r7, lr}
 151              		.cfi_def_cfa_offset 8
 152              		.cfi_offset 7, -8
 153              		.cfi_offset 14, -4
 154 0002 00AF     		add	r7, sp, #0
 155              		.cfi_def_cfa_register 7
 161:Generated_Source\PSoC4/Accel_ISR.c ****     #ifdef Accel_ISR_INTERRUPT_INTERRUPT_CALLBACK
 162:Generated_Source\PSoC4/Accel_ISR.c ****         Accel_ISR_Interrupt_InterruptCallback();
 163:Generated_Source\PSoC4/Accel_ISR.c ****     #endif /* Accel_ISR_INTERRUPT_INTERRUPT_CALLBACK */ 
 164:Generated_Source\PSoC4/Accel_ISR.c **** 
 165:Generated_Source\PSoC4/Accel_ISR.c ****     /*  Place your Interrupt code here. */
 166:Generated_Source\PSoC4/Accel_ISR.c ****     /* `#START Accel_ISR_Interrupt` */
 167:Generated_Source\PSoC4/Accel_ISR.c **** 
 168:Generated_Source\PSoC4/Accel_ISR.c ****     /* `#END` */
 169:Generated_Source\PSoC4/Accel_ISR.c **** }
 156              		.loc 1 169 0
 157 0004 C046     		nop
 158 0006 BD46     		mov	sp, r7
 159              		@ sp needed
 160 0008 80BD     		pop	{r7, pc}
 161              		.cfi_endproc
 162              	.LFE4:
 163              		.size	Accel_ISR_Interrupt, .-Accel_ISR_Interrupt
 164              		.section	.text.Accel_ISR_SetVector,"ax",%progbits
 165              		.align	2
 166              		.global	Accel_ISR_SetVector
 167              		.code	16
 168              		.thumb_func
 169              		.type	Accel_ISR_SetVector, %function
 170              	Accel_ISR_SetVector:
 171              	.LFB5:
 170:Generated_Source\PSoC4/Accel_ISR.c **** 
 171:Generated_Source\PSoC4/Accel_ISR.c **** 
ARM GAS  C:\Users\ADMINI~1\AppData\Local\Temp\cciEGJLF.s 			page 7


 172:Generated_Source\PSoC4/Accel_ISR.c **** /*******************************************************************************
 173:Generated_Source\PSoC4/Accel_ISR.c **** * Function Name: Accel_ISR_SetVector
 174:Generated_Source\PSoC4/Accel_ISR.c **** ********************************************************************************
 175:Generated_Source\PSoC4/Accel_ISR.c **** *
 176:Generated_Source\PSoC4/Accel_ISR.c **** * Summary:
 177:Generated_Source\PSoC4/Accel_ISR.c **** *   Change the ISR vector for the Interrupt. Note calling Accel_ISR_Start
 178:Generated_Source\PSoC4/Accel_ISR.c **** *   will override any effect this method would have had. To set the vector 
 179:Generated_Source\PSoC4/Accel_ISR.c **** *   before the component has been started use Accel_ISR_StartEx instead.
 180:Generated_Source\PSoC4/Accel_ISR.c **** * 
 181:Generated_Source\PSoC4/Accel_ISR.c **** *   When defining ISR functions, the CY_ISR and CY_ISR_PROTO macros should be 
 182:Generated_Source\PSoC4/Accel_ISR.c **** *   used to provide consistent definition across compilers:
 183:Generated_Source\PSoC4/Accel_ISR.c **** *
 184:Generated_Source\PSoC4/Accel_ISR.c **** *   Function definition example:
 185:Generated_Source\PSoC4/Accel_ISR.c **** *   CY_ISR(MyISR)
 186:Generated_Source\PSoC4/Accel_ISR.c **** *   {
 187:Generated_Source\PSoC4/Accel_ISR.c **** *   }
 188:Generated_Source\PSoC4/Accel_ISR.c **** *
 189:Generated_Source\PSoC4/Accel_ISR.c **** *   Function prototype example:
 190:Generated_Source\PSoC4/Accel_ISR.c **** *     CY_ISR_PROTO(MyISR);
 191:Generated_Source\PSoC4/Accel_ISR.c **** *
 192:Generated_Source\PSoC4/Accel_ISR.c **** * Parameters:
 193:Generated_Source\PSoC4/Accel_ISR.c **** *   address: Address of the ISR to set in the interrupt vector table.
 194:Generated_Source\PSoC4/Accel_ISR.c **** *
 195:Generated_Source\PSoC4/Accel_ISR.c **** * Return:
 196:Generated_Source\PSoC4/Accel_ISR.c **** *   None
 197:Generated_Source\PSoC4/Accel_ISR.c **** *
 198:Generated_Source\PSoC4/Accel_ISR.c **** *******************************************************************************/
 199:Generated_Source\PSoC4/Accel_ISR.c **** void Accel_ISR_SetVector(cyisraddress address)
 200:Generated_Source\PSoC4/Accel_ISR.c **** {
 172              		.loc 1 200 0
 173              		.cfi_startproc
 174              		@ args = 0, pretend = 0, frame = 8
 175              		@ frame_needed = 1, uses_anonymous_args = 0
 176 0000 80B5     		push	{r7, lr}
 177              		.cfi_def_cfa_offset 8
 178              		.cfi_offset 7, -8
 179              		.cfi_offset 14, -4
 180 0002 82B0     		sub	sp, sp, #8
 181              		.cfi_def_cfa_offset 16
 182 0004 00AF     		add	r7, sp, #0
 183              		.cfi_def_cfa_register 7
 184 0006 7860     		str	r0, [r7, #4]
 201:Generated_Source\PSoC4/Accel_ISR.c ****     CyRamVectors[CYINT_IRQ_BASE + Accel_ISR__INTC_NUMBER] = address;
 185              		.loc 1 201 0
 186 0008 034B     		ldr	r3, .L10
 187 000a 7A68     		ldr	r2, [r7, #4]
 188 000c 5A64     		str	r2, [r3, #68]
 202:Generated_Source\PSoC4/Accel_ISR.c **** }
 189              		.loc 1 202 0
 190 000e C046     		nop
 191 0010 BD46     		mov	sp, r7
 192 0012 02B0     		add	sp, sp, #8
 193              		@ sp needed
 194 0014 80BD     		pop	{r7, pc}
 195              	.L11:
 196 0016 C046     		.align	2
 197              	.L10:
ARM GAS  C:\Users\ADMINI~1\AppData\Local\Temp\cciEGJLF.s 			page 8


 198 0018 00000000 		.word	CyRamVectors
 199              		.cfi_endproc
 200              	.LFE5:
 201              		.size	Accel_ISR_SetVector, .-Accel_ISR_SetVector
 202              		.section	.text.Accel_ISR_GetVector,"ax",%progbits
 203              		.align	2
 204              		.global	Accel_ISR_GetVector
 205              		.code	16
 206              		.thumb_func
 207              		.type	Accel_ISR_GetVector, %function
 208              	Accel_ISR_GetVector:
 209              	.LFB6:
 203:Generated_Source\PSoC4/Accel_ISR.c **** 
 204:Generated_Source\PSoC4/Accel_ISR.c **** 
 205:Generated_Source\PSoC4/Accel_ISR.c **** /*******************************************************************************
 206:Generated_Source\PSoC4/Accel_ISR.c **** * Function Name: Accel_ISR_GetVector
 207:Generated_Source\PSoC4/Accel_ISR.c **** ********************************************************************************
 208:Generated_Source\PSoC4/Accel_ISR.c **** *
 209:Generated_Source\PSoC4/Accel_ISR.c **** * Summary:
 210:Generated_Source\PSoC4/Accel_ISR.c **** *   Gets the "address" of the current ISR vector for the Interrupt.
 211:Generated_Source\PSoC4/Accel_ISR.c **** *
 212:Generated_Source\PSoC4/Accel_ISR.c **** * Parameters:
 213:Generated_Source\PSoC4/Accel_ISR.c **** *   None
 214:Generated_Source\PSoC4/Accel_ISR.c **** *
 215:Generated_Source\PSoC4/Accel_ISR.c **** * Return:
 216:Generated_Source\PSoC4/Accel_ISR.c **** *   Address of the ISR in the interrupt vector table.
 217:Generated_Source\PSoC4/Accel_ISR.c **** *
 218:Generated_Source\PSoC4/Accel_ISR.c **** *******************************************************************************/
 219:Generated_Source\PSoC4/Accel_ISR.c **** cyisraddress Accel_ISR_GetVector(void)
 220:Generated_Source\PSoC4/Accel_ISR.c **** {
 210              		.loc 1 220 0
 211              		.cfi_startproc
 212              		@ args = 0, pretend = 0, frame = 0
 213              		@ frame_needed = 1, uses_anonymous_args = 0
 214 0000 80B5     		push	{r7, lr}
 215              		.cfi_def_cfa_offset 8
 216              		.cfi_offset 7, -8
 217              		.cfi_offset 14, -4
 218 0002 00AF     		add	r7, sp, #0
 219              		.cfi_def_cfa_register 7
 221:Generated_Source\PSoC4/Accel_ISR.c ****     return CyRamVectors[CYINT_IRQ_BASE + Accel_ISR__INTC_NUMBER];
 220              		.loc 1 221 0
 221 0004 024B     		ldr	r3, .L14
 222 0006 5B6C     		ldr	r3, [r3, #68]
 222:Generated_Source\PSoC4/Accel_ISR.c **** }
 223              		.loc 1 222 0
 224 0008 1800     		movs	r0, r3
 225 000a BD46     		mov	sp, r7
 226              		@ sp needed
 227 000c 80BD     		pop	{r7, pc}
 228              	.L15:
 229 000e C046     		.align	2
 230              	.L14:
 231 0010 00000000 		.word	CyRamVectors
 232              		.cfi_endproc
 233              	.LFE6:
 234              		.size	Accel_ISR_GetVector, .-Accel_ISR_GetVector
ARM GAS  C:\Users\ADMINI~1\AppData\Local\Temp\cciEGJLF.s 			page 9


 235              		.section	.text.Accel_ISR_SetPriority,"ax",%progbits
 236              		.align	2
 237              		.global	Accel_ISR_SetPriority
 238              		.code	16
 239              		.thumb_func
 240              		.type	Accel_ISR_SetPriority, %function
 241              	Accel_ISR_SetPriority:
 242              	.LFB7:
 223:Generated_Source\PSoC4/Accel_ISR.c **** 
 224:Generated_Source\PSoC4/Accel_ISR.c **** 
 225:Generated_Source\PSoC4/Accel_ISR.c **** /*******************************************************************************
 226:Generated_Source\PSoC4/Accel_ISR.c **** * Function Name: Accel_ISR_SetPriority
 227:Generated_Source\PSoC4/Accel_ISR.c **** ********************************************************************************
 228:Generated_Source\PSoC4/Accel_ISR.c **** *
 229:Generated_Source\PSoC4/Accel_ISR.c **** * Summary:
 230:Generated_Source\PSoC4/Accel_ISR.c **** *   Sets the Priority of the Interrupt. 
 231:Generated_Source\PSoC4/Accel_ISR.c **** *
 232:Generated_Source\PSoC4/Accel_ISR.c **** *   Note calling Accel_ISR_Start or Accel_ISR_StartEx will 
 233:Generated_Source\PSoC4/Accel_ISR.c **** *   override any effect this API would have had. This API should only be called
 234:Generated_Source\PSoC4/Accel_ISR.c **** *   after Accel_ISR_Start or Accel_ISR_StartEx has been called. 
 235:Generated_Source\PSoC4/Accel_ISR.c **** *   To set the initial priority for the component, use the Design-Wide Resources
 236:Generated_Source\PSoC4/Accel_ISR.c **** *   Interrupt Editor.
 237:Generated_Source\PSoC4/Accel_ISR.c **** *
 238:Generated_Source\PSoC4/Accel_ISR.c **** *   Note This API has no effect on Non-maskable interrupt NMI).
 239:Generated_Source\PSoC4/Accel_ISR.c **** *
 240:Generated_Source\PSoC4/Accel_ISR.c **** * Parameters:
 241:Generated_Source\PSoC4/Accel_ISR.c **** *   priority: Priority of the interrupt, 0 being the highest priority
 242:Generated_Source\PSoC4/Accel_ISR.c **** *             PSoC 3 and PSoC 5LP: Priority is from 0 to 7.
 243:Generated_Source\PSoC4/Accel_ISR.c **** *             PSoC 4: Priority is from 0 to 3.
 244:Generated_Source\PSoC4/Accel_ISR.c **** *
 245:Generated_Source\PSoC4/Accel_ISR.c **** * Return:
 246:Generated_Source\PSoC4/Accel_ISR.c **** *   None
 247:Generated_Source\PSoC4/Accel_ISR.c **** *
 248:Generated_Source\PSoC4/Accel_ISR.c **** *******************************************************************************/
 249:Generated_Source\PSoC4/Accel_ISR.c **** void Accel_ISR_SetPriority(uint8 priority)
 250:Generated_Source\PSoC4/Accel_ISR.c **** {
 243              		.loc 1 250 0
 244              		.cfi_startproc
 245              		@ args = 0, pretend = 0, frame = 16
 246              		@ frame_needed = 1, uses_anonymous_args = 0
 247 0000 90B5     		push	{r4, r7, lr}
 248              		.cfi_def_cfa_offset 12
 249              		.cfi_offset 4, -12
 250              		.cfi_offset 7, -8
 251              		.cfi_offset 14, -4
 252 0002 85B0     		sub	sp, sp, #20
 253              		.cfi_def_cfa_offset 32
 254 0004 00AF     		add	r7, sp, #0
 255              		.cfi_def_cfa_register 7
 256 0006 0200     		movs	r2, r0
 257 0008 FB1D     		adds	r3, r7, #7
 258 000a 1A70     		strb	r2, [r3]
 251:Generated_Source\PSoC4/Accel_ISR.c **** 	uint8 interruptState;
 252:Generated_Source\PSoC4/Accel_ISR.c ****     uint32 priorityOffset = ((Accel_ISR__INTC_NUMBER % 4u) * 8u) + 6u;
 259              		.loc 1 252 0
 260 000c 0E23     		movs	r3, #14
 261 000e FB60     		str	r3, [r7, #12]
ARM GAS  C:\Users\ADMINI~1\AppData\Local\Temp\cciEGJLF.s 			page 10


 253:Generated_Source\PSoC4/Accel_ISR.c ****     
 254:Generated_Source\PSoC4/Accel_ISR.c **** 	interruptState = CyEnterCriticalSection();
 262              		.loc 1 254 0
 263 0010 0B23     		movs	r3, #11
 264 0012 FC18     		adds	r4, r7, r3
 265 0014 FFF7FEFF 		bl	CyEnterCriticalSection
 266 0018 0300     		movs	r3, r0
 267 001a 2370     		strb	r3, [r4]
 255:Generated_Source\PSoC4/Accel_ISR.c ****     *Accel_ISR_INTC_PRIOR = (*Accel_ISR_INTC_PRIOR & (uint32)(~Accel_ISR__INTC_PRIOR_MASK)) |
 268              		.loc 1 255 0
 269 001c 0A4B     		ldr	r3, .L17
 270 001e 0A4A     		ldr	r2, .L17
 271 0020 1268     		ldr	r2, [r2]
 272 0022 0A49     		ldr	r1, .L17+4
 273 0024 1140     		ands	r1, r2
 256:Generated_Source\PSoC4/Accel_ISR.c ****                                     ((uint32)priority << priorityOffset);
 274              		.loc 1 256 0
 275 0026 FA1D     		adds	r2, r7, #7
 276 0028 1078     		ldrb	r0, [r2]
 277 002a FA68     		ldr	r2, [r7, #12]
 278 002c 9040     		lsls	r0, r0, r2
 279 002e 0200     		movs	r2, r0
 255:Generated_Source\PSoC4/Accel_ISR.c ****     *Accel_ISR_INTC_PRIOR = (*Accel_ISR_INTC_PRIOR & (uint32)(~Accel_ISR__INTC_PRIOR_MASK)) |
 280              		.loc 1 255 0
 281 0030 0A43     		orrs	r2, r1
 282 0032 1A60     		str	r2, [r3]
 257:Generated_Source\PSoC4/Accel_ISR.c **** 	CyExitCriticalSection(interruptState);
 283              		.loc 1 257 0
 284 0034 0B23     		movs	r3, #11
 285 0036 FB18     		adds	r3, r7, r3
 286 0038 1B78     		ldrb	r3, [r3]
 287 003a 1800     		movs	r0, r3
 288 003c FFF7FEFF 		bl	CyExitCriticalSection
 258:Generated_Source\PSoC4/Accel_ISR.c **** }
 289              		.loc 1 258 0
 290 0040 C046     		nop
 291 0042 BD46     		mov	sp, r7
 292 0044 05B0     		add	sp, sp, #20
 293              		@ sp needed
 294 0046 90BD     		pop	{r4, r7, pc}
 295              	.L18:
 296              		.align	2
 297              	.L17:
 298 0048 00E400E0 		.word	-536812544
 299 004c FF3FFFFF 		.word	-49153
 300              		.cfi_endproc
 301              	.LFE7:
 302              		.size	Accel_ISR_SetPriority, .-Accel_ISR_SetPriority
 303              		.section	.text.Accel_ISR_GetPriority,"ax",%progbits
 304              		.align	2
 305              		.global	Accel_ISR_GetPriority
 306              		.code	16
 307              		.thumb_func
 308              		.type	Accel_ISR_GetPriority, %function
 309              	Accel_ISR_GetPriority:
 310              	.LFB8:
 259:Generated_Source\PSoC4/Accel_ISR.c **** 
ARM GAS  C:\Users\ADMINI~1\AppData\Local\Temp\cciEGJLF.s 			page 11


 260:Generated_Source\PSoC4/Accel_ISR.c **** 
 261:Generated_Source\PSoC4/Accel_ISR.c **** /*******************************************************************************
 262:Generated_Source\PSoC4/Accel_ISR.c **** * Function Name: Accel_ISR_GetPriority
 263:Generated_Source\PSoC4/Accel_ISR.c **** ********************************************************************************
 264:Generated_Source\PSoC4/Accel_ISR.c **** *
 265:Generated_Source\PSoC4/Accel_ISR.c **** * Summary:
 266:Generated_Source\PSoC4/Accel_ISR.c **** *   Gets the Priority of the Interrupt.
 267:Generated_Source\PSoC4/Accel_ISR.c **** *
 268:Generated_Source\PSoC4/Accel_ISR.c **** * Parameters:
 269:Generated_Source\PSoC4/Accel_ISR.c **** *   None
 270:Generated_Source\PSoC4/Accel_ISR.c **** *
 271:Generated_Source\PSoC4/Accel_ISR.c **** * Return:
 272:Generated_Source\PSoC4/Accel_ISR.c **** *   Priority of the interrupt, 0 being the highest priority
 273:Generated_Source\PSoC4/Accel_ISR.c **** *    PSoC 3 and PSoC 5LP: Priority is from 0 to 7.
 274:Generated_Source\PSoC4/Accel_ISR.c **** *    PSoC 4: Priority is from 0 to 3.
 275:Generated_Source\PSoC4/Accel_ISR.c **** *
 276:Generated_Source\PSoC4/Accel_ISR.c **** *******************************************************************************/
 277:Generated_Source\PSoC4/Accel_ISR.c **** uint8 Accel_ISR_GetPriority(void)
 278:Generated_Source\PSoC4/Accel_ISR.c **** {
 311              		.loc 1 278 0
 312              		.cfi_startproc
 313              		@ args = 0, pretend = 0, frame = 8
 314              		@ frame_needed = 1, uses_anonymous_args = 0
 315 0000 80B5     		push	{r7, lr}
 316              		.cfi_def_cfa_offset 8
 317              		.cfi_offset 7, -8
 318              		.cfi_offset 14, -4
 319 0002 82B0     		sub	sp, sp, #8
 320              		.cfi_def_cfa_offset 16
 321 0004 00AF     		add	r7, sp, #0
 322              		.cfi_def_cfa_register 7
 279:Generated_Source\PSoC4/Accel_ISR.c ****     uint32 priority;
 280:Generated_Source\PSoC4/Accel_ISR.c **** 	uint32 priorityOffset = ((Accel_ISR__INTC_NUMBER % 4u) * 8u) + 6u;
 323              		.loc 1 280 0
 324 0006 0E23     		movs	r3, #14
 325 0008 7B60     		str	r3, [r7, #4]
 281:Generated_Source\PSoC4/Accel_ISR.c **** 
 282:Generated_Source\PSoC4/Accel_ISR.c ****     priority = (*Accel_ISR_INTC_PRIOR & Accel_ISR__INTC_PRIOR_MASK) >> priorityOffset;
 326              		.loc 1 282 0
 327 000a 074B     		ldr	r3, .L21
 328 000c 1A68     		ldr	r2, [r3]
 329 000e C023     		movs	r3, #192
 330 0010 1B02     		lsls	r3, r3, #8
 331 0012 1A40     		ands	r2, r3
 332 0014 7B68     		ldr	r3, [r7, #4]
 333 0016 DA40     		lsrs	r2, r2, r3
 334 0018 1300     		movs	r3, r2
 335 001a 3B60     		str	r3, [r7]
 283:Generated_Source\PSoC4/Accel_ISR.c **** 
 284:Generated_Source\PSoC4/Accel_ISR.c ****     return (uint8)priority;
 336              		.loc 1 284 0
 337 001c 3B68     		ldr	r3, [r7]
 338 001e DBB2     		uxtb	r3, r3
 285:Generated_Source\PSoC4/Accel_ISR.c **** }
 339              		.loc 1 285 0
 340 0020 1800     		movs	r0, r3
 341 0022 BD46     		mov	sp, r7
ARM GAS  C:\Users\ADMINI~1\AppData\Local\Temp\cciEGJLF.s 			page 12


 342 0024 02B0     		add	sp, sp, #8
 343              		@ sp needed
 344 0026 80BD     		pop	{r7, pc}
 345              	.L22:
 346              		.align	2
 347              	.L21:
 348 0028 00E400E0 		.word	-536812544
 349              		.cfi_endproc
 350              	.LFE8:
 351              		.size	Accel_ISR_GetPriority, .-Accel_ISR_GetPriority
 352              		.section	.text.Accel_ISR_Enable,"ax",%progbits
 353              		.align	2
 354              		.global	Accel_ISR_Enable
 355              		.code	16
 356              		.thumb_func
 357              		.type	Accel_ISR_Enable, %function
 358              	Accel_ISR_Enable:
 359              	.LFB9:
 286:Generated_Source\PSoC4/Accel_ISR.c **** 
 287:Generated_Source\PSoC4/Accel_ISR.c **** 
 288:Generated_Source\PSoC4/Accel_ISR.c **** /*******************************************************************************
 289:Generated_Source\PSoC4/Accel_ISR.c **** * Function Name: Accel_ISR_Enable
 290:Generated_Source\PSoC4/Accel_ISR.c **** ********************************************************************************
 291:Generated_Source\PSoC4/Accel_ISR.c **** *
 292:Generated_Source\PSoC4/Accel_ISR.c **** * Summary:
 293:Generated_Source\PSoC4/Accel_ISR.c **** *   Enables the interrupt to the interrupt controller. Do not call this function
 294:Generated_Source\PSoC4/Accel_ISR.c **** *   unless ISR_Start() has been called or the functionality of the ISR_Start() 
 295:Generated_Source\PSoC4/Accel_ISR.c **** *   function, which sets the vector and the priority, has been called.
 296:Generated_Source\PSoC4/Accel_ISR.c **** *
 297:Generated_Source\PSoC4/Accel_ISR.c **** * Parameters:
 298:Generated_Source\PSoC4/Accel_ISR.c **** *   None
 299:Generated_Source\PSoC4/Accel_ISR.c **** *
 300:Generated_Source\PSoC4/Accel_ISR.c **** * Return:
 301:Generated_Source\PSoC4/Accel_ISR.c **** *   None
 302:Generated_Source\PSoC4/Accel_ISR.c **** *
 303:Generated_Source\PSoC4/Accel_ISR.c **** *******************************************************************************/
 304:Generated_Source\PSoC4/Accel_ISR.c **** void Accel_ISR_Enable(void)
 305:Generated_Source\PSoC4/Accel_ISR.c **** {
 360              		.loc 1 305 0
 361              		.cfi_startproc
 362              		@ args = 0, pretend = 0, frame = 0
 363              		@ frame_needed = 1, uses_anonymous_args = 0
 364 0000 80B5     		push	{r7, lr}
 365              		.cfi_def_cfa_offset 8
 366              		.cfi_offset 7, -8
 367              		.cfi_offset 14, -4
 368 0002 00AF     		add	r7, sp, #0
 369              		.cfi_def_cfa_register 7
 306:Generated_Source\PSoC4/Accel_ISR.c ****     /* Enable the general interrupt. */
 307:Generated_Source\PSoC4/Accel_ISR.c ****     *Accel_ISR_INTC_SET_EN = Accel_ISR__INTC_MASK;
 370              		.loc 1 307 0
 371 0004 024B     		ldr	r3, .L24
 372 0006 0222     		movs	r2, #2
 373 0008 1A60     		str	r2, [r3]
 308:Generated_Source\PSoC4/Accel_ISR.c **** }
 374              		.loc 1 308 0
 375 000a C046     		nop
ARM GAS  C:\Users\ADMINI~1\AppData\Local\Temp\cciEGJLF.s 			page 13


 376 000c BD46     		mov	sp, r7
 377              		@ sp needed
 378 000e 80BD     		pop	{r7, pc}
 379              	.L25:
 380              		.align	2
 381              	.L24:
 382 0010 00E100E0 		.word	-536813312
 383              		.cfi_endproc
 384              	.LFE9:
 385              		.size	Accel_ISR_Enable, .-Accel_ISR_Enable
 386              		.section	.text.Accel_ISR_GetState,"ax",%progbits
 387              		.align	2
 388              		.global	Accel_ISR_GetState
 389              		.code	16
 390              		.thumb_func
 391              		.type	Accel_ISR_GetState, %function
 392              	Accel_ISR_GetState:
 393              	.LFB10:
 309:Generated_Source\PSoC4/Accel_ISR.c **** 
 310:Generated_Source\PSoC4/Accel_ISR.c **** 
 311:Generated_Source\PSoC4/Accel_ISR.c **** /*******************************************************************************
 312:Generated_Source\PSoC4/Accel_ISR.c **** * Function Name: Accel_ISR_GetState
 313:Generated_Source\PSoC4/Accel_ISR.c **** ********************************************************************************
 314:Generated_Source\PSoC4/Accel_ISR.c **** *
 315:Generated_Source\PSoC4/Accel_ISR.c **** * Summary:
 316:Generated_Source\PSoC4/Accel_ISR.c **** *   Gets the state (enabled, disabled) of the Interrupt.
 317:Generated_Source\PSoC4/Accel_ISR.c **** *
 318:Generated_Source\PSoC4/Accel_ISR.c **** * Parameters:
 319:Generated_Source\PSoC4/Accel_ISR.c **** *   None
 320:Generated_Source\PSoC4/Accel_ISR.c **** *
 321:Generated_Source\PSoC4/Accel_ISR.c **** * Return:
 322:Generated_Source\PSoC4/Accel_ISR.c **** *   1 if enabled, 0 if disabled.
 323:Generated_Source\PSoC4/Accel_ISR.c **** *
 324:Generated_Source\PSoC4/Accel_ISR.c **** *******************************************************************************/
 325:Generated_Source\PSoC4/Accel_ISR.c **** uint8 Accel_ISR_GetState(void)
 326:Generated_Source\PSoC4/Accel_ISR.c **** {
 394              		.loc 1 326 0
 395              		.cfi_startproc
 396              		@ args = 0, pretend = 0, frame = 0
 397              		@ frame_needed = 1, uses_anonymous_args = 0
 398 0000 80B5     		push	{r7, lr}
 399              		.cfi_def_cfa_offset 8
 400              		.cfi_offset 7, -8
 401              		.cfi_offset 14, -4
 402 0002 00AF     		add	r7, sp, #0
 403              		.cfi_def_cfa_register 7
 327:Generated_Source\PSoC4/Accel_ISR.c ****     /* Get the state of the general interrupt. */
 328:Generated_Source\PSoC4/Accel_ISR.c ****     return ((*Accel_ISR_INTC_SET_EN & (uint32)Accel_ISR__INTC_MASK) != 0u) ? 1u:0u;
 404              		.loc 1 328 0
 405 0004 054B     		ldr	r3, .L30
 406 0006 1B68     		ldr	r3, [r3]
 407 0008 0222     		movs	r2, #2
 408 000a 1340     		ands	r3, r2
 409 000c 01D0     		beq	.L27
 410              		.loc 1 328 0 is_stmt 0 discriminator 1
 411 000e 0123     		movs	r3, #1
 412 0010 00E0     		b	.L28
ARM GAS  C:\Users\ADMINI~1\AppData\Local\Temp\cciEGJLF.s 			page 14


 413              	.L27:
 414              		.loc 1 328 0 discriminator 2
 415 0012 0023     		movs	r3, #0
 416              	.L28:
 329:Generated_Source\PSoC4/Accel_ISR.c **** }
 417              		.loc 1 329 0 is_stmt 1 discriminator 4
 418 0014 1800     		movs	r0, r3
 419 0016 BD46     		mov	sp, r7
 420              		@ sp needed
 421 0018 80BD     		pop	{r7, pc}
 422              	.L31:
 423 001a C046     		.align	2
 424              	.L30:
 425 001c 00E100E0 		.word	-536813312
 426              		.cfi_endproc
 427              	.LFE10:
 428              		.size	Accel_ISR_GetState, .-Accel_ISR_GetState
 429              		.section	.text.Accel_ISR_Disable,"ax",%progbits
 430              		.align	2
 431              		.global	Accel_ISR_Disable
 432              		.code	16
 433              		.thumb_func
 434              		.type	Accel_ISR_Disable, %function
 435              	Accel_ISR_Disable:
 436              	.LFB11:
 330:Generated_Source\PSoC4/Accel_ISR.c **** 
 331:Generated_Source\PSoC4/Accel_ISR.c **** 
 332:Generated_Source\PSoC4/Accel_ISR.c **** /*******************************************************************************
 333:Generated_Source\PSoC4/Accel_ISR.c **** * Function Name: Accel_ISR_Disable
 334:Generated_Source\PSoC4/Accel_ISR.c **** ********************************************************************************
 335:Generated_Source\PSoC4/Accel_ISR.c **** *
 336:Generated_Source\PSoC4/Accel_ISR.c **** * Summary:
 337:Generated_Source\PSoC4/Accel_ISR.c **** *   Disables the Interrupt in the interrupt controller.
 338:Generated_Source\PSoC4/Accel_ISR.c **** *
 339:Generated_Source\PSoC4/Accel_ISR.c **** * Parameters:
 340:Generated_Source\PSoC4/Accel_ISR.c **** *   None
 341:Generated_Source\PSoC4/Accel_ISR.c **** *
 342:Generated_Source\PSoC4/Accel_ISR.c **** * Return:
 343:Generated_Source\PSoC4/Accel_ISR.c **** *   None
 344:Generated_Source\PSoC4/Accel_ISR.c **** *
 345:Generated_Source\PSoC4/Accel_ISR.c **** *******************************************************************************/
 346:Generated_Source\PSoC4/Accel_ISR.c **** void Accel_ISR_Disable(void)
 347:Generated_Source\PSoC4/Accel_ISR.c **** {
 437              		.loc 1 347 0
 438              		.cfi_startproc
 439              		@ args = 0, pretend = 0, frame = 0
 440              		@ frame_needed = 1, uses_anonymous_args = 0
 441 0000 80B5     		push	{r7, lr}
 442              		.cfi_def_cfa_offset 8
 443              		.cfi_offset 7, -8
 444              		.cfi_offset 14, -4
 445 0002 00AF     		add	r7, sp, #0
 446              		.cfi_def_cfa_register 7
 348:Generated_Source\PSoC4/Accel_ISR.c ****     /* Disable the general interrupt. */
 349:Generated_Source\PSoC4/Accel_ISR.c ****     *Accel_ISR_INTC_CLR_EN = Accel_ISR__INTC_MASK;
 447              		.loc 1 349 0
 448 0004 024B     		ldr	r3, .L33
ARM GAS  C:\Users\ADMINI~1\AppData\Local\Temp\cciEGJLF.s 			page 15


 449 0006 0222     		movs	r2, #2
 450 0008 1A60     		str	r2, [r3]
 350:Generated_Source\PSoC4/Accel_ISR.c **** }
 451              		.loc 1 350 0
 452 000a C046     		nop
 453 000c BD46     		mov	sp, r7
 454              		@ sp needed
 455 000e 80BD     		pop	{r7, pc}
 456              	.L34:
 457              		.align	2
 458              	.L33:
 459 0010 80E100E0 		.word	-536813184
 460              		.cfi_endproc
 461              	.LFE11:
 462              		.size	Accel_ISR_Disable, .-Accel_ISR_Disable
 463              		.section	.text.Accel_ISR_SetPending,"ax",%progbits
 464              		.align	2
 465              		.global	Accel_ISR_SetPending
 466              		.code	16
 467              		.thumb_func
 468              		.type	Accel_ISR_SetPending, %function
 469              	Accel_ISR_SetPending:
 470              	.LFB12:
 351:Generated_Source\PSoC4/Accel_ISR.c **** 
 352:Generated_Source\PSoC4/Accel_ISR.c **** 
 353:Generated_Source\PSoC4/Accel_ISR.c **** /*******************************************************************************
 354:Generated_Source\PSoC4/Accel_ISR.c **** * Function Name: Accel_ISR_SetPending
 355:Generated_Source\PSoC4/Accel_ISR.c **** ********************************************************************************
 356:Generated_Source\PSoC4/Accel_ISR.c **** *
 357:Generated_Source\PSoC4/Accel_ISR.c **** * Summary:
 358:Generated_Source\PSoC4/Accel_ISR.c **** *   Causes the Interrupt to enter the pending state, a software method of
 359:Generated_Source\PSoC4/Accel_ISR.c **** *   generating the interrupt.
 360:Generated_Source\PSoC4/Accel_ISR.c **** *
 361:Generated_Source\PSoC4/Accel_ISR.c **** * Parameters:
 362:Generated_Source\PSoC4/Accel_ISR.c **** *   None
 363:Generated_Source\PSoC4/Accel_ISR.c **** *
 364:Generated_Source\PSoC4/Accel_ISR.c **** * Return:
 365:Generated_Source\PSoC4/Accel_ISR.c **** *   None
 366:Generated_Source\PSoC4/Accel_ISR.c **** *
 367:Generated_Source\PSoC4/Accel_ISR.c **** * Side Effects:
 368:Generated_Source\PSoC4/Accel_ISR.c **** *   If interrupts are enabled and the interrupt is set up properly, the ISR is
 369:Generated_Source\PSoC4/Accel_ISR.c **** *   entered (depending on the priority of this interrupt and other pending 
 370:Generated_Source\PSoC4/Accel_ISR.c **** *   interrupts).
 371:Generated_Source\PSoC4/Accel_ISR.c **** *
 372:Generated_Source\PSoC4/Accel_ISR.c **** *******************************************************************************/
 373:Generated_Source\PSoC4/Accel_ISR.c **** void Accel_ISR_SetPending(void)
 374:Generated_Source\PSoC4/Accel_ISR.c **** {
 471              		.loc 1 374 0
 472              		.cfi_startproc
 473              		@ args = 0, pretend = 0, frame = 0
 474              		@ frame_needed = 1, uses_anonymous_args = 0
 475 0000 80B5     		push	{r7, lr}
 476              		.cfi_def_cfa_offset 8
 477              		.cfi_offset 7, -8
 478              		.cfi_offset 14, -4
 479 0002 00AF     		add	r7, sp, #0
 480              		.cfi_def_cfa_register 7
ARM GAS  C:\Users\ADMINI~1\AppData\Local\Temp\cciEGJLF.s 			page 16


 375:Generated_Source\PSoC4/Accel_ISR.c ****     *Accel_ISR_INTC_SET_PD = Accel_ISR__INTC_MASK;
 481              		.loc 1 375 0
 482 0004 024B     		ldr	r3, .L36
 483 0006 0222     		movs	r2, #2
 484 0008 1A60     		str	r2, [r3]
 376:Generated_Source\PSoC4/Accel_ISR.c **** }
 485              		.loc 1 376 0
 486 000a C046     		nop
 487 000c BD46     		mov	sp, r7
 488              		@ sp needed
 489 000e 80BD     		pop	{r7, pc}
 490              	.L37:
 491              		.align	2
 492              	.L36:
 493 0010 00E200E0 		.word	-536813056
 494              		.cfi_endproc
 495              	.LFE12:
 496              		.size	Accel_ISR_SetPending, .-Accel_ISR_SetPending
 497              		.section	.text.Accel_ISR_ClearPending,"ax",%progbits
 498              		.align	2
 499              		.global	Accel_ISR_ClearPending
 500              		.code	16
 501              		.thumb_func
 502              		.type	Accel_ISR_ClearPending, %function
 503              	Accel_ISR_ClearPending:
 504              	.LFB13:
 377:Generated_Source\PSoC4/Accel_ISR.c **** 
 378:Generated_Source\PSoC4/Accel_ISR.c **** 
 379:Generated_Source\PSoC4/Accel_ISR.c **** /*******************************************************************************
 380:Generated_Source\PSoC4/Accel_ISR.c **** * Function Name: Accel_ISR_ClearPending
 381:Generated_Source\PSoC4/Accel_ISR.c **** ********************************************************************************
 382:Generated_Source\PSoC4/Accel_ISR.c **** *
 383:Generated_Source\PSoC4/Accel_ISR.c **** * Summary:
 384:Generated_Source\PSoC4/Accel_ISR.c **** *   Clears a pending interrupt in the interrupt controller.
 385:Generated_Source\PSoC4/Accel_ISR.c **** *
 386:Generated_Source\PSoC4/Accel_ISR.c **** *   Note Some interrupt sources are clear-on-read and require the block 
 387:Generated_Source\PSoC4/Accel_ISR.c **** *   interrupt/status register to be read/cleared with the appropriate block API 
 388:Generated_Source\PSoC4/Accel_ISR.c **** *   (GPIO, UART, and so on). Otherwise the ISR will continue to remain in 
 389:Generated_Source\PSoC4/Accel_ISR.c **** *   pending state even though the interrupt itself is cleared using this API.
 390:Generated_Source\PSoC4/Accel_ISR.c **** *
 391:Generated_Source\PSoC4/Accel_ISR.c **** * Parameters:
 392:Generated_Source\PSoC4/Accel_ISR.c **** *   None
 393:Generated_Source\PSoC4/Accel_ISR.c **** *
 394:Generated_Source\PSoC4/Accel_ISR.c **** * Return:
 395:Generated_Source\PSoC4/Accel_ISR.c **** *   None
 396:Generated_Source\PSoC4/Accel_ISR.c **** *
 397:Generated_Source\PSoC4/Accel_ISR.c **** *******************************************************************************/
 398:Generated_Source\PSoC4/Accel_ISR.c **** void Accel_ISR_ClearPending(void)
 399:Generated_Source\PSoC4/Accel_ISR.c **** {
 505              		.loc 1 399 0
 506              		.cfi_startproc
 507              		@ args = 0, pretend = 0, frame = 0
 508              		@ frame_needed = 1, uses_anonymous_args = 0
 509 0000 80B5     		push	{r7, lr}
 510              		.cfi_def_cfa_offset 8
 511              		.cfi_offset 7, -8
 512              		.cfi_offset 14, -4
ARM GAS  C:\Users\ADMINI~1\AppData\Local\Temp\cciEGJLF.s 			page 17


 513 0002 00AF     		add	r7, sp, #0
 514              		.cfi_def_cfa_register 7
 400:Generated_Source\PSoC4/Accel_ISR.c ****     *Accel_ISR_INTC_CLR_PD = Accel_ISR__INTC_MASK;
 515              		.loc 1 400 0
 516 0004 024B     		ldr	r3, .L39
 517 0006 0222     		movs	r2, #2
 518 0008 1A60     		str	r2, [r3]
 401:Generated_Source\PSoC4/Accel_ISR.c **** }
 519              		.loc 1 401 0
 520 000a C046     		nop
 521 000c BD46     		mov	sp, r7
 522              		@ sp needed
 523 000e 80BD     		pop	{r7, pc}
 524              	.L40:
 525              		.align	2
 526              	.L39:
 527 0010 80E200E0 		.word	-536812928
 528              		.cfi_endproc
 529              	.LFE13:
 530              		.size	Accel_ISR_ClearPending, .-Accel_ISR_ClearPending
 531              		.text
 532              	.Letext0:
 533              		.file 2 "Generated_Source\\PSoC4/cytypes.h"
 534              		.section	.debug_info,"",%progbits
 535              	.Ldebug_info0:
 536 0000 47020000 		.4byte	0x247
 537 0004 0400     		.2byte	0x4
 538 0006 00000000 		.4byte	.Ldebug_abbrev0
 539 000a 04       		.byte	0x4
 540 000b 01       		.uleb128 0x1
 541 000c A1000000 		.4byte	.LASF34
 542 0010 0C       		.byte	0xc
 543 0011 62010000 		.4byte	.LASF35
 544 0015 59020000 		.4byte	.LASF36
 545 0019 00000000 		.4byte	.Ldebug_ranges0+0
 546 001d 00000000 		.4byte	0
 547 0021 00000000 		.4byte	.Ldebug_line0
 548 0025 02       		.uleb128 0x2
 549 0026 01       		.byte	0x1
 550 0027 06       		.byte	0x6
 551 0028 EB020000 		.4byte	.LASF0
 552 002c 02       		.uleb128 0x2
 553 002d 01       		.byte	0x1
 554 002e 08       		.byte	0x8
 555 002f 6C000000 		.4byte	.LASF1
 556 0033 02       		.uleb128 0x2
 557 0034 02       		.byte	0x2
 558 0035 05       		.byte	0x5
 559 0036 4F020000 		.4byte	.LASF2
 560 003a 02       		.uleb128 0x2
 561 003b 02       		.byte	0x2
 562 003c 07       		.byte	0x7
 563 003d 40000000 		.4byte	.LASF3
 564 0041 02       		.uleb128 0x2
 565 0042 04       		.byte	0x4
 566 0043 05       		.byte	0x5
 567 0044 D6020000 		.4byte	.LASF4
ARM GAS  C:\Users\ADMINI~1\AppData\Local\Temp\cciEGJLF.s 			page 18


 568 0048 02       		.uleb128 0x2
 569 0049 04       		.byte	0x4
 570 004a 07       		.byte	0x7
 571 004b 89000000 		.4byte	.LASF5
 572 004f 02       		.uleb128 0x2
 573 0050 08       		.byte	0x8
 574 0051 05       		.byte	0x5
 575 0052 17020000 		.4byte	.LASF6
 576 0056 02       		.uleb128 0x2
 577 0057 08       		.byte	0x8
 578 0058 07       		.byte	0x7
 579 0059 C2010000 		.4byte	.LASF7
 580 005d 03       		.uleb128 0x3
 581 005e 04       		.byte	0x4
 582 005f 05       		.byte	0x5
 583 0060 696E7400 		.ascii	"int\000"
 584 0064 02       		.uleb128 0x2
 585 0065 04       		.byte	0x4
 586 0066 07       		.byte	0x7
 587 0067 9E010000 		.4byte	.LASF8
 588 006b 04       		.uleb128 0x4
 589 006c 9B000000 		.4byte	.LASF9
 590 0070 02       		.byte	0x2
 591 0071 C2       		.byte	0xc2
 592 0072 2C000000 		.4byte	0x2c
 593 0076 04       		.uleb128 0x4
 594 0077 97010000 		.4byte	.LASF10
 595 007b 02       		.byte	0x2
 596 007c C4       		.byte	0xc4
 597 007d 48000000 		.4byte	0x48
 598 0081 02       		.uleb128 0x2
 599 0082 04       		.byte	0x4
 600 0083 04       		.byte	0x4
 601 0084 66000000 		.4byte	.LASF11
 602 0088 02       		.uleb128 0x2
 603 0089 08       		.byte	0x8
 604 008a 04       		.byte	0x4
 605 008b 47010000 		.4byte	.LASF12
 606 008f 02       		.uleb128 0x2
 607 0090 01       		.byte	0x1
 608 0091 08       		.byte	0x8
 609 0092 25020000 		.4byte	.LASF13
 610 0096 05       		.uleb128 0x5
 611 0097 00000000 		.4byte	.LASF14
 612 009b 02       		.byte	0x2
 613 009c 6E01     		.2byte	0x16e
 614 009e A2000000 		.4byte	0xa2
 615 00a2 06       		.uleb128 0x6
 616 00a3 76000000 		.4byte	0x76
 617 00a7 05       		.uleb128 0x5
 618 00a8 EF010000 		.4byte	.LASF15
 619 00ac 02       		.byte	0x2
 620 00ad 7E01     		.2byte	0x17e
 621 00af B3000000 		.4byte	0xb3
 622 00b3 07       		.uleb128 0x7
 623 00b4 04       		.byte	0x4
 624 00b5 B9000000 		.4byte	0xb9
ARM GAS  C:\Users\ADMINI~1\AppData\Local\Temp\cciEGJLF.s 			page 19


 625 00b9 08       		.uleb128 0x8
 626 00ba 02       		.uleb128 0x2
 627 00bb 08       		.byte	0x8
 628 00bc 04       		.byte	0x4
 629 00bd DF020000 		.4byte	.LASF16
 630 00c1 02       		.uleb128 0x2
 631 00c2 04       		.byte	0x4
 632 00c3 07       		.byte	0x7
 633 00c4 FC010000 		.4byte	.LASF17
 634 00c8 09       		.uleb128 0x9
 635 00c9 2A020000 		.4byte	.LASF18
 636 00cd 01       		.byte	0x1
 637 00ce 38       		.byte	0x38
 638 00cf 00000000 		.4byte	.LFB1
 639 00d3 24000000 		.4byte	.LFE1-.LFB1
 640 00d7 01       		.uleb128 0x1
 641 00d8 9C       		.byte	0x9c
 642 00d9 0A       		.uleb128 0xa
 643 00da 85010000 		.4byte	.LASF21
 644 00de 01       		.byte	0x1
 645 00df 63       		.byte	0x63
 646 00e0 00000000 		.4byte	.LFB2
 647 00e4 26000000 		.4byte	.LFE2-.LFB2
 648 00e8 01       		.uleb128 0x1
 649 00e9 9C       		.byte	0x9c
 650 00ea FD000000 		.4byte	0xfd
 651 00ee 0B       		.uleb128 0xb
 652 00ef 13000000 		.4byte	.LASF23
 653 00f3 01       		.byte	0x1
 654 00f4 63       		.byte	0x63
 655 00f5 A7000000 		.4byte	0xa7
 656 00f9 02       		.uleb128 0x2
 657 00fa 91       		.byte	0x91
 658 00fb 74       		.sleb128 -12
 659 00fc 00       		.byte	0
 660 00fd 09       		.uleb128 0x9
 661 00fe 38010000 		.4byte	.LASF19
 662 0102 01       		.byte	0x1
 663 0103 81       		.byte	0x81
 664 0104 00000000 		.4byte	.LFB3
 665 0108 1C000000 		.4byte	.LFE3-.LFB3
 666 010c 01       		.uleb128 0x1
 667 010d 9C       		.byte	0x9c
 668 010e 0C       		.uleb128 0xc
 669 010f C2020000 		.4byte	.LASF20
 670 0113 01       		.byte	0x1
 671 0114 9F       		.byte	0x9f
 672 0115 00000000 		.4byte	.LFB4
 673 0119 0A000000 		.4byte	.LFE4-.LFB4
 674 011d 01       		.uleb128 0x1
 675 011e 9C       		.byte	0x9c
 676 011f 0D       		.uleb128 0xd
 677 0120 2C000000 		.4byte	.LASF22
 678 0124 01       		.byte	0x1
 679 0125 C7       		.byte	0xc7
 680 0126 00000000 		.4byte	.LFB5
 681 012a 1C000000 		.4byte	.LFE5-.LFB5
ARM GAS  C:\Users\ADMINI~1\AppData\Local\Temp\cciEGJLF.s 			page 20


 682 012e 01       		.uleb128 0x1
 683 012f 9C       		.byte	0x9c
 684 0130 43010000 		.4byte	0x143
 685 0134 0B       		.uleb128 0xb
 686 0135 13000000 		.4byte	.LASF23
 687 0139 01       		.byte	0x1
 688 013a C7       		.byte	0xc7
 689 013b A7000000 		.4byte	0xa7
 690 013f 02       		.uleb128 0x2
 691 0140 91       		.byte	0x91
 692 0141 74       		.sleb128 -12
 693 0142 00       		.byte	0
 694 0143 0E       		.uleb128 0xe
 695 0144 4E010000 		.4byte	.LASF29
 696 0148 01       		.byte	0x1
 697 0149 DB       		.byte	0xdb
 698 014a A7000000 		.4byte	0xa7
 699 014e 00000000 		.4byte	.LFB6
 700 0152 14000000 		.4byte	.LFE6-.LFB6
 701 0156 01       		.uleb128 0x1
 702 0157 9C       		.byte	0x9c
 703 0158 0A       		.uleb128 0xa
 704 0159 D9010000 		.4byte	.LASF24
 705 015d 01       		.byte	0x1
 706 015e F9       		.byte	0xf9
 707 015f 00000000 		.4byte	.LFB7
 708 0163 50000000 		.4byte	.LFE7-.LFB7
 709 0167 01       		.uleb128 0x1
 710 0168 9C       		.byte	0x9c
 711 0169 98010000 		.4byte	0x198
 712 016d 0B       		.uleb128 0xb
 713 016e 2F010000 		.4byte	.LASF25
 714 0172 01       		.byte	0x1
 715 0173 F9       		.byte	0xf9
 716 0174 6B000000 		.4byte	0x6b
 717 0178 02       		.uleb128 0x2
 718 0179 91       		.byte	0x91
 719 017a 67       		.sleb128 -25
 720 017b 0F       		.uleb128 0xf
 721 017c 7A000000 		.4byte	.LASF26
 722 0180 01       		.byte	0x1
 723 0181 FB       		.byte	0xfb
 724 0182 6B000000 		.4byte	0x6b
 725 0186 02       		.uleb128 0x2
 726 0187 91       		.byte	0x91
 727 0188 6B       		.sleb128 -21
 728 0189 0F       		.uleb128 0xf
 729 018a B3020000 		.4byte	.LASF27
 730 018e 01       		.byte	0x1
 731 018f FC       		.byte	0xfc
 732 0190 76000000 		.4byte	0x76
 733 0194 02       		.uleb128 0x2
 734 0195 91       		.byte	0x91
 735 0196 6C       		.sleb128 -20
 736 0197 00       		.byte	0
 737 0198 10       		.uleb128 0x10
 738 0199 F7020000 		.4byte	.LASF37
ARM GAS  C:\Users\ADMINI~1\AppData\Local\Temp\cciEGJLF.s 			page 21


 739 019d 01       		.byte	0x1
 740 019e 1501     		.2byte	0x115
 741 01a0 6B000000 		.4byte	0x6b
 742 01a4 00000000 		.4byte	.LFB8
 743 01a8 2C000000 		.4byte	.LFE8-.LFB8
 744 01ac 01       		.uleb128 0x1
 745 01ad 9C       		.byte	0x9c
 746 01ae D1010000 		.4byte	0x1d1
 747 01b2 11       		.uleb128 0x11
 748 01b3 2F010000 		.4byte	.LASF25
 749 01b7 01       		.byte	0x1
 750 01b8 1701     		.2byte	0x117
 751 01ba 76000000 		.4byte	0x76
 752 01be 02       		.uleb128 0x2
 753 01bf 91       		.byte	0x91
 754 01c0 70       		.sleb128 -16
 755 01c1 11       		.uleb128 0x11
 756 01c2 B3020000 		.4byte	.LASF27
 757 01c6 01       		.byte	0x1
 758 01c7 1801     		.2byte	0x118
 759 01c9 76000000 		.4byte	0x76
 760 01cd 02       		.uleb128 0x2
 761 01ce 91       		.byte	0x91
 762 01cf 74       		.sleb128 -12
 763 01d0 00       		.byte	0
 764 01d1 12       		.uleb128 0x12
 765 01d2 1B000000 		.4byte	.LASF28
 766 01d6 01       		.byte	0x1
 767 01d7 3001     		.2byte	0x130
 768 01d9 00000000 		.4byte	.LFB9
 769 01dd 14000000 		.4byte	.LFE9-.LFB9
 770 01e1 01       		.uleb128 0x1
 771 01e2 9C       		.byte	0x9c
 772 01e3 13       		.uleb128 0x13
 773 01e4 53000000 		.4byte	.LASF30
 774 01e8 01       		.byte	0x1
 775 01e9 4501     		.2byte	0x145
 776 01eb 6B000000 		.4byte	0x6b
 777 01ef 00000000 		.4byte	.LFB10
 778 01f3 20000000 		.4byte	.LFE10-.LFB10
 779 01f7 01       		.uleb128 0x1
 780 01f8 9C       		.byte	0x9c
 781 01f9 12       		.uleb128 0x12
 782 01fa 05020000 		.4byte	.LASF31
 783 01fe 01       		.byte	0x1
 784 01ff 5A01     		.2byte	0x15a
 785 0201 00000000 		.4byte	.LFB11
 786 0205 14000000 		.4byte	.LFE11-.LFB11
 787 0209 01       		.uleb128 0x1
 788 020a 9C       		.byte	0x9c
 789 020b 12       		.uleb128 0x12
 790 020c 3A020000 		.4byte	.LASF32
 791 0210 01       		.byte	0x1
 792 0211 7501     		.2byte	0x175
 793 0213 00000000 		.4byte	.LFB12
 794 0217 14000000 		.4byte	.LFE12-.LFB12
 795 021b 01       		.uleb128 0x1
ARM GAS  C:\Users\ADMINI~1\AppData\Local\Temp\cciEGJLF.s 			page 22


 796 021c 9C       		.byte	0x9c
 797 021d 12       		.uleb128 0x12
 798 021e AB010000 		.4byte	.LASF33
 799 0222 01       		.byte	0x1
 800 0223 8E01     		.2byte	0x18e
 801 0225 00000000 		.4byte	.LFB13
 802 0229 14000000 		.4byte	.LFE13-.LFB13
 803 022d 01       		.uleb128 0x1
 804 022e 9C       		.byte	0x9c
 805 022f 14       		.uleb128 0x14
 806 0230 A7000000 		.4byte	0xa7
 807 0234 3F020000 		.4byte	0x23f
 808 0238 15       		.uleb128 0x15
 809 0239 C1000000 		.4byte	0xc1
 810 023d 2F       		.byte	0x2f
 811 023e 00       		.byte	0
 812 023f 16       		.uleb128 0x16
 813 0240 06000000 		.4byte	.LASF38
 814 0244 01       		.byte	0x1
 815 0245 21       		.byte	0x21
 816 0246 2F020000 		.4byte	0x22f
 817 024a 00       		.byte	0
 818              		.section	.debug_abbrev,"",%progbits
 819              	.Ldebug_abbrev0:
 820 0000 01       		.uleb128 0x1
 821 0001 11       		.uleb128 0x11
 822 0002 01       		.byte	0x1
 823 0003 25       		.uleb128 0x25
 824 0004 0E       		.uleb128 0xe
 825 0005 13       		.uleb128 0x13
 826 0006 0B       		.uleb128 0xb
 827 0007 03       		.uleb128 0x3
 828 0008 0E       		.uleb128 0xe
 829 0009 1B       		.uleb128 0x1b
 830 000a 0E       		.uleb128 0xe
 831 000b 55       		.uleb128 0x55
 832 000c 17       		.uleb128 0x17
 833 000d 11       		.uleb128 0x11
 834 000e 01       		.uleb128 0x1
 835 000f 10       		.uleb128 0x10
 836 0010 17       		.uleb128 0x17
 837 0011 00       		.byte	0
 838 0012 00       		.byte	0
 839 0013 02       		.uleb128 0x2
 840 0014 24       		.uleb128 0x24
 841 0015 00       		.byte	0
 842 0016 0B       		.uleb128 0xb
 843 0017 0B       		.uleb128 0xb
 844 0018 3E       		.uleb128 0x3e
 845 0019 0B       		.uleb128 0xb
 846 001a 03       		.uleb128 0x3
 847 001b 0E       		.uleb128 0xe
 848 001c 00       		.byte	0
 849 001d 00       		.byte	0
 850 001e 03       		.uleb128 0x3
 851 001f 24       		.uleb128 0x24
 852 0020 00       		.byte	0
ARM GAS  C:\Users\ADMINI~1\AppData\Local\Temp\cciEGJLF.s 			page 23


 853 0021 0B       		.uleb128 0xb
 854 0022 0B       		.uleb128 0xb
 855 0023 3E       		.uleb128 0x3e
 856 0024 0B       		.uleb128 0xb
 857 0025 03       		.uleb128 0x3
 858 0026 08       		.uleb128 0x8
 859 0027 00       		.byte	0
 860 0028 00       		.byte	0
 861 0029 04       		.uleb128 0x4
 862 002a 16       		.uleb128 0x16
 863 002b 00       		.byte	0
 864 002c 03       		.uleb128 0x3
 865 002d 0E       		.uleb128 0xe
 866 002e 3A       		.uleb128 0x3a
 867 002f 0B       		.uleb128 0xb
 868 0030 3B       		.uleb128 0x3b
 869 0031 0B       		.uleb128 0xb
 870 0032 49       		.uleb128 0x49
 871 0033 13       		.uleb128 0x13
 872 0034 00       		.byte	0
 873 0035 00       		.byte	0
 874 0036 05       		.uleb128 0x5
 875 0037 16       		.uleb128 0x16
 876 0038 00       		.byte	0
 877 0039 03       		.uleb128 0x3
 878 003a 0E       		.uleb128 0xe
 879 003b 3A       		.uleb128 0x3a
 880 003c 0B       		.uleb128 0xb
 881 003d 3B       		.uleb128 0x3b
 882 003e 05       		.uleb128 0x5
 883 003f 49       		.uleb128 0x49
 884 0040 13       		.uleb128 0x13
 885 0041 00       		.byte	0
 886 0042 00       		.byte	0
 887 0043 06       		.uleb128 0x6
 888 0044 35       		.uleb128 0x35
 889 0045 00       		.byte	0
 890 0046 49       		.uleb128 0x49
 891 0047 13       		.uleb128 0x13
 892 0048 00       		.byte	0
 893 0049 00       		.byte	0
 894 004a 07       		.uleb128 0x7
 895 004b 0F       		.uleb128 0xf
 896 004c 00       		.byte	0
 897 004d 0B       		.uleb128 0xb
 898 004e 0B       		.uleb128 0xb
 899 004f 49       		.uleb128 0x49
 900 0050 13       		.uleb128 0x13
 901 0051 00       		.byte	0
 902 0052 00       		.byte	0
 903 0053 08       		.uleb128 0x8
 904 0054 15       		.uleb128 0x15
 905 0055 00       		.byte	0
 906 0056 27       		.uleb128 0x27
 907 0057 19       		.uleb128 0x19
 908 0058 00       		.byte	0
 909 0059 00       		.byte	0
ARM GAS  C:\Users\ADMINI~1\AppData\Local\Temp\cciEGJLF.s 			page 24


 910 005a 09       		.uleb128 0x9
 911 005b 2E       		.uleb128 0x2e
 912 005c 00       		.byte	0
 913 005d 3F       		.uleb128 0x3f
 914 005e 19       		.uleb128 0x19
 915 005f 03       		.uleb128 0x3
 916 0060 0E       		.uleb128 0xe
 917 0061 3A       		.uleb128 0x3a
 918 0062 0B       		.uleb128 0xb
 919 0063 3B       		.uleb128 0x3b
 920 0064 0B       		.uleb128 0xb
 921 0065 27       		.uleb128 0x27
 922 0066 19       		.uleb128 0x19
 923 0067 11       		.uleb128 0x11
 924 0068 01       		.uleb128 0x1
 925 0069 12       		.uleb128 0x12
 926 006a 06       		.uleb128 0x6
 927 006b 40       		.uleb128 0x40
 928 006c 18       		.uleb128 0x18
 929 006d 9642     		.uleb128 0x2116
 930 006f 19       		.uleb128 0x19
 931 0070 00       		.byte	0
 932 0071 00       		.byte	0
 933 0072 0A       		.uleb128 0xa
 934 0073 2E       		.uleb128 0x2e
 935 0074 01       		.byte	0x1
 936 0075 3F       		.uleb128 0x3f
 937 0076 19       		.uleb128 0x19
 938 0077 03       		.uleb128 0x3
 939 0078 0E       		.uleb128 0xe
 940 0079 3A       		.uleb128 0x3a
 941 007a 0B       		.uleb128 0xb
 942 007b 3B       		.uleb128 0x3b
 943 007c 0B       		.uleb128 0xb
 944 007d 27       		.uleb128 0x27
 945 007e 19       		.uleb128 0x19
 946 007f 11       		.uleb128 0x11
 947 0080 01       		.uleb128 0x1
 948 0081 12       		.uleb128 0x12
 949 0082 06       		.uleb128 0x6
 950 0083 40       		.uleb128 0x40
 951 0084 18       		.uleb128 0x18
 952 0085 9642     		.uleb128 0x2116
 953 0087 19       		.uleb128 0x19
 954 0088 01       		.uleb128 0x1
 955 0089 13       		.uleb128 0x13
 956 008a 00       		.byte	0
 957 008b 00       		.byte	0
 958 008c 0B       		.uleb128 0xb
 959 008d 05       		.uleb128 0x5
 960 008e 00       		.byte	0
 961 008f 03       		.uleb128 0x3
 962 0090 0E       		.uleb128 0xe
 963 0091 3A       		.uleb128 0x3a
 964 0092 0B       		.uleb128 0xb
 965 0093 3B       		.uleb128 0x3b
 966 0094 0B       		.uleb128 0xb
ARM GAS  C:\Users\ADMINI~1\AppData\Local\Temp\cciEGJLF.s 			page 25


 967 0095 49       		.uleb128 0x49
 968 0096 13       		.uleb128 0x13
 969 0097 02       		.uleb128 0x2
 970 0098 18       		.uleb128 0x18
 971 0099 00       		.byte	0
 972 009a 00       		.byte	0
 973 009b 0C       		.uleb128 0xc
 974 009c 2E       		.uleb128 0x2e
 975 009d 00       		.byte	0
 976 009e 3F       		.uleb128 0x3f
 977 009f 19       		.uleb128 0x19
 978 00a0 03       		.uleb128 0x3
 979 00a1 0E       		.uleb128 0xe
 980 00a2 3A       		.uleb128 0x3a
 981 00a3 0B       		.uleb128 0xb
 982 00a4 3B       		.uleb128 0x3b
 983 00a5 0B       		.uleb128 0xb
 984 00a6 27       		.uleb128 0x27
 985 00a7 19       		.uleb128 0x19
 986 00a8 11       		.uleb128 0x11
 987 00a9 01       		.uleb128 0x1
 988 00aa 12       		.uleb128 0x12
 989 00ab 06       		.uleb128 0x6
 990 00ac 40       		.uleb128 0x40
 991 00ad 18       		.uleb128 0x18
 992 00ae 9742     		.uleb128 0x2117
 993 00b0 19       		.uleb128 0x19
 994 00b1 00       		.byte	0
 995 00b2 00       		.byte	0
 996 00b3 0D       		.uleb128 0xd
 997 00b4 2E       		.uleb128 0x2e
 998 00b5 01       		.byte	0x1
 999 00b6 3F       		.uleb128 0x3f
 1000 00b7 19       		.uleb128 0x19
 1001 00b8 03       		.uleb128 0x3
 1002 00b9 0E       		.uleb128 0xe
 1003 00ba 3A       		.uleb128 0x3a
 1004 00bb 0B       		.uleb128 0xb
 1005 00bc 3B       		.uleb128 0x3b
 1006 00bd 0B       		.uleb128 0xb
 1007 00be 27       		.uleb128 0x27
 1008 00bf 19       		.uleb128 0x19
 1009 00c0 11       		.uleb128 0x11
 1010 00c1 01       		.uleb128 0x1
 1011 00c2 12       		.uleb128 0x12
 1012 00c3 06       		.uleb128 0x6
 1013 00c4 40       		.uleb128 0x40
 1014 00c5 18       		.uleb128 0x18
 1015 00c6 9742     		.uleb128 0x2117
 1016 00c8 19       		.uleb128 0x19
 1017 00c9 01       		.uleb128 0x1
 1018 00ca 13       		.uleb128 0x13
 1019 00cb 00       		.byte	0
 1020 00cc 00       		.byte	0
 1021 00cd 0E       		.uleb128 0xe
 1022 00ce 2E       		.uleb128 0x2e
 1023 00cf 00       		.byte	0
ARM GAS  C:\Users\ADMINI~1\AppData\Local\Temp\cciEGJLF.s 			page 26


 1024 00d0 3F       		.uleb128 0x3f
 1025 00d1 19       		.uleb128 0x19
 1026 00d2 03       		.uleb128 0x3
 1027 00d3 0E       		.uleb128 0xe
 1028 00d4 3A       		.uleb128 0x3a
 1029 00d5 0B       		.uleb128 0xb
 1030 00d6 3B       		.uleb128 0x3b
 1031 00d7 0B       		.uleb128 0xb
 1032 00d8 27       		.uleb128 0x27
 1033 00d9 19       		.uleb128 0x19
 1034 00da 49       		.uleb128 0x49
 1035 00db 13       		.uleb128 0x13
 1036 00dc 11       		.uleb128 0x11
 1037 00dd 01       		.uleb128 0x1
 1038 00de 12       		.uleb128 0x12
 1039 00df 06       		.uleb128 0x6
 1040 00e0 40       		.uleb128 0x40
 1041 00e1 18       		.uleb128 0x18
 1042 00e2 9742     		.uleb128 0x2117
 1043 00e4 19       		.uleb128 0x19
 1044 00e5 00       		.byte	0
 1045 00e6 00       		.byte	0
 1046 00e7 0F       		.uleb128 0xf
 1047 00e8 34       		.uleb128 0x34
 1048 00e9 00       		.byte	0
 1049 00ea 03       		.uleb128 0x3
 1050 00eb 0E       		.uleb128 0xe
 1051 00ec 3A       		.uleb128 0x3a
 1052 00ed 0B       		.uleb128 0xb
 1053 00ee 3B       		.uleb128 0x3b
 1054 00ef 0B       		.uleb128 0xb
 1055 00f0 49       		.uleb128 0x49
 1056 00f1 13       		.uleb128 0x13
 1057 00f2 02       		.uleb128 0x2
 1058 00f3 18       		.uleb128 0x18
 1059 00f4 00       		.byte	0
 1060 00f5 00       		.byte	0
 1061 00f6 10       		.uleb128 0x10
 1062 00f7 2E       		.uleb128 0x2e
 1063 00f8 01       		.byte	0x1
 1064 00f9 3F       		.uleb128 0x3f
 1065 00fa 19       		.uleb128 0x19
 1066 00fb 03       		.uleb128 0x3
 1067 00fc 0E       		.uleb128 0xe
 1068 00fd 3A       		.uleb128 0x3a
 1069 00fe 0B       		.uleb128 0xb
 1070 00ff 3B       		.uleb128 0x3b
 1071 0100 05       		.uleb128 0x5
 1072 0101 27       		.uleb128 0x27
 1073 0102 19       		.uleb128 0x19
 1074 0103 49       		.uleb128 0x49
 1075 0104 13       		.uleb128 0x13
 1076 0105 11       		.uleb128 0x11
 1077 0106 01       		.uleb128 0x1
 1078 0107 12       		.uleb128 0x12
 1079 0108 06       		.uleb128 0x6
 1080 0109 40       		.uleb128 0x40
ARM GAS  C:\Users\ADMINI~1\AppData\Local\Temp\cciEGJLF.s 			page 27


 1081 010a 18       		.uleb128 0x18
 1082 010b 9742     		.uleb128 0x2117
 1083 010d 19       		.uleb128 0x19
 1084 010e 01       		.uleb128 0x1
 1085 010f 13       		.uleb128 0x13
 1086 0110 00       		.byte	0
 1087 0111 00       		.byte	0
 1088 0112 11       		.uleb128 0x11
 1089 0113 34       		.uleb128 0x34
 1090 0114 00       		.byte	0
 1091 0115 03       		.uleb128 0x3
 1092 0116 0E       		.uleb128 0xe
 1093 0117 3A       		.uleb128 0x3a
 1094 0118 0B       		.uleb128 0xb
 1095 0119 3B       		.uleb128 0x3b
 1096 011a 05       		.uleb128 0x5
 1097 011b 49       		.uleb128 0x49
 1098 011c 13       		.uleb128 0x13
 1099 011d 02       		.uleb128 0x2
 1100 011e 18       		.uleb128 0x18
 1101 011f 00       		.byte	0
 1102 0120 00       		.byte	0
 1103 0121 12       		.uleb128 0x12
 1104 0122 2E       		.uleb128 0x2e
 1105 0123 00       		.byte	0
 1106 0124 3F       		.uleb128 0x3f
 1107 0125 19       		.uleb128 0x19
 1108 0126 03       		.uleb128 0x3
 1109 0127 0E       		.uleb128 0xe
 1110 0128 3A       		.uleb128 0x3a
 1111 0129 0B       		.uleb128 0xb
 1112 012a 3B       		.uleb128 0x3b
 1113 012b 05       		.uleb128 0x5
 1114 012c 27       		.uleb128 0x27
 1115 012d 19       		.uleb128 0x19
 1116 012e 11       		.uleb128 0x11
 1117 012f 01       		.uleb128 0x1
 1118 0130 12       		.uleb128 0x12
 1119 0131 06       		.uleb128 0x6
 1120 0132 40       		.uleb128 0x40
 1121 0133 18       		.uleb128 0x18
 1122 0134 9742     		.uleb128 0x2117
 1123 0136 19       		.uleb128 0x19
 1124 0137 00       		.byte	0
 1125 0138 00       		.byte	0
 1126 0139 13       		.uleb128 0x13
 1127 013a 2E       		.uleb128 0x2e
 1128 013b 00       		.byte	0
 1129 013c 3F       		.uleb128 0x3f
 1130 013d 19       		.uleb128 0x19
 1131 013e 03       		.uleb128 0x3
 1132 013f 0E       		.uleb128 0xe
 1133 0140 3A       		.uleb128 0x3a
 1134 0141 0B       		.uleb128 0xb
 1135 0142 3B       		.uleb128 0x3b
 1136 0143 05       		.uleb128 0x5
 1137 0144 27       		.uleb128 0x27
ARM GAS  C:\Users\ADMINI~1\AppData\Local\Temp\cciEGJLF.s 			page 28


 1138 0145 19       		.uleb128 0x19
 1139 0146 49       		.uleb128 0x49
 1140 0147 13       		.uleb128 0x13
 1141 0148 11       		.uleb128 0x11
 1142 0149 01       		.uleb128 0x1
 1143 014a 12       		.uleb128 0x12
 1144 014b 06       		.uleb128 0x6
 1145 014c 40       		.uleb128 0x40
 1146 014d 18       		.uleb128 0x18
 1147 014e 9742     		.uleb128 0x2117
 1148 0150 19       		.uleb128 0x19
 1149 0151 00       		.byte	0
 1150 0152 00       		.byte	0
 1151 0153 14       		.uleb128 0x14
 1152 0154 01       		.uleb128 0x1
 1153 0155 01       		.byte	0x1
 1154 0156 49       		.uleb128 0x49
 1155 0157 13       		.uleb128 0x13
 1156 0158 01       		.uleb128 0x1
 1157 0159 13       		.uleb128 0x13
 1158 015a 00       		.byte	0
 1159 015b 00       		.byte	0
 1160 015c 15       		.uleb128 0x15
 1161 015d 21       		.uleb128 0x21
 1162 015e 00       		.byte	0
 1163 015f 49       		.uleb128 0x49
 1164 0160 13       		.uleb128 0x13
 1165 0161 2F       		.uleb128 0x2f
 1166 0162 0B       		.uleb128 0xb
 1167 0163 00       		.byte	0
 1168 0164 00       		.byte	0
 1169 0165 16       		.uleb128 0x16
 1170 0166 34       		.uleb128 0x34
 1171 0167 00       		.byte	0
 1172 0168 03       		.uleb128 0x3
 1173 0169 0E       		.uleb128 0xe
 1174 016a 3A       		.uleb128 0x3a
 1175 016b 0B       		.uleb128 0xb
 1176 016c 3B       		.uleb128 0x3b
 1177 016d 0B       		.uleb128 0xb
 1178 016e 49       		.uleb128 0x49
 1179 016f 13       		.uleb128 0x13
 1180 0170 3F       		.uleb128 0x3f
 1181 0171 19       		.uleb128 0x19
 1182 0172 3C       		.uleb128 0x3c
 1183 0173 19       		.uleb128 0x19
 1184 0174 00       		.byte	0
 1185 0175 00       		.byte	0
 1186 0176 00       		.byte	0
 1187              		.section	.debug_aranges,"",%progbits
 1188 0000 7C000000 		.4byte	0x7c
 1189 0004 0200     		.2byte	0x2
 1190 0006 00000000 		.4byte	.Ldebug_info0
 1191 000a 04       		.byte	0x4
 1192 000b 00       		.byte	0
 1193 000c 0000     		.2byte	0
 1194 000e 0000     		.2byte	0
ARM GAS  C:\Users\ADMINI~1\AppData\Local\Temp\cciEGJLF.s 			page 29


 1195 0010 00000000 		.4byte	.LFB1
 1196 0014 24000000 		.4byte	.LFE1-.LFB1
 1197 0018 00000000 		.4byte	.LFB2
 1198 001c 26000000 		.4byte	.LFE2-.LFB2
 1199 0020 00000000 		.4byte	.LFB3
 1200 0024 1C000000 		.4byte	.LFE3-.LFB3
 1201 0028 00000000 		.4byte	.LFB4
 1202 002c 0A000000 		.4byte	.LFE4-.LFB4
 1203 0030 00000000 		.4byte	.LFB5
 1204 0034 1C000000 		.4byte	.LFE5-.LFB5
 1205 0038 00000000 		.4byte	.LFB6
 1206 003c 14000000 		.4byte	.LFE6-.LFB6
 1207 0040 00000000 		.4byte	.LFB7
 1208 0044 50000000 		.4byte	.LFE7-.LFB7
 1209 0048 00000000 		.4byte	.LFB8
 1210 004c 2C000000 		.4byte	.LFE8-.LFB8
 1211 0050 00000000 		.4byte	.LFB9
 1212 0054 14000000 		.4byte	.LFE9-.LFB9
 1213 0058 00000000 		.4byte	.LFB10
 1214 005c 20000000 		.4byte	.LFE10-.LFB10
 1215 0060 00000000 		.4byte	.LFB11
 1216 0064 14000000 		.4byte	.LFE11-.LFB11
 1217 0068 00000000 		.4byte	.LFB12
 1218 006c 14000000 		.4byte	.LFE12-.LFB12
 1219 0070 00000000 		.4byte	.LFB13
 1220 0074 14000000 		.4byte	.LFE13-.LFB13
 1221 0078 00000000 		.4byte	0
 1222 007c 00000000 		.4byte	0
 1223              		.section	.debug_ranges,"",%progbits
 1224              	.Ldebug_ranges0:
 1225 0000 00000000 		.4byte	.LFB1
 1226 0004 24000000 		.4byte	.LFE1
 1227 0008 00000000 		.4byte	.LFB2
 1228 000c 26000000 		.4byte	.LFE2
 1229 0010 00000000 		.4byte	.LFB3
 1230 0014 1C000000 		.4byte	.LFE3
 1231 0018 00000000 		.4byte	.LFB4
 1232 001c 0A000000 		.4byte	.LFE4
 1233 0020 00000000 		.4byte	.LFB5
 1234 0024 1C000000 		.4byte	.LFE5
 1235 0028 00000000 		.4byte	.LFB6
 1236 002c 14000000 		.4byte	.LFE6
 1237 0030 00000000 		.4byte	.LFB7
 1238 0034 50000000 		.4byte	.LFE7
 1239 0038 00000000 		.4byte	.LFB8
 1240 003c 2C000000 		.4byte	.LFE8
 1241 0040 00000000 		.4byte	.LFB9
 1242 0044 14000000 		.4byte	.LFE9
 1243 0048 00000000 		.4byte	.LFB10
 1244 004c 20000000 		.4byte	.LFE10
 1245 0050 00000000 		.4byte	.LFB11
 1246 0054 14000000 		.4byte	.LFE11
 1247 0058 00000000 		.4byte	.LFB12
 1248 005c 14000000 		.4byte	.LFE12
 1249 0060 00000000 		.4byte	.LFB13
 1250 0064 14000000 		.4byte	.LFE13
 1251 0068 00000000 		.4byte	0
ARM GAS  C:\Users\ADMINI~1\AppData\Local\Temp\cciEGJLF.s 			page 30


 1252 006c 00000000 		.4byte	0
 1253              		.section	.debug_line,"",%progbits
 1254              	.Ldebug_line0:
 1255 0000 54010000 		.section	.debug_str,"MS",%progbits,1
 1255      02004600 
 1255      00000201 
 1255      FB0E0D00 
 1255      01010101 
 1256              	.LASF14:
 1257 0000 72656733 		.ascii	"reg32\000"
 1257      3200
 1258              	.LASF38:
 1259 0006 43795261 		.ascii	"CyRamVectors\000"
 1259      6D566563 
 1259      746F7273 
 1259      00
 1260              	.LASF23:
 1261 0013 61646472 		.ascii	"address\000"
 1261      65737300 
 1262              	.LASF28:
 1263 001b 41636365 		.ascii	"Accel_ISR_Enable\000"
 1263      6C5F4953 
 1263      525F456E 
 1263      61626C65 
 1263      00
 1264              	.LASF22:
 1265 002c 41636365 		.ascii	"Accel_ISR_SetVector\000"
 1265      6C5F4953 
 1265      525F5365 
 1265      74566563 
 1265      746F7200 
 1266              	.LASF3:
 1267 0040 73686F72 		.ascii	"short unsigned int\000"
 1267      7420756E 
 1267      7369676E 
 1267      65642069 
 1267      6E7400
 1268              	.LASF30:
 1269 0053 41636365 		.ascii	"Accel_ISR_GetState\000"
 1269      6C5F4953 
 1269      525F4765 
 1269      74537461 
 1269      746500
 1270              	.LASF11:
 1271 0066 666C6F61 		.ascii	"float\000"
 1271      7400
 1272              	.LASF1:
 1273 006c 756E7369 		.ascii	"unsigned char\000"
 1273      676E6564 
 1273      20636861 
 1273      7200
 1274              	.LASF26:
 1275 007a 696E7465 		.ascii	"interruptState\000"
 1275      72727570 
 1275      74537461 
 1275      746500
 1276              	.LASF5:
ARM GAS  C:\Users\ADMINI~1\AppData\Local\Temp\cciEGJLF.s 			page 31


 1277 0089 6C6F6E67 		.ascii	"long unsigned int\000"
 1277      20756E73 
 1277      69676E65 
 1277      6420696E 
 1277      7400
 1278              	.LASF9:
 1279 009b 75696E74 		.ascii	"uint8\000"
 1279      3800
 1280              	.LASF34:
 1281 00a1 474E5520 		.ascii	"GNU C11 5.4.1 20160609 (release) [ARM/embedded-5-br"
 1281      43313120 
 1281      352E342E 
 1281      31203230 
 1281      31363036 
 1282 00d4 616E6368 		.ascii	"anch revision 237715] -mcpu=cortex-m0 -mthumb -g -O"
 1282      20726576 
 1282      6973696F 
 1282      6E203233 
 1282      37373135 
 1283 0107 30202D66 		.ascii	"0 -ffunction-sections -ffat-lto-objects\000"
 1283      66756E63 
 1283      74696F6E 
 1283      2D736563 
 1283      74696F6E 
 1284              	.LASF25:
 1285 012f 7072696F 		.ascii	"priority\000"
 1285      72697479 
 1285      00
 1286              	.LASF19:
 1287 0138 41636365 		.ascii	"Accel_ISR_Stop\000"
 1287      6C5F4953 
 1287      525F5374 
 1287      6F7000
 1288              	.LASF12:
 1289 0147 646F7562 		.ascii	"double\000"
 1289      6C6500
 1290              	.LASF29:
 1291 014e 41636365 		.ascii	"Accel_ISR_GetVector\000"
 1291      6C5F4953 
 1291      525F4765 
 1291      74566563 
 1291      746F7200 
 1292              	.LASF35:
 1293 0162 47656E65 		.ascii	"Generated_Source\\PSoC4\\Accel_ISR.c\000"
 1293      72617465 
 1293      645F536F 
 1293      75726365 
 1293      5C50536F 
 1294              	.LASF21:
 1295 0185 41636365 		.ascii	"Accel_ISR_StartEx\000"
 1295      6C5F4953 
 1295      525F5374 
 1295      61727445 
 1295      7800
 1296              	.LASF10:
 1297 0197 75696E74 		.ascii	"uint32\000"
 1297      333200
ARM GAS  C:\Users\ADMINI~1\AppData\Local\Temp\cciEGJLF.s 			page 32


 1298              	.LASF8:
 1299 019e 756E7369 		.ascii	"unsigned int\000"
 1299      676E6564 
 1299      20696E74 
 1299      00
 1300              	.LASF33:
 1301 01ab 41636365 		.ascii	"Accel_ISR_ClearPending\000"
 1301      6C5F4953 
 1301      525F436C 
 1301      65617250 
 1301      656E6469 
 1302              	.LASF7:
 1303 01c2 6C6F6E67 		.ascii	"long long unsigned int\000"
 1303      206C6F6E 
 1303      6720756E 
 1303      7369676E 
 1303      65642069 
 1304              	.LASF24:
 1305 01d9 41636365 		.ascii	"Accel_ISR_SetPriority\000"
 1305      6C5F4953 
 1305      525F5365 
 1305      74507269 
 1305      6F726974 
 1306              	.LASF15:
 1307 01ef 63796973 		.ascii	"cyisraddress\000"
 1307      72616464 
 1307      72657373 
 1307      00
 1308              	.LASF17:
 1309 01fc 73697A65 		.ascii	"sizetype\000"
 1309      74797065 
 1309      00
 1310              	.LASF31:
 1311 0205 41636365 		.ascii	"Accel_ISR_Disable\000"
 1311      6C5F4953 
 1311      525F4469 
 1311      7361626C 
 1311      6500
 1312              	.LASF6:
 1313 0217 6C6F6E67 		.ascii	"long long int\000"
 1313      206C6F6E 
 1313      6720696E 
 1313      7400
 1314              	.LASF13:
 1315 0225 63686172 		.ascii	"char\000"
 1315      00
 1316              	.LASF18:
 1317 022a 41636365 		.ascii	"Accel_ISR_Start\000"
 1317      6C5F4953 
 1317      525F5374 
 1317      61727400 
 1318              	.LASF32:
 1319 023a 41636365 		.ascii	"Accel_ISR_SetPending\000"
 1319      6C5F4953 
 1319      525F5365 
 1319      7450656E 
 1319      64696E67 
ARM GAS  C:\Users\ADMINI~1\AppData\Local\Temp\cciEGJLF.s 			page 33


 1320              	.LASF2:
 1321 024f 73686F72 		.ascii	"short int\000"
 1321      7420696E 
 1321      7400
 1322              	.LASF36:
 1323 0259 443A5C43 		.ascii	"D:\\CYTEST\\Micrium_CY8CKIT-044_OS2\\Micrium\\Examp"
 1323      59544553 
 1323      545C4D69 
 1323      63726975 
 1323      6D5F4359 
 1324 0288 6C65735C 		.ascii	"les\\Cypress\\CY8CKIT-044\\OS2\\PSoC\\OS2.cydsn\000"
 1324      43797072 
 1324      6573735C 
 1324      43593843 
 1324      4B49542D 
 1325              	.LASF27:
 1326 02b3 7072696F 		.ascii	"priorityOffset\000"
 1326      72697479 
 1326      4F666673 
 1326      657400
 1327              	.LASF20:
 1328 02c2 41636365 		.ascii	"Accel_ISR_Interrupt\000"
 1328      6C5F4953 
 1328      525F496E 
 1328      74657272 
 1328      75707400 
 1329              	.LASF4:
 1330 02d6 6C6F6E67 		.ascii	"long int\000"
 1330      20696E74 
 1330      00
 1331              	.LASF16:
 1332 02df 6C6F6E67 		.ascii	"long double\000"
 1332      20646F75 
 1332      626C6500 
 1333              	.LASF0:
 1334 02eb 7369676E 		.ascii	"signed char\000"
 1334      65642063 
 1334      68617200 
 1335              	.LASF37:
 1336 02f7 41636365 		.ascii	"Accel_ISR_GetPriority\000"
 1336      6C5F4953 
 1336      525F4765 
 1336      74507269 
 1336      6F726974 
 1337              		.ident	"GCC: (GNU Tools for ARM Embedded Processors) 5.4.1 20160609 (release) [ARM/embedded-5-bran
