ARM GAS  C:\Users\ADMINI~1\AppData\Local\Temp\cc02tT3f.s 			page 1


   1              		.syntax unified
   2              		.cpu cortex-m0
   3              		.fpu softvfp
   4              		.eabi_attribute 20, 1
   5              		.eabi_attribute 21, 1
   6              		.eabi_attribute 23, 3
   7              		.eabi_attribute 24, 1
   8              		.eabi_attribute 25, 1
   9              		.eabi_attribute 26, 1
  10              		.eabi_attribute 30, 6
  11              		.eabi_attribute 34, 0
  12              		.eabi_attribute 18, 4
  13              		.thumb
  14              		.syntax unified
  15              		.file	"ADC_PM.c"
  16              		.text
  17              	.Ltext0:
  18              		.cfi_sections	.debug_frame
  19              		.bss
  20              		.align	2
  21              	ADC_backup:
  22 0000 00       		.space	1
  23              		.section	.text.ADC_SaveConfig,"ax",%progbits
  24              		.align	2
  25              		.global	ADC_SaveConfig
  26              		.code	16
  27              		.thumb_func
  28              		.type	ADC_SaveConfig, %function
  29              	ADC_SaveConfig:
  30              	.LFB1:
  31              		.file 1 "Generated_Source\\PSoC4\\ADC_PM.c"
   1:Generated_Source\PSoC4/ADC_PM.c **** /*******************************************************************************
   2:Generated_Source\PSoC4/ADC_PM.c **** * File Name: ADC_PM.c
   3:Generated_Source\PSoC4/ADC_PM.c **** * Version 2.10
   4:Generated_Source\PSoC4/ADC_PM.c **** *
   5:Generated_Source\PSoC4/ADC_PM.c **** * Description:
   6:Generated_Source\PSoC4/ADC_PM.c **** *  This file provides Sleep/WakeUp APIs functionality.
   7:Generated_Source\PSoC4/ADC_PM.c **** *
   8:Generated_Source\PSoC4/ADC_PM.c **** * Note:
   9:Generated_Source\PSoC4/ADC_PM.c **** *
  10:Generated_Source\PSoC4/ADC_PM.c **** ********************************************************************************
  11:Generated_Source\PSoC4/ADC_PM.c **** * Copyright 2008-2015, Cypress Semiconductor Corporation.  All rights reserved.
  12:Generated_Source\PSoC4/ADC_PM.c **** * You may use this file only in accordance with the license, terms, conditions,
  13:Generated_Source\PSoC4/ADC_PM.c **** * disclaimers, and limitations in the end user license agreement accompanying
  14:Generated_Source\PSoC4/ADC_PM.c **** * the software package with which this file was provided.
  15:Generated_Source\PSoC4/ADC_PM.c **** *******************************************************************************/
  16:Generated_Source\PSoC4/ADC_PM.c **** 
  17:Generated_Source\PSoC4/ADC_PM.c **** #include "ADC.h"
  18:Generated_Source\PSoC4/ADC_PM.c **** 
  19:Generated_Source\PSoC4/ADC_PM.c **** 
  20:Generated_Source\PSoC4/ADC_PM.c **** /***************************************
  21:Generated_Source\PSoC4/ADC_PM.c **** * Local data allocation
  22:Generated_Source\PSoC4/ADC_PM.c **** ***************************************/
  23:Generated_Source\PSoC4/ADC_PM.c **** 
  24:Generated_Source\PSoC4/ADC_PM.c **** static ADC_BACKUP_STRUCT  ADC_backup =
  25:Generated_Source\PSoC4/ADC_PM.c **** {
  26:Generated_Source\PSoC4/ADC_PM.c ****     ADC_DISABLED
ARM GAS  C:\Users\ADMINI~1\AppData\Local\Temp\cc02tT3f.s 			page 2


  27:Generated_Source\PSoC4/ADC_PM.c **** };
  28:Generated_Source\PSoC4/ADC_PM.c **** 
  29:Generated_Source\PSoC4/ADC_PM.c **** 
  30:Generated_Source\PSoC4/ADC_PM.c **** /*******************************************************************************
  31:Generated_Source\PSoC4/ADC_PM.c **** * Function Name: ADC_SaveConfig
  32:Generated_Source\PSoC4/ADC_PM.c **** ********************************************************************************
  33:Generated_Source\PSoC4/ADC_PM.c **** *
  34:Generated_Source\PSoC4/ADC_PM.c **** * Summary:
  35:Generated_Source\PSoC4/ADC_PM.c **** *  Saves the current user configuration.
  36:Generated_Source\PSoC4/ADC_PM.c **** *
  37:Generated_Source\PSoC4/ADC_PM.c **** * Parameters:
  38:Generated_Source\PSoC4/ADC_PM.c **** *  None.
  39:Generated_Source\PSoC4/ADC_PM.c **** *
  40:Generated_Source\PSoC4/ADC_PM.c **** * Return:
  41:Generated_Source\PSoC4/ADC_PM.c **** *  None.
  42:Generated_Source\PSoC4/ADC_PM.c **** *
  43:Generated_Source\PSoC4/ADC_PM.c **** *******************************************************************************/
  44:Generated_Source\PSoC4/ADC_PM.c **** void ADC_SaveConfig(void)
  45:Generated_Source\PSoC4/ADC_PM.c **** {
  32              		.loc 1 45 0
  33              		.cfi_startproc
  34              		@ args = 0, pretend = 0, frame = 0
  35              		@ frame_needed = 1, uses_anonymous_args = 0
  36 0000 80B5     		push	{r7, lr}
  37              		.cfi_def_cfa_offset 8
  38              		.cfi_offset 7, -8
  39              		.cfi_offset 14, -4
  40 0002 00AF     		add	r7, sp, #0
  41              		.cfi_def_cfa_register 7
  46:Generated_Source\PSoC4/ADC_PM.c ****     /* All configuration registers are marked as [reset_all_retention] */
  47:Generated_Source\PSoC4/ADC_PM.c **** }
  42              		.loc 1 47 0
  43 0004 C046     		nop
  44 0006 BD46     		mov	sp, r7
  45              		@ sp needed
  46 0008 80BD     		pop	{r7, pc}
  47              		.cfi_endproc
  48              	.LFE1:
  49              		.size	ADC_SaveConfig, .-ADC_SaveConfig
  50 000a C046     		.section	.text.ADC_RestoreConfig,"ax",%progbits
  51              		.align	2
  52              		.global	ADC_RestoreConfig
  53              		.code	16
  54              		.thumb_func
  55              		.type	ADC_RestoreConfig, %function
  56              	ADC_RestoreConfig:
  57              	.LFB2:
  48:Generated_Source\PSoC4/ADC_PM.c **** 
  49:Generated_Source\PSoC4/ADC_PM.c **** 
  50:Generated_Source\PSoC4/ADC_PM.c **** /*******************************************************************************
  51:Generated_Source\PSoC4/ADC_PM.c **** * Function Name: ADC_RestoreConfig
  52:Generated_Source\PSoC4/ADC_PM.c **** ********************************************************************************
  53:Generated_Source\PSoC4/ADC_PM.c **** *
  54:Generated_Source\PSoC4/ADC_PM.c **** * Summary:
  55:Generated_Source\PSoC4/ADC_PM.c **** *  Restores the current user configuration.
  56:Generated_Source\PSoC4/ADC_PM.c **** *
  57:Generated_Source\PSoC4/ADC_PM.c **** * Parameters:
ARM GAS  C:\Users\ADMINI~1\AppData\Local\Temp\cc02tT3f.s 			page 3


  58:Generated_Source\PSoC4/ADC_PM.c **** *  None.
  59:Generated_Source\PSoC4/ADC_PM.c **** *
  60:Generated_Source\PSoC4/ADC_PM.c **** * Return:
  61:Generated_Source\PSoC4/ADC_PM.c **** *  None.
  62:Generated_Source\PSoC4/ADC_PM.c **** *
  63:Generated_Source\PSoC4/ADC_PM.c **** *******************************************************************************/
  64:Generated_Source\PSoC4/ADC_PM.c **** void ADC_RestoreConfig(void)
  65:Generated_Source\PSoC4/ADC_PM.c **** {
  58              		.loc 1 65 0
  59              		.cfi_startproc
  60              		@ args = 0, pretend = 0, frame = 0
  61              		@ frame_needed = 1, uses_anonymous_args = 0
  62 0000 80B5     		push	{r7, lr}
  63              		.cfi_def_cfa_offset 8
  64              		.cfi_offset 7, -8
  65              		.cfi_offset 14, -4
  66 0002 00AF     		add	r7, sp, #0
  67              		.cfi_def_cfa_register 7
  66:Generated_Source\PSoC4/ADC_PM.c ****     /* All congiguration registers are marked as [reset_all_retention] */
  67:Generated_Source\PSoC4/ADC_PM.c **** }
  68              		.loc 1 67 0
  69 0004 C046     		nop
  70 0006 BD46     		mov	sp, r7
  71              		@ sp needed
  72 0008 80BD     		pop	{r7, pc}
  73              		.cfi_endproc
  74              	.LFE2:
  75              		.size	ADC_RestoreConfig, .-ADC_RestoreConfig
  76              		.section	.text.ADC_Sleep,"ax",%progbits
  77              		.align	2
  78              		.global	ADC_Sleep
  79              		.code	16
  80              		.thumb_func
  81              		.type	ADC_Sleep, %function
  82              	ADC_Sleep:
  83              	.LFB3:
  68:Generated_Source\PSoC4/ADC_PM.c **** 
  69:Generated_Source\PSoC4/ADC_PM.c **** 
  70:Generated_Source\PSoC4/ADC_PM.c **** /*******************************************************************************
  71:Generated_Source\PSoC4/ADC_PM.c **** * Function Name: ADC_Sleep
  72:Generated_Source\PSoC4/ADC_PM.c **** ********************************************************************************
  73:Generated_Source\PSoC4/ADC_PM.c **** *
  74:Generated_Source\PSoC4/ADC_PM.c **** * Summary:
  75:Generated_Source\PSoC4/ADC_PM.c **** *  Stops the ADC operation and saves the configuration registers and component
  76:Generated_Source\PSoC4/ADC_PM.c **** *  enable state. Should be called just prior to entering sleep.
  77:Generated_Source\PSoC4/ADC_PM.c **** *
  78:Generated_Source\PSoC4/ADC_PM.c **** * Parameters:
  79:Generated_Source\PSoC4/ADC_PM.c **** *  None.
  80:Generated_Source\PSoC4/ADC_PM.c **** *
  81:Generated_Source\PSoC4/ADC_PM.c **** * Return:
  82:Generated_Source\PSoC4/ADC_PM.c **** *  None.
  83:Generated_Source\PSoC4/ADC_PM.c **** *
  84:Generated_Source\PSoC4/ADC_PM.c **** * Global Variables:
  85:Generated_Source\PSoC4/ADC_PM.c **** *  ADC_backup - modified.
  86:Generated_Source\PSoC4/ADC_PM.c **** *
  87:Generated_Source\PSoC4/ADC_PM.c **** *******************************************************************************/
  88:Generated_Source\PSoC4/ADC_PM.c **** void ADC_Sleep(void)
ARM GAS  C:\Users\ADMINI~1\AppData\Local\Temp\cc02tT3f.s 			page 4


  89:Generated_Source\PSoC4/ADC_PM.c **** {
  84              		.loc 1 89 0
  85              		.cfi_startproc
  86              		@ args = 0, pretend = 0, frame = 0
  87              		@ frame_needed = 1, uses_anonymous_args = 0
  88 0000 80B5     		push	{r7, lr}
  89              		.cfi_def_cfa_offset 8
  90              		.cfi_offset 7, -8
  91              		.cfi_offset 14, -4
  92 0002 00AF     		add	r7, sp, #0
  93              		.cfi_def_cfa_register 7
  90:Generated_Source\PSoC4/ADC_PM.c ****     /* During deepsleep/ hibernate mode keep SARMUX active, i.e. do not open
  91:Generated_Source\PSoC4/ADC_PM.c ****     *   all switches (disconnect), to be used for ADFT
  92:Generated_Source\PSoC4/ADC_PM.c ****     */
  93:Generated_Source\PSoC4/ADC_PM.c ****     ADC_SAR_DFT_CTRL_REG |= ADC_ADFT_OVERRIDE;
  94              		.loc 1 93 0
  95 0004 1A4B     		ldr	r3, .L10
  96 0006 1A4A     		ldr	r2, .L10
  97 0008 1268     		ldr	r2, [r2]
  98 000a 8021     		movs	r1, #128
  99 000c 0906     		lsls	r1, r1, #24
 100 000e 0A43     		orrs	r2, r1
 101 0010 1A60     		str	r2, [r3]
  94:Generated_Source\PSoC4/ADC_PM.c ****     if((ADC_SAR_CTRL_REG  & ADC_ENABLE) != 0u)
 102              		.loc 1 94 0
 103 0012 184B     		ldr	r3, .L10+4
 104 0014 1B68     		ldr	r3, [r3]
 105 0016 002B     		cmp	r3, #0
 106 0018 24DA     		bge	.L4
  95:Generated_Source\PSoC4/ADC_PM.c ****     {
  96:Generated_Source\PSoC4/ADC_PM.c ****         if((ADC_SAR_SAMPLE_CTRL_REG & ADC_CONTINUOUS_EN) != 0u)
 107              		.loc 1 96 0
 108 001a 174B     		ldr	r3, .L10+8
 109 001c 1A68     		ldr	r2, [r3]
 110 001e 8023     		movs	r3, #128
 111 0020 5B02     		lsls	r3, r3, #9
 112 0022 1340     		ands	r3, r2
 113 0024 03D0     		beq	.L5
  97:Generated_Source\PSoC4/ADC_PM.c ****         {
  98:Generated_Source\PSoC4/ADC_PM.c ****             ADC_backup.enableState = ADC_ENABLED | ADC_STARTED;
 114              		.loc 1 98 0
 115 0026 154B     		ldr	r3, .L10+12
 116 0028 0322     		movs	r2, #3
 117 002a 1A70     		strb	r2, [r3]
 118 002c 02E0     		b	.L6
 119              	.L5:
  99:Generated_Source\PSoC4/ADC_PM.c ****         }
 100:Generated_Source\PSoC4/ADC_PM.c ****         else
 101:Generated_Source\PSoC4/ADC_PM.c ****         {
 102:Generated_Source\PSoC4/ADC_PM.c ****             ADC_backup.enableState = ADC_ENABLED;
 120              		.loc 1 102 0
 121 002e 134B     		ldr	r3, .L10+12
 122 0030 0122     		movs	r2, #1
 123 0032 1A70     		strb	r2, [r3]
 124              	.L6:
 103:Generated_Source\PSoC4/ADC_PM.c ****         }
 104:Generated_Source\PSoC4/ADC_PM.c ****         ADC_StopConvert();
ARM GAS  C:\Users\ADMINI~1\AppData\Local\Temp\cc02tT3f.s 			page 5


 125              		.loc 1 104 0
 126 0034 FFF7FEFF 		bl	ADC_StopConvert
 105:Generated_Source\PSoC4/ADC_PM.c ****         ADC_Stop();
 127              		.loc 1 105 0
 128 0038 FFF7FEFF 		bl	ADC_Stop
 106:Generated_Source\PSoC4/ADC_PM.c ****         
 107:Generated_Source\PSoC4/ADC_PM.c ****         /* Disable the SAR internal pump before entering the chip low power mode */
 108:Generated_Source\PSoC4/ADC_PM.c ****         if((ADC_SAR_CTRL_REG & ADC_BOOSTPUMP_EN) != 0u)
 129              		.loc 1 108 0
 130 003c 0D4B     		ldr	r3, .L10+4
 131 003e 1A68     		ldr	r2, [r3]
 132 0040 8023     		movs	r3, #128
 133 0042 5B03     		lsls	r3, r3, #13
 134 0044 1340     		ands	r3, r2
 135 0046 10D0     		beq	.L9
 109:Generated_Source\PSoC4/ADC_PM.c ****         {
 110:Generated_Source\PSoC4/ADC_PM.c ****             ADC_SAR_CTRL_REG &= (uint32)~ADC_BOOSTPUMP_EN;
 136              		.loc 1 110 0
 137 0048 0A4B     		ldr	r3, .L10+4
 138 004a 0A4A     		ldr	r2, .L10+4
 139 004c 1268     		ldr	r2, [r2]
 140 004e 0C49     		ldr	r1, .L10+16
 141 0050 0A40     		ands	r2, r1
 142 0052 1A60     		str	r2, [r3]
 111:Generated_Source\PSoC4/ADC_PM.c ****             ADC_backup.enableState |= ADC_BOOSTPUMP_ENABLED;
 143              		.loc 1 111 0
 144 0054 094B     		ldr	r3, .L10+12
 145 0056 1B78     		ldrb	r3, [r3]
 146 0058 0422     		movs	r2, #4
 147 005a 1343     		orrs	r3, r2
 148 005c DAB2     		uxtb	r2, r3
 149 005e 074B     		ldr	r3, .L10+12
 150 0060 1A70     		strb	r2, [r3]
 112:Generated_Source\PSoC4/ADC_PM.c ****         }
 113:Generated_Source\PSoC4/ADC_PM.c ****     }
 114:Generated_Source\PSoC4/ADC_PM.c ****     else
 115:Generated_Source\PSoC4/ADC_PM.c ****     {
 116:Generated_Source\PSoC4/ADC_PM.c ****         ADC_backup.enableState = ADC_DISABLED;
 117:Generated_Source\PSoC4/ADC_PM.c ****     }
 118:Generated_Source\PSoC4/ADC_PM.c **** }
 151              		.loc 1 118 0
 152 0062 02E0     		b	.L9
 153              	.L4:
 116:Generated_Source\PSoC4/ADC_PM.c ****     }
 154              		.loc 1 116 0
 155 0064 054B     		ldr	r3, .L10+12
 156 0066 0022     		movs	r2, #0
 157 0068 1A70     		strb	r2, [r3]
 158              	.L9:
 159              		.loc 1 118 0
 160 006a C046     		nop
 161 006c BD46     		mov	sp, r7
 162              		@ sp needed
 163 006e 80BD     		pop	{r7, pc}
 164              	.L11:
 165              		.align	2
 166              	.L10:
ARM GAS  C:\Users\ADMINI~1\AppData\Local\Temp\cc02tT3f.s 			page 6


 167 0070 30003A40 		.word	1077542960
 168 0074 00003A40 		.word	1077542912
 169 0078 04003A40 		.word	1077542916
 170 007c 00000000 		.word	ADC_backup
 171 0080 FFFFEFFF 		.word	-1048577
 172              		.cfi_endproc
 173              	.LFE3:
 174              		.size	ADC_Sleep, .-ADC_Sleep
 175              		.section	.text.ADC_Wakeup,"ax",%progbits
 176              		.align	2
 177              		.global	ADC_Wakeup
 178              		.code	16
 179              		.thumb_func
 180              		.type	ADC_Wakeup, %function
 181              	ADC_Wakeup:
 182              	.LFB4:
 119:Generated_Source\PSoC4/ADC_PM.c **** 
 120:Generated_Source\PSoC4/ADC_PM.c **** 
 121:Generated_Source\PSoC4/ADC_PM.c **** /*******************************************************************************
 122:Generated_Source\PSoC4/ADC_PM.c **** * Function Name: ADC_Wakeup
 123:Generated_Source\PSoC4/ADC_PM.c **** ********************************************************************************
 124:Generated_Source\PSoC4/ADC_PM.c **** *
 125:Generated_Source\PSoC4/ADC_PM.c **** * Summary:
 126:Generated_Source\PSoC4/ADC_PM.c **** *  Restores the component enable state and configuration registers.
 127:Generated_Source\PSoC4/ADC_PM.c **** *  This should be called just after awaking from sleep mode.
 128:Generated_Source\PSoC4/ADC_PM.c **** *
 129:Generated_Source\PSoC4/ADC_PM.c **** * Parameters:
 130:Generated_Source\PSoC4/ADC_PM.c **** *  None.
 131:Generated_Source\PSoC4/ADC_PM.c **** *
 132:Generated_Source\PSoC4/ADC_PM.c **** * Return:
 133:Generated_Source\PSoC4/ADC_PM.c **** *  None.
 134:Generated_Source\PSoC4/ADC_PM.c **** *
 135:Generated_Source\PSoC4/ADC_PM.c **** * Global Variables:
 136:Generated_Source\PSoC4/ADC_PM.c **** *  ADC_backup - used.
 137:Generated_Source\PSoC4/ADC_PM.c **** *
 138:Generated_Source\PSoC4/ADC_PM.c **** *******************************************************************************/
 139:Generated_Source\PSoC4/ADC_PM.c **** void ADC_Wakeup(void)
 140:Generated_Source\PSoC4/ADC_PM.c **** {
 183              		.loc 1 140 0
 184              		.cfi_startproc
 185              		@ args = 0, pretend = 0, frame = 0
 186              		@ frame_needed = 1, uses_anonymous_args = 0
 187 0000 80B5     		push	{r7, lr}
 188              		.cfi_def_cfa_offset 8
 189              		.cfi_offset 7, -8
 190              		.cfi_offset 14, -4
 191 0002 00AF     		add	r7, sp, #0
 192              		.cfi_def_cfa_register 7
 141:Generated_Source\PSoC4/ADC_PM.c ****     ADC_SAR_DFT_CTRL_REG &= (uint32)~ADC_ADFT_OVERRIDE;
 193              		.loc 1 141 0
 194 0004 114B     		ldr	r3, .L16
 195 0006 114A     		ldr	r2, .L16
 196 0008 1268     		ldr	r2, [r2]
 197 000a 5200     		lsls	r2, r2, #1
 198 000c 5208     		lsrs	r2, r2, #1
 199 000e 1A60     		str	r2, [r3]
 142:Generated_Source\PSoC4/ADC_PM.c ****     if(ADC_backup.enableState != ADC_DISABLED)
ARM GAS  C:\Users\ADMINI~1\AppData\Local\Temp\cc02tT3f.s 			page 7


 200              		.loc 1 142 0
 201 0010 0F4B     		ldr	r3, .L16+4
 202 0012 1B78     		ldrb	r3, [r3]
 203 0014 002B     		cmp	r3, #0
 204 0016 16D0     		beq	.L15
 143:Generated_Source\PSoC4/ADC_PM.c ****     {
 144:Generated_Source\PSoC4/ADC_PM.c ****         /* Enable the SAR internal pump  */
 145:Generated_Source\PSoC4/ADC_PM.c ****         if((ADC_backup.enableState & ADC_BOOSTPUMP_ENABLED) != 0u)
 205              		.loc 1 145 0
 206 0018 0D4B     		ldr	r3, .L16+4
 207 001a 1B78     		ldrb	r3, [r3]
 208 001c 1A00     		movs	r2, r3
 209 001e 0423     		movs	r3, #4
 210 0020 1340     		ands	r3, r2
 211 0022 06D0     		beq	.L14
 146:Generated_Source\PSoC4/ADC_PM.c ****         {
 147:Generated_Source\PSoC4/ADC_PM.c ****             ADC_SAR_CTRL_REG |= ADC_BOOSTPUMP_EN;
 212              		.loc 1 147 0
 213 0024 0B4B     		ldr	r3, .L16+8
 214 0026 0B4A     		ldr	r2, .L16+8
 215 0028 1268     		ldr	r2, [r2]
 216 002a 8021     		movs	r1, #128
 217 002c 4903     		lsls	r1, r1, #13
 218 002e 0A43     		orrs	r2, r1
 219 0030 1A60     		str	r2, [r3]
 220              	.L14:
 148:Generated_Source\PSoC4/ADC_PM.c ****         }
 149:Generated_Source\PSoC4/ADC_PM.c ****         ADC_Enable();
 221              		.loc 1 149 0
 222 0032 FFF7FEFF 		bl	ADC_Enable
 150:Generated_Source\PSoC4/ADC_PM.c ****         if((ADC_backup.enableState & ADC_STARTED) != 0u)
 223              		.loc 1 150 0
 224 0036 064B     		ldr	r3, .L16+4
 225 0038 1B78     		ldrb	r3, [r3]
 226 003a 1A00     		movs	r2, r3
 227 003c 0223     		movs	r3, #2
 228 003e 1340     		ands	r3, r2
 229 0040 01D0     		beq	.L15
 151:Generated_Source\PSoC4/ADC_PM.c ****         {
 152:Generated_Source\PSoC4/ADC_PM.c ****             ADC_StartConvert();
 230              		.loc 1 152 0
 231 0042 FFF7FEFF 		bl	ADC_StartConvert
 232              	.L15:
 153:Generated_Source\PSoC4/ADC_PM.c ****         }
 154:Generated_Source\PSoC4/ADC_PM.c ****     }
 155:Generated_Source\PSoC4/ADC_PM.c **** }
 233              		.loc 1 155 0
 234 0046 C046     		nop
 235 0048 BD46     		mov	sp, r7
 236              		@ sp needed
 237 004a 80BD     		pop	{r7, pc}
 238              	.L17:
 239              		.align	2
 240              	.L16:
 241 004c 30003A40 		.word	1077542960
 242 0050 00000000 		.word	ADC_backup
 243 0054 00003A40 		.word	1077542912
ARM GAS  C:\Users\ADMINI~1\AppData\Local\Temp\cc02tT3f.s 			page 8


 244              		.cfi_endproc
 245              	.LFE4:
 246              		.size	ADC_Wakeup, .-ADC_Wakeup
 247              		.text
 248              	.Letext0:
 249              		.file 2 "Generated_Source\\PSoC4\\cytypes.h"
 250              		.file 3 "Generated_Source\\PSoC4\\ADC.h"
 251              		.section	.debug_info,"",%progbits
 252              	.Ldebug_info0:
 253 0000 27010000 		.4byte	0x127
 254 0004 0400     		.2byte	0x4
 255 0006 00000000 		.4byte	.Ldebug_abbrev0
 256 000a 04       		.byte	0x4
 257 000b 01       		.uleb128 0x1
 258 000c 8E010000 		.4byte	.LASF22
 259 0010 0C       		.byte	0xc
 260 0011 2C010000 		.4byte	.LASF23
 261 0015 BA000000 		.4byte	.LASF24
 262 0019 00000000 		.4byte	.Ldebug_ranges0+0
 263 001d 00000000 		.4byte	0
 264 0021 00000000 		.4byte	.Ldebug_line0
 265 0025 02       		.uleb128 0x2
 266 0026 01       		.byte	0x1
 267 0027 06       		.byte	0x6
 268 0028 6C010000 		.4byte	.LASF0
 269 002c 02       		.uleb128 0x2
 270 002d 01       		.byte	0x1
 271 002e 08       		.byte	0x8
 272 002f AC000000 		.4byte	.LASF1
 273 0033 02       		.uleb128 0x2
 274 0034 02       		.byte	0x2
 275 0035 05       		.byte	0x5
 276 0036 84010000 		.4byte	.LASF2
 277 003a 02       		.uleb128 0x2
 278 003b 02       		.byte	0x2
 279 003c 07       		.byte	0x7
 280 003d 59010000 		.4byte	.LASF3
 281 0041 02       		.uleb128 0x2
 282 0042 04       		.byte	0x4
 283 0043 05       		.byte	0x5
 284 0044 23010000 		.4byte	.LASF4
 285 0048 02       		.uleb128 0x2
 286 0049 04       		.byte	0x4
 287 004a 07       		.byte	0x7
 288 004b 3F000000 		.4byte	.LASF5
 289 004f 02       		.uleb128 0x2
 290 0050 08       		.byte	0x8
 291 0051 05       		.byte	0x5
 292 0052 00000000 		.4byte	.LASF6
 293 0056 02       		.uleb128 0x2
 294 0057 08       		.byte	0x8
 295 0058 07       		.byte	0x7
 296 0059 51000000 		.4byte	.LASF7
 297 005d 03       		.uleb128 0x3
 298 005e 04       		.byte	0x4
 299 005f 05       		.byte	0x5
 300 0060 696E7400 		.ascii	"int\000"
ARM GAS  C:\Users\ADMINI~1\AppData\Local\Temp\cc02tT3f.s 			page 9


 301 0064 02       		.uleb128 0x2
 302 0065 04       		.byte	0x4
 303 0066 07       		.byte	0x7
 304 0067 20000000 		.4byte	.LASF8
 305 006b 04       		.uleb128 0x4
 306 006c 39000000 		.4byte	.LASF9
 307 0070 02       		.byte	0x2
 308 0071 C2       		.byte	0xc2
 309 0072 2C000000 		.4byte	0x2c
 310 0076 04       		.uleb128 0x4
 311 0077 0E000000 		.4byte	.LASF10
 312 007b 02       		.byte	0x2
 313 007c C4       		.byte	0xc4
 314 007d 48000000 		.4byte	0x48
 315 0081 02       		.uleb128 0x2
 316 0082 04       		.byte	0x4
 317 0083 04       		.byte	0x4
 318 0084 7A000000 		.4byte	.LASF11
 319 0088 02       		.uleb128 0x2
 320 0089 08       		.byte	0x8
 321 008a 04       		.byte	0x4
 322 008b 4C010000 		.4byte	.LASF12
 323 008f 02       		.uleb128 0x2
 324 0090 01       		.byte	0x1
 325 0091 08       		.byte	0x8
 326 0092 14010000 		.4byte	.LASF13
 327 0096 05       		.uleb128 0x5
 328 0097 53010000 		.4byte	.LASF14
 329 009b 02       		.byte	0x2
 330 009c 6E01     		.2byte	0x16e
 331 009e A2000000 		.4byte	0xa2
 332 00a2 06       		.uleb128 0x6
 333 00a3 76000000 		.4byte	0x76
 334 00a7 02       		.uleb128 0x2
 335 00a8 08       		.byte	0x8
 336 00a9 04       		.byte	0x4
 337 00aa 78010000 		.4byte	.LASF15
 338 00ae 02       		.uleb128 0x2
 339 00af 04       		.byte	0x4
 340 00b0 07       		.byte	0x7
 341 00b1 1C020000 		.4byte	.LASF16
 342 00b5 07       		.uleb128 0x7
 343 00b6 01       		.byte	0x1
 344 00b7 03       		.byte	0x3
 345 00b8 1E       		.byte	0x1e
 346 00b9 CA000000 		.4byte	0xca
 347 00bd 08       		.uleb128 0x8
 348 00be 2D000000 		.4byte	.LASF25
 349 00c2 03       		.byte	0x3
 350 00c3 20       		.byte	0x20
 351 00c4 6B000000 		.4byte	0x6b
 352 00c8 00       		.byte	0
 353 00c9 00       		.byte	0
 354 00ca 04       		.uleb128 0x4
 355 00cb 80000000 		.4byte	.LASF17
 356 00cf 03       		.byte	0x3
 357 00d0 21       		.byte	0x21
ARM GAS  C:\Users\ADMINI~1\AppData\Local\Temp\cc02tT3f.s 			page 10


 358 00d1 B5000000 		.4byte	0xb5
 359 00d5 09       		.uleb128 0x9
 360 00d6 9D000000 		.4byte	.LASF18
 361 00da 01       		.byte	0x1
 362 00db 2C       		.byte	0x2c
 363 00dc 00000000 		.4byte	.LFB1
 364 00e0 0A000000 		.4byte	.LFE1-.LFB1
 365 00e4 01       		.uleb128 0x1
 366 00e5 9C       		.byte	0x9c
 367 00e6 09       		.uleb128 0x9
 368 00e7 68000000 		.4byte	.LASF19
 369 00eb 01       		.byte	0x1
 370 00ec 40       		.byte	0x40
 371 00ed 00000000 		.4byte	.LFB2
 372 00f1 0A000000 		.4byte	.LFE2-.LFB2
 373 00f5 01       		.uleb128 0x1
 374 00f6 9C       		.byte	0x9c
 375 00f7 0A       		.uleb128 0xa
 376 00f8 19010000 		.4byte	.LASF20
 377 00fc 01       		.byte	0x1
 378 00fd 58       		.byte	0x58
 379 00fe 00000000 		.4byte	.LFB3
 380 0102 84000000 		.4byte	.LFE3-.LFB3
 381 0106 01       		.uleb128 0x1
 382 0107 9C       		.byte	0x9c
 383 0108 0A       		.uleb128 0xa
 384 0109 92000000 		.4byte	.LASF21
 385 010d 01       		.byte	0x1
 386 010e 8B       		.byte	0x8b
 387 010f 00000000 		.4byte	.LFB4
 388 0113 58000000 		.4byte	.LFE4-.LFB4
 389 0117 01       		.uleb128 0x1
 390 0118 9C       		.byte	0x9c
 391 0119 0B       		.uleb128 0xb
 392 011a 15000000 		.4byte	.LASF26
 393 011e 01       		.byte	0x1
 394 011f 18       		.byte	0x18
 395 0120 CA000000 		.4byte	0xca
 396 0124 05       		.uleb128 0x5
 397 0125 03       		.byte	0x3
 398 0126 00000000 		.4byte	ADC_backup
 399 012a 00       		.byte	0
 400              		.section	.debug_abbrev,"",%progbits
 401              	.Ldebug_abbrev0:
 402 0000 01       		.uleb128 0x1
 403 0001 11       		.uleb128 0x11
 404 0002 01       		.byte	0x1
 405 0003 25       		.uleb128 0x25
 406 0004 0E       		.uleb128 0xe
 407 0005 13       		.uleb128 0x13
 408 0006 0B       		.uleb128 0xb
 409 0007 03       		.uleb128 0x3
 410 0008 0E       		.uleb128 0xe
 411 0009 1B       		.uleb128 0x1b
 412 000a 0E       		.uleb128 0xe
 413 000b 55       		.uleb128 0x55
 414 000c 17       		.uleb128 0x17
ARM GAS  C:\Users\ADMINI~1\AppData\Local\Temp\cc02tT3f.s 			page 11


 415 000d 11       		.uleb128 0x11
 416 000e 01       		.uleb128 0x1
 417 000f 10       		.uleb128 0x10
 418 0010 17       		.uleb128 0x17
 419 0011 00       		.byte	0
 420 0012 00       		.byte	0
 421 0013 02       		.uleb128 0x2
 422 0014 24       		.uleb128 0x24
 423 0015 00       		.byte	0
 424 0016 0B       		.uleb128 0xb
 425 0017 0B       		.uleb128 0xb
 426 0018 3E       		.uleb128 0x3e
 427 0019 0B       		.uleb128 0xb
 428 001a 03       		.uleb128 0x3
 429 001b 0E       		.uleb128 0xe
 430 001c 00       		.byte	0
 431 001d 00       		.byte	0
 432 001e 03       		.uleb128 0x3
 433 001f 24       		.uleb128 0x24
 434 0020 00       		.byte	0
 435 0021 0B       		.uleb128 0xb
 436 0022 0B       		.uleb128 0xb
 437 0023 3E       		.uleb128 0x3e
 438 0024 0B       		.uleb128 0xb
 439 0025 03       		.uleb128 0x3
 440 0026 08       		.uleb128 0x8
 441 0027 00       		.byte	0
 442 0028 00       		.byte	0
 443 0029 04       		.uleb128 0x4
 444 002a 16       		.uleb128 0x16
 445 002b 00       		.byte	0
 446 002c 03       		.uleb128 0x3
 447 002d 0E       		.uleb128 0xe
 448 002e 3A       		.uleb128 0x3a
 449 002f 0B       		.uleb128 0xb
 450 0030 3B       		.uleb128 0x3b
 451 0031 0B       		.uleb128 0xb
 452 0032 49       		.uleb128 0x49
 453 0033 13       		.uleb128 0x13
 454 0034 00       		.byte	0
 455 0035 00       		.byte	0
 456 0036 05       		.uleb128 0x5
 457 0037 16       		.uleb128 0x16
 458 0038 00       		.byte	0
 459 0039 03       		.uleb128 0x3
 460 003a 0E       		.uleb128 0xe
 461 003b 3A       		.uleb128 0x3a
 462 003c 0B       		.uleb128 0xb
 463 003d 3B       		.uleb128 0x3b
 464 003e 05       		.uleb128 0x5
 465 003f 49       		.uleb128 0x49
 466 0040 13       		.uleb128 0x13
 467 0041 00       		.byte	0
 468 0042 00       		.byte	0
 469 0043 06       		.uleb128 0x6
 470 0044 35       		.uleb128 0x35
 471 0045 00       		.byte	0
ARM GAS  C:\Users\ADMINI~1\AppData\Local\Temp\cc02tT3f.s 			page 12


 472 0046 49       		.uleb128 0x49
 473 0047 13       		.uleb128 0x13
 474 0048 00       		.byte	0
 475 0049 00       		.byte	0
 476 004a 07       		.uleb128 0x7
 477 004b 13       		.uleb128 0x13
 478 004c 01       		.byte	0x1
 479 004d 0B       		.uleb128 0xb
 480 004e 0B       		.uleb128 0xb
 481 004f 3A       		.uleb128 0x3a
 482 0050 0B       		.uleb128 0xb
 483 0051 3B       		.uleb128 0x3b
 484 0052 0B       		.uleb128 0xb
 485 0053 01       		.uleb128 0x1
 486 0054 13       		.uleb128 0x13
 487 0055 00       		.byte	0
 488 0056 00       		.byte	0
 489 0057 08       		.uleb128 0x8
 490 0058 0D       		.uleb128 0xd
 491 0059 00       		.byte	0
 492 005a 03       		.uleb128 0x3
 493 005b 0E       		.uleb128 0xe
 494 005c 3A       		.uleb128 0x3a
 495 005d 0B       		.uleb128 0xb
 496 005e 3B       		.uleb128 0x3b
 497 005f 0B       		.uleb128 0xb
 498 0060 49       		.uleb128 0x49
 499 0061 13       		.uleb128 0x13
 500 0062 38       		.uleb128 0x38
 501 0063 0B       		.uleb128 0xb
 502 0064 00       		.byte	0
 503 0065 00       		.byte	0
 504 0066 09       		.uleb128 0x9
 505 0067 2E       		.uleb128 0x2e
 506 0068 00       		.byte	0
 507 0069 3F       		.uleb128 0x3f
 508 006a 19       		.uleb128 0x19
 509 006b 03       		.uleb128 0x3
 510 006c 0E       		.uleb128 0xe
 511 006d 3A       		.uleb128 0x3a
 512 006e 0B       		.uleb128 0xb
 513 006f 3B       		.uleb128 0x3b
 514 0070 0B       		.uleb128 0xb
 515 0071 27       		.uleb128 0x27
 516 0072 19       		.uleb128 0x19
 517 0073 11       		.uleb128 0x11
 518 0074 01       		.uleb128 0x1
 519 0075 12       		.uleb128 0x12
 520 0076 06       		.uleb128 0x6
 521 0077 40       		.uleb128 0x40
 522 0078 18       		.uleb128 0x18
 523 0079 9742     		.uleb128 0x2117
 524 007b 19       		.uleb128 0x19
 525 007c 00       		.byte	0
 526 007d 00       		.byte	0
 527 007e 0A       		.uleb128 0xa
 528 007f 2E       		.uleb128 0x2e
ARM GAS  C:\Users\ADMINI~1\AppData\Local\Temp\cc02tT3f.s 			page 13


 529 0080 00       		.byte	0
 530 0081 3F       		.uleb128 0x3f
 531 0082 19       		.uleb128 0x19
 532 0083 03       		.uleb128 0x3
 533 0084 0E       		.uleb128 0xe
 534 0085 3A       		.uleb128 0x3a
 535 0086 0B       		.uleb128 0xb
 536 0087 3B       		.uleb128 0x3b
 537 0088 0B       		.uleb128 0xb
 538 0089 27       		.uleb128 0x27
 539 008a 19       		.uleb128 0x19
 540 008b 11       		.uleb128 0x11
 541 008c 01       		.uleb128 0x1
 542 008d 12       		.uleb128 0x12
 543 008e 06       		.uleb128 0x6
 544 008f 40       		.uleb128 0x40
 545 0090 18       		.uleb128 0x18
 546 0091 9642     		.uleb128 0x2116
 547 0093 19       		.uleb128 0x19
 548 0094 00       		.byte	0
 549 0095 00       		.byte	0
 550 0096 0B       		.uleb128 0xb
 551 0097 34       		.uleb128 0x34
 552 0098 00       		.byte	0
 553 0099 03       		.uleb128 0x3
 554 009a 0E       		.uleb128 0xe
 555 009b 3A       		.uleb128 0x3a
 556 009c 0B       		.uleb128 0xb
 557 009d 3B       		.uleb128 0x3b
 558 009e 0B       		.uleb128 0xb
 559 009f 49       		.uleb128 0x49
 560 00a0 13       		.uleb128 0x13
 561 00a1 02       		.uleb128 0x2
 562 00a2 18       		.uleb128 0x18
 563 00a3 00       		.byte	0
 564 00a4 00       		.byte	0
 565 00a5 00       		.byte	0
 566              		.section	.debug_aranges,"",%progbits
 567 0000 34000000 		.4byte	0x34
 568 0004 0200     		.2byte	0x2
 569 0006 00000000 		.4byte	.Ldebug_info0
 570 000a 04       		.byte	0x4
 571 000b 00       		.byte	0
 572 000c 0000     		.2byte	0
 573 000e 0000     		.2byte	0
 574 0010 00000000 		.4byte	.LFB1
 575 0014 0A000000 		.4byte	.LFE1-.LFB1
 576 0018 00000000 		.4byte	.LFB2
 577 001c 0A000000 		.4byte	.LFE2-.LFB2
 578 0020 00000000 		.4byte	.LFB3
 579 0024 84000000 		.4byte	.LFE3-.LFB3
 580 0028 00000000 		.4byte	.LFB4
 581 002c 58000000 		.4byte	.LFE4-.LFB4
 582 0030 00000000 		.4byte	0
 583 0034 00000000 		.4byte	0
 584              		.section	.debug_ranges,"",%progbits
 585              	.Ldebug_ranges0:
ARM GAS  C:\Users\ADMINI~1\AppData\Local\Temp\cc02tT3f.s 			page 14


 586 0000 00000000 		.4byte	.LFB1
 587 0004 0A000000 		.4byte	.LFE1
 588 0008 00000000 		.4byte	.LFB2
 589 000c 0A000000 		.4byte	.LFE2
 590 0010 00000000 		.4byte	.LFB3
 591 0014 84000000 		.4byte	.LFE3
 592 0018 00000000 		.4byte	.LFB4
 593 001c 58000000 		.4byte	.LFE4
 594 0020 00000000 		.4byte	0
 595 0024 00000000 		.4byte	0
 596              		.section	.debug_line,"",%progbits
 597              	.Ldebug_line0:
 598 0000 A8000000 		.section	.debug_str,"MS",%progbits,1
 598      02004C00 
 598      00000201 
 598      FB0E0D00 
 598      01010101 
 599              	.LASF6:
 600 0000 6C6F6E67 		.ascii	"long long int\000"
 600      206C6F6E 
 600      6720696E 
 600      7400
 601              	.LASF10:
 602 000e 75696E74 		.ascii	"uint32\000"
 602      333200
 603              	.LASF26:
 604 0015 4144435F 		.ascii	"ADC_backup\000"
 604      6261636B 
 604      757000
 605              	.LASF8:
 606 0020 756E7369 		.ascii	"unsigned int\000"
 606      676E6564 
 606      20696E74 
 606      00
 607              	.LASF25:
 608 002d 656E6162 		.ascii	"enableState\000"
 608      6C655374 
 608      61746500 
 609              	.LASF9:
 610 0039 75696E74 		.ascii	"uint8\000"
 610      3800
 611              	.LASF5:
 612 003f 6C6F6E67 		.ascii	"long unsigned int\000"
 612      20756E73 
 612      69676E65 
 612      6420696E 
 612      7400
 613              	.LASF7:
 614 0051 6C6F6E67 		.ascii	"long long unsigned int\000"
 614      206C6F6E 
 614      6720756E 
 614      7369676E 
 614      65642069 
 615              	.LASF19:
 616 0068 4144435F 		.ascii	"ADC_RestoreConfig\000"
 616      52657374 
 616      6F726543 
ARM GAS  C:\Users\ADMINI~1\AppData\Local\Temp\cc02tT3f.s 			page 15


 616      6F6E6669 
 616      6700
 617              	.LASF11:
 618 007a 666C6F61 		.ascii	"float\000"
 618      7400
 619              	.LASF17:
 620 0080 4144435F 		.ascii	"ADC_BACKUP_STRUCT\000"
 620      4241434B 
 620      55505F53 
 620      54525543 
 620      5400
 621              	.LASF21:
 622 0092 4144435F 		.ascii	"ADC_Wakeup\000"
 622      57616B65 
 622      757000
 623              	.LASF18:
 624 009d 4144435F 		.ascii	"ADC_SaveConfig\000"
 624      53617665 
 624      436F6E66 
 624      696700
 625              	.LASF1:
 626 00ac 756E7369 		.ascii	"unsigned char\000"
 626      676E6564 
 626      20636861 
 626      7200
 627              	.LASF24:
 628 00ba 443A5C43 		.ascii	"D:\\CYTEST\\Micrium_CY8CKIT-044_OS2\\Micrium\\Examp"
 628      59544553 
 628      545C4D69 
 628      63726975 
 628      6D5F4359 
 629 00e9 6C65735C 		.ascii	"les\\Cypress\\CY8CKIT-044\\OS2\\PSoC\\OS2.cydsn\000"
 629      43797072 
 629      6573735C 
 629      43593843 
 629      4B49542D 
 630              	.LASF13:
 631 0114 63686172 		.ascii	"char\000"
 631      00
 632              	.LASF20:
 633 0119 4144435F 		.ascii	"ADC_Sleep\000"
 633      536C6565 
 633      7000
 634              	.LASF4:
 635 0123 6C6F6E67 		.ascii	"long int\000"
 635      20696E74 
 635      00
 636              	.LASF23:
 637 012c 47656E65 		.ascii	"Generated_Source\\PSoC4\\ADC_PM.c\000"
 637      72617465 
 637      645F536F 
 637      75726365 
 637      5C50536F 
 638              	.LASF12:
 639 014c 646F7562 		.ascii	"double\000"
 639      6C6500
 640              	.LASF14:
ARM GAS  C:\Users\ADMINI~1\AppData\Local\Temp\cc02tT3f.s 			page 16


 641 0153 72656733 		.ascii	"reg32\000"
 641      3200
 642              	.LASF3:
 643 0159 73686F72 		.ascii	"short unsigned int\000"
 643      7420756E 
 643      7369676E 
 643      65642069 
 643      6E7400
 644              	.LASF0:
 645 016c 7369676E 		.ascii	"signed char\000"
 645      65642063 
 645      68617200 
 646              	.LASF15:
 647 0178 6C6F6E67 		.ascii	"long double\000"
 647      20646F75 
 647      626C6500 
 648              	.LASF2:
 649 0184 73686F72 		.ascii	"short int\000"
 649      7420696E 
 649      7400
 650              	.LASF22:
 651 018e 474E5520 		.ascii	"GNU C11 5.4.1 20160609 (release) [ARM/embedded-5-br"
 651      43313120 
 651      352E342E 
 651      31203230 
 651      31363036 
 652 01c1 616E6368 		.ascii	"anch revision 237715] -mcpu=cortex-m0 -mthumb -g -O"
 652      20726576 
 652      6973696F 
 652      6E203233 
 652      37373135 
 653 01f4 30202D66 		.ascii	"0 -ffunction-sections -ffat-lto-objects\000"
 653      66756E63 
 653      74696F6E 
 653      2D736563 
 653      74696F6E 
 654              	.LASF16:
 655 021c 73697A65 		.ascii	"sizetype\000"
 655      74797065 
 655      00
 656              		.ident	"GCC: (GNU Tools for ARM Embedded Processors) 5.4.1 20160609 (release) [ARM/embedded-5-bran
