ARM GAS  C:\Users\ADMINI~1\AppData\Local\Temp\cc4cxlBz.s 			page 1


   1              		.syntax unified
   2              		.cpu cortex-m0
   3              		.fpu softvfp
   4              		.eabi_attribute 20, 1
   5              		.eabi_attribute 21, 1
   6              		.eabi_attribute 23, 3
   7              		.eabi_attribute 24, 1
   8              		.eabi_attribute 25, 1
   9              		.eabi_attribute 26, 1
  10              		.eabi_attribute 30, 6
  11              		.eabi_attribute 34, 0
  12              		.eabi_attribute 18, 4
  13              		.thumb
  14              		.syntax unified
  15              		.file	"ADC_INT.c"
  16              		.text
  17              	.Ltext0:
  18              		.cfi_sections	.debug_frame
  19              		.section	.text.ADC_ISR,"ax",%progbits
  20              		.align	2
  21              		.global	ADC_ISR
  22              		.code	16
  23              		.thumb_func
  24              		.type	ADC_ISR, %function
  25              	ADC_ISR:
  26              	.LFB1:
  27              		.file 1 "Generated_Source\\PSoC4\\ADC_INT.c"
   1:Generated_Source\PSoC4/ADC_INT.c **** /*******************************************************************************
   2:Generated_Source\PSoC4/ADC_INT.c **** * File Name: ADC_INT.c
   3:Generated_Source\PSoC4/ADC_INT.c **** * Version 2.10
   4:Generated_Source\PSoC4/ADC_INT.c **** *
   5:Generated_Source\PSoC4/ADC_INT.c **** *  Description:
   6:Generated_Source\PSoC4/ADC_INT.c **** *    This file contains the code that operates during the ADC_SAR interrupt
   7:Generated_Source\PSoC4/ADC_INT.c **** *    service routine.
   8:Generated_Source\PSoC4/ADC_INT.c **** *
   9:Generated_Source\PSoC4/ADC_INT.c **** *   Note:
  10:Generated_Source\PSoC4/ADC_INT.c **** *
  11:Generated_Source\PSoC4/ADC_INT.c **** ********************************************************************************
  12:Generated_Source\PSoC4/ADC_INT.c **** * Copyright 2008-2015, Cypress Semiconductor Corporation.  All rights reserved.
  13:Generated_Source\PSoC4/ADC_INT.c **** * You may use this file only in accordance with the license, terms, conditions,
  14:Generated_Source\PSoC4/ADC_INT.c **** * disclaimers, and limitations in the end user license agreement accompanying
  15:Generated_Source\PSoC4/ADC_INT.c **** * the software package with which this file was provided.
  16:Generated_Source\PSoC4/ADC_INT.c **** *******************************************************************************/
  17:Generated_Source\PSoC4/ADC_INT.c **** 
  18:Generated_Source\PSoC4/ADC_INT.c **** #include "ADC.h"
  19:Generated_Source\PSoC4/ADC_INT.c **** 
  20:Generated_Source\PSoC4/ADC_INT.c **** 
  21:Generated_Source\PSoC4/ADC_INT.c **** /******************************************************************************
  22:Generated_Source\PSoC4/ADC_INT.c **** * Custom Declarations and Variables
  23:Generated_Source\PSoC4/ADC_INT.c **** * - add user inlcude files, prototypes and variables between the following
  24:Generated_Source\PSoC4/ADC_INT.c **** *   #START and #END tags
  25:Generated_Source\PSoC4/ADC_INT.c **** ******************************************************************************/
  26:Generated_Source\PSoC4/ADC_INT.c **** /* `#START ADC_SYS_VAR`  */
  27:Generated_Source\PSoC4/ADC_INT.c **** 
  28:Generated_Source\PSoC4/ADC_INT.c **** /* `#END`  */
  29:Generated_Source\PSoC4/ADC_INT.c **** 
  30:Generated_Source\PSoC4/ADC_INT.c **** #if(ADC_IRQ_REMOVE == 0u)
ARM GAS  C:\Users\ADMINI~1\AppData\Local\Temp\cc4cxlBz.s 			page 2


  31:Generated_Source\PSoC4/ADC_INT.c **** 
  32:Generated_Source\PSoC4/ADC_INT.c **** 
  33:Generated_Source\PSoC4/ADC_INT.c ****     /******************************************************************************
  34:Generated_Source\PSoC4/ADC_INT.c ****     * Function Name: ADC_ISR
  35:Generated_Source\PSoC4/ADC_INT.c ****     *******************************************************************************
  36:Generated_Source\PSoC4/ADC_INT.c ****     *
  37:Generated_Source\PSoC4/ADC_INT.c ****     * Summary:
  38:Generated_Source\PSoC4/ADC_INT.c ****     *  Handle Interrupt Service Routine.
  39:Generated_Source\PSoC4/ADC_INT.c ****     *
  40:Generated_Source\PSoC4/ADC_INT.c ****     * Parameters:
  41:Generated_Source\PSoC4/ADC_INT.c ****     *  None.
  42:Generated_Source\PSoC4/ADC_INT.c ****     *
  43:Generated_Source\PSoC4/ADC_INT.c ****     * Return:
  44:Generated_Source\PSoC4/ADC_INT.c ****     *  None.
  45:Generated_Source\PSoC4/ADC_INT.c ****     *
  46:Generated_Source\PSoC4/ADC_INT.c ****     * Reentrant:
  47:Generated_Source\PSoC4/ADC_INT.c ****     *  No.
  48:Generated_Source\PSoC4/ADC_INT.c ****     *
  49:Generated_Source\PSoC4/ADC_INT.c ****     ******************************************************************************/
  50:Generated_Source\PSoC4/ADC_INT.c ****     CY_ISR( ADC_ISR )
  51:Generated_Source\PSoC4/ADC_INT.c ****     {
  28              		.loc 1 51 0
  29              		.cfi_startproc
  30              		@ args = 0, pretend = 0, frame = 8
  31              		@ frame_needed = 1, uses_anonymous_args = 0
  32 0000 80B5     		push	{r7, lr}
  33              		.cfi_def_cfa_offset 8
  34              		.cfi_offset 7, -8
  35              		.cfi_offset 14, -4
  36 0002 82B0     		sub	sp, sp, #8
  37              		.cfi_def_cfa_offset 16
  38 0004 00AF     		add	r7, sp, #0
  39              		.cfi_def_cfa_register 7
  52:Generated_Source\PSoC4/ADC_INT.c ****         uint32 intr_status;
  53:Generated_Source\PSoC4/ADC_INT.c **** 
  54:Generated_Source\PSoC4/ADC_INT.c ****         /* Read interrupt status register */
  55:Generated_Source\PSoC4/ADC_INT.c ****         intr_status = ADC_SAR_INTR_REG;
  40              		.loc 1 55 0
  41 0006 054B     		ldr	r3, .L2
  42 0008 1B68     		ldr	r3, [r3]
  43 000a 7B60     		str	r3, [r7, #4]
  56:Generated_Source\PSoC4/ADC_INT.c **** 
  57:Generated_Source\PSoC4/ADC_INT.c ****         /************************************************************************
  58:Generated_Source\PSoC4/ADC_INT.c ****         *  Custom Code
  59:Generated_Source\PSoC4/ADC_INT.c ****         *  - add user ISR code between the following #START and #END tags
  60:Generated_Source\PSoC4/ADC_INT.c ****         *************************************************************************/
  61:Generated_Source\PSoC4/ADC_INT.c ****         /* `#START MAIN_ADC_ISR`  */
  62:Generated_Source\PSoC4/ADC_INT.c **** 
  63:Generated_Source\PSoC4/ADC_INT.c ****         /* `#END`  */
  64:Generated_Source\PSoC4/ADC_INT.c **** 
  65:Generated_Source\PSoC4/ADC_INT.c ****         /* Clear handled interrupt */
  66:Generated_Source\PSoC4/ADC_INT.c ****         ADC_SAR_INTR_REG = intr_status;
  44              		.loc 1 66 0
  45 000c 034B     		ldr	r3, .L2
  46 000e 7A68     		ldr	r2, [r7, #4]
  47 0010 1A60     		str	r2, [r3]
  67:Generated_Source\PSoC4/ADC_INT.c ****     }
ARM GAS  C:\Users\ADMINI~1\AppData\Local\Temp\cc4cxlBz.s 			page 3


  48              		.loc 1 67 0
  49 0012 C046     		nop
  50 0014 BD46     		mov	sp, r7
  51 0016 02B0     		add	sp, sp, #8
  52              		@ sp needed
  53 0018 80BD     		pop	{r7, pc}
  54              	.L3:
  55 001a C046     		.align	2
  56              	.L2:
  57 001c 10023A40 		.word	1077543440
  58              		.cfi_endproc
  59              	.LFE1:
  60              		.size	ADC_ISR, .-ADC_ISR
  61              		.text
  62              	.Letext0:
  63              		.file 2 "Generated_Source\\PSoC4\\cytypes.h"
  64              		.section	.debug_info,"",%progbits
  65              	.Ldebug_info0:
  66 0000 C7000000 		.4byte	0xc7
  67 0004 0400     		.2byte	0x4
  68 0006 00000000 		.4byte	.Ldebug_abbrev0
  69 000a 04       		.byte	0x4
  70 000b 01       		.uleb128 0x1
  71 000c 3E010000 		.4byte	.LASF16
  72 0010 0C       		.byte	0xc
  73 0011 65000000 		.4byte	.LASF17
  74 0015 94000000 		.4byte	.LASF18
  75 0019 00000000 		.4byte	.Ldebug_ranges0+0
  76 001d 00000000 		.4byte	0
  77 0021 00000000 		.4byte	.Ldebug_line0
  78 0025 02       		.uleb128 0x2
  79 0026 01       		.byte	0x1
  80 0027 06       		.byte	0x6
  81 0028 1C010000 		.4byte	.LASF0
  82 002c 02       		.uleb128 0x2
  83 002d 01       		.byte	0x1
  84 002e 08       		.byte	0x8
  85 002f 86000000 		.4byte	.LASF1
  86 0033 02       		.uleb128 0x2
  87 0034 02       		.byte	0x2
  88 0035 05       		.byte	0x5
  89 0036 34010000 		.4byte	.LASF2
  90 003a 02       		.uleb128 0x2
  91 003b 02       		.byte	0x2
  92 003c 07       		.byte	0x7
  93 003d 09010000 		.4byte	.LASF3
  94 0041 02       		.uleb128 0x2
  95 0042 04       		.byte	0x4
  96 0043 05       		.byte	0x5
  97 0044 F3000000 		.4byte	.LASF4
  98 0048 02       		.uleb128 0x2
  99 0049 04       		.byte	0x4
 100 004a 07       		.byte	0x7
 101 004b 2A000000 		.4byte	.LASF5
 102 004f 02       		.uleb128 0x2
 103 0050 08       		.byte	0x8
 104 0051 05       		.byte	0x5
ARM GAS  C:\Users\ADMINI~1\AppData\Local\Temp\cc4cxlBz.s 			page 4


 105 0052 00000000 		.4byte	.LASF6
 106 0056 02       		.uleb128 0x2
 107 0057 08       		.byte	0x8
 108 0058 07       		.byte	0x7
 109 0059 3C000000 		.4byte	.LASF7
 110 005d 03       		.uleb128 0x3
 111 005e 04       		.byte	0x4
 112 005f 05       		.byte	0x5
 113 0060 696E7400 		.ascii	"int\000"
 114 0064 02       		.uleb128 0x2
 115 0065 04       		.byte	0x4
 116 0066 07       		.byte	0x7
 117 0067 15000000 		.4byte	.LASF8
 118 006b 04       		.uleb128 0x4
 119 006c 0E000000 		.4byte	.LASF12
 120 0070 02       		.byte	0x2
 121 0071 C4       		.byte	0xc4
 122 0072 48000000 		.4byte	0x48
 123 0076 02       		.uleb128 0x2
 124 0077 04       		.byte	0x4
 125 0078 04       		.byte	0x4
 126 0079 53000000 		.4byte	.LASF9
 127 007d 02       		.uleb128 0x2
 128 007e 08       		.byte	0x8
 129 007f 04       		.byte	0x4
 130 0080 FC000000 		.4byte	.LASF10
 131 0084 02       		.uleb128 0x2
 132 0085 01       		.byte	0x1
 133 0086 08       		.byte	0x8
 134 0087 EE000000 		.4byte	.LASF11
 135 008b 05       		.uleb128 0x5
 136 008c 03010000 		.4byte	.LASF13
 137 0090 02       		.byte	0x2
 138 0091 6E01     		.2byte	0x16e
 139 0093 97000000 		.4byte	0x97
 140 0097 06       		.uleb128 0x6
 141 0098 6B000000 		.4byte	0x6b
 142 009c 02       		.uleb128 0x2
 143 009d 08       		.byte	0x8
 144 009e 04       		.byte	0x4
 145 009f 28010000 		.4byte	.LASF14
 146 00a3 02       		.uleb128 0x2
 147 00a4 04       		.byte	0x4
 148 00a5 07       		.byte	0x7
 149 00a6 CC010000 		.4byte	.LASF15
 150 00aa 07       		.uleb128 0x7
 151 00ab 22000000 		.4byte	.LASF19
 152 00af 01       		.byte	0x1
 153 00b0 32       		.byte	0x32
 154 00b1 00000000 		.4byte	.LFB1
 155 00b5 20000000 		.4byte	.LFE1-.LFB1
 156 00b9 01       		.uleb128 0x1
 157 00ba 9C       		.byte	0x9c
 158 00bb 08       		.uleb128 0x8
 159 00bc 59000000 		.4byte	.LASF20
 160 00c0 01       		.byte	0x1
 161 00c1 34       		.byte	0x34
ARM GAS  C:\Users\ADMINI~1\AppData\Local\Temp\cc4cxlBz.s 			page 5


 162 00c2 6B000000 		.4byte	0x6b
 163 00c6 02       		.uleb128 0x2
 164 00c7 91       		.byte	0x91
 165 00c8 74       		.sleb128 -12
 166 00c9 00       		.byte	0
 167 00ca 00       		.byte	0
 168              		.section	.debug_abbrev,"",%progbits
 169              	.Ldebug_abbrev0:
 170 0000 01       		.uleb128 0x1
 171 0001 11       		.uleb128 0x11
 172 0002 01       		.byte	0x1
 173 0003 25       		.uleb128 0x25
 174 0004 0E       		.uleb128 0xe
 175 0005 13       		.uleb128 0x13
 176 0006 0B       		.uleb128 0xb
 177 0007 03       		.uleb128 0x3
 178 0008 0E       		.uleb128 0xe
 179 0009 1B       		.uleb128 0x1b
 180 000a 0E       		.uleb128 0xe
 181 000b 55       		.uleb128 0x55
 182 000c 17       		.uleb128 0x17
 183 000d 11       		.uleb128 0x11
 184 000e 01       		.uleb128 0x1
 185 000f 10       		.uleb128 0x10
 186 0010 17       		.uleb128 0x17
 187 0011 00       		.byte	0
 188 0012 00       		.byte	0
 189 0013 02       		.uleb128 0x2
 190 0014 24       		.uleb128 0x24
 191 0015 00       		.byte	0
 192 0016 0B       		.uleb128 0xb
 193 0017 0B       		.uleb128 0xb
 194 0018 3E       		.uleb128 0x3e
 195 0019 0B       		.uleb128 0xb
 196 001a 03       		.uleb128 0x3
 197 001b 0E       		.uleb128 0xe
 198 001c 00       		.byte	0
 199 001d 00       		.byte	0
 200 001e 03       		.uleb128 0x3
 201 001f 24       		.uleb128 0x24
 202 0020 00       		.byte	0
 203 0021 0B       		.uleb128 0xb
 204 0022 0B       		.uleb128 0xb
 205 0023 3E       		.uleb128 0x3e
 206 0024 0B       		.uleb128 0xb
 207 0025 03       		.uleb128 0x3
 208 0026 08       		.uleb128 0x8
 209 0027 00       		.byte	0
 210 0028 00       		.byte	0
 211 0029 04       		.uleb128 0x4
 212 002a 16       		.uleb128 0x16
 213 002b 00       		.byte	0
 214 002c 03       		.uleb128 0x3
 215 002d 0E       		.uleb128 0xe
 216 002e 3A       		.uleb128 0x3a
 217 002f 0B       		.uleb128 0xb
 218 0030 3B       		.uleb128 0x3b
ARM GAS  C:\Users\ADMINI~1\AppData\Local\Temp\cc4cxlBz.s 			page 6


 219 0031 0B       		.uleb128 0xb
 220 0032 49       		.uleb128 0x49
 221 0033 13       		.uleb128 0x13
 222 0034 00       		.byte	0
 223 0035 00       		.byte	0
 224 0036 05       		.uleb128 0x5
 225 0037 16       		.uleb128 0x16
 226 0038 00       		.byte	0
 227 0039 03       		.uleb128 0x3
 228 003a 0E       		.uleb128 0xe
 229 003b 3A       		.uleb128 0x3a
 230 003c 0B       		.uleb128 0xb
 231 003d 3B       		.uleb128 0x3b
 232 003e 05       		.uleb128 0x5
 233 003f 49       		.uleb128 0x49
 234 0040 13       		.uleb128 0x13
 235 0041 00       		.byte	0
 236 0042 00       		.byte	0
 237 0043 06       		.uleb128 0x6
 238 0044 35       		.uleb128 0x35
 239 0045 00       		.byte	0
 240 0046 49       		.uleb128 0x49
 241 0047 13       		.uleb128 0x13
 242 0048 00       		.byte	0
 243 0049 00       		.byte	0
 244 004a 07       		.uleb128 0x7
 245 004b 2E       		.uleb128 0x2e
 246 004c 01       		.byte	0x1
 247 004d 3F       		.uleb128 0x3f
 248 004e 19       		.uleb128 0x19
 249 004f 03       		.uleb128 0x3
 250 0050 0E       		.uleb128 0xe
 251 0051 3A       		.uleb128 0x3a
 252 0052 0B       		.uleb128 0xb
 253 0053 3B       		.uleb128 0x3b
 254 0054 0B       		.uleb128 0xb
 255 0055 27       		.uleb128 0x27
 256 0056 19       		.uleb128 0x19
 257 0057 11       		.uleb128 0x11
 258 0058 01       		.uleb128 0x1
 259 0059 12       		.uleb128 0x12
 260 005a 06       		.uleb128 0x6
 261 005b 40       		.uleb128 0x40
 262 005c 18       		.uleb128 0x18
 263 005d 9742     		.uleb128 0x2117
 264 005f 19       		.uleb128 0x19
 265 0060 00       		.byte	0
 266 0061 00       		.byte	0
 267 0062 08       		.uleb128 0x8
 268 0063 34       		.uleb128 0x34
 269 0064 00       		.byte	0
 270 0065 03       		.uleb128 0x3
 271 0066 0E       		.uleb128 0xe
 272 0067 3A       		.uleb128 0x3a
 273 0068 0B       		.uleb128 0xb
 274 0069 3B       		.uleb128 0x3b
 275 006a 0B       		.uleb128 0xb
ARM GAS  C:\Users\ADMINI~1\AppData\Local\Temp\cc4cxlBz.s 			page 7


 276 006b 49       		.uleb128 0x49
 277 006c 13       		.uleb128 0x13
 278 006d 02       		.uleb128 0x2
 279 006e 18       		.uleb128 0x18
 280 006f 00       		.byte	0
 281 0070 00       		.byte	0
 282 0071 00       		.byte	0
 283              		.section	.debug_aranges,"",%progbits
 284 0000 1C000000 		.4byte	0x1c
 285 0004 0200     		.2byte	0x2
 286 0006 00000000 		.4byte	.Ldebug_info0
 287 000a 04       		.byte	0x4
 288 000b 00       		.byte	0
 289 000c 0000     		.2byte	0
 290 000e 0000     		.2byte	0
 291 0010 00000000 		.4byte	.LFB1
 292 0014 20000000 		.4byte	.LFE1-.LFB1
 293 0018 00000000 		.4byte	0
 294 001c 00000000 		.4byte	0
 295              		.section	.debug_ranges,"",%progbits
 296              	.Ldebug_ranges0:
 297 0000 00000000 		.4byte	.LFB1
 298 0004 20000000 		.4byte	.LFE1
 299 0008 00000000 		.4byte	0
 300 000c 00000000 		.4byte	0
 301              		.section	.debug_line,"",%progbits
 302              	.Ldebug_line0:
 303 0000 5E000000 		.section	.debug_str,"MS",%progbits,1
 303      02004400 
 303      00000201 
 303      FB0E0D00 
 303      01010101 
 304              	.LASF6:
 305 0000 6C6F6E67 		.ascii	"long long int\000"
 305      206C6F6E 
 305      6720696E 
 305      7400
 306              	.LASF12:
 307 000e 75696E74 		.ascii	"uint32\000"
 307      333200
 308              	.LASF8:
 309 0015 756E7369 		.ascii	"unsigned int\000"
 309      676E6564 
 309      20696E74 
 309      00
 310              	.LASF19:
 311 0022 4144435F 		.ascii	"ADC_ISR\000"
 311      49535200 
 312              	.LASF5:
 313 002a 6C6F6E67 		.ascii	"long unsigned int\000"
 313      20756E73 
 313      69676E65 
 313      6420696E 
 313      7400
 314              	.LASF7:
 315 003c 6C6F6E67 		.ascii	"long long unsigned int\000"
 315      206C6F6E 
ARM GAS  C:\Users\ADMINI~1\AppData\Local\Temp\cc4cxlBz.s 			page 8


 315      6720756E 
 315      7369676E 
 315      65642069 
 316              	.LASF9:
 317 0053 666C6F61 		.ascii	"float\000"
 317      7400
 318              	.LASF20:
 319 0059 696E7472 		.ascii	"intr_status\000"
 319      5F737461 
 319      74757300 
 320              	.LASF17:
 321 0065 47656E65 		.ascii	"Generated_Source\\PSoC4\\ADC_INT.c\000"
 321      72617465 
 321      645F536F 
 321      75726365 
 321      5C50536F 
 322              	.LASF1:
 323 0086 756E7369 		.ascii	"unsigned char\000"
 323      676E6564 
 323      20636861 
 323      7200
 324              	.LASF18:
 325 0094 443A5C43 		.ascii	"D:\\CYTEST\\Micrium_CY8CKIT-044_OS2\\Micrium\\Examp"
 325      59544553 
 325      545C4D69 
 325      63726975 
 325      6D5F4359 
 326 00c3 6C65735C 		.ascii	"les\\Cypress\\CY8CKIT-044\\OS2\\PSoC\\OS2.cydsn\000"
 326      43797072 
 326      6573735C 
 326      43593843 
 326      4B49542D 
 327              	.LASF11:
 328 00ee 63686172 		.ascii	"char\000"
 328      00
 329              	.LASF4:
 330 00f3 6C6F6E67 		.ascii	"long int\000"
 330      20696E74 
 330      00
 331              	.LASF10:
 332 00fc 646F7562 		.ascii	"double\000"
 332      6C6500
 333              	.LASF13:
 334 0103 72656733 		.ascii	"reg32\000"
 334      3200
 335              	.LASF3:
 336 0109 73686F72 		.ascii	"short unsigned int\000"
 336      7420756E 
 336      7369676E 
 336      65642069 
 336      6E7400
 337              	.LASF0:
 338 011c 7369676E 		.ascii	"signed char\000"
 338      65642063 
 338      68617200 
 339              	.LASF14:
 340 0128 6C6F6E67 		.ascii	"long double\000"
ARM GAS  C:\Users\ADMINI~1\AppData\Local\Temp\cc4cxlBz.s 			page 9


 340      20646F75 
 340      626C6500 
 341              	.LASF2:
 342 0134 73686F72 		.ascii	"short int\000"
 342      7420696E 
 342      7400
 343              	.LASF16:
 344 013e 474E5520 		.ascii	"GNU C11 5.4.1 20160609 (release) [ARM/embedded-5-br"
 344      43313120 
 344      352E342E 
 344      31203230 
 344      31363036 
 345 0171 616E6368 		.ascii	"anch revision 237715] -mcpu=cortex-m0 -mthumb -g -O"
 345      20726576 
 345      6973696F 
 345      6E203233 
 345      37373135 
 346 01a4 30202D66 		.ascii	"0 -ffunction-sections -ffat-lto-objects\000"
 346      66756E63 
 346      74696F6E 
 346      2D736563 
 346      74696F6E 
 347              	.LASF15:
 348 01cc 73697A65 		.ascii	"sizetype\000"
 348      74797065 
 348      00
 349              		.ident	"GCC: (GNU Tools for ARM Embedded Processors) 5.4.1 20160609 (release) [ARM/embedded-5-bran
