ARM GAS  C:\Users\ADMINI~1\AppData\Local\Temp\cc1aNN5e.s 			page 1


   1              		.syntax unified
   2              		.cpu cortex-m0
   3              		.fpu softvfp
   4              		.eabi_attribute 20, 1
   5              		.eabi_attribute 21, 1
   6              		.eabi_attribute 23, 3
   7              		.eabi_attribute 24, 1
   8              		.eabi_attribute 25, 1
   9              		.eabi_attribute 26, 1
  10              		.eabi_attribute 30, 6
  11              		.eabi_attribute 34, 0
  12              		.eabi_attribute 18, 4
  13              		.thumb
  14              		.syntax unified
  15              		.file	"ADC_IRQ.c"
  16              		.text
  17              	.Ltext0:
  18              		.cfi_sections	.debug_frame
  19              		.section	.text.ADC_IRQ_Start,"ax",%progbits
  20              		.align	2
  21              		.global	ADC_IRQ_Start
  22              		.code	16
  23              		.thumb_func
  24              		.type	ADC_IRQ_Start, %function
  25              	ADC_IRQ_Start:
  26              	.LFB1:
  27              		.file 1 "Generated_Source\\PSoC4\\ADC_IRQ.c"
   1:Generated_Source\PSoC4/ADC_IRQ.c **** /*******************************************************************************
   2:Generated_Source\PSoC4/ADC_IRQ.c **** * File Name: ADC_IRQ.c  
   3:Generated_Source\PSoC4/ADC_IRQ.c **** * Version 1.70
   4:Generated_Source\PSoC4/ADC_IRQ.c **** *
   5:Generated_Source\PSoC4/ADC_IRQ.c **** *  Description:
   6:Generated_Source\PSoC4/ADC_IRQ.c **** *   API for controlling the state of an interrupt.
   7:Generated_Source\PSoC4/ADC_IRQ.c **** *
   8:Generated_Source\PSoC4/ADC_IRQ.c **** *
   9:Generated_Source\PSoC4/ADC_IRQ.c **** *  Note:
  10:Generated_Source\PSoC4/ADC_IRQ.c **** *
  11:Generated_Source\PSoC4/ADC_IRQ.c **** ********************************************************************************
  12:Generated_Source\PSoC4/ADC_IRQ.c **** * Copyright 2008-2015, Cypress Semiconductor Corporation.  All rights reserved.
  13:Generated_Source\PSoC4/ADC_IRQ.c **** * You may use this file only in accordance with the license, terms, conditions, 
  14:Generated_Source\PSoC4/ADC_IRQ.c **** * disclaimers, and limitations in the end user license agreement accompanying 
  15:Generated_Source\PSoC4/ADC_IRQ.c **** * the software package with which this file was provided.
  16:Generated_Source\PSoC4/ADC_IRQ.c **** *******************************************************************************/
  17:Generated_Source\PSoC4/ADC_IRQ.c **** 
  18:Generated_Source\PSoC4/ADC_IRQ.c **** 
  19:Generated_Source\PSoC4/ADC_IRQ.c **** #include <cydevice_trm.h>
  20:Generated_Source\PSoC4/ADC_IRQ.c **** #include <CyLib.h>
  21:Generated_Source\PSoC4/ADC_IRQ.c **** #include <ADC_IRQ.h>
  22:Generated_Source\PSoC4/ADC_IRQ.c **** 
  23:Generated_Source\PSoC4/ADC_IRQ.c **** 
  24:Generated_Source\PSoC4/ADC_IRQ.c **** #if !defined(ADC_IRQ__REMOVED) /* Check for removal by optimization */
  25:Generated_Source\PSoC4/ADC_IRQ.c **** 
  26:Generated_Source\PSoC4/ADC_IRQ.c **** /*******************************************************************************
  27:Generated_Source\PSoC4/ADC_IRQ.c **** *  Place your includes, defines and code here 
  28:Generated_Source\PSoC4/ADC_IRQ.c **** ********************************************************************************/
  29:Generated_Source\PSoC4/ADC_IRQ.c **** /* `#START ADC_IRQ_intc` */
  30:Generated_Source\PSoC4/ADC_IRQ.c **** 
ARM GAS  C:\Users\ADMINI~1\AppData\Local\Temp\cc1aNN5e.s 			page 2


  31:Generated_Source\PSoC4/ADC_IRQ.c **** /* `#END` */
  32:Generated_Source\PSoC4/ADC_IRQ.c **** 
  33:Generated_Source\PSoC4/ADC_IRQ.c **** extern cyisraddress CyRamVectors[CYINT_IRQ_BASE + CY_NUM_INTERRUPTS];
  34:Generated_Source\PSoC4/ADC_IRQ.c **** 
  35:Generated_Source\PSoC4/ADC_IRQ.c **** /* Declared in startup, used to set unused interrupts to. */
  36:Generated_Source\PSoC4/ADC_IRQ.c **** CY_ISR_PROTO(IntDefaultHandler);
  37:Generated_Source\PSoC4/ADC_IRQ.c **** 
  38:Generated_Source\PSoC4/ADC_IRQ.c **** 
  39:Generated_Source\PSoC4/ADC_IRQ.c **** /*******************************************************************************
  40:Generated_Source\PSoC4/ADC_IRQ.c **** * Function Name: ADC_IRQ_Start
  41:Generated_Source\PSoC4/ADC_IRQ.c **** ********************************************************************************
  42:Generated_Source\PSoC4/ADC_IRQ.c **** *
  43:Generated_Source\PSoC4/ADC_IRQ.c **** * Summary:
  44:Generated_Source\PSoC4/ADC_IRQ.c **** *  Set up the interrupt and enable it. This function disables the interrupt, 
  45:Generated_Source\PSoC4/ADC_IRQ.c **** *  sets the default interrupt vector, sets the priority from the value in the
  46:Generated_Source\PSoC4/ADC_IRQ.c **** *  Design Wide Resources Interrupt Editor, then enables the interrupt to the 
  47:Generated_Source\PSoC4/ADC_IRQ.c **** *  interrupt controller.
  48:Generated_Source\PSoC4/ADC_IRQ.c **** *
  49:Generated_Source\PSoC4/ADC_IRQ.c **** * Parameters:  
  50:Generated_Source\PSoC4/ADC_IRQ.c **** *   None
  51:Generated_Source\PSoC4/ADC_IRQ.c **** *
  52:Generated_Source\PSoC4/ADC_IRQ.c **** * Return:
  53:Generated_Source\PSoC4/ADC_IRQ.c **** *   None
  54:Generated_Source\PSoC4/ADC_IRQ.c **** *
  55:Generated_Source\PSoC4/ADC_IRQ.c **** *******************************************************************************/
  56:Generated_Source\PSoC4/ADC_IRQ.c **** void ADC_IRQ_Start(void)
  57:Generated_Source\PSoC4/ADC_IRQ.c **** {
  28              		.loc 1 57 0
  29              		.cfi_startproc
  30              		@ args = 0, pretend = 0, frame = 0
  31              		@ frame_needed = 1, uses_anonymous_args = 0
  32 0000 80B5     		push	{r7, lr}
  33              		.cfi_def_cfa_offset 8
  34              		.cfi_offset 7, -8
  35              		.cfi_offset 14, -4
  36 0002 00AF     		add	r7, sp, #0
  37              		.cfi_def_cfa_register 7
  58:Generated_Source\PSoC4/ADC_IRQ.c ****     /* For all we know the interrupt is active. */
  59:Generated_Source\PSoC4/ADC_IRQ.c ****     ADC_IRQ_Disable();
  38              		.loc 1 59 0
  39 0004 FFF7FEFF 		bl	ADC_IRQ_Disable
  60:Generated_Source\PSoC4/ADC_IRQ.c **** 
  61:Generated_Source\PSoC4/ADC_IRQ.c ****     /* Set the ISR to point to the ADC_IRQ Interrupt. */
  62:Generated_Source\PSoC4/ADC_IRQ.c ****     ADC_IRQ_SetVector(&ADC_IRQ_Interrupt);
  40              		.loc 1 62 0
  41 0008 054B     		ldr	r3, .L2
  42 000a 1800     		movs	r0, r3
  43 000c FFF7FEFF 		bl	ADC_IRQ_SetVector
  63:Generated_Source\PSoC4/ADC_IRQ.c **** 
  64:Generated_Source\PSoC4/ADC_IRQ.c ****     /* Set the priority. */
  65:Generated_Source\PSoC4/ADC_IRQ.c ****     ADC_IRQ_SetPriority((uint8)ADC_IRQ_INTC_PRIOR_NUMBER);
  44              		.loc 1 65 0
  45 0010 0320     		movs	r0, #3
  46 0012 FFF7FEFF 		bl	ADC_IRQ_SetPriority
  66:Generated_Source\PSoC4/ADC_IRQ.c **** 
  67:Generated_Source\PSoC4/ADC_IRQ.c ****     /* Enable it. */
  68:Generated_Source\PSoC4/ADC_IRQ.c ****     ADC_IRQ_Enable();
ARM GAS  C:\Users\ADMINI~1\AppData\Local\Temp\cc1aNN5e.s 			page 3


  47              		.loc 1 68 0
  48 0016 FFF7FEFF 		bl	ADC_IRQ_Enable
  69:Generated_Source\PSoC4/ADC_IRQ.c **** }
  49              		.loc 1 69 0
  50 001a C046     		nop
  51 001c BD46     		mov	sp, r7
  52              		@ sp needed
  53 001e 80BD     		pop	{r7, pc}
  54              	.L3:
  55              		.align	2
  56              	.L2:
  57 0020 00000000 		.word	ADC_IRQ_Interrupt
  58              		.cfi_endproc
  59              	.LFE1:
  60              		.size	ADC_IRQ_Start, .-ADC_IRQ_Start
  61              		.section	.text.ADC_IRQ_StartEx,"ax",%progbits
  62              		.align	2
  63              		.global	ADC_IRQ_StartEx
  64              		.code	16
  65              		.thumb_func
  66              		.type	ADC_IRQ_StartEx, %function
  67              	ADC_IRQ_StartEx:
  68              	.LFB2:
  70:Generated_Source\PSoC4/ADC_IRQ.c **** 
  71:Generated_Source\PSoC4/ADC_IRQ.c **** 
  72:Generated_Source\PSoC4/ADC_IRQ.c **** /*******************************************************************************
  73:Generated_Source\PSoC4/ADC_IRQ.c **** * Function Name: ADC_IRQ_StartEx
  74:Generated_Source\PSoC4/ADC_IRQ.c **** ********************************************************************************
  75:Generated_Source\PSoC4/ADC_IRQ.c **** *
  76:Generated_Source\PSoC4/ADC_IRQ.c **** * Summary:
  77:Generated_Source\PSoC4/ADC_IRQ.c **** *  Sets up the interrupt and enables it. This function disables the interrupt,
  78:Generated_Source\PSoC4/ADC_IRQ.c **** *  sets the interrupt vector based on the address passed in, sets the priority 
  79:Generated_Source\PSoC4/ADC_IRQ.c **** *  from the value in the Design Wide Resources Interrupt Editor, then enables 
  80:Generated_Source\PSoC4/ADC_IRQ.c **** *  the interrupt to the interrupt controller.
  81:Generated_Source\PSoC4/ADC_IRQ.c **** *  
  82:Generated_Source\PSoC4/ADC_IRQ.c **** *  When defining ISR functions, the CY_ISR and CY_ISR_PROTO macros should be 
  83:Generated_Source\PSoC4/ADC_IRQ.c **** *  used to provide consistent definition across compilers:
  84:Generated_Source\PSoC4/ADC_IRQ.c **** *  
  85:Generated_Source\PSoC4/ADC_IRQ.c **** *  Function definition example:
  86:Generated_Source\PSoC4/ADC_IRQ.c **** *   CY_ISR(MyISR)
  87:Generated_Source\PSoC4/ADC_IRQ.c **** *   {
  88:Generated_Source\PSoC4/ADC_IRQ.c **** *   }
  89:Generated_Source\PSoC4/ADC_IRQ.c **** *   Function prototype example:
  90:Generated_Source\PSoC4/ADC_IRQ.c **** *   CY_ISR_PROTO(MyISR);
  91:Generated_Source\PSoC4/ADC_IRQ.c **** *
  92:Generated_Source\PSoC4/ADC_IRQ.c **** * Parameters:  
  93:Generated_Source\PSoC4/ADC_IRQ.c **** *   address: Address of the ISR to set in the interrupt vector table.
  94:Generated_Source\PSoC4/ADC_IRQ.c **** *
  95:Generated_Source\PSoC4/ADC_IRQ.c **** * Return:
  96:Generated_Source\PSoC4/ADC_IRQ.c **** *   None
  97:Generated_Source\PSoC4/ADC_IRQ.c **** *
  98:Generated_Source\PSoC4/ADC_IRQ.c **** *******************************************************************************/
  99:Generated_Source\PSoC4/ADC_IRQ.c **** void ADC_IRQ_StartEx(cyisraddress address)
 100:Generated_Source\PSoC4/ADC_IRQ.c **** {
  69              		.loc 1 100 0
  70              		.cfi_startproc
  71              		@ args = 0, pretend = 0, frame = 8
ARM GAS  C:\Users\ADMINI~1\AppData\Local\Temp\cc1aNN5e.s 			page 4


  72              		@ frame_needed = 1, uses_anonymous_args = 0
  73 0000 80B5     		push	{r7, lr}
  74              		.cfi_def_cfa_offset 8
  75              		.cfi_offset 7, -8
  76              		.cfi_offset 14, -4
  77 0002 82B0     		sub	sp, sp, #8
  78              		.cfi_def_cfa_offset 16
  79 0004 00AF     		add	r7, sp, #0
  80              		.cfi_def_cfa_register 7
  81 0006 7860     		str	r0, [r7, #4]
 101:Generated_Source\PSoC4/ADC_IRQ.c ****     /* For all we know the interrupt is active. */
 102:Generated_Source\PSoC4/ADC_IRQ.c ****     ADC_IRQ_Disable();
  82              		.loc 1 102 0
  83 0008 FFF7FEFF 		bl	ADC_IRQ_Disable
 103:Generated_Source\PSoC4/ADC_IRQ.c **** 
 104:Generated_Source\PSoC4/ADC_IRQ.c ****     /* Set the ISR to point to the ADC_IRQ Interrupt. */
 105:Generated_Source\PSoC4/ADC_IRQ.c ****     ADC_IRQ_SetVector(address);
  84              		.loc 1 105 0
  85 000c 7B68     		ldr	r3, [r7, #4]
  86 000e 1800     		movs	r0, r3
  87 0010 FFF7FEFF 		bl	ADC_IRQ_SetVector
 106:Generated_Source\PSoC4/ADC_IRQ.c **** 
 107:Generated_Source\PSoC4/ADC_IRQ.c ****     /* Set the priority. */
 108:Generated_Source\PSoC4/ADC_IRQ.c ****     ADC_IRQ_SetPriority((uint8)ADC_IRQ_INTC_PRIOR_NUMBER);
  88              		.loc 1 108 0
  89 0014 0320     		movs	r0, #3
  90 0016 FFF7FEFF 		bl	ADC_IRQ_SetPriority
 109:Generated_Source\PSoC4/ADC_IRQ.c **** 
 110:Generated_Source\PSoC4/ADC_IRQ.c ****     /* Enable it. */
 111:Generated_Source\PSoC4/ADC_IRQ.c ****     ADC_IRQ_Enable();
  91              		.loc 1 111 0
  92 001a FFF7FEFF 		bl	ADC_IRQ_Enable
 112:Generated_Source\PSoC4/ADC_IRQ.c **** }
  93              		.loc 1 112 0
  94 001e C046     		nop
  95 0020 BD46     		mov	sp, r7
  96 0022 02B0     		add	sp, sp, #8
  97              		@ sp needed
  98 0024 80BD     		pop	{r7, pc}
  99              		.cfi_endproc
 100              	.LFE2:
 101              		.size	ADC_IRQ_StartEx, .-ADC_IRQ_StartEx
 102 0026 C046     		.section	.text.ADC_IRQ_Stop,"ax",%progbits
 103              		.align	2
 104              		.global	ADC_IRQ_Stop
 105              		.code	16
 106              		.thumb_func
 107              		.type	ADC_IRQ_Stop, %function
 108              	ADC_IRQ_Stop:
 109              	.LFB3:
 113:Generated_Source\PSoC4/ADC_IRQ.c **** 
 114:Generated_Source\PSoC4/ADC_IRQ.c **** 
 115:Generated_Source\PSoC4/ADC_IRQ.c **** /*******************************************************************************
 116:Generated_Source\PSoC4/ADC_IRQ.c **** * Function Name: ADC_IRQ_Stop
 117:Generated_Source\PSoC4/ADC_IRQ.c **** ********************************************************************************
 118:Generated_Source\PSoC4/ADC_IRQ.c **** *
 119:Generated_Source\PSoC4/ADC_IRQ.c **** * Summary:
ARM GAS  C:\Users\ADMINI~1\AppData\Local\Temp\cc1aNN5e.s 			page 5


 120:Generated_Source\PSoC4/ADC_IRQ.c **** *   Disables and removes the interrupt.
 121:Generated_Source\PSoC4/ADC_IRQ.c **** *
 122:Generated_Source\PSoC4/ADC_IRQ.c **** * Parameters:  
 123:Generated_Source\PSoC4/ADC_IRQ.c **** *   None
 124:Generated_Source\PSoC4/ADC_IRQ.c **** *
 125:Generated_Source\PSoC4/ADC_IRQ.c **** * Return:
 126:Generated_Source\PSoC4/ADC_IRQ.c **** *   None
 127:Generated_Source\PSoC4/ADC_IRQ.c **** *
 128:Generated_Source\PSoC4/ADC_IRQ.c **** *******************************************************************************/
 129:Generated_Source\PSoC4/ADC_IRQ.c **** void ADC_IRQ_Stop(void)
 130:Generated_Source\PSoC4/ADC_IRQ.c **** {
 110              		.loc 1 130 0
 111              		.cfi_startproc
 112              		@ args = 0, pretend = 0, frame = 0
 113              		@ frame_needed = 1, uses_anonymous_args = 0
 114 0000 80B5     		push	{r7, lr}
 115              		.cfi_def_cfa_offset 8
 116              		.cfi_offset 7, -8
 117              		.cfi_offset 14, -4
 118 0002 00AF     		add	r7, sp, #0
 119              		.cfi_def_cfa_register 7
 131:Generated_Source\PSoC4/ADC_IRQ.c ****     /* Disable this interrupt. */
 132:Generated_Source\PSoC4/ADC_IRQ.c ****     ADC_IRQ_Disable();
 120              		.loc 1 132 0
 121 0004 FFF7FEFF 		bl	ADC_IRQ_Disable
 133:Generated_Source\PSoC4/ADC_IRQ.c **** 
 134:Generated_Source\PSoC4/ADC_IRQ.c ****     /* Set the ISR to point to the passive one. */
 135:Generated_Source\PSoC4/ADC_IRQ.c ****     ADC_IRQ_SetVector(&IntDefaultHandler);
 122              		.loc 1 135 0
 123 0008 034B     		ldr	r3, .L6
 124 000a 1800     		movs	r0, r3
 125 000c FFF7FEFF 		bl	ADC_IRQ_SetVector
 136:Generated_Source\PSoC4/ADC_IRQ.c **** }
 126              		.loc 1 136 0
 127 0010 C046     		nop
 128 0012 BD46     		mov	sp, r7
 129              		@ sp needed
 130 0014 80BD     		pop	{r7, pc}
 131              	.L7:
 132 0016 C046     		.align	2
 133              	.L6:
 134 0018 00000000 		.word	IntDefaultHandler
 135              		.cfi_endproc
 136              	.LFE3:
 137              		.size	ADC_IRQ_Stop, .-ADC_IRQ_Stop
 138              		.section	.text.ADC_IRQ_Interrupt,"ax",%progbits
 139              		.align	2
 140              		.global	ADC_IRQ_Interrupt
 141              		.code	16
 142              		.thumb_func
 143              		.type	ADC_IRQ_Interrupt, %function
 144              	ADC_IRQ_Interrupt:
 145              	.LFB4:
 137:Generated_Source\PSoC4/ADC_IRQ.c **** 
 138:Generated_Source\PSoC4/ADC_IRQ.c **** 
 139:Generated_Source\PSoC4/ADC_IRQ.c **** /*******************************************************************************
 140:Generated_Source\PSoC4/ADC_IRQ.c **** * Function Name: ADC_IRQ_Interrupt
ARM GAS  C:\Users\ADMINI~1\AppData\Local\Temp\cc1aNN5e.s 			page 6


 141:Generated_Source\PSoC4/ADC_IRQ.c **** ********************************************************************************
 142:Generated_Source\PSoC4/ADC_IRQ.c **** *
 143:Generated_Source\PSoC4/ADC_IRQ.c **** * Summary:
 144:Generated_Source\PSoC4/ADC_IRQ.c **** *   The default Interrupt Service Routine for ADC_IRQ.
 145:Generated_Source\PSoC4/ADC_IRQ.c **** *
 146:Generated_Source\PSoC4/ADC_IRQ.c **** *   Add custom code between the START and END comments to keep the next version
 147:Generated_Source\PSoC4/ADC_IRQ.c **** *   of this file from over-writing your code.
 148:Generated_Source\PSoC4/ADC_IRQ.c **** *
 149:Generated_Source\PSoC4/ADC_IRQ.c **** *   Note You may use either the default ISR by using this API, or you may define
 150:Generated_Source\PSoC4/ADC_IRQ.c **** *   your own separate ISR through ISR_StartEx().
 151:Generated_Source\PSoC4/ADC_IRQ.c **** *
 152:Generated_Source\PSoC4/ADC_IRQ.c **** * Parameters:  
 153:Generated_Source\PSoC4/ADC_IRQ.c **** *   None
 154:Generated_Source\PSoC4/ADC_IRQ.c **** *
 155:Generated_Source\PSoC4/ADC_IRQ.c **** * Return:
 156:Generated_Source\PSoC4/ADC_IRQ.c **** *   None
 157:Generated_Source\PSoC4/ADC_IRQ.c **** *
 158:Generated_Source\PSoC4/ADC_IRQ.c **** *******************************************************************************/
 159:Generated_Source\PSoC4/ADC_IRQ.c **** CY_ISR(ADC_IRQ_Interrupt)
 160:Generated_Source\PSoC4/ADC_IRQ.c **** {
 146              		.loc 1 160 0
 147              		.cfi_startproc
 148              		@ args = 0, pretend = 0, frame = 0
 149              		@ frame_needed = 1, uses_anonymous_args = 0
 150 0000 80B5     		push	{r7, lr}
 151              		.cfi_def_cfa_offset 8
 152              		.cfi_offset 7, -8
 153              		.cfi_offset 14, -4
 154 0002 00AF     		add	r7, sp, #0
 155              		.cfi_def_cfa_register 7
 161:Generated_Source\PSoC4/ADC_IRQ.c ****     #ifdef ADC_IRQ_INTERRUPT_INTERRUPT_CALLBACK
 162:Generated_Source\PSoC4/ADC_IRQ.c ****         ADC_IRQ_Interrupt_InterruptCallback();
 163:Generated_Source\PSoC4/ADC_IRQ.c ****     #endif /* ADC_IRQ_INTERRUPT_INTERRUPT_CALLBACK */ 
 164:Generated_Source\PSoC4/ADC_IRQ.c **** 
 165:Generated_Source\PSoC4/ADC_IRQ.c ****     /*  Place your Interrupt code here. */
 166:Generated_Source\PSoC4/ADC_IRQ.c ****     /* `#START ADC_IRQ_Interrupt` */
 167:Generated_Source\PSoC4/ADC_IRQ.c **** 
 168:Generated_Source\PSoC4/ADC_IRQ.c ****     /* `#END` */
 169:Generated_Source\PSoC4/ADC_IRQ.c **** }
 156              		.loc 1 169 0
 157 0004 C046     		nop
 158 0006 BD46     		mov	sp, r7
 159              		@ sp needed
 160 0008 80BD     		pop	{r7, pc}
 161              		.cfi_endproc
 162              	.LFE4:
 163              		.size	ADC_IRQ_Interrupt, .-ADC_IRQ_Interrupt
 164              		.section	.text.ADC_IRQ_SetVector,"ax",%progbits
 165              		.align	2
 166              		.global	ADC_IRQ_SetVector
 167              		.code	16
 168              		.thumb_func
 169              		.type	ADC_IRQ_SetVector, %function
 170              	ADC_IRQ_SetVector:
 171              	.LFB5:
 170:Generated_Source\PSoC4/ADC_IRQ.c **** 
 171:Generated_Source\PSoC4/ADC_IRQ.c **** 
ARM GAS  C:\Users\ADMINI~1\AppData\Local\Temp\cc1aNN5e.s 			page 7


 172:Generated_Source\PSoC4/ADC_IRQ.c **** /*******************************************************************************
 173:Generated_Source\PSoC4/ADC_IRQ.c **** * Function Name: ADC_IRQ_SetVector
 174:Generated_Source\PSoC4/ADC_IRQ.c **** ********************************************************************************
 175:Generated_Source\PSoC4/ADC_IRQ.c **** *
 176:Generated_Source\PSoC4/ADC_IRQ.c **** * Summary:
 177:Generated_Source\PSoC4/ADC_IRQ.c **** *   Change the ISR vector for the Interrupt. Note calling ADC_IRQ_Start
 178:Generated_Source\PSoC4/ADC_IRQ.c **** *   will override any effect this method would have had. To set the vector 
 179:Generated_Source\PSoC4/ADC_IRQ.c **** *   before the component has been started use ADC_IRQ_StartEx instead.
 180:Generated_Source\PSoC4/ADC_IRQ.c **** * 
 181:Generated_Source\PSoC4/ADC_IRQ.c **** *   When defining ISR functions, the CY_ISR and CY_ISR_PROTO macros should be 
 182:Generated_Source\PSoC4/ADC_IRQ.c **** *   used to provide consistent definition across compilers:
 183:Generated_Source\PSoC4/ADC_IRQ.c **** *
 184:Generated_Source\PSoC4/ADC_IRQ.c **** *   Function definition example:
 185:Generated_Source\PSoC4/ADC_IRQ.c **** *   CY_ISR(MyISR)
 186:Generated_Source\PSoC4/ADC_IRQ.c **** *   {
 187:Generated_Source\PSoC4/ADC_IRQ.c **** *   }
 188:Generated_Source\PSoC4/ADC_IRQ.c **** *
 189:Generated_Source\PSoC4/ADC_IRQ.c **** *   Function prototype example:
 190:Generated_Source\PSoC4/ADC_IRQ.c **** *     CY_ISR_PROTO(MyISR);
 191:Generated_Source\PSoC4/ADC_IRQ.c **** *
 192:Generated_Source\PSoC4/ADC_IRQ.c **** * Parameters:
 193:Generated_Source\PSoC4/ADC_IRQ.c **** *   address: Address of the ISR to set in the interrupt vector table.
 194:Generated_Source\PSoC4/ADC_IRQ.c **** *
 195:Generated_Source\PSoC4/ADC_IRQ.c **** * Return:
 196:Generated_Source\PSoC4/ADC_IRQ.c **** *   None
 197:Generated_Source\PSoC4/ADC_IRQ.c **** *
 198:Generated_Source\PSoC4/ADC_IRQ.c **** *******************************************************************************/
 199:Generated_Source\PSoC4/ADC_IRQ.c **** void ADC_IRQ_SetVector(cyisraddress address)
 200:Generated_Source\PSoC4/ADC_IRQ.c **** {
 172              		.loc 1 200 0
 173              		.cfi_startproc
 174              		@ args = 0, pretend = 0, frame = 8
 175              		@ frame_needed = 1, uses_anonymous_args = 0
 176 0000 80B5     		push	{r7, lr}
 177              		.cfi_def_cfa_offset 8
 178              		.cfi_offset 7, -8
 179              		.cfi_offset 14, -4
 180 0002 82B0     		sub	sp, sp, #8
 181              		.cfi_def_cfa_offset 16
 182 0004 00AF     		add	r7, sp, #0
 183              		.cfi_def_cfa_register 7
 184 0006 7860     		str	r0, [r7, #4]
 201:Generated_Source\PSoC4/ADC_IRQ.c ****     CyRamVectors[CYINT_IRQ_BASE + ADC_IRQ__INTC_NUMBER] = address;
 185              		.loc 1 201 0
 186 0008 034B     		ldr	r3, .L10
 187 000a 8021     		movs	r1, #128
 188 000c 7A68     		ldr	r2, [r7, #4]
 189 000e 5A50     		str	r2, [r3, r1]
 202:Generated_Source\PSoC4/ADC_IRQ.c **** }
 190              		.loc 1 202 0
 191 0010 C046     		nop
 192 0012 BD46     		mov	sp, r7
 193 0014 02B0     		add	sp, sp, #8
 194              		@ sp needed
 195 0016 80BD     		pop	{r7, pc}
 196              	.L11:
 197              		.align	2
ARM GAS  C:\Users\ADMINI~1\AppData\Local\Temp\cc1aNN5e.s 			page 8


 198              	.L10:
 199 0018 00000000 		.word	CyRamVectors
 200              		.cfi_endproc
 201              	.LFE5:
 202              		.size	ADC_IRQ_SetVector, .-ADC_IRQ_SetVector
 203              		.section	.text.ADC_IRQ_GetVector,"ax",%progbits
 204              		.align	2
 205              		.global	ADC_IRQ_GetVector
 206              		.code	16
 207              		.thumb_func
 208              		.type	ADC_IRQ_GetVector, %function
 209              	ADC_IRQ_GetVector:
 210              	.LFB6:
 203:Generated_Source\PSoC4/ADC_IRQ.c **** 
 204:Generated_Source\PSoC4/ADC_IRQ.c **** 
 205:Generated_Source\PSoC4/ADC_IRQ.c **** /*******************************************************************************
 206:Generated_Source\PSoC4/ADC_IRQ.c **** * Function Name: ADC_IRQ_GetVector
 207:Generated_Source\PSoC4/ADC_IRQ.c **** ********************************************************************************
 208:Generated_Source\PSoC4/ADC_IRQ.c **** *
 209:Generated_Source\PSoC4/ADC_IRQ.c **** * Summary:
 210:Generated_Source\PSoC4/ADC_IRQ.c **** *   Gets the "address" of the current ISR vector for the Interrupt.
 211:Generated_Source\PSoC4/ADC_IRQ.c **** *
 212:Generated_Source\PSoC4/ADC_IRQ.c **** * Parameters:
 213:Generated_Source\PSoC4/ADC_IRQ.c **** *   None
 214:Generated_Source\PSoC4/ADC_IRQ.c **** *
 215:Generated_Source\PSoC4/ADC_IRQ.c **** * Return:
 216:Generated_Source\PSoC4/ADC_IRQ.c **** *   Address of the ISR in the interrupt vector table.
 217:Generated_Source\PSoC4/ADC_IRQ.c **** *
 218:Generated_Source\PSoC4/ADC_IRQ.c **** *******************************************************************************/
 219:Generated_Source\PSoC4/ADC_IRQ.c **** cyisraddress ADC_IRQ_GetVector(void)
 220:Generated_Source\PSoC4/ADC_IRQ.c **** {
 211              		.loc 1 220 0
 212              		.cfi_startproc
 213              		@ args = 0, pretend = 0, frame = 0
 214              		@ frame_needed = 1, uses_anonymous_args = 0
 215 0000 80B5     		push	{r7, lr}
 216              		.cfi_def_cfa_offset 8
 217              		.cfi_offset 7, -8
 218              		.cfi_offset 14, -4
 219 0002 00AF     		add	r7, sp, #0
 220              		.cfi_def_cfa_register 7
 221:Generated_Source\PSoC4/ADC_IRQ.c ****     return CyRamVectors[CYINT_IRQ_BASE + ADC_IRQ__INTC_NUMBER];
 221              		.loc 1 221 0
 222 0004 024B     		ldr	r3, .L14
 223 0006 8022     		movs	r2, #128
 224 0008 9B58     		ldr	r3, [r3, r2]
 222:Generated_Source\PSoC4/ADC_IRQ.c **** }
 225              		.loc 1 222 0
 226 000a 1800     		movs	r0, r3
 227 000c BD46     		mov	sp, r7
 228              		@ sp needed
 229 000e 80BD     		pop	{r7, pc}
 230              	.L15:
 231              		.align	2
 232              	.L14:
 233 0010 00000000 		.word	CyRamVectors
 234              		.cfi_endproc
ARM GAS  C:\Users\ADMINI~1\AppData\Local\Temp\cc1aNN5e.s 			page 9


 235              	.LFE6:
 236              		.size	ADC_IRQ_GetVector, .-ADC_IRQ_GetVector
 237              		.section	.text.ADC_IRQ_SetPriority,"ax",%progbits
 238              		.align	2
 239              		.global	ADC_IRQ_SetPriority
 240              		.code	16
 241              		.thumb_func
 242              		.type	ADC_IRQ_SetPriority, %function
 243              	ADC_IRQ_SetPriority:
 244              	.LFB7:
 223:Generated_Source\PSoC4/ADC_IRQ.c **** 
 224:Generated_Source\PSoC4/ADC_IRQ.c **** 
 225:Generated_Source\PSoC4/ADC_IRQ.c **** /*******************************************************************************
 226:Generated_Source\PSoC4/ADC_IRQ.c **** * Function Name: ADC_IRQ_SetPriority
 227:Generated_Source\PSoC4/ADC_IRQ.c **** ********************************************************************************
 228:Generated_Source\PSoC4/ADC_IRQ.c **** *
 229:Generated_Source\PSoC4/ADC_IRQ.c **** * Summary:
 230:Generated_Source\PSoC4/ADC_IRQ.c **** *   Sets the Priority of the Interrupt. 
 231:Generated_Source\PSoC4/ADC_IRQ.c **** *
 232:Generated_Source\PSoC4/ADC_IRQ.c **** *   Note calling ADC_IRQ_Start or ADC_IRQ_StartEx will 
 233:Generated_Source\PSoC4/ADC_IRQ.c **** *   override any effect this API would have had. This API should only be called
 234:Generated_Source\PSoC4/ADC_IRQ.c **** *   after ADC_IRQ_Start or ADC_IRQ_StartEx has been called. 
 235:Generated_Source\PSoC4/ADC_IRQ.c **** *   To set the initial priority for the component, use the Design-Wide Resources
 236:Generated_Source\PSoC4/ADC_IRQ.c **** *   Interrupt Editor.
 237:Generated_Source\PSoC4/ADC_IRQ.c **** *
 238:Generated_Source\PSoC4/ADC_IRQ.c **** *   Note This API has no effect on Non-maskable interrupt NMI).
 239:Generated_Source\PSoC4/ADC_IRQ.c **** *
 240:Generated_Source\PSoC4/ADC_IRQ.c **** * Parameters:
 241:Generated_Source\PSoC4/ADC_IRQ.c **** *   priority: Priority of the interrupt, 0 being the highest priority
 242:Generated_Source\PSoC4/ADC_IRQ.c **** *             PSoC 3 and PSoC 5LP: Priority is from 0 to 7.
 243:Generated_Source\PSoC4/ADC_IRQ.c **** *             PSoC 4: Priority is from 0 to 3.
 244:Generated_Source\PSoC4/ADC_IRQ.c **** *
 245:Generated_Source\PSoC4/ADC_IRQ.c **** * Return:
 246:Generated_Source\PSoC4/ADC_IRQ.c **** *   None
 247:Generated_Source\PSoC4/ADC_IRQ.c **** *
 248:Generated_Source\PSoC4/ADC_IRQ.c **** *******************************************************************************/
 249:Generated_Source\PSoC4/ADC_IRQ.c **** void ADC_IRQ_SetPriority(uint8 priority)
 250:Generated_Source\PSoC4/ADC_IRQ.c **** {
 245              		.loc 1 250 0
 246              		.cfi_startproc
 247              		@ args = 0, pretend = 0, frame = 16
 248              		@ frame_needed = 1, uses_anonymous_args = 0
 249 0000 90B5     		push	{r4, r7, lr}
 250              		.cfi_def_cfa_offset 12
 251              		.cfi_offset 4, -12
 252              		.cfi_offset 7, -8
 253              		.cfi_offset 14, -4
 254 0002 85B0     		sub	sp, sp, #20
 255              		.cfi_def_cfa_offset 32
 256 0004 00AF     		add	r7, sp, #0
 257              		.cfi_def_cfa_register 7
 258 0006 0200     		movs	r2, r0
 259 0008 FB1D     		adds	r3, r7, #7
 260 000a 1A70     		strb	r2, [r3]
 251:Generated_Source\PSoC4/ADC_IRQ.c **** 	uint8 interruptState;
 252:Generated_Source\PSoC4/ADC_IRQ.c ****     uint32 priorityOffset = ((ADC_IRQ__INTC_NUMBER % 4u) * 8u) + 6u;
 261              		.loc 1 252 0
ARM GAS  C:\Users\ADMINI~1\AppData\Local\Temp\cc1aNN5e.s 			page 10


 262 000c 0623     		movs	r3, #6
 263 000e FB60     		str	r3, [r7, #12]
 253:Generated_Source\PSoC4/ADC_IRQ.c ****     
 254:Generated_Source\PSoC4/ADC_IRQ.c **** 	interruptState = CyEnterCriticalSection();
 264              		.loc 1 254 0
 265 0010 0B23     		movs	r3, #11
 266 0012 FC18     		adds	r4, r7, r3
 267 0014 FFF7FEFF 		bl	CyEnterCriticalSection
 268 0018 0300     		movs	r3, r0
 269 001a 2370     		strb	r3, [r4]
 255:Generated_Source\PSoC4/ADC_IRQ.c ****     *ADC_IRQ_INTC_PRIOR = (*ADC_IRQ_INTC_PRIOR & (uint32)(~ADC_IRQ__INTC_PRIOR_MASK)) |
 270              		.loc 1 255 0
 271 001c 0B4B     		ldr	r3, .L17
 272 001e 0B4A     		ldr	r2, .L17
 273 0020 1268     		ldr	r2, [r2]
 274 0022 C021     		movs	r1, #192
 275 0024 8A43     		bics	r2, r1
 276 0026 1100     		movs	r1, r2
 256:Generated_Source\PSoC4/ADC_IRQ.c ****                                     ((uint32)priority << priorityOffset);
 277              		.loc 1 256 0
 278 0028 FA1D     		adds	r2, r7, #7
 279 002a 1078     		ldrb	r0, [r2]
 280 002c FA68     		ldr	r2, [r7, #12]
 281 002e 9040     		lsls	r0, r0, r2
 282 0030 0200     		movs	r2, r0
 255:Generated_Source\PSoC4/ADC_IRQ.c ****     *ADC_IRQ_INTC_PRIOR = (*ADC_IRQ_INTC_PRIOR & (uint32)(~ADC_IRQ__INTC_PRIOR_MASK)) |
 283              		.loc 1 255 0
 284 0032 0A43     		orrs	r2, r1
 285 0034 1A60     		str	r2, [r3]
 257:Generated_Source\PSoC4/ADC_IRQ.c **** 	CyExitCriticalSection(interruptState);
 286              		.loc 1 257 0
 287 0036 0B23     		movs	r3, #11
 288 0038 FB18     		adds	r3, r7, r3
 289 003a 1B78     		ldrb	r3, [r3]
 290 003c 1800     		movs	r0, r3
 291 003e FFF7FEFF 		bl	CyExitCriticalSection
 258:Generated_Source\PSoC4/ADC_IRQ.c **** }
 292              		.loc 1 258 0
 293 0042 C046     		nop
 294 0044 BD46     		mov	sp, r7
 295 0046 05B0     		add	sp, sp, #20
 296              		@ sp needed
 297 0048 90BD     		pop	{r4, r7, pc}
 298              	.L18:
 299 004a C046     		.align	2
 300              	.L17:
 301 004c 10E400E0 		.word	-536812528
 302              		.cfi_endproc
 303              	.LFE7:
 304              		.size	ADC_IRQ_SetPriority, .-ADC_IRQ_SetPriority
 305              		.section	.text.ADC_IRQ_GetPriority,"ax",%progbits
 306              		.align	2
 307              		.global	ADC_IRQ_GetPriority
 308              		.code	16
 309              		.thumb_func
 310              		.type	ADC_IRQ_GetPriority, %function
 311              	ADC_IRQ_GetPriority:
ARM GAS  C:\Users\ADMINI~1\AppData\Local\Temp\cc1aNN5e.s 			page 11


 312              	.LFB8:
 259:Generated_Source\PSoC4/ADC_IRQ.c **** 
 260:Generated_Source\PSoC4/ADC_IRQ.c **** 
 261:Generated_Source\PSoC4/ADC_IRQ.c **** /*******************************************************************************
 262:Generated_Source\PSoC4/ADC_IRQ.c **** * Function Name: ADC_IRQ_GetPriority
 263:Generated_Source\PSoC4/ADC_IRQ.c **** ********************************************************************************
 264:Generated_Source\PSoC4/ADC_IRQ.c **** *
 265:Generated_Source\PSoC4/ADC_IRQ.c **** * Summary:
 266:Generated_Source\PSoC4/ADC_IRQ.c **** *   Gets the Priority of the Interrupt.
 267:Generated_Source\PSoC4/ADC_IRQ.c **** *
 268:Generated_Source\PSoC4/ADC_IRQ.c **** * Parameters:
 269:Generated_Source\PSoC4/ADC_IRQ.c **** *   None
 270:Generated_Source\PSoC4/ADC_IRQ.c **** *
 271:Generated_Source\PSoC4/ADC_IRQ.c **** * Return:
 272:Generated_Source\PSoC4/ADC_IRQ.c **** *   Priority of the interrupt, 0 being the highest priority
 273:Generated_Source\PSoC4/ADC_IRQ.c **** *    PSoC 3 and PSoC 5LP: Priority is from 0 to 7.
 274:Generated_Source\PSoC4/ADC_IRQ.c **** *    PSoC 4: Priority is from 0 to 3.
 275:Generated_Source\PSoC4/ADC_IRQ.c **** *
 276:Generated_Source\PSoC4/ADC_IRQ.c **** *******************************************************************************/
 277:Generated_Source\PSoC4/ADC_IRQ.c **** uint8 ADC_IRQ_GetPriority(void)
 278:Generated_Source\PSoC4/ADC_IRQ.c **** {
 313              		.loc 1 278 0
 314              		.cfi_startproc
 315              		@ args = 0, pretend = 0, frame = 8
 316              		@ frame_needed = 1, uses_anonymous_args = 0
 317 0000 80B5     		push	{r7, lr}
 318              		.cfi_def_cfa_offset 8
 319              		.cfi_offset 7, -8
 320              		.cfi_offset 14, -4
 321 0002 82B0     		sub	sp, sp, #8
 322              		.cfi_def_cfa_offset 16
 323 0004 00AF     		add	r7, sp, #0
 324              		.cfi_def_cfa_register 7
 279:Generated_Source\PSoC4/ADC_IRQ.c ****     uint32 priority;
 280:Generated_Source\PSoC4/ADC_IRQ.c **** 	uint32 priorityOffset = ((ADC_IRQ__INTC_NUMBER % 4u) * 8u) + 6u;
 325              		.loc 1 280 0
 326 0006 0623     		movs	r3, #6
 327 0008 7B60     		str	r3, [r7, #4]
 281:Generated_Source\PSoC4/ADC_IRQ.c **** 
 282:Generated_Source\PSoC4/ADC_IRQ.c ****     priority = (*ADC_IRQ_INTC_PRIOR & ADC_IRQ__INTC_PRIOR_MASK) >> priorityOffset;
 328              		.loc 1 282 0
 329 000a 074B     		ldr	r3, .L21
 330 000c 1B68     		ldr	r3, [r3]
 331 000e C022     		movs	r2, #192
 332 0010 1A40     		ands	r2, r3
 333 0012 7B68     		ldr	r3, [r7, #4]
 334 0014 DA40     		lsrs	r2, r2, r3
 335 0016 1300     		movs	r3, r2
 336 0018 3B60     		str	r3, [r7]
 283:Generated_Source\PSoC4/ADC_IRQ.c **** 
 284:Generated_Source\PSoC4/ADC_IRQ.c ****     return (uint8)priority;
 337              		.loc 1 284 0
 338 001a 3B68     		ldr	r3, [r7]
 339 001c DBB2     		uxtb	r3, r3
 285:Generated_Source\PSoC4/ADC_IRQ.c **** }
 340              		.loc 1 285 0
 341 001e 1800     		movs	r0, r3
ARM GAS  C:\Users\ADMINI~1\AppData\Local\Temp\cc1aNN5e.s 			page 12


 342 0020 BD46     		mov	sp, r7
 343 0022 02B0     		add	sp, sp, #8
 344              		@ sp needed
 345 0024 80BD     		pop	{r7, pc}
 346              	.L22:
 347 0026 C046     		.align	2
 348              	.L21:
 349 0028 10E400E0 		.word	-536812528
 350              		.cfi_endproc
 351              	.LFE8:
 352              		.size	ADC_IRQ_GetPriority, .-ADC_IRQ_GetPriority
 353              		.section	.text.ADC_IRQ_Enable,"ax",%progbits
 354              		.align	2
 355              		.global	ADC_IRQ_Enable
 356              		.code	16
 357              		.thumb_func
 358              		.type	ADC_IRQ_Enable, %function
 359              	ADC_IRQ_Enable:
 360              	.LFB9:
 286:Generated_Source\PSoC4/ADC_IRQ.c **** 
 287:Generated_Source\PSoC4/ADC_IRQ.c **** 
 288:Generated_Source\PSoC4/ADC_IRQ.c **** /*******************************************************************************
 289:Generated_Source\PSoC4/ADC_IRQ.c **** * Function Name: ADC_IRQ_Enable
 290:Generated_Source\PSoC4/ADC_IRQ.c **** ********************************************************************************
 291:Generated_Source\PSoC4/ADC_IRQ.c **** *
 292:Generated_Source\PSoC4/ADC_IRQ.c **** * Summary:
 293:Generated_Source\PSoC4/ADC_IRQ.c **** *   Enables the interrupt to the interrupt controller. Do not call this function
 294:Generated_Source\PSoC4/ADC_IRQ.c **** *   unless ISR_Start() has been called or the functionality of the ISR_Start() 
 295:Generated_Source\PSoC4/ADC_IRQ.c **** *   function, which sets the vector and the priority, has been called.
 296:Generated_Source\PSoC4/ADC_IRQ.c **** *
 297:Generated_Source\PSoC4/ADC_IRQ.c **** * Parameters:
 298:Generated_Source\PSoC4/ADC_IRQ.c **** *   None
 299:Generated_Source\PSoC4/ADC_IRQ.c **** *
 300:Generated_Source\PSoC4/ADC_IRQ.c **** * Return:
 301:Generated_Source\PSoC4/ADC_IRQ.c **** *   None
 302:Generated_Source\PSoC4/ADC_IRQ.c **** *
 303:Generated_Source\PSoC4/ADC_IRQ.c **** *******************************************************************************/
 304:Generated_Source\PSoC4/ADC_IRQ.c **** void ADC_IRQ_Enable(void)
 305:Generated_Source\PSoC4/ADC_IRQ.c **** {
 361              		.loc 1 305 0
 362              		.cfi_startproc
 363              		@ args = 0, pretend = 0, frame = 0
 364              		@ frame_needed = 1, uses_anonymous_args = 0
 365 0000 80B5     		push	{r7, lr}
 366              		.cfi_def_cfa_offset 8
 367              		.cfi_offset 7, -8
 368              		.cfi_offset 14, -4
 369 0002 00AF     		add	r7, sp, #0
 370              		.cfi_def_cfa_register 7
 306:Generated_Source\PSoC4/ADC_IRQ.c ****     /* Enable the general interrupt. */
 307:Generated_Source\PSoC4/ADC_IRQ.c ****     *ADC_IRQ_INTC_SET_EN = ADC_IRQ__INTC_MASK;
 371              		.loc 1 307 0
 372 0004 034B     		ldr	r3, .L24
 373 0006 8022     		movs	r2, #128
 374 0008 5202     		lsls	r2, r2, #9
 375 000a 1A60     		str	r2, [r3]
 308:Generated_Source\PSoC4/ADC_IRQ.c **** }
ARM GAS  C:\Users\ADMINI~1\AppData\Local\Temp\cc1aNN5e.s 			page 13


 376              		.loc 1 308 0
 377 000c C046     		nop
 378 000e BD46     		mov	sp, r7
 379              		@ sp needed
 380 0010 80BD     		pop	{r7, pc}
 381              	.L25:
 382 0012 C046     		.align	2
 383              	.L24:
 384 0014 00E100E0 		.word	-536813312
 385              		.cfi_endproc
 386              	.LFE9:
 387              		.size	ADC_IRQ_Enable, .-ADC_IRQ_Enable
 388              		.section	.text.ADC_IRQ_GetState,"ax",%progbits
 389              		.align	2
 390              		.global	ADC_IRQ_GetState
 391              		.code	16
 392              		.thumb_func
 393              		.type	ADC_IRQ_GetState, %function
 394              	ADC_IRQ_GetState:
 395              	.LFB10:
 309:Generated_Source\PSoC4/ADC_IRQ.c **** 
 310:Generated_Source\PSoC4/ADC_IRQ.c **** 
 311:Generated_Source\PSoC4/ADC_IRQ.c **** /*******************************************************************************
 312:Generated_Source\PSoC4/ADC_IRQ.c **** * Function Name: ADC_IRQ_GetState
 313:Generated_Source\PSoC4/ADC_IRQ.c **** ********************************************************************************
 314:Generated_Source\PSoC4/ADC_IRQ.c **** *
 315:Generated_Source\PSoC4/ADC_IRQ.c **** * Summary:
 316:Generated_Source\PSoC4/ADC_IRQ.c **** *   Gets the state (enabled, disabled) of the Interrupt.
 317:Generated_Source\PSoC4/ADC_IRQ.c **** *
 318:Generated_Source\PSoC4/ADC_IRQ.c **** * Parameters:
 319:Generated_Source\PSoC4/ADC_IRQ.c **** *   None
 320:Generated_Source\PSoC4/ADC_IRQ.c **** *
 321:Generated_Source\PSoC4/ADC_IRQ.c **** * Return:
 322:Generated_Source\PSoC4/ADC_IRQ.c **** *   1 if enabled, 0 if disabled.
 323:Generated_Source\PSoC4/ADC_IRQ.c **** *
 324:Generated_Source\PSoC4/ADC_IRQ.c **** *******************************************************************************/
 325:Generated_Source\PSoC4/ADC_IRQ.c **** uint8 ADC_IRQ_GetState(void)
 326:Generated_Source\PSoC4/ADC_IRQ.c **** {
 396              		.loc 1 326 0
 397              		.cfi_startproc
 398              		@ args = 0, pretend = 0, frame = 0
 399              		@ frame_needed = 1, uses_anonymous_args = 0
 400 0000 80B5     		push	{r7, lr}
 401              		.cfi_def_cfa_offset 8
 402              		.cfi_offset 7, -8
 403              		.cfi_offset 14, -4
 404 0002 00AF     		add	r7, sp, #0
 405              		.cfi_def_cfa_register 7
 327:Generated_Source\PSoC4/ADC_IRQ.c ****     /* Get the state of the general interrupt. */
 328:Generated_Source\PSoC4/ADC_IRQ.c ****     return ((*ADC_IRQ_INTC_SET_EN & (uint32)ADC_IRQ__INTC_MASK) != 0u) ? 1u:0u;
 406              		.loc 1 328 0
 407 0004 054B     		ldr	r3, .L30
 408 0006 1A68     		ldr	r2, [r3]
 409 0008 8023     		movs	r3, #128
 410 000a 5B02     		lsls	r3, r3, #9
 411 000c 1340     		ands	r3, r2
 412 000e 01D0     		beq	.L27
ARM GAS  C:\Users\ADMINI~1\AppData\Local\Temp\cc1aNN5e.s 			page 14


 413              		.loc 1 328 0 is_stmt 0 discriminator 1
 414 0010 0123     		movs	r3, #1
 415 0012 00E0     		b	.L28
 416              	.L27:
 417              		.loc 1 328 0 discriminator 2
 418 0014 0023     		movs	r3, #0
 419              	.L28:
 329:Generated_Source\PSoC4/ADC_IRQ.c **** }
 420              		.loc 1 329 0 is_stmt 1 discriminator 4
 421 0016 1800     		movs	r0, r3
 422 0018 BD46     		mov	sp, r7
 423              		@ sp needed
 424 001a 80BD     		pop	{r7, pc}
 425              	.L31:
 426              		.align	2
 427              	.L30:
 428 001c 00E100E0 		.word	-536813312
 429              		.cfi_endproc
 430              	.LFE10:
 431              		.size	ADC_IRQ_GetState, .-ADC_IRQ_GetState
 432              		.section	.text.ADC_IRQ_Disable,"ax",%progbits
 433              		.align	2
 434              		.global	ADC_IRQ_Disable
 435              		.code	16
 436              		.thumb_func
 437              		.type	ADC_IRQ_Disable, %function
 438              	ADC_IRQ_Disable:
 439              	.LFB11:
 330:Generated_Source\PSoC4/ADC_IRQ.c **** 
 331:Generated_Source\PSoC4/ADC_IRQ.c **** 
 332:Generated_Source\PSoC4/ADC_IRQ.c **** /*******************************************************************************
 333:Generated_Source\PSoC4/ADC_IRQ.c **** * Function Name: ADC_IRQ_Disable
 334:Generated_Source\PSoC4/ADC_IRQ.c **** ********************************************************************************
 335:Generated_Source\PSoC4/ADC_IRQ.c **** *
 336:Generated_Source\PSoC4/ADC_IRQ.c **** * Summary:
 337:Generated_Source\PSoC4/ADC_IRQ.c **** *   Disables the Interrupt in the interrupt controller.
 338:Generated_Source\PSoC4/ADC_IRQ.c **** *
 339:Generated_Source\PSoC4/ADC_IRQ.c **** * Parameters:
 340:Generated_Source\PSoC4/ADC_IRQ.c **** *   None
 341:Generated_Source\PSoC4/ADC_IRQ.c **** *
 342:Generated_Source\PSoC4/ADC_IRQ.c **** * Return:
 343:Generated_Source\PSoC4/ADC_IRQ.c **** *   None
 344:Generated_Source\PSoC4/ADC_IRQ.c **** *
 345:Generated_Source\PSoC4/ADC_IRQ.c **** *******************************************************************************/
 346:Generated_Source\PSoC4/ADC_IRQ.c **** void ADC_IRQ_Disable(void)
 347:Generated_Source\PSoC4/ADC_IRQ.c **** {
 440              		.loc 1 347 0
 441              		.cfi_startproc
 442              		@ args = 0, pretend = 0, frame = 0
 443              		@ frame_needed = 1, uses_anonymous_args = 0
 444 0000 80B5     		push	{r7, lr}
 445              		.cfi_def_cfa_offset 8
 446              		.cfi_offset 7, -8
 447              		.cfi_offset 14, -4
 448 0002 00AF     		add	r7, sp, #0
 449              		.cfi_def_cfa_register 7
 348:Generated_Source\PSoC4/ADC_IRQ.c ****     /* Disable the general interrupt. */
ARM GAS  C:\Users\ADMINI~1\AppData\Local\Temp\cc1aNN5e.s 			page 15


 349:Generated_Source\PSoC4/ADC_IRQ.c ****     *ADC_IRQ_INTC_CLR_EN = ADC_IRQ__INTC_MASK;
 450              		.loc 1 349 0
 451 0004 034B     		ldr	r3, .L33
 452 0006 8022     		movs	r2, #128
 453 0008 5202     		lsls	r2, r2, #9
 454 000a 1A60     		str	r2, [r3]
 350:Generated_Source\PSoC4/ADC_IRQ.c **** }
 455              		.loc 1 350 0
 456 000c C046     		nop
 457 000e BD46     		mov	sp, r7
 458              		@ sp needed
 459 0010 80BD     		pop	{r7, pc}
 460              	.L34:
 461 0012 C046     		.align	2
 462              	.L33:
 463 0014 80E100E0 		.word	-536813184
 464              		.cfi_endproc
 465              	.LFE11:
 466              		.size	ADC_IRQ_Disable, .-ADC_IRQ_Disable
 467              		.section	.text.ADC_IRQ_SetPending,"ax",%progbits
 468              		.align	2
 469              		.global	ADC_IRQ_SetPending
 470              		.code	16
 471              		.thumb_func
 472              		.type	ADC_IRQ_SetPending, %function
 473              	ADC_IRQ_SetPending:
 474              	.LFB12:
 351:Generated_Source\PSoC4/ADC_IRQ.c **** 
 352:Generated_Source\PSoC4/ADC_IRQ.c **** 
 353:Generated_Source\PSoC4/ADC_IRQ.c **** /*******************************************************************************
 354:Generated_Source\PSoC4/ADC_IRQ.c **** * Function Name: ADC_IRQ_SetPending
 355:Generated_Source\PSoC4/ADC_IRQ.c **** ********************************************************************************
 356:Generated_Source\PSoC4/ADC_IRQ.c **** *
 357:Generated_Source\PSoC4/ADC_IRQ.c **** * Summary:
 358:Generated_Source\PSoC4/ADC_IRQ.c **** *   Causes the Interrupt to enter the pending state, a software method of
 359:Generated_Source\PSoC4/ADC_IRQ.c **** *   generating the interrupt.
 360:Generated_Source\PSoC4/ADC_IRQ.c **** *
 361:Generated_Source\PSoC4/ADC_IRQ.c **** * Parameters:
 362:Generated_Source\PSoC4/ADC_IRQ.c **** *   None
 363:Generated_Source\PSoC4/ADC_IRQ.c **** *
 364:Generated_Source\PSoC4/ADC_IRQ.c **** * Return:
 365:Generated_Source\PSoC4/ADC_IRQ.c **** *   None
 366:Generated_Source\PSoC4/ADC_IRQ.c **** *
 367:Generated_Source\PSoC4/ADC_IRQ.c **** * Side Effects:
 368:Generated_Source\PSoC4/ADC_IRQ.c **** *   If interrupts are enabled and the interrupt is set up properly, the ISR is
 369:Generated_Source\PSoC4/ADC_IRQ.c **** *   entered (depending on the priority of this interrupt and other pending 
 370:Generated_Source\PSoC4/ADC_IRQ.c **** *   interrupts).
 371:Generated_Source\PSoC4/ADC_IRQ.c **** *
 372:Generated_Source\PSoC4/ADC_IRQ.c **** *******************************************************************************/
 373:Generated_Source\PSoC4/ADC_IRQ.c **** void ADC_IRQ_SetPending(void)
 374:Generated_Source\PSoC4/ADC_IRQ.c **** {
 475              		.loc 1 374 0
 476              		.cfi_startproc
 477              		@ args = 0, pretend = 0, frame = 0
 478              		@ frame_needed = 1, uses_anonymous_args = 0
 479 0000 80B5     		push	{r7, lr}
 480              		.cfi_def_cfa_offset 8
ARM GAS  C:\Users\ADMINI~1\AppData\Local\Temp\cc1aNN5e.s 			page 16


 481              		.cfi_offset 7, -8
 482              		.cfi_offset 14, -4
 483 0002 00AF     		add	r7, sp, #0
 484              		.cfi_def_cfa_register 7
 375:Generated_Source\PSoC4/ADC_IRQ.c ****     *ADC_IRQ_INTC_SET_PD = ADC_IRQ__INTC_MASK;
 485              		.loc 1 375 0
 486 0004 034B     		ldr	r3, .L36
 487 0006 8022     		movs	r2, #128
 488 0008 5202     		lsls	r2, r2, #9
 489 000a 1A60     		str	r2, [r3]
 376:Generated_Source\PSoC4/ADC_IRQ.c **** }
 490              		.loc 1 376 0
 491 000c C046     		nop
 492 000e BD46     		mov	sp, r7
 493              		@ sp needed
 494 0010 80BD     		pop	{r7, pc}
 495              	.L37:
 496 0012 C046     		.align	2
 497              	.L36:
 498 0014 00E200E0 		.word	-536813056
 499              		.cfi_endproc
 500              	.LFE12:
 501              		.size	ADC_IRQ_SetPending, .-ADC_IRQ_SetPending
 502              		.section	.text.ADC_IRQ_ClearPending,"ax",%progbits
 503              		.align	2
 504              		.global	ADC_IRQ_ClearPending
 505              		.code	16
 506              		.thumb_func
 507              		.type	ADC_IRQ_ClearPending, %function
 508              	ADC_IRQ_ClearPending:
 509              	.LFB13:
 377:Generated_Source\PSoC4/ADC_IRQ.c **** 
 378:Generated_Source\PSoC4/ADC_IRQ.c **** 
 379:Generated_Source\PSoC4/ADC_IRQ.c **** /*******************************************************************************
 380:Generated_Source\PSoC4/ADC_IRQ.c **** * Function Name: ADC_IRQ_ClearPending
 381:Generated_Source\PSoC4/ADC_IRQ.c **** ********************************************************************************
 382:Generated_Source\PSoC4/ADC_IRQ.c **** *
 383:Generated_Source\PSoC4/ADC_IRQ.c **** * Summary:
 384:Generated_Source\PSoC4/ADC_IRQ.c **** *   Clears a pending interrupt in the interrupt controller.
 385:Generated_Source\PSoC4/ADC_IRQ.c **** *
 386:Generated_Source\PSoC4/ADC_IRQ.c **** *   Note Some interrupt sources are clear-on-read and require the block 
 387:Generated_Source\PSoC4/ADC_IRQ.c **** *   interrupt/status register to be read/cleared with the appropriate block API 
 388:Generated_Source\PSoC4/ADC_IRQ.c **** *   (GPIO, UART, and so on). Otherwise the ISR will continue to remain in 
 389:Generated_Source\PSoC4/ADC_IRQ.c **** *   pending state even though the interrupt itself is cleared using this API.
 390:Generated_Source\PSoC4/ADC_IRQ.c **** *
 391:Generated_Source\PSoC4/ADC_IRQ.c **** * Parameters:
 392:Generated_Source\PSoC4/ADC_IRQ.c **** *   None
 393:Generated_Source\PSoC4/ADC_IRQ.c **** *
 394:Generated_Source\PSoC4/ADC_IRQ.c **** * Return:
 395:Generated_Source\PSoC4/ADC_IRQ.c **** *   None
 396:Generated_Source\PSoC4/ADC_IRQ.c **** *
 397:Generated_Source\PSoC4/ADC_IRQ.c **** *******************************************************************************/
 398:Generated_Source\PSoC4/ADC_IRQ.c **** void ADC_IRQ_ClearPending(void)
 399:Generated_Source\PSoC4/ADC_IRQ.c **** {
 510              		.loc 1 399 0
 511              		.cfi_startproc
 512              		@ args = 0, pretend = 0, frame = 0
ARM GAS  C:\Users\ADMINI~1\AppData\Local\Temp\cc1aNN5e.s 			page 17


 513              		@ frame_needed = 1, uses_anonymous_args = 0
 514 0000 80B5     		push	{r7, lr}
 515              		.cfi_def_cfa_offset 8
 516              		.cfi_offset 7, -8
 517              		.cfi_offset 14, -4
 518 0002 00AF     		add	r7, sp, #0
 519              		.cfi_def_cfa_register 7
 400:Generated_Source\PSoC4/ADC_IRQ.c ****     *ADC_IRQ_INTC_CLR_PD = ADC_IRQ__INTC_MASK;
 520              		.loc 1 400 0
 521 0004 034B     		ldr	r3, .L39
 522 0006 8022     		movs	r2, #128
 523 0008 5202     		lsls	r2, r2, #9
 524 000a 1A60     		str	r2, [r3]
 401:Generated_Source\PSoC4/ADC_IRQ.c **** }
 525              		.loc 1 401 0
 526 000c C046     		nop
 527 000e BD46     		mov	sp, r7
 528              		@ sp needed
 529 0010 80BD     		pop	{r7, pc}
 530              	.L40:
 531 0012 C046     		.align	2
 532              	.L39:
 533 0014 80E200E0 		.word	-536812928
 534              		.cfi_endproc
 535              	.LFE13:
 536              		.size	ADC_IRQ_ClearPending, .-ADC_IRQ_ClearPending
 537              		.text
 538              	.Letext0:
 539              		.file 2 "Generated_Source\\PSoC4/cytypes.h"
 540              		.section	.debug_info,"",%progbits
 541              	.Ldebug_info0:
 542 0000 47020000 		.4byte	0x247
 543 0004 0400     		.2byte	0x4
 544 0006 00000000 		.4byte	.Ldebug_abbrev0
 545 000a 04       		.byte	0x4
 546 000b 01       		.uleb128 0x1
 547 000c 0F010000 		.4byte	.LASF34
 548 0010 0C       		.byte	0xc
 549 0011 E3010000 		.4byte	.LASF35
 550 0015 20000000 		.4byte	.LASF36
 551 0019 00000000 		.4byte	.Ldebug_ranges0+0
 552 001d 00000000 		.4byte	0
 553 0021 00000000 		.4byte	.Ldebug_line0
 554 0025 02       		.uleb128 0x2
 555 0026 01       		.byte	0x1
 556 0027 06       		.byte	0x6
 557 0028 C2020000 		.4byte	.LASF0
 558 002c 02       		.uleb128 0x2
 559 002d 01       		.byte	0x1
 560 002e 08       		.byte	0x8
 561 002f DA000000 		.4byte	.LASF1
 562 0033 02       		.uleb128 0x2
 563 0034 02       		.byte	0x2
 564 0035 05       		.byte	0x5
 565 0036 84020000 		.4byte	.LASF2
 566 003a 02       		.uleb128 0x2
 567 003b 02       		.byte	0x2
ARM GAS  C:\Users\ADMINI~1\AppData\Local\Temp\cc1aNN5e.s 			page 18


 568 003c 07       		.byte	0x7
 569 003d 8C000000 		.4byte	.LASF3
 570 0041 02       		.uleb128 0x2
 571 0042 04       		.byte	0x4
 572 0043 05       		.byte	0x5
 573 0044 AD020000 		.4byte	.LASF4
 574 0048 02       		.uleb128 0x2
 575 0049 04       		.byte	0x4
 576 004a 07       		.byte	0x7
 577 004b F7000000 		.4byte	.LASF5
 578 004f 02       		.uleb128 0x2
 579 0050 08       		.byte	0x8
 580 0051 05       		.byte	0x5
 581 0052 71020000 		.4byte	.LASF6
 582 0056 02       		.uleb128 0x2
 583 0057 08       		.byte	0x8
 584 0058 07       		.byte	0x7
 585 0059 34020000 		.4byte	.LASF7
 586 005d 03       		.uleb128 0x3
 587 005e 04       		.byte	0x4
 588 005f 05       		.byte	0x5
 589 0060 696E7400 		.ascii	"int\000"
 590 0064 02       		.uleb128 0x2
 591 0065 04       		.byte	0x4
 592 0066 07       		.byte	0x7
 593 0067 1F020000 		.4byte	.LASF8
 594 006b 04       		.uleb128 0x4
 595 006c 09010000 		.4byte	.LASF9
 596 0070 02       		.byte	0x2
 597 0071 C2       		.byte	0xc2
 598 0072 2C000000 		.4byte	0x2c
 599 0076 04       		.uleb128 0x4
 600 0077 18020000 		.4byte	.LASF10
 601 007b 02       		.byte	0x2
 602 007c C4       		.byte	0xc4
 603 007d 48000000 		.4byte	0x48
 604 0081 02       		.uleb128 0x2
 605 0082 04       		.byte	0x4
 606 0083 04       		.byte	0x4
 607 0084 D4000000 		.4byte	.LASF11
 608 0088 02       		.uleb128 0x2
 609 0089 08       		.byte	0x8
 610 008a 04       		.byte	0x4
 611 008b CE010000 		.4byte	.LASF12
 612 008f 02       		.uleb128 0x2
 613 0090 01       		.byte	0x1
 614 0091 08       		.byte	0x8
 615 0092 7F020000 		.4byte	.LASF13
 616 0096 05       		.uleb128 0x5
 617 0097 00000000 		.4byte	.LASF14
 618 009b 02       		.byte	0x2
 619 009c 6E01     		.2byte	0x16e
 620 009e A2000000 		.4byte	0xa2
 621 00a2 06       		.uleb128 0x6
 622 00a3 76000000 		.4byte	0x76
 623 00a7 05       		.uleb128 0x5
 624 00a8 4B020000 		.4byte	.LASF15
ARM GAS  C:\Users\ADMINI~1\AppData\Local\Temp\cc1aNN5e.s 			page 19


 625 00ac 02       		.byte	0x2
 626 00ad 7E01     		.2byte	0x17e
 627 00af B3000000 		.4byte	0xb3
 628 00b3 07       		.uleb128 0x7
 629 00b4 04       		.byte	0x4
 630 00b5 B9000000 		.4byte	0xb9
 631 00b9 08       		.uleb128 0x8
 632 00ba 02       		.uleb128 0x2
 633 00bb 08       		.byte	0x8
 634 00bc 04       		.byte	0x4
 635 00bd B6020000 		.4byte	.LASF16
 636 00c1 02       		.uleb128 0x2
 637 00c2 04       		.byte	0x4
 638 00c3 07       		.byte	0x7
 639 00c4 68020000 		.4byte	.LASF17
 640 00c8 09       		.uleb128 0x9
 641 00c9 D5010000 		.4byte	.LASF18
 642 00cd 01       		.byte	0x1
 643 00ce 38       		.byte	0x38
 644 00cf 00000000 		.4byte	.LFB1
 645 00d3 24000000 		.4byte	.LFE1-.LFB1
 646 00d7 01       		.uleb128 0x1
 647 00d8 9C       		.byte	0x9c
 648 00d9 0A       		.uleb128 0xa
 649 00da 58020000 		.4byte	.LASF21
 650 00de 01       		.byte	0x1
 651 00df 63       		.byte	0x63
 652 00e0 00000000 		.4byte	.LFB2
 653 00e4 26000000 		.4byte	.LFE2-.LFB2
 654 00e8 01       		.uleb128 0x1
 655 00e9 9C       		.byte	0x9c
 656 00ea FD000000 		.4byte	0xfd
 657 00ee 0B       		.uleb128 0xb
 658 00ef 2C020000 		.4byte	.LASF23
 659 00f3 01       		.byte	0x1
 660 00f4 63       		.byte	0x63
 661 00f5 A7000000 		.4byte	0xa7
 662 00f9 02       		.uleb128 0x2
 663 00fa 91       		.byte	0x91
 664 00fb 74       		.sleb128 -12
 665 00fc 00       		.byte	0
 666 00fd 09       		.uleb128 0x9
 667 00fe 13000000 		.4byte	.LASF19
 668 0102 01       		.byte	0x1
 669 0103 81       		.byte	0x81
 670 0104 00000000 		.4byte	.LFB3
 671 0108 1C000000 		.4byte	.LFE3-.LFB3
 672 010c 01       		.uleb128 0x1
 673 010d 9C       		.byte	0x9c
 674 010e 0C       		.uleb128 0xc
 675 010f C2000000 		.4byte	.LASF20
 676 0113 01       		.byte	0x1
 677 0114 9F       		.byte	0x9f
 678 0115 00000000 		.4byte	.LFB4
 679 0119 0A000000 		.4byte	.LFE4-.LFB4
 680 011d 01       		.uleb128 0x1
 681 011e 9C       		.byte	0x9c
ARM GAS  C:\Users\ADMINI~1\AppData\Local\Temp\cc1aNN5e.s 			page 20


 682 011f 0D       		.uleb128 0xd
 683 0120 7A000000 		.4byte	.LASF22
 684 0124 01       		.byte	0x1
 685 0125 C7       		.byte	0xc7
 686 0126 00000000 		.4byte	.LFB5
 687 012a 1C000000 		.4byte	.LFE5-.LFB5
 688 012e 01       		.uleb128 0x1
 689 012f 9C       		.byte	0x9c
 690 0130 43010000 		.4byte	0x143
 691 0134 0B       		.uleb128 0xb
 692 0135 2C020000 		.4byte	.LASF23
 693 0139 01       		.byte	0x1
 694 013a C7       		.byte	0xc7
 695 013b A7000000 		.4byte	0xa7
 696 013f 02       		.uleb128 0x2
 697 0140 91       		.byte	0x91
 698 0141 74       		.sleb128 -12
 699 0142 00       		.byte	0
 700 0143 0E       		.uleb128 0xe
 701 0144 B0000000 		.4byte	.LASF29
 702 0148 01       		.byte	0x1
 703 0149 DB       		.byte	0xdb
 704 014a A7000000 		.4byte	0xa7
 705 014e 00000000 		.4byte	.LFB6
 706 0152 14000000 		.4byte	.LFE6-.LFB6
 707 0156 01       		.uleb128 0x1
 708 0157 9C       		.byte	0x9c
 709 0158 0A       		.uleb128 0xa
 710 0159 CE020000 		.4byte	.LASF24
 711 015d 01       		.byte	0x1
 712 015e F9       		.byte	0xf9
 713 015f 00000000 		.4byte	.LFB7
 714 0163 50000000 		.4byte	.LFE7-.LFB7
 715 0167 01       		.uleb128 0x1
 716 0168 9C       		.byte	0x9c
 717 0169 98010000 		.4byte	0x198
 718 016d 0B       		.uleb128 0xb
 719 016e 9D010000 		.4byte	.LASF25
 720 0172 01       		.byte	0x1
 721 0173 F9       		.byte	0xf9
 722 0174 6B000000 		.4byte	0x6b
 723 0178 02       		.uleb128 0x2
 724 0179 91       		.byte	0x91
 725 017a 67       		.sleb128 -25
 726 017b 0F       		.uleb128 0xf
 727 017c E8000000 		.4byte	.LASF26
 728 0180 01       		.byte	0x1
 729 0181 FB       		.byte	0xfb
 730 0182 6B000000 		.4byte	0x6b
 731 0186 02       		.uleb128 0x2
 732 0187 91       		.byte	0x91
 733 0188 6B       		.sleb128 -21
 734 0189 0F       		.uleb128 0xf
 735 018a 9E020000 		.4byte	.LASF27
 736 018e 01       		.byte	0x1
 737 018f FC       		.byte	0xfc
 738 0190 76000000 		.4byte	0x76
ARM GAS  C:\Users\ADMINI~1\AppData\Local\Temp\cc1aNN5e.s 			page 21


 739 0194 02       		.uleb128 0x2
 740 0195 91       		.byte	0x91
 741 0196 6C       		.sleb128 -20
 742 0197 00       		.byte	0
 743 0198 10       		.uleb128 0x10
 744 0199 04020000 		.4byte	.LASF37
 745 019d 01       		.byte	0x1
 746 019e 1501     		.2byte	0x115
 747 01a0 6B000000 		.4byte	0x6b
 748 01a4 00000000 		.4byte	.LFB8
 749 01a8 2C000000 		.4byte	.LFE8-.LFB8
 750 01ac 01       		.uleb128 0x1
 751 01ad 9C       		.byte	0x9c
 752 01ae D1010000 		.4byte	0x1d1
 753 01b2 11       		.uleb128 0x11
 754 01b3 9D010000 		.4byte	.LASF25
 755 01b7 01       		.byte	0x1
 756 01b8 1701     		.2byte	0x117
 757 01ba 76000000 		.4byte	0x76
 758 01be 02       		.uleb128 0x2
 759 01bf 91       		.byte	0x91
 760 01c0 70       		.sleb128 -16
 761 01c1 11       		.uleb128 0x11
 762 01c2 9E020000 		.4byte	.LASF27
 763 01c6 01       		.byte	0x1
 764 01c7 1801     		.2byte	0x118
 765 01c9 76000000 		.4byte	0x76
 766 01cd 02       		.uleb128 0x2
 767 01ce 91       		.byte	0x91
 768 01cf 74       		.sleb128 -12
 769 01d0 00       		.byte	0
 770 01d1 12       		.uleb128 0x12
 771 01d2 E2020000 		.4byte	.LASF28
 772 01d6 01       		.byte	0x1
 773 01d7 3001     		.2byte	0x130
 774 01d9 00000000 		.4byte	.LFB9
 775 01dd 18000000 		.4byte	.LFE9-.LFB9
 776 01e1 01       		.uleb128 0x1
 777 01e2 9C       		.byte	0x9c
 778 01e3 13       		.uleb128 0x13
 779 01e4 9F000000 		.4byte	.LASF30
 780 01e8 01       		.byte	0x1
 781 01e9 4501     		.2byte	0x145
 782 01eb 6B000000 		.4byte	0x6b
 783 01ef 00000000 		.4byte	.LFB10
 784 01f3 20000000 		.4byte	.LFE10-.LFB10
 785 01f7 01       		.uleb128 0x1
 786 01f8 9C       		.byte	0x9c
 787 01f9 12       		.uleb128 0x12
 788 01fa 8E020000 		.4byte	.LASF31
 789 01fe 01       		.byte	0x1
 790 01ff 5A01     		.2byte	0x15a
 791 0201 00000000 		.4byte	.LFB11
 792 0205 18000000 		.4byte	.LFE11-.LFB11
 793 0209 01       		.uleb128 0x1
 794 020a 9C       		.byte	0x9c
 795 020b 12       		.uleb128 0x12
ARM GAS  C:\Users\ADMINI~1\AppData\Local\Temp\cc1aNN5e.s 			page 22


 796 020c A6010000 		.4byte	.LASF32
 797 0210 01       		.byte	0x1
 798 0211 7501     		.2byte	0x175
 799 0213 00000000 		.4byte	.LFB12
 800 0217 18000000 		.4byte	.LFE12-.LFB12
 801 021b 01       		.uleb128 0x1
 802 021c 9C       		.byte	0x9c
 803 021d 12       		.uleb128 0x12
 804 021e B9010000 		.4byte	.LASF33
 805 0222 01       		.byte	0x1
 806 0223 8E01     		.2byte	0x18e
 807 0225 00000000 		.4byte	.LFB13
 808 0229 18000000 		.4byte	.LFE13-.LFB13
 809 022d 01       		.uleb128 0x1
 810 022e 9C       		.byte	0x9c
 811 022f 14       		.uleb128 0x14
 812 0230 A7000000 		.4byte	0xa7
 813 0234 3F020000 		.4byte	0x23f
 814 0238 15       		.uleb128 0x15
 815 0239 C1000000 		.4byte	0xc1
 816 023d 2F       		.byte	0x2f
 817 023e 00       		.byte	0
 818 023f 16       		.uleb128 0x16
 819 0240 06000000 		.4byte	.LASF38
 820 0244 01       		.byte	0x1
 821 0245 21       		.byte	0x21
 822 0246 2F020000 		.4byte	0x22f
 823 024a 00       		.byte	0
 824              		.section	.debug_abbrev,"",%progbits
 825              	.Ldebug_abbrev0:
 826 0000 01       		.uleb128 0x1
 827 0001 11       		.uleb128 0x11
 828 0002 01       		.byte	0x1
 829 0003 25       		.uleb128 0x25
 830 0004 0E       		.uleb128 0xe
 831 0005 13       		.uleb128 0x13
 832 0006 0B       		.uleb128 0xb
 833 0007 03       		.uleb128 0x3
 834 0008 0E       		.uleb128 0xe
 835 0009 1B       		.uleb128 0x1b
 836 000a 0E       		.uleb128 0xe
 837 000b 55       		.uleb128 0x55
 838 000c 17       		.uleb128 0x17
 839 000d 11       		.uleb128 0x11
 840 000e 01       		.uleb128 0x1
 841 000f 10       		.uleb128 0x10
 842 0010 17       		.uleb128 0x17
 843 0011 00       		.byte	0
 844 0012 00       		.byte	0
 845 0013 02       		.uleb128 0x2
 846 0014 24       		.uleb128 0x24
 847 0015 00       		.byte	0
 848 0016 0B       		.uleb128 0xb
 849 0017 0B       		.uleb128 0xb
 850 0018 3E       		.uleb128 0x3e
 851 0019 0B       		.uleb128 0xb
 852 001a 03       		.uleb128 0x3
ARM GAS  C:\Users\ADMINI~1\AppData\Local\Temp\cc1aNN5e.s 			page 23


 853 001b 0E       		.uleb128 0xe
 854 001c 00       		.byte	0
 855 001d 00       		.byte	0
 856 001e 03       		.uleb128 0x3
 857 001f 24       		.uleb128 0x24
 858 0020 00       		.byte	0
 859 0021 0B       		.uleb128 0xb
 860 0022 0B       		.uleb128 0xb
 861 0023 3E       		.uleb128 0x3e
 862 0024 0B       		.uleb128 0xb
 863 0025 03       		.uleb128 0x3
 864 0026 08       		.uleb128 0x8
 865 0027 00       		.byte	0
 866 0028 00       		.byte	0
 867 0029 04       		.uleb128 0x4
 868 002a 16       		.uleb128 0x16
 869 002b 00       		.byte	0
 870 002c 03       		.uleb128 0x3
 871 002d 0E       		.uleb128 0xe
 872 002e 3A       		.uleb128 0x3a
 873 002f 0B       		.uleb128 0xb
 874 0030 3B       		.uleb128 0x3b
 875 0031 0B       		.uleb128 0xb
 876 0032 49       		.uleb128 0x49
 877 0033 13       		.uleb128 0x13
 878 0034 00       		.byte	0
 879 0035 00       		.byte	0
 880 0036 05       		.uleb128 0x5
 881 0037 16       		.uleb128 0x16
 882 0038 00       		.byte	0
 883 0039 03       		.uleb128 0x3
 884 003a 0E       		.uleb128 0xe
 885 003b 3A       		.uleb128 0x3a
 886 003c 0B       		.uleb128 0xb
 887 003d 3B       		.uleb128 0x3b
 888 003e 05       		.uleb128 0x5
 889 003f 49       		.uleb128 0x49
 890 0040 13       		.uleb128 0x13
 891 0041 00       		.byte	0
 892 0042 00       		.byte	0
 893 0043 06       		.uleb128 0x6
 894 0044 35       		.uleb128 0x35
 895 0045 00       		.byte	0
 896 0046 49       		.uleb128 0x49
 897 0047 13       		.uleb128 0x13
 898 0048 00       		.byte	0
 899 0049 00       		.byte	0
 900 004a 07       		.uleb128 0x7
 901 004b 0F       		.uleb128 0xf
 902 004c 00       		.byte	0
 903 004d 0B       		.uleb128 0xb
 904 004e 0B       		.uleb128 0xb
 905 004f 49       		.uleb128 0x49
 906 0050 13       		.uleb128 0x13
 907 0051 00       		.byte	0
 908 0052 00       		.byte	0
 909 0053 08       		.uleb128 0x8
ARM GAS  C:\Users\ADMINI~1\AppData\Local\Temp\cc1aNN5e.s 			page 24


 910 0054 15       		.uleb128 0x15
 911 0055 00       		.byte	0
 912 0056 27       		.uleb128 0x27
 913 0057 19       		.uleb128 0x19
 914 0058 00       		.byte	0
 915 0059 00       		.byte	0
 916 005a 09       		.uleb128 0x9
 917 005b 2E       		.uleb128 0x2e
 918 005c 00       		.byte	0
 919 005d 3F       		.uleb128 0x3f
 920 005e 19       		.uleb128 0x19
 921 005f 03       		.uleb128 0x3
 922 0060 0E       		.uleb128 0xe
 923 0061 3A       		.uleb128 0x3a
 924 0062 0B       		.uleb128 0xb
 925 0063 3B       		.uleb128 0x3b
 926 0064 0B       		.uleb128 0xb
 927 0065 27       		.uleb128 0x27
 928 0066 19       		.uleb128 0x19
 929 0067 11       		.uleb128 0x11
 930 0068 01       		.uleb128 0x1
 931 0069 12       		.uleb128 0x12
 932 006a 06       		.uleb128 0x6
 933 006b 40       		.uleb128 0x40
 934 006c 18       		.uleb128 0x18
 935 006d 9642     		.uleb128 0x2116
 936 006f 19       		.uleb128 0x19
 937 0070 00       		.byte	0
 938 0071 00       		.byte	0
 939 0072 0A       		.uleb128 0xa
 940 0073 2E       		.uleb128 0x2e
 941 0074 01       		.byte	0x1
 942 0075 3F       		.uleb128 0x3f
 943 0076 19       		.uleb128 0x19
 944 0077 03       		.uleb128 0x3
 945 0078 0E       		.uleb128 0xe
 946 0079 3A       		.uleb128 0x3a
 947 007a 0B       		.uleb128 0xb
 948 007b 3B       		.uleb128 0x3b
 949 007c 0B       		.uleb128 0xb
 950 007d 27       		.uleb128 0x27
 951 007e 19       		.uleb128 0x19
 952 007f 11       		.uleb128 0x11
 953 0080 01       		.uleb128 0x1
 954 0081 12       		.uleb128 0x12
 955 0082 06       		.uleb128 0x6
 956 0083 40       		.uleb128 0x40
 957 0084 18       		.uleb128 0x18
 958 0085 9642     		.uleb128 0x2116
 959 0087 19       		.uleb128 0x19
 960 0088 01       		.uleb128 0x1
 961 0089 13       		.uleb128 0x13
 962 008a 00       		.byte	0
 963 008b 00       		.byte	0
 964 008c 0B       		.uleb128 0xb
 965 008d 05       		.uleb128 0x5
 966 008e 00       		.byte	0
ARM GAS  C:\Users\ADMINI~1\AppData\Local\Temp\cc1aNN5e.s 			page 25


 967 008f 03       		.uleb128 0x3
 968 0090 0E       		.uleb128 0xe
 969 0091 3A       		.uleb128 0x3a
 970 0092 0B       		.uleb128 0xb
 971 0093 3B       		.uleb128 0x3b
 972 0094 0B       		.uleb128 0xb
 973 0095 49       		.uleb128 0x49
 974 0096 13       		.uleb128 0x13
 975 0097 02       		.uleb128 0x2
 976 0098 18       		.uleb128 0x18
 977 0099 00       		.byte	0
 978 009a 00       		.byte	0
 979 009b 0C       		.uleb128 0xc
 980 009c 2E       		.uleb128 0x2e
 981 009d 00       		.byte	0
 982 009e 3F       		.uleb128 0x3f
 983 009f 19       		.uleb128 0x19
 984 00a0 03       		.uleb128 0x3
 985 00a1 0E       		.uleb128 0xe
 986 00a2 3A       		.uleb128 0x3a
 987 00a3 0B       		.uleb128 0xb
 988 00a4 3B       		.uleb128 0x3b
 989 00a5 0B       		.uleb128 0xb
 990 00a6 27       		.uleb128 0x27
 991 00a7 19       		.uleb128 0x19
 992 00a8 11       		.uleb128 0x11
 993 00a9 01       		.uleb128 0x1
 994 00aa 12       		.uleb128 0x12
 995 00ab 06       		.uleb128 0x6
 996 00ac 40       		.uleb128 0x40
 997 00ad 18       		.uleb128 0x18
 998 00ae 9742     		.uleb128 0x2117
 999 00b0 19       		.uleb128 0x19
 1000 00b1 00       		.byte	0
 1001 00b2 00       		.byte	0
 1002 00b3 0D       		.uleb128 0xd
 1003 00b4 2E       		.uleb128 0x2e
 1004 00b5 01       		.byte	0x1
 1005 00b6 3F       		.uleb128 0x3f
 1006 00b7 19       		.uleb128 0x19
 1007 00b8 03       		.uleb128 0x3
 1008 00b9 0E       		.uleb128 0xe
 1009 00ba 3A       		.uleb128 0x3a
 1010 00bb 0B       		.uleb128 0xb
 1011 00bc 3B       		.uleb128 0x3b
 1012 00bd 0B       		.uleb128 0xb
 1013 00be 27       		.uleb128 0x27
 1014 00bf 19       		.uleb128 0x19
 1015 00c0 11       		.uleb128 0x11
 1016 00c1 01       		.uleb128 0x1
 1017 00c2 12       		.uleb128 0x12
 1018 00c3 06       		.uleb128 0x6
 1019 00c4 40       		.uleb128 0x40
 1020 00c5 18       		.uleb128 0x18
 1021 00c6 9742     		.uleb128 0x2117
 1022 00c8 19       		.uleb128 0x19
 1023 00c9 01       		.uleb128 0x1
ARM GAS  C:\Users\ADMINI~1\AppData\Local\Temp\cc1aNN5e.s 			page 26


 1024 00ca 13       		.uleb128 0x13
 1025 00cb 00       		.byte	0
 1026 00cc 00       		.byte	0
 1027 00cd 0E       		.uleb128 0xe
 1028 00ce 2E       		.uleb128 0x2e
 1029 00cf 00       		.byte	0
 1030 00d0 3F       		.uleb128 0x3f
 1031 00d1 19       		.uleb128 0x19
 1032 00d2 03       		.uleb128 0x3
 1033 00d3 0E       		.uleb128 0xe
 1034 00d4 3A       		.uleb128 0x3a
 1035 00d5 0B       		.uleb128 0xb
 1036 00d6 3B       		.uleb128 0x3b
 1037 00d7 0B       		.uleb128 0xb
 1038 00d8 27       		.uleb128 0x27
 1039 00d9 19       		.uleb128 0x19
 1040 00da 49       		.uleb128 0x49
 1041 00db 13       		.uleb128 0x13
 1042 00dc 11       		.uleb128 0x11
 1043 00dd 01       		.uleb128 0x1
 1044 00de 12       		.uleb128 0x12
 1045 00df 06       		.uleb128 0x6
 1046 00e0 40       		.uleb128 0x40
 1047 00e1 18       		.uleb128 0x18
 1048 00e2 9742     		.uleb128 0x2117
 1049 00e4 19       		.uleb128 0x19
 1050 00e5 00       		.byte	0
 1051 00e6 00       		.byte	0
 1052 00e7 0F       		.uleb128 0xf
 1053 00e8 34       		.uleb128 0x34
 1054 00e9 00       		.byte	0
 1055 00ea 03       		.uleb128 0x3
 1056 00eb 0E       		.uleb128 0xe
 1057 00ec 3A       		.uleb128 0x3a
 1058 00ed 0B       		.uleb128 0xb
 1059 00ee 3B       		.uleb128 0x3b
 1060 00ef 0B       		.uleb128 0xb
 1061 00f0 49       		.uleb128 0x49
 1062 00f1 13       		.uleb128 0x13
 1063 00f2 02       		.uleb128 0x2
 1064 00f3 18       		.uleb128 0x18
 1065 00f4 00       		.byte	0
 1066 00f5 00       		.byte	0
 1067 00f6 10       		.uleb128 0x10
 1068 00f7 2E       		.uleb128 0x2e
 1069 00f8 01       		.byte	0x1
 1070 00f9 3F       		.uleb128 0x3f
 1071 00fa 19       		.uleb128 0x19
 1072 00fb 03       		.uleb128 0x3
 1073 00fc 0E       		.uleb128 0xe
 1074 00fd 3A       		.uleb128 0x3a
 1075 00fe 0B       		.uleb128 0xb
 1076 00ff 3B       		.uleb128 0x3b
 1077 0100 05       		.uleb128 0x5
 1078 0101 27       		.uleb128 0x27
 1079 0102 19       		.uleb128 0x19
 1080 0103 49       		.uleb128 0x49
ARM GAS  C:\Users\ADMINI~1\AppData\Local\Temp\cc1aNN5e.s 			page 27


 1081 0104 13       		.uleb128 0x13
 1082 0105 11       		.uleb128 0x11
 1083 0106 01       		.uleb128 0x1
 1084 0107 12       		.uleb128 0x12
 1085 0108 06       		.uleb128 0x6
 1086 0109 40       		.uleb128 0x40
 1087 010a 18       		.uleb128 0x18
 1088 010b 9742     		.uleb128 0x2117
 1089 010d 19       		.uleb128 0x19
 1090 010e 01       		.uleb128 0x1
 1091 010f 13       		.uleb128 0x13
 1092 0110 00       		.byte	0
 1093 0111 00       		.byte	0
 1094 0112 11       		.uleb128 0x11
 1095 0113 34       		.uleb128 0x34
 1096 0114 00       		.byte	0
 1097 0115 03       		.uleb128 0x3
 1098 0116 0E       		.uleb128 0xe
 1099 0117 3A       		.uleb128 0x3a
 1100 0118 0B       		.uleb128 0xb
 1101 0119 3B       		.uleb128 0x3b
 1102 011a 05       		.uleb128 0x5
 1103 011b 49       		.uleb128 0x49
 1104 011c 13       		.uleb128 0x13
 1105 011d 02       		.uleb128 0x2
 1106 011e 18       		.uleb128 0x18
 1107 011f 00       		.byte	0
 1108 0120 00       		.byte	0
 1109 0121 12       		.uleb128 0x12
 1110 0122 2E       		.uleb128 0x2e
 1111 0123 00       		.byte	0
 1112 0124 3F       		.uleb128 0x3f
 1113 0125 19       		.uleb128 0x19
 1114 0126 03       		.uleb128 0x3
 1115 0127 0E       		.uleb128 0xe
 1116 0128 3A       		.uleb128 0x3a
 1117 0129 0B       		.uleb128 0xb
 1118 012a 3B       		.uleb128 0x3b
 1119 012b 05       		.uleb128 0x5
 1120 012c 27       		.uleb128 0x27
 1121 012d 19       		.uleb128 0x19
 1122 012e 11       		.uleb128 0x11
 1123 012f 01       		.uleb128 0x1
 1124 0130 12       		.uleb128 0x12
 1125 0131 06       		.uleb128 0x6
 1126 0132 40       		.uleb128 0x40
 1127 0133 18       		.uleb128 0x18
 1128 0134 9742     		.uleb128 0x2117
 1129 0136 19       		.uleb128 0x19
 1130 0137 00       		.byte	0
 1131 0138 00       		.byte	0
 1132 0139 13       		.uleb128 0x13
 1133 013a 2E       		.uleb128 0x2e
 1134 013b 00       		.byte	0
 1135 013c 3F       		.uleb128 0x3f
 1136 013d 19       		.uleb128 0x19
 1137 013e 03       		.uleb128 0x3
ARM GAS  C:\Users\ADMINI~1\AppData\Local\Temp\cc1aNN5e.s 			page 28


 1138 013f 0E       		.uleb128 0xe
 1139 0140 3A       		.uleb128 0x3a
 1140 0141 0B       		.uleb128 0xb
 1141 0142 3B       		.uleb128 0x3b
 1142 0143 05       		.uleb128 0x5
 1143 0144 27       		.uleb128 0x27
 1144 0145 19       		.uleb128 0x19
 1145 0146 49       		.uleb128 0x49
 1146 0147 13       		.uleb128 0x13
 1147 0148 11       		.uleb128 0x11
 1148 0149 01       		.uleb128 0x1
 1149 014a 12       		.uleb128 0x12
 1150 014b 06       		.uleb128 0x6
 1151 014c 40       		.uleb128 0x40
 1152 014d 18       		.uleb128 0x18
 1153 014e 9742     		.uleb128 0x2117
 1154 0150 19       		.uleb128 0x19
 1155 0151 00       		.byte	0
 1156 0152 00       		.byte	0
 1157 0153 14       		.uleb128 0x14
 1158 0154 01       		.uleb128 0x1
 1159 0155 01       		.byte	0x1
 1160 0156 49       		.uleb128 0x49
 1161 0157 13       		.uleb128 0x13
 1162 0158 01       		.uleb128 0x1
 1163 0159 13       		.uleb128 0x13
 1164 015a 00       		.byte	0
 1165 015b 00       		.byte	0
 1166 015c 15       		.uleb128 0x15
 1167 015d 21       		.uleb128 0x21
 1168 015e 00       		.byte	0
 1169 015f 49       		.uleb128 0x49
 1170 0160 13       		.uleb128 0x13
 1171 0161 2F       		.uleb128 0x2f
 1172 0162 0B       		.uleb128 0xb
 1173 0163 00       		.byte	0
 1174 0164 00       		.byte	0
 1175 0165 16       		.uleb128 0x16
 1176 0166 34       		.uleb128 0x34
 1177 0167 00       		.byte	0
 1178 0168 03       		.uleb128 0x3
 1179 0169 0E       		.uleb128 0xe
 1180 016a 3A       		.uleb128 0x3a
 1181 016b 0B       		.uleb128 0xb
 1182 016c 3B       		.uleb128 0x3b
 1183 016d 0B       		.uleb128 0xb
 1184 016e 49       		.uleb128 0x49
 1185 016f 13       		.uleb128 0x13
 1186 0170 3F       		.uleb128 0x3f
 1187 0171 19       		.uleb128 0x19
 1188 0172 3C       		.uleb128 0x3c
 1189 0173 19       		.uleb128 0x19
 1190 0174 00       		.byte	0
 1191 0175 00       		.byte	0
 1192 0176 00       		.byte	0
 1193              		.section	.debug_aranges,"",%progbits
 1194 0000 7C000000 		.4byte	0x7c
ARM GAS  C:\Users\ADMINI~1\AppData\Local\Temp\cc1aNN5e.s 			page 29


 1195 0004 0200     		.2byte	0x2
 1196 0006 00000000 		.4byte	.Ldebug_info0
 1197 000a 04       		.byte	0x4
 1198 000b 00       		.byte	0
 1199 000c 0000     		.2byte	0
 1200 000e 0000     		.2byte	0
 1201 0010 00000000 		.4byte	.LFB1
 1202 0014 24000000 		.4byte	.LFE1-.LFB1
 1203 0018 00000000 		.4byte	.LFB2
 1204 001c 26000000 		.4byte	.LFE2-.LFB2
 1205 0020 00000000 		.4byte	.LFB3
 1206 0024 1C000000 		.4byte	.LFE3-.LFB3
 1207 0028 00000000 		.4byte	.LFB4
 1208 002c 0A000000 		.4byte	.LFE4-.LFB4
 1209 0030 00000000 		.4byte	.LFB5
 1210 0034 1C000000 		.4byte	.LFE5-.LFB5
 1211 0038 00000000 		.4byte	.LFB6
 1212 003c 14000000 		.4byte	.LFE6-.LFB6
 1213 0040 00000000 		.4byte	.LFB7
 1214 0044 50000000 		.4byte	.LFE7-.LFB7
 1215 0048 00000000 		.4byte	.LFB8
 1216 004c 2C000000 		.4byte	.LFE8-.LFB8
 1217 0050 00000000 		.4byte	.LFB9
 1218 0054 18000000 		.4byte	.LFE9-.LFB9
 1219 0058 00000000 		.4byte	.LFB10
 1220 005c 20000000 		.4byte	.LFE10-.LFB10
 1221 0060 00000000 		.4byte	.LFB11
 1222 0064 18000000 		.4byte	.LFE11-.LFB11
 1223 0068 00000000 		.4byte	.LFB12
 1224 006c 18000000 		.4byte	.LFE12-.LFB12
 1225 0070 00000000 		.4byte	.LFB13
 1226 0074 18000000 		.4byte	.LFE13-.LFB13
 1227 0078 00000000 		.4byte	0
 1228 007c 00000000 		.4byte	0
 1229              		.section	.debug_ranges,"",%progbits
 1230              	.Ldebug_ranges0:
 1231 0000 00000000 		.4byte	.LFB1
 1232 0004 24000000 		.4byte	.LFE1
 1233 0008 00000000 		.4byte	.LFB2
 1234 000c 26000000 		.4byte	.LFE2
 1235 0010 00000000 		.4byte	.LFB3
 1236 0014 1C000000 		.4byte	.LFE3
 1237 0018 00000000 		.4byte	.LFB4
 1238 001c 0A000000 		.4byte	.LFE4
 1239 0020 00000000 		.4byte	.LFB5
 1240 0024 1C000000 		.4byte	.LFE5
 1241 0028 00000000 		.4byte	.LFB6
 1242 002c 14000000 		.4byte	.LFE6
 1243 0030 00000000 		.4byte	.LFB7
 1244 0034 50000000 		.4byte	.LFE7
 1245 0038 00000000 		.4byte	.LFB8
 1246 003c 2C000000 		.4byte	.LFE8
 1247 0040 00000000 		.4byte	.LFB9
 1248 0044 18000000 		.4byte	.LFE9
 1249 0048 00000000 		.4byte	.LFB10
 1250 004c 20000000 		.4byte	.LFE10
 1251 0050 00000000 		.4byte	.LFB11
ARM GAS  C:\Users\ADMINI~1\AppData\Local\Temp\cc1aNN5e.s 			page 30


 1252 0054 18000000 		.4byte	.LFE11
 1253 0058 00000000 		.4byte	.LFB12
 1254 005c 18000000 		.4byte	.LFE12
 1255 0060 00000000 		.4byte	.LFB13
 1256 0064 18000000 		.4byte	.LFE13
 1257 0068 00000000 		.4byte	0
 1258 006c 00000000 		.4byte	0
 1259              		.section	.debug_line,"",%progbits
 1260              	.Ldebug_line0:
 1261 0000 52010000 		.section	.debug_str,"MS",%progbits,1
 1261      02004400 
 1261      00000201 
 1261      FB0E0D00 
 1261      01010101 
 1262              	.LASF14:
 1263 0000 72656733 		.ascii	"reg32\000"
 1263      3200
 1264              	.LASF38:
 1265 0006 43795261 		.ascii	"CyRamVectors\000"
 1265      6D566563 
 1265      746F7273 
 1265      00
 1266              	.LASF19:
 1267 0013 4144435F 		.ascii	"ADC_IRQ_Stop\000"
 1267      4952515F 
 1267      53746F70 
 1267      00
 1268              	.LASF36:
 1269 0020 443A5C43 		.ascii	"D:\\CYTEST\\Micrium_CY8CKIT-044_OS2\\Micrium\\Examp"
 1269      59544553 
 1269      545C4D69 
 1269      63726975 
 1269      6D5F4359 
 1270 004f 6C65735C 		.ascii	"les\\Cypress\\CY8CKIT-044\\OS2\\PSoC\\OS2.cydsn\000"
 1270      43797072 
 1270      6573735C 
 1270      43593843 
 1270      4B49542D 
 1271              	.LASF22:
 1272 007a 4144435F 		.ascii	"ADC_IRQ_SetVector\000"
 1272      4952515F 
 1272      53657456 
 1272      6563746F 
 1272      7200
 1273              	.LASF3:
 1274 008c 73686F72 		.ascii	"short unsigned int\000"
 1274      7420756E 
 1274      7369676E 
 1274      65642069 
 1274      6E7400
 1275              	.LASF30:
 1276 009f 4144435F 		.ascii	"ADC_IRQ_GetState\000"
 1276      4952515F 
 1276      47657453 
 1276      74617465 
 1276      00
 1277              	.LASF29:
ARM GAS  C:\Users\ADMINI~1\AppData\Local\Temp\cc1aNN5e.s 			page 31


 1278 00b0 4144435F 		.ascii	"ADC_IRQ_GetVector\000"
 1278      4952515F 
 1278      47657456 
 1278      6563746F 
 1278      7200
 1279              	.LASF20:
 1280 00c2 4144435F 		.ascii	"ADC_IRQ_Interrupt\000"
 1280      4952515F 
 1280      496E7465 
 1280      72727570 
 1280      7400
 1281              	.LASF11:
 1282 00d4 666C6F61 		.ascii	"float\000"
 1282      7400
 1283              	.LASF1:
 1284 00da 756E7369 		.ascii	"unsigned char\000"
 1284      676E6564 
 1284      20636861 
 1284      7200
 1285              	.LASF26:
 1286 00e8 696E7465 		.ascii	"interruptState\000"
 1286      72727570 
 1286      74537461 
 1286      746500
 1287              	.LASF5:
 1288 00f7 6C6F6E67 		.ascii	"long unsigned int\000"
 1288      20756E73 
 1288      69676E65 
 1288      6420696E 
 1288      7400
 1289              	.LASF9:
 1290 0109 75696E74 		.ascii	"uint8\000"
 1290      3800
 1291              	.LASF34:
 1292 010f 474E5520 		.ascii	"GNU C11 5.4.1 20160609 (release) [ARM/embedded-5-br"
 1292      43313120 
 1292      352E342E 
 1292      31203230 
 1292      31363036 
 1293 0142 616E6368 		.ascii	"anch revision 237715] -mcpu=cortex-m0 -mthumb -g -O"
 1293      20726576 
 1293      6973696F 
 1293      6E203233 
 1293      37373135 
 1294 0175 30202D66 		.ascii	"0 -ffunction-sections -ffat-lto-objects\000"
 1294      66756E63 
 1294      74696F6E 
 1294      2D736563 
 1294      74696F6E 
 1295              	.LASF25:
 1296 019d 7072696F 		.ascii	"priority\000"
 1296      72697479 
 1296      00
 1297              	.LASF32:
 1298 01a6 4144435F 		.ascii	"ADC_IRQ_SetPending\000"
 1298      4952515F 
 1298      53657450 
ARM GAS  C:\Users\ADMINI~1\AppData\Local\Temp\cc1aNN5e.s 			page 32


 1298      656E6469 
 1298      6E6700
 1299              	.LASF33:
 1300 01b9 4144435F 		.ascii	"ADC_IRQ_ClearPending\000"
 1300      4952515F 
 1300      436C6561 
 1300      7250656E 
 1300      64696E67 
 1301              	.LASF12:
 1302 01ce 646F7562 		.ascii	"double\000"
 1302      6C6500
 1303              	.LASF18:
 1304 01d5 4144435F 		.ascii	"ADC_IRQ_Start\000"
 1304      4952515F 
 1304      53746172 
 1304      7400
 1305              	.LASF35:
 1306 01e3 47656E65 		.ascii	"Generated_Source\\PSoC4\\ADC_IRQ.c\000"
 1306      72617465 
 1306      645F536F 
 1306      75726365 
 1306      5C50536F 
 1307              	.LASF37:
 1308 0204 4144435F 		.ascii	"ADC_IRQ_GetPriority\000"
 1308      4952515F 
 1308      47657450 
 1308      72696F72 
 1308      69747900 
 1309              	.LASF10:
 1310 0218 75696E74 		.ascii	"uint32\000"
 1310      333200
 1311              	.LASF8:
 1312 021f 756E7369 		.ascii	"unsigned int\000"
 1312      676E6564 
 1312      20696E74 
 1312      00
 1313              	.LASF23:
 1314 022c 61646472 		.ascii	"address\000"
 1314      65737300 
 1315              	.LASF7:
 1316 0234 6C6F6E67 		.ascii	"long long unsigned int\000"
 1316      206C6F6E 
 1316      6720756E 
 1316      7369676E 
 1316      65642069 
 1317              	.LASF15:
 1318 024b 63796973 		.ascii	"cyisraddress\000"
 1318      72616464 
 1318      72657373 
 1318      00
 1319              	.LASF21:
 1320 0258 4144435F 		.ascii	"ADC_IRQ_StartEx\000"
 1320      4952515F 
 1320      53746172 
 1320      74457800 
 1321              	.LASF17:
 1322 0268 73697A65 		.ascii	"sizetype\000"
ARM GAS  C:\Users\ADMINI~1\AppData\Local\Temp\cc1aNN5e.s 			page 33


 1322      74797065 
 1322      00
 1323              	.LASF6:
 1324 0271 6C6F6E67 		.ascii	"long long int\000"
 1324      206C6F6E 
 1324      6720696E 
 1324      7400
 1325              	.LASF13:
 1326 027f 63686172 		.ascii	"char\000"
 1326      00
 1327              	.LASF2:
 1328 0284 73686F72 		.ascii	"short int\000"
 1328      7420696E 
 1328      7400
 1329              	.LASF31:
 1330 028e 4144435F 		.ascii	"ADC_IRQ_Disable\000"
 1330      4952515F 
 1330      44697361 
 1330      626C6500 
 1331              	.LASF27:
 1332 029e 7072696F 		.ascii	"priorityOffset\000"
 1332      72697479 
 1332      4F666673 
 1332      657400
 1333              	.LASF4:
 1334 02ad 6C6F6E67 		.ascii	"long int\000"
 1334      20696E74 
 1334      00
 1335              	.LASF16:
 1336 02b6 6C6F6E67 		.ascii	"long double\000"
 1336      20646F75 
 1336      626C6500 
 1337              	.LASF0:
 1338 02c2 7369676E 		.ascii	"signed char\000"
 1338      65642063 
 1338      68617200 
 1339              	.LASF24:
 1340 02ce 4144435F 		.ascii	"ADC_IRQ_SetPriority\000"
 1340      4952515F 
 1340      53657450 
 1340      72696F72 
 1340      69747900 
 1341              	.LASF28:
 1342 02e2 4144435F 		.ascii	"ADC_IRQ_Enable\000"
 1342      4952515F 
 1342      456E6162 
 1342      6C6500
 1343              		.ident	"GCC: (GNU Tools for ARM Embedded Processors) 5.4.1 20160609 (release) [ARM/embedded-5-bran
