ARM GAS  C:\Users\ADMINI~1\AppData\Local\Temp\ccniFOvV.s 			page 1


   1              		.syntax unified
   2              		.cpu cortex-m0
   3              		.fpu softvfp
   4              		.eabi_attribute 20, 1
   5              		.eabi_attribute 21, 1
   6              		.eabi_attribute 23, 3
   7              		.eabi_attribute 24, 1
   8              		.eabi_attribute 25, 1
   9              		.eabi_attribute 26, 1
  10              		.eabi_attribute 30, 6
  11              		.eabi_attribute 34, 0
  12              		.eabi_attribute 18, 4
  13              		.thumb
  14              		.syntax unified
  15              		.file	"bsp_os.c"
  16              		.text
  17              	.Ltext0:
  18              		.cfi_sections	.debug_frame
  19              		.section	.text.BSP_OS_SemCreate,"ax",%progbits
  20              		.align	2
  21              		.global	BSP_OS_SemCreate
  22              		.code	16
  23              		.thumb_func
  24              		.type	BSP_OS_SemCreate, %function
  25              	BSP_OS_SemCreate:
  26              	.LFB34:
  27              		.file 1 "..\\..\\..\\BSP\\OS\\uCOS-II\\bsp_os.c"
   1:..\..\..\BSP\OS\uCOS-II/bsp_os.c **** /*
   2:..\..\..\BSP\OS\uCOS-II/bsp_os.c **** ***************************************************************************************************
   3:..\..\..\BSP\OS\uCOS-II/bsp_os.c **** *                                     MICRIUM BOARD SUPPORT SUPPORT
   4:..\..\..\BSP\OS\uCOS-II/bsp_os.c **** *
   5:..\..\..\BSP\OS\uCOS-II/bsp_os.c **** *                          (c) Copyright 2003-2015; Micrium, Inc.; Weston, FL
   6:..\..\..\BSP\OS\uCOS-II/bsp_os.c **** *
   7:..\..\..\BSP\OS\uCOS-II/bsp_os.c **** *               All rights reserved.  Protected by international copyright laws.
   8:..\..\..\BSP\OS\uCOS-II/bsp_os.c **** *               Knowledge of the source code may NOT be used to develop a similar product.
   9:..\..\..\BSP\OS\uCOS-II/bsp_os.c **** *               Please help us continue to provide the Embedded community with the finest
  10:..\..\..\BSP\OS\uCOS-II/bsp_os.c **** *               software available.  Your honesty is greatly appreciated.
  11:..\..\..\BSP\OS\uCOS-II/bsp_os.c **** ***************************************************************************************************
  12:..\..\..\BSP\OS\uCOS-II/bsp_os.c **** */
  13:..\..\..\BSP\OS\uCOS-II/bsp_os.c **** 
  14:..\..\..\BSP\OS\uCOS-II/bsp_os.c **** /*
  15:..\..\..\BSP\OS\uCOS-II/bsp_os.c **** ***************************************************************************************************
  16:..\..\..\BSP\OS\uCOS-II/bsp_os.c **** *
  17:..\..\..\BSP\OS\uCOS-II/bsp_os.c **** *                                    MICRIUM BOARD SUPPORT PACKAGE
  18:..\..\..\BSP\OS\uCOS-II/bsp_os.c **** *                                             OS LAYER
  19:..\..\..\BSP\OS\uCOS-II/bsp_os.c **** *
  20:..\..\..\BSP\OS\uCOS-II/bsp_os.c **** * Filename      : bsp_os.c
  21:..\..\..\BSP\OS\uCOS-II/bsp_os.c **** * Version       : V1.00
  22:..\..\..\BSP\OS\uCOS-II/bsp_os.c **** * Programmer(s) : FT
  23:..\..\..\BSP\OS\uCOS-II/bsp_os.c **** *                 EHS
  24:..\..\..\BSP\OS\uCOS-II/bsp_os.c **** ***************************************************************************************************
  25:..\..\..\BSP\OS\uCOS-II/bsp_os.c **** */
  26:..\..\..\BSP\OS\uCOS-II/bsp_os.c **** 
  27:..\..\..\BSP\OS\uCOS-II/bsp_os.c **** 
  28:..\..\..\BSP\OS\uCOS-II/bsp_os.c **** /*
  29:..\..\..\BSP\OS\uCOS-II/bsp_os.c **** ***************************************************************************************************
  30:..\..\..\BSP\OS\uCOS-II/bsp_os.c **** *                                             INCLUDE FILES
ARM GAS  C:\Users\ADMINI~1\AppData\Local\Temp\ccniFOvV.s 			page 2


  31:..\..\..\BSP\OS\uCOS-II/bsp_os.c **** ***************************************************************************************************
  32:..\..\..\BSP\OS\uCOS-II/bsp_os.c **** */
  33:..\..\..\BSP\OS\uCOS-II/bsp_os.c **** 
  34:..\..\..\BSP\OS\uCOS-II/bsp_os.c **** #define  BSP_OS_MODULE
  35:..\..\..\BSP\OS\uCOS-II/bsp_os.c **** #include <bsp.h>
  36:..\..\..\BSP\OS\uCOS-II/bsp_os.c **** #include <bsp_os.h>
  37:..\..\..\BSP\OS\uCOS-II/bsp_os.c **** 
  38:..\..\..\BSP\OS\uCOS-II/bsp_os.c **** 
  39:..\..\..\BSP\OS\uCOS-II/bsp_os.c **** /*
  40:..\..\..\BSP\OS\uCOS-II/bsp_os.c **** ***************************************************************************************************
  41:..\..\..\BSP\OS\uCOS-II/bsp_os.c **** *                                            LOCAL DEFINES
  42:..\..\..\BSP\OS\uCOS-II/bsp_os.c **** ***************************************************************************************************
  43:..\..\..\BSP\OS\uCOS-II/bsp_os.c **** */
  44:..\..\..\BSP\OS\uCOS-II/bsp_os.c **** 
  45:..\..\..\BSP\OS\uCOS-II/bsp_os.c **** 
  46:..\..\..\BSP\OS\uCOS-II/bsp_os.c **** /*
  47:..\..\..\BSP\OS\uCOS-II/bsp_os.c **** ***************************************************************************************************
  48:..\..\..\BSP\OS\uCOS-II/bsp_os.c **** *                                           LOCAL CONSTANTS
  49:..\..\..\BSP\OS\uCOS-II/bsp_os.c **** ***************************************************************************************************
  50:..\..\..\BSP\OS\uCOS-II/bsp_os.c **** */
  51:..\..\..\BSP\OS\uCOS-II/bsp_os.c **** 
  52:..\..\..\BSP\OS\uCOS-II/bsp_os.c **** 
  53:..\..\..\BSP\OS\uCOS-II/bsp_os.c **** /*
  54:..\..\..\BSP\OS\uCOS-II/bsp_os.c **** ***************************************************************************************************
  55:..\..\..\BSP\OS\uCOS-II/bsp_os.c **** *                                          LOCAL DATA TYPES
  56:..\..\..\BSP\OS\uCOS-II/bsp_os.c **** ***************************************************************************************************
  57:..\..\..\BSP\OS\uCOS-II/bsp_os.c **** */
  58:..\..\..\BSP\OS\uCOS-II/bsp_os.c **** 
  59:..\..\..\BSP\OS\uCOS-II/bsp_os.c **** 
  60:..\..\..\BSP\OS\uCOS-II/bsp_os.c **** /*
  61:..\..\..\BSP\OS\uCOS-II/bsp_os.c **** ***************************************************************************************************
  62:..\..\..\BSP\OS\uCOS-II/bsp_os.c **** *                                            LOCAL TABLES
  63:..\..\..\BSP\OS\uCOS-II/bsp_os.c **** ***************************************************************************************************
  64:..\..\..\BSP\OS\uCOS-II/bsp_os.c **** */
  65:..\..\..\BSP\OS\uCOS-II/bsp_os.c **** 
  66:..\..\..\BSP\OS\uCOS-II/bsp_os.c **** 
  67:..\..\..\BSP\OS\uCOS-II/bsp_os.c **** /*
  68:..\..\..\BSP\OS\uCOS-II/bsp_os.c **** ***************************************************************************************************
  69:..\..\..\BSP\OS\uCOS-II/bsp_os.c **** *                                       LOCAL GLOBAL VARIABLES
  70:..\..\..\BSP\OS\uCOS-II/bsp_os.c **** ***************************************************************************************************
  71:..\..\..\BSP\OS\uCOS-II/bsp_os.c **** */
  72:..\..\..\BSP\OS\uCOS-II/bsp_os.c **** 
  73:..\..\..\BSP\OS\uCOS-II/bsp_os.c **** 
  74:..\..\..\BSP\OS\uCOS-II/bsp_os.c **** /*
  75:..\..\..\BSP\OS\uCOS-II/bsp_os.c **** ***************************************************************************************************
  76:..\..\..\BSP\OS\uCOS-II/bsp_os.c **** *                                      LOCAL FUNCTION PROTOTYPES
  77:..\..\..\BSP\OS\uCOS-II/bsp_os.c **** ***************************************************************************************************
  78:..\..\..\BSP\OS\uCOS-II/bsp_os.c **** */
  79:..\..\..\BSP\OS\uCOS-II/bsp_os.c **** 
  80:..\..\..\BSP\OS\uCOS-II/bsp_os.c **** 
  81:..\..\..\BSP\OS\uCOS-II/bsp_os.c **** /*
  82:..\..\..\BSP\OS\uCOS-II/bsp_os.c **** ***************************************************************************************************
  83:..\..\..\BSP\OS\uCOS-II/bsp_os.c **** *                                     LOCAL CONFIGURATION ERRORS
  84:..\..\..\BSP\OS\uCOS-II/bsp_os.c **** ***************************************************************************************************
  85:..\..\..\BSP\OS\uCOS-II/bsp_os.c **** */
  86:..\..\..\BSP\OS\uCOS-II/bsp_os.c **** 
  87:..\..\..\BSP\OS\uCOS-II/bsp_os.c **** /*
ARM GAS  C:\Users\ADMINI~1\AppData\Local\Temp\ccniFOvV.s 			page 3


  88:..\..\..\BSP\OS\uCOS-II/bsp_os.c **** ***************************************************************************************************
  89:..\..\..\BSP\OS\uCOS-II/bsp_os.c **** ***************************************************************************************************
  90:..\..\..\BSP\OS\uCOS-II/bsp_os.c **** **                                         GLOBAL FUNCTIONS
  91:..\..\..\BSP\OS\uCOS-II/bsp_os.c **** ***************************************************************************************************
  92:..\..\..\BSP\OS\uCOS-II/bsp_os.c **** ***************************************************************************************************
  93:..\..\..\BSP\OS\uCOS-II/bsp_os.c **** */
  94:..\..\..\BSP\OS\uCOS-II/bsp_os.c **** 
  95:..\..\..\BSP\OS\uCOS-II/bsp_os.c **** 
  96:..\..\..\BSP\OS\uCOS-II/bsp_os.c **** /*
  97:..\..\..\BSP\OS\uCOS-II/bsp_os.c **** ***************************************************************************************************
  98:..\..\..\BSP\OS\uCOS-II/bsp_os.c **** ***************************************************************************************************
  99:..\..\..\BSP\OS\uCOS-II/bsp_os.c **** **                                     BSP OS LOCKS FUNCTIONS
 100:..\..\..\BSP\OS\uCOS-II/bsp_os.c **** ***************************************************************************************************
 101:..\..\..\BSP\OS\uCOS-II/bsp_os.c **** ***************************************************************************************************
 102:..\..\..\BSP\OS\uCOS-II/bsp_os.c **** */
 103:..\..\..\BSP\OS\uCOS-II/bsp_os.c **** 
 104:..\..\..\BSP\OS\uCOS-II/bsp_os.c **** /*
 105:..\..\..\BSP\OS\uCOS-II/bsp_os.c **** ***************************************************************************************************
 106:..\..\..\BSP\OS\uCOS-II/bsp_os.c **** ***************************************************************************************************
 107:..\..\..\BSP\OS\uCOS-II/bsp_os.c **** **                                     BSP OS LOCKS FUNCTIONS
 108:..\..\..\BSP\OS\uCOS-II/bsp_os.c **** ***************************************************************************************************
 109:..\..\..\BSP\OS\uCOS-II/bsp_os.c **** ***************************************************************************************************
 110:..\..\..\BSP\OS\uCOS-II/bsp_os.c **** */
 111:..\..\..\BSP\OS\uCOS-II/bsp_os.c **** 
 112:..\..\..\BSP\OS\uCOS-II/bsp_os.c **** /*
 113:..\..\..\BSP\OS\uCOS-II/bsp_os.c **** ***************************************************************************************************
 114:..\..\..\BSP\OS\uCOS-II/bsp_os.c **** *                                      BSP_OS_SemCreate()
 115:..\..\..\BSP\OS\uCOS-II/bsp_os.c **** *
 116:..\..\..\BSP\OS\uCOS-II/bsp_os.c **** * Description : Creates a sempahore to lock/unlock
 117:..\..\..\BSP\OS\uCOS-II/bsp_os.c **** *
 118:..\..\..\BSP\OS\uCOS-II/bsp_os.c **** * Argument(s) : p_sem        Pointer to a BSP_OS_SEM structure
 119:..\..\..\BSP\OS\uCOS-II/bsp_os.c **** *
 120:..\..\..\BSP\OS\uCOS-II/bsp_os.c **** *               sem_val      Initial value of the semaphore.
 121:..\..\..\BSP\OS\uCOS-II/bsp_os.c **** *
 122:..\..\..\BSP\OS\uCOS-II/bsp_os.c **** *               p_sem_name   Pointer to the semaphore name.
 123:..\..\..\BSP\OS\uCOS-II/bsp_os.c **** *
 124:..\..\..\BSP\OS\uCOS-II/bsp_os.c **** * Return(s)   : DEF_OK        if the semaphore was created.
 125:..\..\..\BSP\OS\uCOS-II/bsp_os.c **** *               DEF_FAIL      if the sempahore could not be created.
 126:..\..\..\BSP\OS\uCOS-II/bsp_os.c **** *
 127:..\..\..\BSP\OS\uCOS-II/bsp_os.c **** * Caller(s)   : Application.
 128:..\..\..\BSP\OS\uCOS-II/bsp_os.c **** *
 129:..\..\..\BSP\OS\uCOS-II/bsp_os.c **** * Note(s)     : none.
 130:..\..\..\BSP\OS\uCOS-II/bsp_os.c **** *
 131:..\..\..\BSP\OS\uCOS-II/bsp_os.c **** ***************************************************************************************************
 132:..\..\..\BSP\OS\uCOS-II/bsp_os.c **** */
 133:..\..\..\BSP\OS\uCOS-II/bsp_os.c **** 
 134:..\..\..\BSP\OS\uCOS-II/bsp_os.c **** CPU_BOOLEAN  BSP_OS_SemCreate (BSP_OS_SEM      *p_sem,
 135:..\..\..\BSP\OS\uCOS-II/bsp_os.c ****                                BSP_OS_SEM_VAL   sem_val,
 136:..\..\..\BSP\OS\uCOS-II/bsp_os.c ****                                CPU_CHAR        *p_sem_name)
 137:..\..\..\BSP\OS\uCOS-II/bsp_os.c **** {
  28              		.loc 1 137 0
  29              		.cfi_startproc
  30              		@ args = 0, pretend = 0, frame = 24
  31              		@ frame_needed = 1, uses_anonymous_args = 0
  32 0000 80B5     		push	{r7, lr}
  33              		.cfi_def_cfa_offset 8
  34              		.cfi_offset 7, -8
ARM GAS  C:\Users\ADMINI~1\AppData\Local\Temp\ccniFOvV.s 			page 4


  35              		.cfi_offset 14, -4
  36 0002 86B0     		sub	sp, sp, #24
  37              		.cfi_def_cfa_offset 32
  38 0004 00AF     		add	r7, sp, #0
  39              		.cfi_def_cfa_register 7
  40 0006 F860     		str	r0, [r7, #12]
  41 0008 7A60     		str	r2, [r7, #4]
  42 000a 0A23     		movs	r3, #10
  43 000c FB18     		adds	r3, r7, r3
  44 000e 0A1C     		adds	r2, r1, #0
  45 0010 1A80     		strh	r2, [r3]
 138:..\..\..\BSP\OS\uCOS-II/bsp_os.c ****     OS_EVENT    *p_event;
 139:..\..\..\BSP\OS\uCOS-II/bsp_os.c **** 
 140:..\..\..\BSP\OS\uCOS-II/bsp_os.c **** #if (OS_EVENT_NAME_EN > 0)
 141:..\..\..\BSP\OS\uCOS-II/bsp_os.c ****     CPU_INT08U   os_err;
 142:..\..\..\BSP\OS\uCOS-II/bsp_os.c **** #endif
 143:..\..\..\BSP\OS\uCOS-II/bsp_os.c **** 
 144:..\..\..\BSP\OS\uCOS-II/bsp_os.c ****     p_event = OSSemCreate(sem_val);
  46              		.loc 1 144 0
  47 0012 0A23     		movs	r3, #10
  48 0014 FB18     		adds	r3, r7, r3
  49 0016 1B88     		ldrh	r3, [r3]
  50 0018 1800     		movs	r0, r3
  51 001a FFF7FEFF 		bl	OSSemCreate
  52 001e 0300     		movs	r3, r0
  53 0020 7B61     		str	r3, [r7, #20]
 145:..\..\..\BSP\OS\uCOS-II/bsp_os.c **** 
 146:..\..\..\BSP\OS\uCOS-II/bsp_os.c ****     if (p_event == (OS_EVENT *)0) {
  54              		.loc 1 146 0
  55 0022 7B69     		ldr	r3, [r7, #20]
  56 0024 002B     		cmp	r3, #0
  57 0026 01D1     		bne	.L2
 147:..\..\..\BSP\OS\uCOS-II/bsp_os.c ****         return (DEF_FAIL);
  58              		.loc 1 147 0
  59 0028 0023     		movs	r3, #0
  60 002a 0AE0     		b	.L4
  61              	.L2:
 148:..\..\..\BSP\OS\uCOS-II/bsp_os.c ****     }
 149:..\..\..\BSP\OS\uCOS-II/bsp_os.c **** 
 150:..\..\..\BSP\OS\uCOS-II/bsp_os.c ****     *p_sem = (BSP_OS_SEM)(p_event);
  62              		.loc 1 150 0
  63 002c FB68     		ldr	r3, [r7, #12]
  64 002e 7A69     		ldr	r2, [r7, #20]
  65 0030 1A60     		str	r2, [r3]
 151:..\..\..\BSP\OS\uCOS-II/bsp_os.c **** 
 152:..\..\..\BSP\OS\uCOS-II/bsp_os.c **** #if (OS_EVENT_NAME_EN > 0)
 153:..\..\..\BSP\OS\uCOS-II/bsp_os.c ****     OSEventNameSet(          p_event,
  66              		.loc 1 153 0
  67 0032 1323     		movs	r3, #19
  68 0034 FA18     		adds	r2, r7, r3
  69 0036 7968     		ldr	r1, [r7, #4]
  70 0038 7B69     		ldr	r3, [r7, #20]
  71 003a 1800     		movs	r0, r3
  72 003c FFF7FEFF 		bl	OSEventNameSet
 154:..\..\..\BSP\OS\uCOS-II/bsp_os.c ****                    (INT8U *) p_sem_name,
 155:..\..\..\BSP\OS\uCOS-II/bsp_os.c ****                             &os_err);
 156:..\..\..\BSP\OS\uCOS-II/bsp_os.c **** #endif
ARM GAS  C:\Users\ADMINI~1\AppData\Local\Temp\ccniFOvV.s 			page 5


 157:..\..\..\BSP\OS\uCOS-II/bsp_os.c **** 
 158:..\..\..\BSP\OS\uCOS-II/bsp_os.c ****     return (DEF_OK);
  73              		.loc 1 158 0
  74 0040 0123     		movs	r3, #1
  75              	.L4:
 159:..\..\..\BSP\OS\uCOS-II/bsp_os.c **** }
  76              		.loc 1 159 0 discriminator 1
  77 0042 1800     		movs	r0, r3
  78 0044 BD46     		mov	sp, r7
  79 0046 06B0     		add	sp, sp, #24
  80              		@ sp needed
  81 0048 80BD     		pop	{r7, pc}
  82              		.cfi_endproc
  83              	.LFE34:
  84              		.size	BSP_OS_SemCreate, .-BSP_OS_SemCreate
  85              		.global	__aeabi_uidiv
  86 004a C046     		.section	.text.BSP_OS_SemWait,"ax",%progbits
  87              		.align	2
  88              		.global	BSP_OS_SemWait
  89              		.code	16
  90              		.thumb_func
  91              		.type	BSP_OS_SemWait, %function
  92              	BSP_OS_SemWait:
  93              	.LFB35:
 160:..\..\..\BSP\OS\uCOS-II/bsp_os.c **** 
 161:..\..\..\BSP\OS\uCOS-II/bsp_os.c **** 
 162:..\..\..\BSP\OS\uCOS-II/bsp_os.c **** /*
 163:..\..\..\BSP\OS\uCOS-II/bsp_os.c **** ***************************************************************************************************
 164:..\..\..\BSP\OS\uCOS-II/bsp_os.c **** *                                     BSP_OS_SemWait()
 165:..\..\..\BSP\OS\uCOS-II/bsp_os.c **** *
 166:..\..\..\BSP\OS\uCOS-II/bsp_os.c **** * Description : Wait on a semaphore to become available
 167:..\..\..\BSP\OS\uCOS-II/bsp_os.c **** *
 168:..\..\..\BSP\OS\uCOS-II/bsp_os.c **** * Argument(s) : p_sem        Pointer to the sempahore handler.
 169:..\..\..\BSP\OS\uCOS-II/bsp_os.c **** *
 170:..\..\..\BSP\OS\uCOS-II/bsp_os.c **** *               dly_ms       delay in miliseconds to wait on the semaphore
 171:..\..\..\BSP\OS\uCOS-II/bsp_os.c **** *
 172:..\..\..\BSP\OS\uCOS-II/bsp_os.c **** * Return(s)   : error code return     DEF_OK       if the semaphore was acquire
 173:..\..\..\BSP\OS\uCOS-II/bsp_os.c **** *                                     DEF_FAIL     if the sempahore could not be acquire
 174:..\..\..\BSP\OS\uCOS-II/bsp_os.c **** *
 175:..\..\..\BSP\OS\uCOS-II/bsp_os.c **** * Caller(s)   : Application.
 176:..\..\..\BSP\OS\uCOS-II/bsp_os.c **** *
 177:..\..\..\BSP\OS\uCOS-II/bsp_os.c **** * Note(s)     : none.
 178:..\..\..\BSP\OS\uCOS-II/bsp_os.c **** ***************************************************************************************************
 179:..\..\..\BSP\OS\uCOS-II/bsp_os.c **** */
 180:..\..\..\BSP\OS\uCOS-II/bsp_os.c **** 
 181:..\..\..\BSP\OS\uCOS-II/bsp_os.c **** CPU_BOOLEAN  BSP_OS_SemWait (BSP_OS_SEM  *p_sem,
 182:..\..\..\BSP\OS\uCOS-II/bsp_os.c ****                              CPU_INT32U   dly_ms)
 183:..\..\..\BSP\OS\uCOS-II/bsp_os.c **** {
  94              		.loc 1 183 0
  95              		.cfi_startproc
  96              		@ args = 0, pretend = 0, frame = 16
  97              		@ frame_needed = 1, uses_anonymous_args = 0
  98 0000 80B5     		push	{r7, lr}
  99              		.cfi_def_cfa_offset 8
 100              		.cfi_offset 7, -8
 101              		.cfi_offset 14, -4
 102 0002 84B0     		sub	sp, sp, #16
ARM GAS  C:\Users\ADMINI~1\AppData\Local\Temp\ccniFOvV.s 			page 6


 103              		.cfi_def_cfa_offset 24
 104 0004 00AF     		add	r7, sp, #0
 105              		.cfi_def_cfa_register 7
 106 0006 7860     		str	r0, [r7, #4]
 107 0008 3960     		str	r1, [r7]
 184:..\..\..\BSP\OS\uCOS-II/bsp_os.c ****     CPU_INT08U  os_err;
 185:..\..\..\BSP\OS\uCOS-II/bsp_os.c ****     CPU_INT32U  dly_ticks;
 186:..\..\..\BSP\OS\uCOS-II/bsp_os.c **** 
 187:..\..\..\BSP\OS\uCOS-II/bsp_os.c **** 
 188:..\..\..\BSP\OS\uCOS-II/bsp_os.c ****     dly_ticks  = ((dly_ms * DEF_TIME_NBR_mS_PER_SEC) / OS_TICKS_PER_SEC);
 108              		.loc 1 188 0
 109 000a 3B68     		ldr	r3, [r7]
 110 000c FA22     		movs	r2, #250
 111 000e 9200     		lsls	r2, r2, #2
 112 0010 5A43     		muls	r2, r3
 113 0012 FA23     		movs	r3, #250
 114 0014 9900     		lsls	r1, r3, #2
 115 0016 1000     		movs	r0, r2
 116 0018 FFF7FEFF 		bl	__aeabi_uidiv
 117 001c 0300     		movs	r3, r0
 118 001e FB60     		str	r3, [r7, #12]
 189:..\..\..\BSP\OS\uCOS-II/bsp_os.c **** 
 190:..\..\..\BSP\OS\uCOS-II/bsp_os.c ****     OSSemPend(*p_sem,
 119              		.loc 1 190 0
 120 0020 7B68     		ldr	r3, [r7, #4]
 121 0022 1B68     		ldr	r3, [r3]
 122 0024 0B22     		movs	r2, #11
 123 0026 BA18     		adds	r2, r7, r2
 124 0028 F968     		ldr	r1, [r7, #12]
 125 002a 1800     		movs	r0, r3
 126 002c FFF7FEFF 		bl	OSSemPend
 191:..\..\..\BSP\OS\uCOS-II/bsp_os.c ****                dly_ticks,
 192:..\..\..\BSP\OS\uCOS-II/bsp_os.c ****               &os_err);
 193:..\..\..\BSP\OS\uCOS-II/bsp_os.c **** 
 194:..\..\..\BSP\OS\uCOS-II/bsp_os.c ****     if (os_err != OS_ERR_NONE) {
 127              		.loc 1 194 0
 128 0030 0B23     		movs	r3, #11
 129 0032 FB18     		adds	r3, r7, r3
 130 0034 1B78     		ldrb	r3, [r3]
 131 0036 002B     		cmp	r3, #0
 132 0038 01D0     		beq	.L6
 195:..\..\..\BSP\OS\uCOS-II/bsp_os.c ****        return (DEF_FAIL);
 133              		.loc 1 195 0
 134 003a 0023     		movs	r3, #0
 135 003c 00E0     		b	.L8
 136              	.L6:
 196:..\..\..\BSP\OS\uCOS-II/bsp_os.c ****     }
 197:..\..\..\BSP\OS\uCOS-II/bsp_os.c **** 
 198:..\..\..\BSP\OS\uCOS-II/bsp_os.c ****     return (DEF_OK);
 137              		.loc 1 198 0
 138 003e 0123     		movs	r3, #1
 139              	.L8:
 199:..\..\..\BSP\OS\uCOS-II/bsp_os.c **** }
 140              		.loc 1 199 0 discriminator 1
 141 0040 1800     		movs	r0, r3
 142 0042 BD46     		mov	sp, r7
 143 0044 04B0     		add	sp, sp, #16
ARM GAS  C:\Users\ADMINI~1\AppData\Local\Temp\ccniFOvV.s 			page 7


 144              		@ sp needed
 145 0046 80BD     		pop	{r7, pc}
 146              		.cfi_endproc
 147              	.LFE35:
 148              		.size	BSP_OS_SemWait, .-BSP_OS_SemWait
 149              		.section	.text.BSP_OS_SemPost,"ax",%progbits
 150              		.align	2
 151              		.global	BSP_OS_SemPost
 152              		.code	16
 153              		.thumb_func
 154              		.type	BSP_OS_SemPost, %function
 155              	BSP_OS_SemPost:
 156              	.LFB36:
 200:..\..\..\BSP\OS\uCOS-II/bsp_os.c **** 
 201:..\..\..\BSP\OS\uCOS-II/bsp_os.c **** /*
 202:..\..\..\BSP\OS\uCOS-II/bsp_os.c **** ***************************************************************************************************
 203:..\..\..\BSP\OS\uCOS-II/bsp_os.c **** *                                      BSP_OS_SemCreate()
 204:..\..\..\BSP\OS\uCOS-II/bsp_os.c **** *
 205:..\..\..\BSP\OS\uCOS-II/bsp_os.c **** * Description : Post a semaphore
 206:..\..\..\BSP\OS\uCOS-II/bsp_os.c **** *
 207:..\..\..\BSP\OS\uCOS-II/bsp_os.c **** * Argument(s) : p_sem                 Pointer to the Semaphore handler.
 208:..\..\..\BSP\OS\uCOS-II/bsp_os.c **** *
 209:..\..\..\BSP\OS\uCOS-II/bsp_os.c **** * Return(s)   : error code return     DEF_OK     if the semaphore was posted.
 210:..\..\..\BSP\OS\uCOS-II/bsp_os.c **** *                                     DEF_FAIL   if the sempahore could not be posted.
 211:..\..\..\BSP\OS\uCOS-II/bsp_os.c **** *
 212:..\..\..\BSP\OS\uCOS-II/bsp_os.c **** * Caller(s)   : Application.
 213:..\..\..\BSP\OS\uCOS-II/bsp_os.c **** *
 214:..\..\..\BSP\OS\uCOS-II/bsp_os.c **** * Note(s)     : none.
 215:..\..\..\BSP\OS\uCOS-II/bsp_os.c **** ***************************************************************************************************
 216:..\..\..\BSP\OS\uCOS-II/bsp_os.c **** */
 217:..\..\..\BSP\OS\uCOS-II/bsp_os.c **** 
 218:..\..\..\BSP\OS\uCOS-II/bsp_os.c **** CPU_BOOLEAN  BSP_OS_SemPost (BSP_OS_SEM  *p_sem)
 219:..\..\..\BSP\OS\uCOS-II/bsp_os.c **** {
 157              		.loc 1 219 0
 158              		.cfi_startproc
 159              		@ args = 0, pretend = 0, frame = 16
 160              		@ frame_needed = 1, uses_anonymous_args = 0
 161 0000 90B5     		push	{r4, r7, lr}
 162              		.cfi_def_cfa_offset 12
 163              		.cfi_offset 4, -12
 164              		.cfi_offset 7, -8
 165              		.cfi_offset 14, -4
 166 0002 85B0     		sub	sp, sp, #20
 167              		.cfi_def_cfa_offset 32
 168 0004 00AF     		add	r7, sp, #0
 169              		.cfi_def_cfa_register 7
 170 0006 7860     		str	r0, [r7, #4]
 220:..\..\..\BSP\OS\uCOS-II/bsp_os.c ****     CPU_INT08U  os_err;
 221:..\..\..\BSP\OS\uCOS-II/bsp_os.c **** 
 222:..\..\..\BSP\OS\uCOS-II/bsp_os.c **** 
 223:..\..\..\BSP\OS\uCOS-II/bsp_os.c ****     os_err = OSSemPost(*p_sem);
 171              		.loc 1 223 0
 172 0008 7B68     		ldr	r3, [r7, #4]
 173 000a 1B68     		ldr	r3, [r3]
 174 000c 0F22     		movs	r2, #15
 175 000e BC18     		adds	r4, r7, r2
 176 0010 1800     		movs	r0, r3
ARM GAS  C:\Users\ADMINI~1\AppData\Local\Temp\ccniFOvV.s 			page 8


 177 0012 FFF7FEFF 		bl	OSSemPost
 178 0016 0300     		movs	r3, r0
 179 0018 2370     		strb	r3, [r4]
 224:..\..\..\BSP\OS\uCOS-II/bsp_os.c **** 
 225:..\..\..\BSP\OS\uCOS-II/bsp_os.c ****     if (os_err != OS_ERR_NONE) {
 180              		.loc 1 225 0
 181 001a 0F23     		movs	r3, #15
 182 001c FB18     		adds	r3, r7, r3
 183 001e 1B78     		ldrb	r3, [r3]
 184 0020 002B     		cmp	r3, #0
 185 0022 01D0     		beq	.L10
 226:..\..\..\BSP\OS\uCOS-II/bsp_os.c ****         return (DEF_FAIL);
 186              		.loc 1 226 0
 187 0024 0023     		movs	r3, #0
 188 0026 00E0     		b	.L11
 189              	.L10:
 227:..\..\..\BSP\OS\uCOS-II/bsp_os.c ****     }
 228:..\..\..\BSP\OS\uCOS-II/bsp_os.c **** 
 229:..\..\..\BSP\OS\uCOS-II/bsp_os.c ****     return (DEF_OK);
 190              		.loc 1 229 0
 191 0028 0123     		movs	r3, #1
 192              	.L11:
 230:..\..\..\BSP\OS\uCOS-II/bsp_os.c **** }
 193              		.loc 1 230 0
 194 002a 1800     		movs	r0, r3
 195 002c BD46     		mov	sp, r7
 196 002e 05B0     		add	sp, sp, #20
 197              		@ sp needed
 198 0030 90BD     		pop	{r4, r7, pc}
 199              		.cfi_endproc
 200              	.LFE36:
 201              		.size	BSP_OS_SemPost, .-BSP_OS_SemPost
 202              		.global	__aeabi_uidivmod
 203 0032 C046     		.section	.text.BSP_OS_TimeDlyMs,"ax",%progbits
 204              		.align	2
 205              		.global	BSP_OS_TimeDlyMs
 206              		.code	16
 207              		.thumb_func
 208              		.type	BSP_OS_TimeDlyMs, %function
 209              	BSP_OS_TimeDlyMs:
 210              	.LFB37:
 231:..\..\..\BSP\OS\uCOS-II/bsp_os.c **** 
 232:..\..\..\BSP\OS\uCOS-II/bsp_os.c **** 
 233:..\..\..\BSP\OS\uCOS-II/bsp_os.c **** 
 234:..\..\..\BSP\OS\uCOS-II/bsp_os.c **** /*
 235:..\..\..\BSP\OS\uCOS-II/bsp_os.c **** ***************************************************************************************************
 236:..\..\..\BSP\OS\uCOS-II/bsp_os.c **** ***************************************************************************************************
 237:..\..\..\BSP\OS\uCOS-II/bsp_os.c **** **                                     uC/OS-II TIMER FUNCTIONS
 238:..\..\..\BSP\OS\uCOS-II/bsp_os.c **** ***************************************************************************************************
 239:..\..\..\BSP\OS\uCOS-II/bsp_os.c **** ***************************************************************************************************
 240:..\..\..\BSP\OS\uCOS-II/bsp_os.c **** */
 241:..\..\..\BSP\OS\uCOS-II/bsp_os.c **** 
 242:..\..\..\BSP\OS\uCOS-II/bsp_os.c **** /*
 243:..\..\..\BSP\OS\uCOS-II/bsp_os.c **** ***************************************************************************************************
 244:..\..\..\BSP\OS\uCOS-II/bsp_os.c **** *                                    BSP_TimeDlyMs()
 245:..\..\..\BSP\OS\uCOS-II/bsp_os.c **** *
 246:..\..\..\BSP\OS\uCOS-II/bsp_os.c **** * Description : This function delay the exceution for specifi amount of miliseconds
ARM GAS  C:\Users\ADMINI~1\AppData\Local\Temp\ccniFOvV.s 			page 9


 247:..\..\..\BSP\OS\uCOS-II/bsp_os.c **** *
 248:..\..\..\BSP\OS\uCOS-II/bsp_os.c **** * Argument(s) : dly_ms       Delay in miliseconds
 249:..\..\..\BSP\OS\uCOS-II/bsp_os.c **** *
 250:..\..\..\BSP\OS\uCOS-II/bsp_os.c **** * Return(s)   : none.
 251:..\..\..\BSP\OS\uCOS-II/bsp_os.c **** *
 252:..\..\..\BSP\OS\uCOS-II/bsp_os.c **** * Caller(s)   : Application
 253:..\..\..\BSP\OS\uCOS-II/bsp_os.c **** *
 254:..\..\..\BSP\OS\uCOS-II/bsp_os.c **** * Note(s)     : none.
 255:..\..\..\BSP\OS\uCOS-II/bsp_os.c **** *
 256:..\..\..\BSP\OS\uCOS-II/bsp_os.c **** ***************************************************************************************************
 257:..\..\..\BSP\OS\uCOS-II/bsp_os.c **** */
 258:..\..\..\BSP\OS\uCOS-II/bsp_os.c **** 
 259:..\..\..\BSP\OS\uCOS-II/bsp_os.c **** void  BSP_OS_TimeDlyMs (CPU_INT32U  dly_ms)
 260:..\..\..\BSP\OS\uCOS-II/bsp_os.c **** {
 211              		.loc 1 260 0
 212              		.cfi_startproc
 213              		@ args = 0, pretend = 0, frame = 16
 214              		@ frame_needed = 1, uses_anonymous_args = 0
 215 0000 80B5     		push	{r7, lr}
 216              		.cfi_def_cfa_offset 8
 217              		.cfi_offset 7, -8
 218              		.cfi_offset 14, -4
 219 0002 84B0     		sub	sp, sp, #16
 220              		.cfi_def_cfa_offset 24
 221 0004 00AF     		add	r7, sp, #0
 222              		.cfi_def_cfa_register 7
 223 0006 7860     		str	r0, [r7, #4]
 261:..\..\..\BSP\OS\uCOS-II/bsp_os.c ****     CPU_INT16U  os_ms;
 262:..\..\..\BSP\OS\uCOS-II/bsp_os.c ****     CPU_INT08U  os_sec;
 263:..\..\..\BSP\OS\uCOS-II/bsp_os.c **** 
 264:..\..\..\BSP\OS\uCOS-II/bsp_os.c **** 
 265:..\..\..\BSP\OS\uCOS-II/bsp_os.c ****     if (dly_ms > 10000u) {                                       /* Limit delays to 10 seconds.    
 224              		.loc 1 265 0
 225 0008 7B68     		ldr	r3, [r7, #4]
 226 000a 1B4A     		ldr	r2, .L16
 227 000c 9342     		cmp	r3, r2
 228 000e 01D9     		bls	.L13
 266:..\..\..\BSP\OS\uCOS-II/bsp_os.c ****         dly_ms = 10000u;
 229              		.loc 1 266 0
 230 0010 194B     		ldr	r3, .L16
 231 0012 7B60     		str	r3, [r7, #4]
 232              	.L13:
 267:..\..\..\BSP\OS\uCOS-II/bsp_os.c ****     }
 268:..\..\..\BSP\OS\uCOS-II/bsp_os.c **** 
 269:..\..\..\BSP\OS\uCOS-II/bsp_os.c ****     if (dly_ms >= 1000u) {
 233              		.loc 1 269 0
 234 0014 7B68     		ldr	r3, [r7, #4]
 235 0016 194A     		ldr	r2, .L16+4
 236 0018 9342     		cmp	r3, r2
 237 001a 16D9     		bls	.L14
 270:..\..\..\BSP\OS\uCOS-II/bsp_os.c ****         os_sec = dly_ms / 1000u;
 238              		.loc 1 270 0
 239 001c 7A68     		ldr	r2, [r7, #4]
 240 001e FA23     		movs	r3, #250
 241 0020 9900     		lsls	r1, r3, #2
 242 0022 1000     		movs	r0, r2
 243 0024 FFF7FEFF 		bl	__aeabi_uidiv
ARM GAS  C:\Users\ADMINI~1\AppData\Local\Temp\ccniFOvV.s 			page 10


 244 0028 0300     		movs	r3, r0
 245 002a 1A00     		movs	r2, r3
 246 002c 0D23     		movs	r3, #13
 247 002e FB18     		adds	r3, r7, r3
 248 0030 1A70     		strb	r2, [r3]
 271:..\..\..\BSP\OS\uCOS-II/bsp_os.c ****         os_ms  = dly_ms % 1000u;
 249              		.loc 1 271 0
 250 0032 7A68     		ldr	r2, [r7, #4]
 251 0034 FA23     		movs	r3, #250
 252 0036 9900     		lsls	r1, r3, #2
 253 0038 1000     		movs	r0, r2
 254 003a FFF7FEFF 		bl	__aeabi_uidivmod
 255 003e 0B00     		movs	r3, r1
 256 0040 1A00     		movs	r2, r3
 257 0042 0E23     		movs	r3, #14
 258 0044 FB18     		adds	r3, r7, r3
 259 0046 1A80     		strh	r2, [r3]
 260 0048 07E0     		b	.L15
 261              	.L14:
 272:..\..\..\BSP\OS\uCOS-II/bsp_os.c ****     } else {
 273:..\..\..\BSP\OS\uCOS-II/bsp_os.c ****         os_ms  = dly_ms;
 262              		.loc 1 273 0
 263 004a 0E23     		movs	r3, #14
 264 004c FB18     		adds	r3, r7, r3
 265 004e 7A68     		ldr	r2, [r7, #4]
 266 0050 1A80     		strh	r2, [r3]
 274:..\..\..\BSP\OS\uCOS-II/bsp_os.c ****         os_sec = 0u;
 267              		.loc 1 274 0
 268 0052 0D23     		movs	r3, #13
 269 0054 FB18     		adds	r3, r7, r3
 270 0056 0022     		movs	r2, #0
 271 0058 1A70     		strb	r2, [r3]
 272              	.L15:
 275:..\..\..\BSP\OS\uCOS-II/bsp_os.c ****     }
 276:..\..\..\BSP\OS\uCOS-II/bsp_os.c **** 
 277:..\..\..\BSP\OS\uCOS-II/bsp_os.c ****     OSTimeDlyHMSM(0u, 0u, os_sec, os_ms);
 273              		.loc 1 277 0
 274 005a 0E23     		movs	r3, #14
 275 005c FB18     		adds	r3, r7, r3
 276 005e 1988     		ldrh	r1, [r3]
 277 0060 0D23     		movs	r3, #13
 278 0062 FB18     		adds	r3, r7, r3
 279 0064 1A78     		ldrb	r2, [r3]
 280 0066 0B00     		movs	r3, r1
 281 0068 0021     		movs	r1, #0
 282 006a 0020     		movs	r0, #0
 283 006c FFF7FEFF 		bl	OSTimeDlyHMSM
 278:..\..\..\BSP\OS\uCOS-II/bsp_os.c **** }
 284              		.loc 1 278 0
 285 0070 C046     		nop
 286 0072 BD46     		mov	sp, r7
 287 0074 04B0     		add	sp, sp, #16
 288              		@ sp needed
 289 0076 80BD     		pop	{r7, pc}
 290              	.L17:
 291              		.align	2
 292              	.L16:
ARM GAS  C:\Users\ADMINI~1\AppData\Local\Temp\ccniFOvV.s 			page 11


 293 0078 10270000 		.word	10000
 294 007c E7030000 		.word	999
 295              		.cfi_endproc
 296              	.LFE37:
 297              		.size	BSP_OS_TimeDlyMs, .-BSP_OS_TimeDlyMs
 298              		.section	.text.BSP_OS_TimeDly,"ax",%progbits
 299              		.align	2
 300              		.global	BSP_OS_TimeDly
 301              		.code	16
 302              		.thumb_func
 303              		.type	BSP_OS_TimeDly, %function
 304              	BSP_OS_TimeDly:
 305              	.LFB38:
 279:..\..\..\BSP\OS\uCOS-II/bsp_os.c **** 
 280:..\..\..\BSP\OS\uCOS-II/bsp_os.c **** /*
 281:..\..\..\BSP\OS\uCOS-II/bsp_os.c **** ***************************************************************************************************
 282:..\..\..\BSP\OS\uCOS-II/bsp_os.c **** *                                    BSP_TimeDlyMs()
 283:..\..\..\BSP\OS\uCOS-II/bsp_os.c **** *
 284:..\..\..\BSP\OS\uCOS-II/bsp_os.c **** * Description : This function delay the exceution for specifi amount of miliseconds
 285:..\..\..\BSP\OS\uCOS-II/bsp_os.c **** *
 286:..\..\..\BSP\OS\uCOS-II/bsp_os.c **** * Argument(s) : dly_ms       Delay in miliseconds
 287:..\..\..\BSP\OS\uCOS-II/bsp_os.c **** *
 288:..\..\..\BSP\OS\uCOS-II/bsp_os.c **** * Return(s)   : none.
 289:..\..\..\BSP\OS\uCOS-II/bsp_os.c **** *
 290:..\..\..\BSP\OS\uCOS-II/bsp_os.c **** * Caller(s)   : Application
 291:..\..\..\BSP\OS\uCOS-II/bsp_os.c **** *
 292:..\..\..\BSP\OS\uCOS-II/bsp_os.c **** * Note(s)     : none.
 293:..\..\..\BSP\OS\uCOS-II/bsp_os.c **** *
 294:..\..\..\BSP\OS\uCOS-II/bsp_os.c **** ***************************************************************************************************
 295:..\..\..\BSP\OS\uCOS-II/bsp_os.c **** */
 296:..\..\..\BSP\OS\uCOS-II/bsp_os.c **** 
 297:..\..\..\BSP\OS\uCOS-II/bsp_os.c **** void  BSP_OS_TimeDly (CPU_INT32U  dly_tick)
 298:..\..\..\BSP\OS\uCOS-II/bsp_os.c **** {
 306              		.loc 1 298 0
 307              		.cfi_startproc
 308              		@ args = 0, pretend = 0, frame = 8
 309              		@ frame_needed = 1, uses_anonymous_args = 0
 310 0000 80B5     		push	{r7, lr}
 311              		.cfi_def_cfa_offset 8
 312              		.cfi_offset 7, -8
 313              		.cfi_offset 14, -4
 314 0002 82B0     		sub	sp, sp, #8
 315              		.cfi_def_cfa_offset 16
 316 0004 00AF     		add	r7, sp, #0
 317              		.cfi_def_cfa_register 7
 318 0006 7860     		str	r0, [r7, #4]
 299:..\..\..\BSP\OS\uCOS-II/bsp_os.c ****     OSTimeDly(dly_tick);
 319              		.loc 1 299 0
 320 0008 7B68     		ldr	r3, [r7, #4]
 321 000a 1800     		movs	r0, r3
 322 000c FFF7FEFF 		bl	OSTimeDly
 300:..\..\..\BSP\OS\uCOS-II/bsp_os.c **** }
 323              		.loc 1 300 0
 324 0010 C046     		nop
 325 0012 BD46     		mov	sp, r7
 326 0014 02B0     		add	sp, sp, #8
 327              		@ sp needed
ARM GAS  C:\Users\ADMINI~1\AppData\Local\Temp\ccniFOvV.s 			page 12


 328 0016 80BD     		pop	{r7, pc}
 329              		.cfi_endproc
 330              	.LFE38:
 331              		.size	BSP_OS_TimeDly, .-BSP_OS_TimeDly
 332              		.text
 333              	.Letext0:
 334              		.file 2 "..\\..\\..\\..\\..\\..\\Software\\uCOS-II\\Ports\\ARM-Cortex-M0\\Generic\\GNU/os_cpu.h"
 335              		.file 3 "..\\..\\..\\..\\..\\..\\Software\\uCOS-II\\Source/ucos_ii.h"
 336              		.file 4 "..\\..\\..\\..\\..\\..\\Software\\uC-CPU\\ARM-Cortex-M0\\GNU/cpu.h"
 337              		.file 5 "..\\..\\..\\BSP\\OS\\uCOS-II/bsp_os.h"
 338              		.section	.debug_info,"",%progbits
 339              	.Ldebug_info0:
 340 0000 DA020000 		.4byte	0x2da
 341 0004 0400     		.2byte	0x4
 342 0006 00000000 		.4byte	.Ldebug_abbrev0
 343 000a 04       		.byte	0x4
 344 000b 01       		.uleb128 0x1
 345 000c 9F000000 		.4byte	.LASF44
 346 0010 0C       		.byte	0xc
 347 0011 2D010000 		.4byte	.LASF45
 348 0015 64020000 		.4byte	.LASF46
 349 0019 00000000 		.4byte	.Ldebug_ranges0+0
 350 001d 00000000 		.4byte	0
 351 0021 00000000 		.4byte	.Ldebug_line0
 352 0025 02       		.uleb128 0x2
 353 0026 01       		.byte	0x1
 354 0027 06       		.byte	0x6
 355 0028 DE020000 		.4byte	.LASF0
 356 002c 02       		.uleb128 0x2
 357 002d 01       		.byte	0x1
 358 002e 08       		.byte	0x8
 359 002f 64000000 		.4byte	.LASF1
 360 0033 02       		.uleb128 0x2
 361 0034 02       		.byte	0x2
 362 0035 05       		.byte	0x5
 363 0036 41020000 		.4byte	.LASF2
 364 003a 02       		.uleb128 0x2
 365 003b 02       		.byte	0x2
 366 003c 07       		.byte	0x7
 367 003d 01020000 		.4byte	.LASF3
 368 0041 02       		.uleb128 0x2
 369 0042 04       		.byte	0x4
 370 0043 05       		.byte	0x5
 371 0044 BE020000 		.4byte	.LASF4
 372 0048 02       		.uleb128 0x2
 373 0049 04       		.byte	0x4
 374 004a 07       		.byte	0x7
 375 004b 77010000 		.4byte	.LASF5
 376 004f 02       		.uleb128 0x2
 377 0050 08       		.byte	0x8
 378 0051 05       		.byte	0x5
 379 0052 14020000 		.4byte	.LASF6
 380 0056 02       		.uleb128 0x2
 381 0057 08       		.byte	0x8
 382 0058 07       		.byte	0x7
 383 0059 9C010000 		.4byte	.LASF7
 384 005d 03       		.uleb128 0x3
ARM GAS  C:\Users\ADMINI~1\AppData\Local\Temp\ccniFOvV.s 			page 13


 385 005e 04       		.byte	0x4
 386 005f 05       		.byte	0x5
 387 0060 696E7400 		.ascii	"int\000"
 388 0064 02       		.uleb128 0x2
 389 0065 04       		.byte	0x4
 390 0066 07       		.byte	0x7
 391 0067 89010000 		.4byte	.LASF8
 392 006b 02       		.uleb128 0x2
 393 006c 08       		.byte	0x8
 394 006d 04       		.byte	0x4
 395 006e E4010000 		.4byte	.LASF9
 396 0072 04       		.uleb128 0x4
 397 0073 04       		.byte	0x4
 398 0074 02       		.uleb128 0x2
 399 0075 04       		.byte	0x4
 400 0076 07       		.byte	0x7
 401 0077 F0010000 		.4byte	.LASF10
 402 007b 02       		.uleb128 0x2
 403 007c 01       		.byte	0x1
 404 007d 08       		.byte	0x8
 405 007e 28020000 		.4byte	.LASF11
 406 0082 05       		.uleb128 0x5
 407 0083 96010000 		.4byte	.LASF12
 408 0087 02       		.byte	0x2
 409 0088 73       		.byte	0x73
 410 0089 2C000000 		.4byte	0x2c
 411 008d 05       		.uleb128 0x5
 412 008e 4C000000 		.4byte	.LASF13
 413 0092 02       		.byte	0x2
 414 0093 75       		.byte	0x75
 415 0094 3A000000 		.4byte	0x3a
 416 0098 02       		.uleb128 0x2
 417 0099 04       		.byte	0x4
 418 009a 04       		.byte	0x4
 419 009b 5E000000 		.4byte	.LASF14
 420 009f 02       		.uleb128 0x2
 421 00a0 08       		.byte	0x8
 422 00a1 04       		.byte	0x4
 423 00a2 EA020000 		.4byte	.LASF15
 424 00a6 06       		.uleb128 0x6
 425 00a7 2E000000 		.4byte	.LASF16
 426 00ab 03       		.byte	0x3
 427 00ac 7201     		.2byte	0x172
 428 00ae 82000000 		.4byte	0x82
 429 00b2 07       		.uleb128 0x7
 430 00b3 72000000 		.4byte	.LASF47
 431 00b7 18       		.byte	0x18
 432 00b8 03       		.byte	0x3
 433 00b9 7801     		.2byte	0x178
 434 00bb 0E010000 		.4byte	0x10e
 435 00bf 08       		.uleb128 0x8
 436 00c0 6B010000 		.4byte	.LASF17
 437 00c4 03       		.byte	0x3
 438 00c5 7901     		.2byte	0x179
 439 00c7 82000000 		.4byte	0x82
 440 00cb 00       		.byte	0
 441 00cc 08       		.uleb128 0x8
ARM GAS  C:\Users\ADMINI~1\AppData\Local\Temp\ccniFOvV.s 			page 14


 442 00cd 4E010000 		.4byte	.LASF18
 443 00d1 03       		.byte	0x3
 444 00d2 7A01     		.2byte	0x17a
 445 00d4 72000000 		.4byte	0x72
 446 00d8 04       		.byte	0x4
 447 00d9 08       		.uleb128 0x8
 448 00da 60010000 		.4byte	.LASF19
 449 00de 03       		.byte	0x3
 450 00df 7B01     		.2byte	0x17b
 451 00e1 8D000000 		.4byte	0x8d
 452 00e5 08       		.byte	0x8
 453 00e6 08       		.uleb128 0x8
 454 00e7 02030000 		.4byte	.LASF20
 455 00eb 03       		.byte	0x3
 456 00ec 7C01     		.2byte	0x17c
 457 00ee A6000000 		.4byte	0xa6
 458 00f2 0A       		.byte	0xa
 459 00f3 08       		.uleb128 0x8
 460 00f4 00000000 		.4byte	.LASF21
 461 00f8 03       		.byte	0x3
 462 00f9 7D01     		.2byte	0x17d
 463 00fb 0E010000 		.4byte	0x10e
 464 00ff 0B       		.byte	0xb
 465 0100 08       		.uleb128 0x8
 466 0101 82000000 		.4byte	.LASF22
 467 0105 03       		.byte	0x3
 468 0106 8001     		.2byte	0x180
 469 0108 1E010000 		.4byte	0x11e
 470 010c 14       		.byte	0x14
 471 010d 00       		.byte	0
 472 010e 09       		.uleb128 0x9
 473 010f A6000000 		.4byte	0xa6
 474 0113 1E010000 		.4byte	0x11e
 475 0117 0A       		.uleb128 0xa
 476 0118 74000000 		.4byte	0x74
 477 011c 07       		.byte	0x7
 478 011d 00       		.byte	0
 479 011e 0B       		.uleb128 0xb
 480 011f 04       		.byte	0x4
 481 0120 82000000 		.4byte	0x82
 482 0124 06       		.uleb128 0x6
 483 0125 2D020000 		.4byte	.LASF23
 484 0129 03       		.byte	0x3
 485 012a 8201     		.2byte	0x182
 486 012c B2000000 		.4byte	0xb2
 487 0130 0B       		.uleb128 0xb
 488 0131 04       		.byte	0x4
 489 0132 24010000 		.4byte	0x124
 490 0136 05       		.uleb128 0x5
 491 0137 25000000 		.4byte	.LASF24
 492 013b 04       		.byte	0x4
 493 013c 7C       		.byte	0x7c
 494 013d 7B000000 		.4byte	0x7b
 495 0141 05       		.uleb128 0x5
 496 0142 C4010000 		.4byte	.LASF25
 497 0146 04       		.byte	0x4
 498 0147 7D       		.byte	0x7d
ARM GAS  C:\Users\ADMINI~1\AppData\Local\Temp\ccniFOvV.s 			page 15


 499 0148 2C000000 		.4byte	0x2c
 500 014c 05       		.uleb128 0x5
 501 014d 8E000000 		.4byte	.LASF26
 502 0151 04       		.byte	0x4
 503 0152 7E       		.byte	0x7e
 504 0153 2C000000 		.4byte	0x2c
 505 0157 05       		.uleb128 0x5
 506 0158 D9010000 		.4byte	.LASF27
 507 015c 04       		.byte	0x4
 508 015d 80       		.byte	0x80
 509 015e 3A000000 		.4byte	0x3a
 510 0162 05       		.uleb128 0x5
 511 0163 53000000 		.4byte	.LASF28
 512 0167 04       		.byte	0x4
 513 0168 82       		.byte	0x82
 514 0169 64000000 		.4byte	0x64
 515 016d 05       		.uleb128 0x5
 516 016e 0B000000 		.4byte	.LASF29
 517 0172 05       		.byte	0x5
 518 0173 4C       		.byte	0x4c
 519 0174 30010000 		.4byte	0x130
 520 0178 05       		.uleb128 0x5
 521 0179 CF020000 		.4byte	.LASF30
 522 017d 05       		.byte	0x5
 523 017e 4D       		.byte	0x4d
 524 017f 57010000 		.4byte	0x157
 525 0183 0C       		.uleb128 0xc
 526 0184 F1020000 		.4byte	.LASF36
 527 0188 01       		.byte	0x1
 528 0189 86       		.byte	0x86
 529 018a 41010000 		.4byte	0x141
 530 018e 00000000 		.4byte	.LFB34
 531 0192 4A000000 		.4byte	.LFE34-.LFB34
 532 0196 01       		.uleb128 0x1
 533 0197 9C       		.byte	0x9c
 534 0198 E3010000 		.4byte	0x1e3
 535 019c 0D       		.uleb128 0xd
 536 019d 99000000 		.4byte	.LASF31
 537 01a1 01       		.byte	0x1
 538 01a2 86       		.byte	0x86
 539 01a3 E3010000 		.4byte	0x1e3
 540 01a7 02       		.uleb128 0x2
 541 01a8 91       		.byte	0x91
 542 01a9 6C       		.sleb128 -20
 543 01aa 0D       		.uleb128 0xd
 544 01ab C7020000 		.4byte	.LASF32
 545 01af 01       		.byte	0x1
 546 01b0 87       		.byte	0x87
 547 01b1 78010000 		.4byte	0x178
 548 01b5 02       		.uleb128 0x2
 549 01b6 91       		.byte	0x91
 550 01b7 6A       		.sleb128 -22
 551 01b8 0D       		.uleb128 0xd
 552 01b9 36020000 		.4byte	.LASF33
 553 01bd 01       		.byte	0x1
 554 01be 88       		.byte	0x88
 555 01bf E9010000 		.4byte	0x1e9
ARM GAS  C:\Users\ADMINI~1\AppData\Local\Temp\ccniFOvV.s 			page 16


 556 01c3 02       		.uleb128 0x2
 557 01c4 91       		.byte	0x91
 558 01c5 64       		.sleb128 -28
 559 01c6 0E       		.uleb128 0xe
 560 01c7 F9010000 		.4byte	.LASF34
 561 01cb 01       		.byte	0x1
 562 01cc 8A       		.byte	0x8a
 563 01cd 30010000 		.4byte	0x130
 564 01d1 02       		.uleb128 0x2
 565 01d2 91       		.byte	0x91
 566 01d3 74       		.sleb128 -12
 567 01d4 0E       		.uleb128 0xe
 568 01d5 59010000 		.4byte	.LASF35
 569 01d9 01       		.byte	0x1
 570 01da 8D       		.byte	0x8d
 571 01db 4C010000 		.4byte	0x14c
 572 01df 02       		.uleb128 0x2
 573 01e0 91       		.byte	0x91
 574 01e1 73       		.sleb128 -13
 575 01e2 00       		.byte	0
 576 01e3 0B       		.uleb128 0xb
 577 01e4 04       		.byte	0x4
 578 01e5 6D010000 		.4byte	0x16d
 579 01e9 0B       		.uleb128 0xb
 580 01ea 04       		.byte	0x4
 581 01eb 36010000 		.4byte	0x136
 582 01ef 0C       		.uleb128 0xc
 583 01f0 3D000000 		.4byte	.LASF37
 584 01f4 01       		.byte	0x1
 585 01f5 B5       		.byte	0xb5
 586 01f6 41010000 		.4byte	0x141
 587 01fa 00000000 		.4byte	.LFB35
 588 01fe 48000000 		.4byte	.LFE35-.LFB35
 589 0202 01       		.uleb128 0x1
 590 0203 9C       		.byte	0x9c
 591 0204 41020000 		.4byte	0x241
 592 0208 0D       		.uleb128 0xd
 593 0209 99000000 		.4byte	.LASF31
 594 020d 01       		.byte	0x1
 595 020e B5       		.byte	0xb5
 596 020f E3010000 		.4byte	0x1e3
 597 0213 02       		.uleb128 0x2
 598 0214 91       		.byte	0x91
 599 0215 6C       		.sleb128 -20
 600 0216 0D       		.uleb128 0xd
 601 0217 36000000 		.4byte	.LASF38
 602 021b 01       		.byte	0x1
 603 021c B6       		.byte	0xb6
 604 021d 62010000 		.4byte	0x162
 605 0221 02       		.uleb128 0x2
 606 0222 91       		.byte	0x91
 607 0223 68       		.sleb128 -24
 608 0224 0E       		.uleb128 0xe
 609 0225 59010000 		.4byte	.LASF35
 610 0229 01       		.byte	0x1
 611 022a B8       		.byte	0xb8
 612 022b 4C010000 		.4byte	0x14c
ARM GAS  C:\Users\ADMINI~1\AppData\Local\Temp\ccniFOvV.s 			page 17


 613 022f 02       		.uleb128 0x2
 614 0230 91       		.byte	0x91
 615 0231 73       		.sleb128 -13
 616 0232 0E       		.uleb128 0xe
 617 0233 5A020000 		.4byte	.LASF39
 618 0237 01       		.byte	0x1
 619 0238 B9       		.byte	0xb9
 620 0239 62010000 		.4byte	0x162
 621 023d 02       		.uleb128 0x2
 622 023e 91       		.byte	0x91
 623 023f 74       		.sleb128 -12
 624 0240 00       		.byte	0
 625 0241 0C       		.uleb128 0xc
 626 0242 4B020000 		.4byte	.LASF40
 627 0246 01       		.byte	0x1
 628 0247 DA       		.byte	0xda
 629 0248 41010000 		.4byte	0x141
 630 024c 00000000 		.4byte	.LFB36
 631 0250 32000000 		.4byte	.LFE36-.LFB36
 632 0254 01       		.uleb128 0x1
 633 0255 9C       		.byte	0x9c
 634 0256 77020000 		.4byte	0x277
 635 025a 0D       		.uleb128 0xd
 636 025b 99000000 		.4byte	.LASF31
 637 025f 01       		.byte	0x1
 638 0260 DA       		.byte	0xda
 639 0261 E3010000 		.4byte	0x1e3
 640 0265 02       		.uleb128 0x2
 641 0266 91       		.byte	0x91
 642 0267 64       		.sleb128 -28
 643 0268 0E       		.uleb128 0xe
 644 0269 59010000 		.4byte	.LASF35
 645 026d 01       		.byte	0x1
 646 026e DC       		.byte	0xdc
 647 026f 4C010000 		.4byte	0x14c
 648 0273 02       		.uleb128 0x2
 649 0274 91       		.byte	0x91
 650 0275 6F       		.sleb128 -17
 651 0276 00       		.byte	0
 652 0277 0F       		.uleb128 0xf
 653 0278 B3010000 		.4byte	.LASF48
 654 027c 01       		.byte	0x1
 655 027d 0301     		.2byte	0x103
 656 027f 00000000 		.4byte	.LFB37
 657 0283 80000000 		.4byte	.LFE37-.LFB37
 658 0287 01       		.uleb128 0x1
 659 0288 9C       		.byte	0x9c
 660 0289 BB020000 		.4byte	0x2bb
 661 028d 10       		.uleb128 0x10
 662 028e 36000000 		.4byte	.LASF38
 663 0292 01       		.byte	0x1
 664 0293 0301     		.2byte	0x103
 665 0295 62010000 		.4byte	0x162
 666 0299 02       		.uleb128 0x2
 667 029a 91       		.byte	0x91
 668 029b 6C       		.sleb128 -20
 669 029c 11       		.uleb128 0x11
ARM GAS  C:\Users\ADMINI~1\AppData\Local\Temp\ccniFOvV.s 			page 18


 670 029d 22020000 		.4byte	.LASF41
 671 02a1 01       		.byte	0x1
 672 02a2 0501     		.2byte	0x105
 673 02a4 57010000 		.4byte	0x157
 674 02a8 02       		.uleb128 0x2
 675 02a9 91       		.byte	0x91
 676 02aa 76       		.sleb128 -10
 677 02ab 11       		.uleb128 0x11
 678 02ac 7B000000 		.4byte	.LASF42
 679 02b0 01       		.byte	0x1
 680 02b1 0601     		.2byte	0x106
 681 02b3 4C010000 		.4byte	0x14c
 682 02b7 02       		.uleb128 0x2
 683 02b8 91       		.byte	0x91
 684 02b9 75       		.sleb128 -11
 685 02ba 00       		.byte	0
 686 02bb 12       		.uleb128 0x12
 687 02bc 16000000 		.4byte	.LASF49
 688 02c0 01       		.byte	0x1
 689 02c1 2901     		.2byte	0x129
 690 02c3 00000000 		.4byte	.LFB38
 691 02c7 18000000 		.4byte	.LFE38-.LFB38
 692 02cb 01       		.uleb128 0x1
 693 02cc 9C       		.byte	0x9c
 694 02cd 10       		.uleb128 0x10
 695 02ce D0010000 		.4byte	.LASF43
 696 02d2 01       		.byte	0x1
 697 02d3 2901     		.2byte	0x129
 698 02d5 62010000 		.4byte	0x162
 699 02d9 02       		.uleb128 0x2
 700 02da 91       		.byte	0x91
 701 02db 74       		.sleb128 -12
 702 02dc 00       		.byte	0
 703 02dd 00       		.byte	0
 704              		.section	.debug_abbrev,"",%progbits
 705              	.Ldebug_abbrev0:
 706 0000 01       		.uleb128 0x1
 707 0001 11       		.uleb128 0x11
 708 0002 01       		.byte	0x1
 709 0003 25       		.uleb128 0x25
 710 0004 0E       		.uleb128 0xe
 711 0005 13       		.uleb128 0x13
 712 0006 0B       		.uleb128 0xb
 713 0007 03       		.uleb128 0x3
 714 0008 0E       		.uleb128 0xe
 715 0009 1B       		.uleb128 0x1b
 716 000a 0E       		.uleb128 0xe
 717 000b 55       		.uleb128 0x55
 718 000c 17       		.uleb128 0x17
 719 000d 11       		.uleb128 0x11
 720 000e 01       		.uleb128 0x1
 721 000f 10       		.uleb128 0x10
 722 0010 17       		.uleb128 0x17
 723 0011 00       		.byte	0
 724 0012 00       		.byte	0
 725 0013 02       		.uleb128 0x2
 726 0014 24       		.uleb128 0x24
ARM GAS  C:\Users\ADMINI~1\AppData\Local\Temp\ccniFOvV.s 			page 19


 727 0015 00       		.byte	0
 728 0016 0B       		.uleb128 0xb
 729 0017 0B       		.uleb128 0xb
 730 0018 3E       		.uleb128 0x3e
 731 0019 0B       		.uleb128 0xb
 732 001a 03       		.uleb128 0x3
 733 001b 0E       		.uleb128 0xe
 734 001c 00       		.byte	0
 735 001d 00       		.byte	0
 736 001e 03       		.uleb128 0x3
 737 001f 24       		.uleb128 0x24
 738 0020 00       		.byte	0
 739 0021 0B       		.uleb128 0xb
 740 0022 0B       		.uleb128 0xb
 741 0023 3E       		.uleb128 0x3e
 742 0024 0B       		.uleb128 0xb
 743 0025 03       		.uleb128 0x3
 744 0026 08       		.uleb128 0x8
 745 0027 00       		.byte	0
 746 0028 00       		.byte	0
 747 0029 04       		.uleb128 0x4
 748 002a 0F       		.uleb128 0xf
 749 002b 00       		.byte	0
 750 002c 0B       		.uleb128 0xb
 751 002d 0B       		.uleb128 0xb
 752 002e 00       		.byte	0
 753 002f 00       		.byte	0
 754 0030 05       		.uleb128 0x5
 755 0031 16       		.uleb128 0x16
 756 0032 00       		.byte	0
 757 0033 03       		.uleb128 0x3
 758 0034 0E       		.uleb128 0xe
 759 0035 3A       		.uleb128 0x3a
 760 0036 0B       		.uleb128 0xb
 761 0037 3B       		.uleb128 0x3b
 762 0038 0B       		.uleb128 0xb
 763 0039 49       		.uleb128 0x49
 764 003a 13       		.uleb128 0x13
 765 003b 00       		.byte	0
 766 003c 00       		.byte	0
 767 003d 06       		.uleb128 0x6
 768 003e 16       		.uleb128 0x16
 769 003f 00       		.byte	0
 770 0040 03       		.uleb128 0x3
 771 0041 0E       		.uleb128 0xe
 772 0042 3A       		.uleb128 0x3a
 773 0043 0B       		.uleb128 0xb
 774 0044 3B       		.uleb128 0x3b
 775 0045 05       		.uleb128 0x5
 776 0046 49       		.uleb128 0x49
 777 0047 13       		.uleb128 0x13
 778 0048 00       		.byte	0
 779 0049 00       		.byte	0
 780 004a 07       		.uleb128 0x7
 781 004b 13       		.uleb128 0x13
 782 004c 01       		.byte	0x1
 783 004d 03       		.uleb128 0x3
ARM GAS  C:\Users\ADMINI~1\AppData\Local\Temp\ccniFOvV.s 			page 20


 784 004e 0E       		.uleb128 0xe
 785 004f 0B       		.uleb128 0xb
 786 0050 0B       		.uleb128 0xb
 787 0051 3A       		.uleb128 0x3a
 788 0052 0B       		.uleb128 0xb
 789 0053 3B       		.uleb128 0x3b
 790 0054 05       		.uleb128 0x5
 791 0055 01       		.uleb128 0x1
 792 0056 13       		.uleb128 0x13
 793 0057 00       		.byte	0
 794 0058 00       		.byte	0
 795 0059 08       		.uleb128 0x8
 796 005a 0D       		.uleb128 0xd
 797 005b 00       		.byte	0
 798 005c 03       		.uleb128 0x3
 799 005d 0E       		.uleb128 0xe
 800 005e 3A       		.uleb128 0x3a
 801 005f 0B       		.uleb128 0xb
 802 0060 3B       		.uleb128 0x3b
 803 0061 05       		.uleb128 0x5
 804 0062 49       		.uleb128 0x49
 805 0063 13       		.uleb128 0x13
 806 0064 38       		.uleb128 0x38
 807 0065 0B       		.uleb128 0xb
 808 0066 00       		.byte	0
 809 0067 00       		.byte	0
 810 0068 09       		.uleb128 0x9
 811 0069 01       		.uleb128 0x1
 812 006a 01       		.byte	0x1
 813 006b 49       		.uleb128 0x49
 814 006c 13       		.uleb128 0x13
 815 006d 01       		.uleb128 0x1
 816 006e 13       		.uleb128 0x13
 817 006f 00       		.byte	0
 818 0070 00       		.byte	0
 819 0071 0A       		.uleb128 0xa
 820 0072 21       		.uleb128 0x21
 821 0073 00       		.byte	0
 822 0074 49       		.uleb128 0x49
 823 0075 13       		.uleb128 0x13
 824 0076 2F       		.uleb128 0x2f
 825 0077 0B       		.uleb128 0xb
 826 0078 00       		.byte	0
 827 0079 00       		.byte	0
 828 007a 0B       		.uleb128 0xb
 829 007b 0F       		.uleb128 0xf
 830 007c 00       		.byte	0
 831 007d 0B       		.uleb128 0xb
 832 007e 0B       		.uleb128 0xb
 833 007f 49       		.uleb128 0x49
 834 0080 13       		.uleb128 0x13
 835 0081 00       		.byte	0
 836 0082 00       		.byte	0
 837 0083 0C       		.uleb128 0xc
 838 0084 2E       		.uleb128 0x2e
 839 0085 01       		.byte	0x1
 840 0086 3F       		.uleb128 0x3f
ARM GAS  C:\Users\ADMINI~1\AppData\Local\Temp\ccniFOvV.s 			page 21


 841 0087 19       		.uleb128 0x19
 842 0088 03       		.uleb128 0x3
 843 0089 0E       		.uleb128 0xe
 844 008a 3A       		.uleb128 0x3a
 845 008b 0B       		.uleb128 0xb
 846 008c 3B       		.uleb128 0x3b
 847 008d 0B       		.uleb128 0xb
 848 008e 27       		.uleb128 0x27
 849 008f 19       		.uleb128 0x19
 850 0090 49       		.uleb128 0x49
 851 0091 13       		.uleb128 0x13
 852 0092 11       		.uleb128 0x11
 853 0093 01       		.uleb128 0x1
 854 0094 12       		.uleb128 0x12
 855 0095 06       		.uleb128 0x6
 856 0096 40       		.uleb128 0x40
 857 0097 18       		.uleb128 0x18
 858 0098 9642     		.uleb128 0x2116
 859 009a 19       		.uleb128 0x19
 860 009b 01       		.uleb128 0x1
 861 009c 13       		.uleb128 0x13
 862 009d 00       		.byte	0
 863 009e 00       		.byte	0
 864 009f 0D       		.uleb128 0xd
 865 00a0 05       		.uleb128 0x5
 866 00a1 00       		.byte	0
 867 00a2 03       		.uleb128 0x3
 868 00a3 0E       		.uleb128 0xe
 869 00a4 3A       		.uleb128 0x3a
 870 00a5 0B       		.uleb128 0xb
 871 00a6 3B       		.uleb128 0x3b
 872 00a7 0B       		.uleb128 0xb
 873 00a8 49       		.uleb128 0x49
 874 00a9 13       		.uleb128 0x13
 875 00aa 02       		.uleb128 0x2
 876 00ab 18       		.uleb128 0x18
 877 00ac 00       		.byte	0
 878 00ad 00       		.byte	0
 879 00ae 0E       		.uleb128 0xe
 880 00af 34       		.uleb128 0x34
 881 00b0 00       		.byte	0
 882 00b1 03       		.uleb128 0x3
 883 00b2 0E       		.uleb128 0xe
 884 00b3 3A       		.uleb128 0x3a
 885 00b4 0B       		.uleb128 0xb
 886 00b5 3B       		.uleb128 0x3b
 887 00b6 0B       		.uleb128 0xb
 888 00b7 49       		.uleb128 0x49
 889 00b8 13       		.uleb128 0x13
 890 00b9 02       		.uleb128 0x2
 891 00ba 18       		.uleb128 0x18
 892 00bb 00       		.byte	0
 893 00bc 00       		.byte	0
 894 00bd 0F       		.uleb128 0xf
 895 00be 2E       		.uleb128 0x2e
 896 00bf 01       		.byte	0x1
 897 00c0 3F       		.uleb128 0x3f
ARM GAS  C:\Users\ADMINI~1\AppData\Local\Temp\ccniFOvV.s 			page 22


 898 00c1 19       		.uleb128 0x19
 899 00c2 03       		.uleb128 0x3
 900 00c3 0E       		.uleb128 0xe
 901 00c4 3A       		.uleb128 0x3a
 902 00c5 0B       		.uleb128 0xb
 903 00c6 3B       		.uleb128 0x3b
 904 00c7 05       		.uleb128 0x5
 905 00c8 27       		.uleb128 0x27
 906 00c9 19       		.uleb128 0x19
 907 00ca 11       		.uleb128 0x11
 908 00cb 01       		.uleb128 0x1
 909 00cc 12       		.uleb128 0x12
 910 00cd 06       		.uleb128 0x6
 911 00ce 40       		.uleb128 0x40
 912 00cf 18       		.uleb128 0x18
 913 00d0 9642     		.uleb128 0x2116
 914 00d2 19       		.uleb128 0x19
 915 00d3 01       		.uleb128 0x1
 916 00d4 13       		.uleb128 0x13
 917 00d5 00       		.byte	0
 918 00d6 00       		.byte	0
 919 00d7 10       		.uleb128 0x10
 920 00d8 05       		.uleb128 0x5
 921 00d9 00       		.byte	0
 922 00da 03       		.uleb128 0x3
 923 00db 0E       		.uleb128 0xe
 924 00dc 3A       		.uleb128 0x3a
 925 00dd 0B       		.uleb128 0xb
 926 00de 3B       		.uleb128 0x3b
 927 00df 05       		.uleb128 0x5
 928 00e0 49       		.uleb128 0x49
 929 00e1 13       		.uleb128 0x13
 930 00e2 02       		.uleb128 0x2
 931 00e3 18       		.uleb128 0x18
 932 00e4 00       		.byte	0
 933 00e5 00       		.byte	0
 934 00e6 11       		.uleb128 0x11
 935 00e7 34       		.uleb128 0x34
 936 00e8 00       		.byte	0
 937 00e9 03       		.uleb128 0x3
 938 00ea 0E       		.uleb128 0xe
 939 00eb 3A       		.uleb128 0x3a
 940 00ec 0B       		.uleb128 0xb
 941 00ed 3B       		.uleb128 0x3b
 942 00ee 05       		.uleb128 0x5
 943 00ef 49       		.uleb128 0x49
 944 00f0 13       		.uleb128 0x13
 945 00f1 02       		.uleb128 0x2
 946 00f2 18       		.uleb128 0x18
 947 00f3 00       		.byte	0
 948 00f4 00       		.byte	0
 949 00f5 12       		.uleb128 0x12
 950 00f6 2E       		.uleb128 0x2e
 951 00f7 01       		.byte	0x1
 952 00f8 3F       		.uleb128 0x3f
 953 00f9 19       		.uleb128 0x19
 954 00fa 03       		.uleb128 0x3
ARM GAS  C:\Users\ADMINI~1\AppData\Local\Temp\ccniFOvV.s 			page 23


 955 00fb 0E       		.uleb128 0xe
 956 00fc 3A       		.uleb128 0x3a
 957 00fd 0B       		.uleb128 0xb
 958 00fe 3B       		.uleb128 0x3b
 959 00ff 05       		.uleb128 0x5
 960 0100 27       		.uleb128 0x27
 961 0101 19       		.uleb128 0x19
 962 0102 11       		.uleb128 0x11
 963 0103 01       		.uleb128 0x1
 964 0104 12       		.uleb128 0x12
 965 0105 06       		.uleb128 0x6
 966 0106 40       		.uleb128 0x40
 967 0107 18       		.uleb128 0x18
 968 0108 9642     		.uleb128 0x2116
 969 010a 19       		.uleb128 0x19
 970 010b 00       		.byte	0
 971 010c 00       		.byte	0
 972 010d 00       		.byte	0
 973              		.section	.debug_aranges,"",%progbits
 974 0000 3C000000 		.4byte	0x3c
 975 0004 0200     		.2byte	0x2
 976 0006 00000000 		.4byte	.Ldebug_info0
 977 000a 04       		.byte	0x4
 978 000b 00       		.byte	0
 979 000c 0000     		.2byte	0
 980 000e 0000     		.2byte	0
 981 0010 00000000 		.4byte	.LFB34
 982 0014 4A000000 		.4byte	.LFE34-.LFB34
 983 0018 00000000 		.4byte	.LFB35
 984 001c 48000000 		.4byte	.LFE35-.LFB35
 985 0020 00000000 		.4byte	.LFB36
 986 0024 32000000 		.4byte	.LFE36-.LFB36
 987 0028 00000000 		.4byte	.LFB37
 988 002c 80000000 		.4byte	.LFE37-.LFB37
 989 0030 00000000 		.4byte	.LFB38
 990 0034 18000000 		.4byte	.LFE38-.LFB38
 991 0038 00000000 		.4byte	0
 992 003c 00000000 		.4byte	0
 993              		.section	.debug_ranges,"",%progbits
 994              	.Ldebug_ranges0:
 995 0000 00000000 		.4byte	.LFB34
 996 0004 4A000000 		.4byte	.LFE34
 997 0008 00000000 		.4byte	.LFB35
 998 000c 48000000 		.4byte	.LFE35
 999 0010 00000000 		.4byte	.LFB36
 1000 0014 32000000 		.4byte	.LFE36
 1001 0018 00000000 		.4byte	.LFB37
 1002 001c 80000000 		.4byte	.LFE37
 1003 0020 00000000 		.4byte	.LFB38
 1004 0024 18000000 		.4byte	.LFE38
 1005 0028 00000000 		.4byte	0
 1006 002c 00000000 		.4byte	0
 1007              		.section	.debug_line,"",%progbits
 1008              	.Ldebug_line0:
 1009 0000 81010000 		.section	.debug_str,"MS",%progbits,1
 1009      02000601 
 1009      00000201 
ARM GAS  C:\Users\ADMINI~1\AppData\Local\Temp\ccniFOvV.s 			page 24


 1009      FB0E0D00 
 1009      01010101 
 1010              	.LASF21:
 1011 0000 4F534576 		.ascii	"OSEventTbl\000"
 1011      656E7454 
 1011      626C00
 1012              	.LASF29:
 1013 000b 4253505F 		.ascii	"BSP_OS_SEM\000"
 1013      4F535F53 
 1013      454D00
 1014              	.LASF49:
 1015 0016 4253505F 		.ascii	"BSP_OS_TimeDly\000"
 1015      4F535F54 
 1015      696D6544 
 1015      6C7900
 1016              	.LASF24:
 1017 0025 4350555F 		.ascii	"CPU_CHAR\000"
 1017      43484152 
 1017      00
 1018              	.LASF16:
 1019 002e 4F535F50 		.ascii	"OS_PRIO\000"
 1019      52494F00 
 1020              	.LASF38:
 1021 0036 646C795F 		.ascii	"dly_ms\000"
 1021      6D7300
 1022              	.LASF37:
 1023 003d 4253505F 		.ascii	"BSP_OS_SemWait\000"
 1023      4F535F53 
 1023      656D5761 
 1023      697400
 1024              	.LASF13:
 1025 004c 494E5431 		.ascii	"INT16U\000"
 1025      365500
 1026              	.LASF28:
 1027 0053 4350555F 		.ascii	"CPU_INT32U\000"
 1027      494E5433 
 1027      325500
 1028              	.LASF14:
 1029 005e 666C6F61 		.ascii	"float\000"
 1029      7400
 1030              	.LASF1:
 1031 0064 756E7369 		.ascii	"unsigned char\000"
 1031      676E6564 
 1031      20636861 
 1031      7200
 1032              	.LASF47:
 1033 0072 6F735F65 		.ascii	"os_event\000"
 1033      76656E74 
 1033      00
 1034              	.LASF42:
 1035 007b 6F735F73 		.ascii	"os_sec\000"
 1035      656300
 1036              	.LASF22:
 1037 0082 4F534576 		.ascii	"OSEventName\000"
 1037      656E744E 
 1037      616D6500 
 1038              	.LASF26:
ARM GAS  C:\Users\ADMINI~1\AppData\Local\Temp\ccniFOvV.s 			page 25


 1039 008e 4350555F 		.ascii	"CPU_INT08U\000"
 1039      494E5430 
 1039      385500
 1040              	.LASF31:
 1041 0099 705F7365 		.ascii	"p_sem\000"
 1041      6D00
 1042              	.LASF44:
 1043 009f 474E5520 		.ascii	"GNU C11 5.4.1 20160609 (release) [ARM/embedded-5-br"
 1043      43313120 
 1043      352E342E 
 1043      31203230 
 1043      31363036 
 1044 00d2 616E6368 		.ascii	"anch revision 237715] -mcpu=cortex-m0 -mthumb -g -O"
 1044      20726576 
 1044      6973696F 
 1044      6E203233 
 1044      37373135 
 1045 0105 30202D66 		.ascii	"0 -ffunction-sections -ffat-lto-objects\000"
 1045      66756E63 
 1045      74696F6E 
 1045      2D736563 
 1045      74696F6E 
 1046              	.LASF45:
 1047 012d 2E2E5C2E 		.ascii	"..\\..\\..\\BSP\\OS\\uCOS-II\\bsp_os.c\000"
 1047      2E5C2E2E 
 1047      5C425350 
 1047      5C4F535C 
 1047      75434F53 
 1048              	.LASF18:
 1049 014e 4F534576 		.ascii	"OSEventPtr\000"
 1049      656E7450 
 1049      747200
 1050              	.LASF35:
 1051 0159 6F735F65 		.ascii	"os_err\000"
 1051      727200
 1052              	.LASF19:
 1053 0160 4F534576 		.ascii	"OSEventCnt\000"
 1053      656E7443 
 1053      6E7400
 1054              	.LASF17:
 1055 016b 4F534576 		.ascii	"OSEventType\000"
 1055      656E7454 
 1055      79706500 
 1056              	.LASF5:
 1057 0177 6C6F6E67 		.ascii	"long unsigned int\000"
 1057      20756E73 
 1057      69676E65 
 1057      6420696E 
 1057      7400
 1058              	.LASF8:
 1059 0189 756E7369 		.ascii	"unsigned int\000"
 1059      676E6564 
 1059      20696E74 
 1059      00
 1060              	.LASF12:
 1061 0196 494E5438 		.ascii	"INT8U\000"
 1061      5500
ARM GAS  C:\Users\ADMINI~1\AppData\Local\Temp\ccniFOvV.s 			page 26


 1062              	.LASF7:
 1063 019c 6C6F6E67 		.ascii	"long long unsigned int\000"
 1063      206C6F6E 
 1063      6720756E 
 1063      7369676E 
 1063      65642069 
 1064              	.LASF48:
 1065 01b3 4253505F 		.ascii	"BSP_OS_TimeDlyMs\000"
 1065      4F535F54 
 1065      696D6544 
 1065      6C794D73 
 1065      00
 1066              	.LASF25:
 1067 01c4 4350555F 		.ascii	"CPU_BOOLEAN\000"
 1067      424F4F4C 
 1067      45414E00 
 1068              	.LASF43:
 1069 01d0 646C795F 		.ascii	"dly_tick\000"
 1069      7469636B 
 1069      00
 1070              	.LASF27:
 1071 01d9 4350555F 		.ascii	"CPU_INT16U\000"
 1071      494E5431 
 1071      365500
 1072              	.LASF9:
 1073 01e4 6C6F6E67 		.ascii	"long double\000"
 1073      20646F75 
 1073      626C6500 
 1074              	.LASF10:
 1075 01f0 73697A65 		.ascii	"sizetype\000"
 1075      74797065 
 1075      00
 1076              	.LASF34:
 1077 01f9 705F6576 		.ascii	"p_event\000"
 1077      656E7400 
 1078              	.LASF3:
 1079 0201 73686F72 		.ascii	"short unsigned int\000"
 1079      7420756E 
 1079      7369676E 
 1079      65642069 
 1079      6E7400
 1080              	.LASF6:
 1081 0214 6C6F6E67 		.ascii	"long long int\000"
 1081      206C6F6E 
 1081      6720696E 
 1081      7400
 1082              	.LASF41:
 1083 0222 6F735F6D 		.ascii	"os_ms\000"
 1083      7300
 1084              	.LASF11:
 1085 0228 63686172 		.ascii	"char\000"
 1085      00
 1086              	.LASF23:
 1087 022d 4F535F45 		.ascii	"OS_EVENT\000"
 1087      56454E54 
 1087      00
 1088              	.LASF33:
ARM GAS  C:\Users\ADMINI~1\AppData\Local\Temp\ccniFOvV.s 			page 27


 1089 0236 705F7365 		.ascii	"p_sem_name\000"
 1089      6D5F6E61 
 1089      6D6500
 1090              	.LASF2:
 1091 0241 73686F72 		.ascii	"short int\000"
 1091      7420696E 
 1091      7400
 1092              	.LASF40:
 1093 024b 4253505F 		.ascii	"BSP_OS_SemPost\000"
 1093      4F535F53 
 1093      656D506F 
 1093      737400
 1094              	.LASF39:
 1095 025a 646C795F 		.ascii	"dly_ticks\000"
 1095      7469636B 
 1095      7300
 1096              	.LASF46:
 1097 0264 443A5C43 		.ascii	"D:\\CYTEST\\Micrium_CY8CKIT-044_OS2\\Micrium\\Examp"
 1097      59544553 
 1097      545C4D69 
 1097      63726975 
 1097      6D5F4359 
 1098 0293 6C65735C 		.ascii	"les\\Cypress\\CY8CKIT-044\\OS2\\PSoC\\OS2.cydsn\000"
 1098      43797072 
 1098      6573735C 
 1098      43593843 
 1098      4B49542D 
 1099              	.LASF4:
 1100 02be 6C6F6E67 		.ascii	"long int\000"
 1100      20696E74 
 1100      00
 1101              	.LASF32:
 1102 02c7 73656D5F 		.ascii	"sem_val\000"
 1102      76616C00 
 1103              	.LASF30:
 1104 02cf 4253505F 		.ascii	"BSP_OS_SEM_VAL\000"
 1104      4F535F53 
 1104      454D5F56 
 1104      414C00
 1105              	.LASF0:
 1106 02de 7369676E 		.ascii	"signed char\000"
 1106      65642063 
 1106      68617200 
 1107              	.LASF15:
 1108 02ea 646F7562 		.ascii	"double\000"
 1108      6C6500
 1109              	.LASF36:
 1110 02f1 4253505F 		.ascii	"BSP_OS_SemCreate\000"
 1110      4F535F53 
 1110      656D4372 
 1110      65617465 
 1110      00
 1111              	.LASF20:
 1112 0302 4F534576 		.ascii	"OSEventGrp\000"
 1112      656E7447 
 1112      727000
 1113              		.ident	"GCC: (GNU Tools for ARM Embedded Processors) 5.4.1 20160609 (release) [ARM/embedded-5-bran
ARM GAS  C:\Users\ADMINI~1\AppData\Local\Temp\ccniFOvV.s 			page 28


