ARM GAS  C:\Users\ADMINI~1\AppData\Local\Temp\ccOhnORu.s 			page 1


   1              		.syntax unified
   2              		.cpu cortex-m0
   3              		.fpu softvfp
   4              		.eabi_attribute 20, 1
   5              		.eabi_attribute 21, 1
   6              		.eabi_attribute 23, 3
   7              		.eabi_attribute 24, 1
   8              		.eabi_attribute 25, 1
   9              		.eabi_attribute 26, 1
  10              		.eabi_attribute 30, 6
  11              		.eabi_attribute 34, 0
  12              		.eabi_attribute 18, 4
  13              		.thumb
  14              		.syntax unified
  15              		.file	"DMA.c"
  16              		.text
  17              	.Ltext0:
  18              		.cfi_sections	.debug_frame
  19              		.section	.text.DMA_ChEnable,"ax",%progbits
  20              		.align	2
  21              		.code	16
  22              		.thumb_func
  23              		.type	DMA_ChEnable, %function
  24              	DMA_ChEnable:
  25              	.LFB0:
  26              		.file 1 "Generated_Source\\PSoC4\\DMA.h"
   1:Generated_Source\PSoC4/DMA.h **** /*******************************************************************************
   2:Generated_Source\PSoC4/DMA.h **** * File Name: DMA.h
   3:Generated_Source\PSoC4/DMA.h **** * Version 1.0
   4:Generated_Source\PSoC4/DMA.h **** *
   5:Generated_Source\PSoC4/DMA.h **** * Description:
   6:Generated_Source\PSoC4/DMA.h **** *  This file provides DMA channel defines and API function definitions.
   7:Generated_Source\PSoC4/DMA.h **** *
   8:Generated_Source\PSoC4/DMA.h **** ********************************************************************************
   9:Generated_Source\PSoC4/DMA.h **** * Copyright 2015, Cypress Semiconductor Corporation. All rights reserved.
  10:Generated_Source\PSoC4/DMA.h **** * You may use this file only in accordance with the license, terms, conditions,
  11:Generated_Source\PSoC4/DMA.h **** * disclaimers, and limitations in the end user license agreement accompanying
  12:Generated_Source\PSoC4/DMA.h **** * the software package with which this file was provided.
  13:Generated_Source\PSoC4/DMA.h **** *******************************************************************************/
  14:Generated_Source\PSoC4/DMA.h **** 
  15:Generated_Source\PSoC4/DMA.h **** #ifndef CY_DMA_CHANNEL_DMA_H
  16:Generated_Source\PSoC4/DMA.h **** #define CY_DMA_CHANNEL_DMA_H
  17:Generated_Source\PSoC4/DMA.h **** 
  18:Generated_Source\PSoC4/DMA.h **** #include "CyDMA.h"
  19:Generated_Source\PSoC4/DMA.h **** 
  20:Generated_Source\PSoC4/DMA.h ****     
  21:Generated_Source\PSoC4/DMA.h **** /***************************************
  22:Generated_Source\PSoC4/DMA.h **** *   Conditional Compilation Parameters
  23:Generated_Source\PSoC4/DMA.h **** ***************************************/
  24:Generated_Source\PSoC4/DMA.h **** 
  25:Generated_Source\PSoC4/DMA.h **** #define DMA_CHANNEL           (DMA__CHANNEL_NUMBER)
  26:Generated_Source\PSoC4/DMA.h **** #define DMA_CHANNEL_MASK      ((uint32)(1UL << DMA_CHANNEL))
  27:Generated_Source\PSoC4/DMA.h **** 
  28:Generated_Source\PSoC4/DMA.h **** 
  29:Generated_Source\PSoC4/DMA.h **** /***************************************
  30:Generated_Source\PSoC4/DMA.h **** *        Function Prototypes
  31:Generated_Source\PSoC4/DMA.h **** ***************************************/
ARM GAS  C:\Users\ADMINI~1\AppData\Local\Temp\ccOhnORu.s 			page 2


  32:Generated_Source\PSoC4/DMA.h **** 
  33:Generated_Source\PSoC4/DMA.h **** /* Functions specific to this DMA channel */
  34:Generated_Source\PSoC4/DMA.h **** void DMA_Init(void);
  35:Generated_Source\PSoC4/DMA.h **** void DMA_Start(void * srcAddress, void * dstAddress);
  36:Generated_Source\PSoC4/DMA.h **** 
  37:Generated_Source\PSoC4/DMA.h **** /* Inline functions that call global API functions */
  38:Generated_Source\PSoC4/DMA.h **** static void   DMA_ChEnable(void);
  39:Generated_Source\PSoC4/DMA.h **** static void   DMA_ChDisable(void);
  40:Generated_Source\PSoC4/DMA.h **** static void   DMA_Trigger(void);
  41:Generated_Source\PSoC4/DMA.h **** static void   DMA_SetPriority(int32 priority);
  42:Generated_Source\PSoC4/DMA.h **** static int32  DMA_GetPriority(void);
  43:Generated_Source\PSoC4/DMA.h **** static void   DMA_SetNextDescriptor(int32 descriptor);
  44:Generated_Source\PSoC4/DMA.h **** static int32  DMA_GetNextDescriptor(void);
  45:Generated_Source\PSoC4/DMA.h **** static void   DMA_SetConfiguration(int32 descriptor, const cydma_init_struct * config);
  46:Generated_Source\PSoC4/DMA.h **** static void   DMA_ValidateDescriptor(int32 descriptor);
  47:Generated_Source\PSoC4/DMA.h **** static uint32 DMA_GetDescriptorStatus(int32 descriptor);
  48:Generated_Source\PSoC4/DMA.h **** static void   DMA_SetSrcAddress(int32 descriptor, void * srcAddress);
  49:Generated_Source\PSoC4/DMA.h **** static void * DMA_GetSrcAddress(int32 descriptor);
  50:Generated_Source\PSoC4/DMA.h **** static void   DMA_SetDstAddress(int32 descriptor, void * dstAddress);
  51:Generated_Source\PSoC4/DMA.h **** static void * DMA_GetDstAddress(int32 descriptor);
  52:Generated_Source\PSoC4/DMA.h **** static void   DMA_SetDataElementSize(int32 descriptor, uint32 dataElementSize);
  53:Generated_Source\PSoC4/DMA.h **** static uint32 DMA_GetDataElementSize(int32 descriptor);
  54:Generated_Source\PSoC4/DMA.h **** static void   DMA_SetNumDataElements(int32 descriptor, int32 numDataElements);
  55:Generated_Source\PSoC4/DMA.h **** static int32  DMA_GetNumDataElements(int32 descriptor);
  56:Generated_Source\PSoC4/DMA.h **** static void   DMA_SetSrcDstTransferWidth(int32 descriptor, uint32 transferWidth);
  57:Generated_Source\PSoC4/DMA.h **** static uint32 DMA_GetSrcDstTransferWidth(int32 descriptor);
  58:Generated_Source\PSoC4/DMA.h **** static void   DMA_SetAddressIncrement(int32 descriptor, uint32 addressIncrement);
  59:Generated_Source\PSoC4/DMA.h **** static uint32 DMA_GetAddressIncrement(int32 descriptor);
  60:Generated_Source\PSoC4/DMA.h **** static void   DMA_SetTriggerType(int32 descriptor, uint32 triggerType);
  61:Generated_Source\PSoC4/DMA.h **** static uint32 DMA_GetTriggerType(int32 descriptor);
  62:Generated_Source\PSoC4/DMA.h **** static void   DMA_SetTransferMode(int32 descriptor, uint32 transferMode);
  63:Generated_Source\PSoC4/DMA.h **** static uint32 DMA_GetTransferMode(int32 descriptor);
  64:Generated_Source\PSoC4/DMA.h **** static void   DMA_SetPreemptable(int32 descriptor, uint32 preemptable);
  65:Generated_Source\PSoC4/DMA.h **** static uint32 DMA_GetPreemptable(int32 descriptor);
  66:Generated_Source\PSoC4/DMA.h **** static void   DMA_SetPostCompletionActions(int32 descriptor, uint32 actions);
  67:Generated_Source\PSoC4/DMA.h **** static uint32 DMA_GetPostCompletionAction(int32 descriptor);
  68:Generated_Source\PSoC4/DMA.h **** static cydma_callback_t DMA_SetInterruptCallback(cydma_callback_t callback);
  69:Generated_Source\PSoC4/DMA.h **** static cydma_callback_t DMA_GetInterruptCallback(void);
  70:Generated_Source\PSoC4/DMA.h **** 
  71:Generated_Source\PSoC4/DMA.h **** 
  72:Generated_Source\PSoC4/DMA.h **** /*******************************************************************************
  73:Generated_Source\PSoC4/DMA.h **** * Function Name: DMA_ChEnable
  74:Generated_Source\PSoC4/DMA.h **** ********************************************************************************
  75:Generated_Source\PSoC4/DMA.h **** *
  76:Generated_Source\PSoC4/DMA.h **** * Summary:
  77:Generated_Source\PSoC4/DMA.h **** *  Enables the DMA channel. It is not necessary to call DMA_ChEnable()
  78:Generated_Source\PSoC4/DMA.h **** *  because the DMA_Start() API calls this function, which is the
  79:Generated_Source\PSoC4/DMA.h **** *  preferred method to begin the component operation.
  80:Generated_Source\PSoC4/DMA.h **** *
  81:Generated_Source\PSoC4/DMA.h **** * Parameters:
  82:Generated_Source\PSoC4/DMA.h **** *  None.
  83:Generated_Source\PSoC4/DMA.h **** *                   
  84:Generated_Source\PSoC4/DMA.h **** * Return:
  85:Generated_Source\PSoC4/DMA.h **** *  None.
  86:Generated_Source\PSoC4/DMA.h **** *
  87:Generated_Source\PSoC4/DMA.h **** * Side effect:
  88:Generated_Source\PSoC4/DMA.h **** *  If this function is called before DMA_Start(), or DMA_Init()
ARM GAS  C:\Users\ADMINI~1\AppData\Local\Temp\ccOhnORu.s 			page 3


  89:Generated_Source\PSoC4/DMA.h **** *  or DMA_SetConfiguration(), and DMA_SetSrcAddress()
  90:Generated_Source\PSoC4/DMA.h **** *  and DMA_SetDstAddress the operation of the DMA is 
  91:Generated_Source\PSoC4/DMA.h **** *  undefined and could result in system data corruption. 
  92:Generated_Source\PSoC4/DMA.h **** *
  93:Generated_Source\PSoC4/DMA.h **** *******************************************************************************/
  94:Generated_Source\PSoC4/DMA.h **** static CY_INLINE void DMA_ChEnable(void)
  95:Generated_Source\PSoC4/DMA.h **** {
  27              		.loc 1 95 0
  28              		.cfi_startproc
  29              		@ args = 0, pretend = 0, frame = 0
  30              		@ frame_needed = 1, uses_anonymous_args = 0
  31 0000 80B5     		push	{r7, lr}
  32              		.cfi_def_cfa_offset 8
  33              		.cfi_offset 7, -8
  34              		.cfi_offset 14, -4
  35 0002 00AF     		add	r7, sp, #0
  36              		.cfi_def_cfa_register 7
  96:Generated_Source\PSoC4/DMA.h ****     CyDmaChEnable(DMA_CHANNEL);
  37              		.loc 1 96 0
  38 0004 0220     		movs	r0, #2
  39 0006 FFF7FEFF 		bl	CyDmaChEnable
  97:Generated_Source\PSoC4/DMA.h **** }
  40              		.loc 1 97 0
  41 000a C046     		nop
  42 000c BD46     		mov	sp, r7
  43              		@ sp needed
  44 000e 80BD     		pop	{r7, pc}
  45              		.cfi_endproc
  46              	.LFE0:
  47              		.size	DMA_ChEnable, .-DMA_ChEnable
  48              		.section	.text.DMA_ValidateDescriptor,"ax",%progbits
  49              		.align	2
  50              		.code	16
  51              		.thumb_func
  52              		.type	DMA_ValidateDescriptor, %function
  53              	DMA_ValidateDescriptor:
  54              	.LFB8:
  98:Generated_Source\PSoC4/DMA.h **** 
  99:Generated_Source\PSoC4/DMA.h **** 
 100:Generated_Source\PSoC4/DMA.h **** /*******************************************************************************
 101:Generated_Source\PSoC4/DMA.h **** * Function Name: DMA_ChDisable
 102:Generated_Source\PSoC4/DMA.h **** ********************************************************************************
 103:Generated_Source\PSoC4/DMA.h **** *
 104:Generated_Source\PSoC4/DMA.h **** * Summary:
 105:Generated_Source\PSoC4/DMA.h **** *  Disables the DMA channel.
 106:Generated_Source\PSoC4/DMA.h **** *
 107:Generated_Source\PSoC4/DMA.h **** * Parameters:
 108:Generated_Source\PSoC4/DMA.h **** *  None.
 109:Generated_Source\PSoC4/DMA.h **** *                   
 110:Generated_Source\PSoC4/DMA.h **** * Return:
 111:Generated_Source\PSoC4/DMA.h **** *  None.
 112:Generated_Source\PSoC4/DMA.h **** *
 113:Generated_Source\PSoC4/DMA.h **** * Side effect:
 114:Generated_Source\PSoC4/DMA.h **** *  If this function is called during a DMA transfer the transfer is aborted. 
 115:Generated_Source\PSoC4/DMA.h **** *
 116:Generated_Source\PSoC4/DMA.h **** *******************************************************************************/
 117:Generated_Source\PSoC4/DMA.h **** static CY_INLINE void DMA_ChDisable(void)
ARM GAS  C:\Users\ADMINI~1\AppData\Local\Temp\ccOhnORu.s 			page 4


 118:Generated_Source\PSoC4/DMA.h **** {
 119:Generated_Source\PSoC4/DMA.h ****     CyDmaChDisable(DMA_CHANNEL);
 120:Generated_Source\PSoC4/DMA.h **** }
 121:Generated_Source\PSoC4/DMA.h **** 
 122:Generated_Source\PSoC4/DMA.h **** 
 123:Generated_Source\PSoC4/DMA.h **** /*******************************************************************************
 124:Generated_Source\PSoC4/DMA.h **** * Function Name: DMA_Trigger
 125:Generated_Source\PSoC4/DMA.h **** ********************************************************************************
 126:Generated_Source\PSoC4/DMA.h **** *
 127:Generated_Source\PSoC4/DMA.h **** * Summary:
 128:Generated_Source\PSoC4/DMA.h **** *  Triggers the DMA channel, this is useful only for software triggers. This is
 129:Generated_Source\PSoC4/DMA.h **** *  not needed when hardware triggers are used.
 130:Generated_Source\PSoC4/DMA.h **** *
 131:Generated_Source\PSoC4/DMA.h **** * Parameters:
 132:Generated_Source\PSoC4/DMA.h **** *  None.
 133:Generated_Source\PSoC4/DMA.h **** *                   
 134:Generated_Source\PSoC4/DMA.h **** * Return:
 135:Generated_Source\PSoC4/DMA.h **** *  None. 
 136:Generated_Source\PSoC4/DMA.h **** *
 137:Generated_Source\PSoC4/DMA.h **** *******************************************************************************/
 138:Generated_Source\PSoC4/DMA.h **** static CY_INLINE void DMA_Trigger(void)
 139:Generated_Source\PSoC4/DMA.h **** {
 140:Generated_Source\PSoC4/DMA.h ****     CyDmaTrigger(DMA_CHANNEL);
 141:Generated_Source\PSoC4/DMA.h **** }
 142:Generated_Source\PSoC4/DMA.h **** 
 143:Generated_Source\PSoC4/DMA.h **** 
 144:Generated_Source\PSoC4/DMA.h **** /*******************************************************************************
 145:Generated_Source\PSoC4/DMA.h **** * Function Name: DMA_SetPriority
 146:Generated_Source\PSoC4/DMA.h **** ********************************************************************************
 147:Generated_Source\PSoC4/DMA.h **** *
 148:Generated_Source\PSoC4/DMA.h **** * Summary:
 149:Generated_Source\PSoC4/DMA.h **** *  Sets the priority for the channel.
 150:Generated_Source\PSoC4/DMA.h **** *
 151:Generated_Source\PSoC4/DMA.h **** * Parameters:
 152:Generated_Source\PSoC4/DMA.h **** *  priority: Priority for channel. Priority can be 0,1,2, or 3.
 153:Generated_Source\PSoC4/DMA.h **** *            0 is the highest priority.
 154:Generated_Source\PSoC4/DMA.h **** *                   
 155:Generated_Source\PSoC4/DMA.h **** * Return:
 156:Generated_Source\PSoC4/DMA.h **** *  None.
 157:Generated_Source\PSoC4/DMA.h **** *
 158:Generated_Source\PSoC4/DMA.h **** * Side effect:
 159:Generated_Source\PSoC4/DMA.h **** *  This function should not be called while the channel is enabled.
 160:Generated_Source\PSoC4/DMA.h **** *
 161:Generated_Source\PSoC4/DMA.h **** *******************************************************************************/
 162:Generated_Source\PSoC4/DMA.h **** static CY_INLINE void DMA_SetPriority(int32 priority)
 163:Generated_Source\PSoC4/DMA.h **** {
 164:Generated_Source\PSoC4/DMA.h ****     CyDmaSetPriority(DMA_CHANNEL, priority);
 165:Generated_Source\PSoC4/DMA.h **** }
 166:Generated_Source\PSoC4/DMA.h **** 
 167:Generated_Source\PSoC4/DMA.h **** 
 168:Generated_Source\PSoC4/DMA.h **** /*******************************************************************************
 169:Generated_Source\PSoC4/DMA.h **** * Function Name: DMA_GetPriority
 170:Generated_Source\PSoC4/DMA.h **** ********************************************************************************
 171:Generated_Source\PSoC4/DMA.h **** *
 172:Generated_Source\PSoC4/DMA.h **** * Summary:
 173:Generated_Source\PSoC4/DMA.h **** *  Gets the priority for the channel.
 174:Generated_Source\PSoC4/DMA.h **** *
ARM GAS  C:\Users\ADMINI~1\AppData\Local\Temp\ccOhnORu.s 			page 5


 175:Generated_Source\PSoC4/DMA.h **** * Parameters:
 176:Generated_Source\PSoC4/DMA.h **** *  None.
 177:Generated_Source\PSoC4/DMA.h **** *                   
 178:Generated_Source\PSoC4/DMA.h **** * Return:
 179:Generated_Source\PSoC4/DMA.h **** *  Priority for channel. Priority can be 0,1,2, or 3. 0 is the highest priority.
 180:Generated_Source\PSoC4/DMA.h **** *
 181:Generated_Source\PSoC4/DMA.h **** *******************************************************************************/
 182:Generated_Source\PSoC4/DMA.h **** static CY_INLINE int32 DMA_GetPriority(void)
 183:Generated_Source\PSoC4/DMA.h **** {
 184:Generated_Source\PSoC4/DMA.h ****     return (CyDmaGetPriority(DMA_CHANNEL));
 185:Generated_Source\PSoC4/DMA.h **** }
 186:Generated_Source\PSoC4/DMA.h **** 
 187:Generated_Source\PSoC4/DMA.h **** 
 188:Generated_Source\PSoC4/DMA.h **** /*******************************************************************************
 189:Generated_Source\PSoC4/DMA.h **** * Function Name: DMA_SetNextDescriptor
 190:Generated_Source\PSoC4/DMA.h **** ********************************************************************************
 191:Generated_Source\PSoC4/DMA.h **** *
 192:Generated_Source\PSoC4/DMA.h **** * Summary:
 193:Generated_Source\PSoC4/DMA.h **** *  Sets the descriptor that should be run the next time the channel is
 194:Generated_Source\PSoC4/DMA.h **** *  triggered.
 195:Generated_Source\PSoC4/DMA.h **** *
 196:Generated_Source\PSoC4/DMA.h **** * Parameters:
 197:Generated_Source\PSoC4/DMA.h **** *  descriptor: Next Descriptor to run (0 or 1).
 198:Generated_Source\PSoC4/DMA.h **** *                   
 199:Generated_Source\PSoC4/DMA.h **** * Side effect:
 200:Generated_Source\PSoC4/DMA.h **** *  This function should not be called while the channel is enabled.
 201:Generated_Source\PSoC4/DMA.h **** *
 202:Generated_Source\PSoC4/DMA.h **** *******************************************************************************/
 203:Generated_Source\PSoC4/DMA.h **** static CY_INLINE void DMA_SetNextDescriptor(int32 descriptor)
 204:Generated_Source\PSoC4/DMA.h **** {
 205:Generated_Source\PSoC4/DMA.h ****     CyDmaSetNextDescriptor(DMA_CHANNEL, descriptor);
 206:Generated_Source\PSoC4/DMA.h **** }
 207:Generated_Source\PSoC4/DMA.h **** 
 208:Generated_Source\PSoC4/DMA.h **** 
 209:Generated_Source\PSoC4/DMA.h **** /*******************************************************************************
 210:Generated_Source\PSoC4/DMA.h **** * Function Name: DMA_GetNextDescriptor
 211:Generated_Source\PSoC4/DMA.h **** ********************************************************************************
 212:Generated_Source\PSoC4/DMA.h **** *
 213:Generated_Source\PSoC4/DMA.h **** * Summary:
 214:Generated_Source\PSoC4/DMA.h **** *  Returns the next descriptor that should be run, as set by 
 215:Generated_Source\PSoC4/DMA.h **** *  DMA_SetNextDescriptor().
 216:Generated_Source\PSoC4/DMA.h **** *
 217:Generated_Source\PSoC4/DMA.h **** * Parameters:
 218:Generated_Source\PSoC4/DMA.h **** *  None.
 219:Generated_Source\PSoC4/DMA.h **** *                   
 220:Generated_Source\PSoC4/DMA.h **** * Return:
 221:Generated_Source\PSoC4/DMA.h **** *  Next Descriptor to run (0 or 1).
 222:Generated_Source\PSoC4/DMA.h **** *
 223:Generated_Source\PSoC4/DMA.h **** *******************************************************************************/
 224:Generated_Source\PSoC4/DMA.h **** static CY_INLINE int32 DMA_GetNextDescriptor(void)
 225:Generated_Source\PSoC4/DMA.h **** {
 226:Generated_Source\PSoC4/DMA.h ****     return (CyDmaGetNextDescriptor(DMA_CHANNEL));
 227:Generated_Source\PSoC4/DMA.h **** }
 228:Generated_Source\PSoC4/DMA.h **** 
 229:Generated_Source\PSoC4/DMA.h **** 
 230:Generated_Source\PSoC4/DMA.h **** /*******************************************************************************
 231:Generated_Source\PSoC4/DMA.h **** * Function Name: DMA_SetConfiguration
ARM GAS  C:\Users\ADMINI~1\AppData\Local\Temp\ccOhnORu.s 			page 6


 232:Generated_Source\PSoC4/DMA.h **** ********************************************************************************
 233:Generated_Source\PSoC4/DMA.h **** *
 234:Generated_Source\PSoC4/DMA.h **** * Summary:
 235:Generated_Source\PSoC4/DMA.h **** *  Sets configuration information for the specified descriptor.
 236:Generated_Source\PSoC4/DMA.h **** *
 237:Generated_Source\PSoC4/DMA.h **** * Parameters:
 238:Generated_Source\PSoC4/DMA.h **** *  descriptor: Descriptor (0 or 1) modified by this function.
 239:Generated_Source\PSoC4/DMA.h **** *  config: Pointer to a configuration structure. Refer to cydma_init_struct
 240:Generated_Source\PSoC4/DMA.h **** *          structure definition in CyDMA_P4.h or the component datasheet.
 241:Generated_Source\PSoC4/DMA.h **** *                   
 242:Generated_Source\PSoC4/DMA.h **** * Return:
 243:Generated_Source\PSoC4/DMA.h **** *  None.
 244:Generated_Source\PSoC4/DMA.h **** *
 245:Generated_Source\PSoC4/DMA.h **** * Side effect:
 246:Generated_Source\PSoC4/DMA.h **** *  The status register associated with the specified descriptor is reset to
 247:Generated_Source\PSoC4/DMA.h **** *  zero after this function call. This function also validates the descriptor.
 248:Generated_Source\PSoC4/DMA.h **** *  This function should not be called while the descriptor is active.
 249:Generated_Source\PSoC4/DMA.h **** *  This can be checked by calling CyDmaGetStatus().
 250:Generated_Source\PSoC4/DMA.h **** *
 251:Generated_Source\PSoC4/DMA.h **** *******************************************************************************/
 252:Generated_Source\PSoC4/DMA.h **** static CY_INLINE void DMA_SetConfiguration(int32 descriptor, const cydma_init_struct * config)
 253:Generated_Source\PSoC4/DMA.h **** {
 254:Generated_Source\PSoC4/DMA.h ****     CyDmaSetConfiguration(DMA_CHANNEL, descriptor, config);
 255:Generated_Source\PSoC4/DMA.h **** }
 256:Generated_Source\PSoC4/DMA.h **** 
 257:Generated_Source\PSoC4/DMA.h **** 
 258:Generated_Source\PSoC4/DMA.h **** /*******************************************************************************
 259:Generated_Source\PSoC4/DMA.h **** * Function Name: DMA_ValidateDescriptor
 260:Generated_Source\PSoC4/DMA.h **** ********************************************************************************
 261:Generated_Source\PSoC4/DMA.h **** *
 262:Generated_Source\PSoC4/DMA.h **** * Summary:
 263:Generated_Source\PSoC4/DMA.h **** *  Validates the specified descriptor after it has been invalidated.
 264:Generated_Source\PSoC4/DMA.h **** *
 265:Generated_Source\PSoC4/DMA.h **** * Parameters:
 266:Generated_Source\PSoC4/DMA.h **** *  descriptor: Descriptor (0 or 1) modified by this function.
 267:Generated_Source\PSoC4/DMA.h **** *                   
 268:Generated_Source\PSoC4/DMA.h **** * Return:
 269:Generated_Source\PSoC4/DMA.h **** *  None. 
 270:Generated_Source\PSoC4/DMA.h **** *
 271:Generated_Source\PSoC4/DMA.h **** * Side effect:
 272:Generated_Source\PSoC4/DMA.h **** *  The status register associated with the specified descriptor is reset to
 273:Generated_Source\PSoC4/DMA.h **** *  zero after this function call. This function should not be called while the
 274:Generated_Source\PSoC4/DMA.h **** *  descriptor is active. This can be checked by calling CyDmaGetStatus().
 275:Generated_Source\PSoC4/DMA.h **** *
 276:Generated_Source\PSoC4/DMA.h **** *******************************************************************************/
 277:Generated_Source\PSoC4/DMA.h **** static CY_INLINE void DMA_ValidateDescriptor(int32 descriptor)
 278:Generated_Source\PSoC4/DMA.h **** {
  55              		.loc 1 278 0
  56              		.cfi_startproc
  57              		@ args = 0, pretend = 0, frame = 8
  58              		@ frame_needed = 1, uses_anonymous_args = 0
  59 0000 80B5     		push	{r7, lr}
  60              		.cfi_def_cfa_offset 8
  61              		.cfi_offset 7, -8
  62              		.cfi_offset 14, -4
  63 0002 82B0     		sub	sp, sp, #8
  64              		.cfi_def_cfa_offset 16
ARM GAS  C:\Users\ADMINI~1\AppData\Local\Temp\ccOhnORu.s 			page 7


  65 0004 00AF     		add	r7, sp, #0
  66              		.cfi_def_cfa_register 7
  67 0006 7860     		str	r0, [r7, #4]
 279:Generated_Source\PSoC4/DMA.h ****     CyDmaValidateDescriptor(DMA_CHANNEL, descriptor);
  68              		.loc 1 279 0
  69 0008 7B68     		ldr	r3, [r7, #4]
  70 000a 1900     		movs	r1, r3
  71 000c 0220     		movs	r0, #2
  72 000e FFF7FEFF 		bl	CyDmaValidateDescriptor
 280:Generated_Source\PSoC4/DMA.h **** }
  73              		.loc 1 280 0
  74 0012 C046     		nop
  75 0014 BD46     		mov	sp, r7
  76 0016 02B0     		add	sp, sp, #8
  77              		@ sp needed
  78 0018 80BD     		pop	{r7, pc}
  79              		.cfi_endproc
  80              	.LFE8:
  81              		.size	DMA_ValidateDescriptor, .-DMA_ValidateDescriptor
  82 001a C046     		.section	.text.DMA_SetSrcAddress,"ax",%progbits
  83              		.align	2
  84              		.code	16
  85              		.thumb_func
  86              		.type	DMA_SetSrcAddress, %function
  87              	DMA_SetSrcAddress:
  88              	.LFB10:
 281:Generated_Source\PSoC4/DMA.h **** 
 282:Generated_Source\PSoC4/DMA.h **** 
 283:Generated_Source\PSoC4/DMA.h **** /*******************************************************************************
 284:Generated_Source\PSoC4/DMA.h **** * Function Name: DMA_GetDescriptorStatus
 285:Generated_Source\PSoC4/DMA.h **** ********************************************************************************
 286:Generated_Source\PSoC4/DMA.h **** *
 287:Generated_Source\PSoC4/DMA.h **** * Summary:
 288:Generated_Source\PSoC4/DMA.h **** *  Returns the status of the specified descriptor.
 289:Generated_Source\PSoC4/DMA.h **** *
 290:Generated_Source\PSoC4/DMA.h **** * Parameters:
 291:Generated_Source\PSoC4/DMA.h **** *  descriptor: Descriptor (0 or 1) modified by this function.
 292:Generated_Source\PSoC4/DMA.h **** *                   
 293:Generated_Source\PSoC4/DMA.h **** * Return:
 294:Generated_Source\PSoC4/DMA.h **** *  Returns the contents of the specified descriptors status register. Refer to 
 295:Generated_Source\PSoC4/DMA.h **** *  descriptor status register bit definitions in CyDMA_P4.h or the API
 296:Generated_Source\PSoC4/DMA.h **** *  description in the DMA channel datasheet for more information.
 297:Generated_Source\PSoC4/DMA.h **** *
 298:Generated_Source\PSoC4/DMA.h **** *******************************************************************************/
 299:Generated_Source\PSoC4/DMA.h **** static CY_INLINE uint32 DMA_GetDescriptorStatus(int32 descriptor)
 300:Generated_Source\PSoC4/DMA.h **** {
 301:Generated_Source\PSoC4/DMA.h ****     return (CyDmaGetDescriptorStatus(DMA_CHANNEL, descriptor));
 302:Generated_Source\PSoC4/DMA.h **** }
 303:Generated_Source\PSoC4/DMA.h **** 
 304:Generated_Source\PSoC4/DMA.h **** 
 305:Generated_Source\PSoC4/DMA.h **** /*******************************************************************************
 306:Generated_Source\PSoC4/DMA.h **** * Function Name: DMA_SetSrcAddress
 307:Generated_Source\PSoC4/DMA.h **** ********************************************************************************
 308:Generated_Source\PSoC4/DMA.h **** *
 309:Generated_Source\PSoC4/DMA.h **** * Summary:
 310:Generated_Source\PSoC4/DMA.h **** *  Configures the source address for the specified descriptor.
 311:Generated_Source\PSoC4/DMA.h **** *
ARM GAS  C:\Users\ADMINI~1\AppData\Local\Temp\ccOhnORu.s 			page 8


 312:Generated_Source\PSoC4/DMA.h **** * Parameters:
 313:Generated_Source\PSoC4/DMA.h **** *  descriptor: Descriptor (0 or 1) modified by this function.
 314:Generated_Source\PSoC4/DMA.h **** *  srcAddress: Address of DMA transfer source.
 315:Generated_Source\PSoC4/DMA.h **** *                   
 316:Generated_Source\PSoC4/DMA.h **** * Return:
 317:Generated_Source\PSoC4/DMA.h **** *  None.
 318:Generated_Source\PSoC4/DMA.h **** *
 319:Generated_Source\PSoC4/DMA.h **** * Side effect:
 320:Generated_Source\PSoC4/DMA.h **** *  This function should not be called when the specified descriptor is active
 321:Generated_Source\PSoC4/DMA.h **** *  in the DMA transfer engine. This can be checked by calling CyDmaGetStatus(). 
 322:Generated_Source\PSoC4/DMA.h **** *
 323:Generated_Source\PSoC4/DMA.h **** *******************************************************************************/
 324:Generated_Source\PSoC4/DMA.h **** static CY_INLINE void DMA_SetSrcAddress(int32 descriptor, void * srcAddress)
 325:Generated_Source\PSoC4/DMA.h **** {
  89              		.loc 1 325 0
  90              		.cfi_startproc
  91              		@ args = 0, pretend = 0, frame = 8
  92              		@ frame_needed = 1, uses_anonymous_args = 0
  93 0000 80B5     		push	{r7, lr}
  94              		.cfi_def_cfa_offset 8
  95              		.cfi_offset 7, -8
  96              		.cfi_offset 14, -4
  97 0002 82B0     		sub	sp, sp, #8
  98              		.cfi_def_cfa_offset 16
  99 0004 00AF     		add	r7, sp, #0
 100              		.cfi_def_cfa_register 7
 101 0006 7860     		str	r0, [r7, #4]
 102 0008 3960     		str	r1, [r7]
 326:Generated_Source\PSoC4/DMA.h ****     CyDmaSetSrcAddress(DMA_CHANNEL, descriptor, srcAddress);
 103              		.loc 1 326 0
 104 000a 3A68     		ldr	r2, [r7]
 105 000c 7B68     		ldr	r3, [r7, #4]
 106 000e 1900     		movs	r1, r3
 107 0010 0220     		movs	r0, #2
 108 0012 FFF7FEFF 		bl	CyDmaSetSrcAddress
 327:Generated_Source\PSoC4/DMA.h **** }
 109              		.loc 1 327 0
 110 0016 C046     		nop
 111 0018 BD46     		mov	sp, r7
 112 001a 02B0     		add	sp, sp, #8
 113              		@ sp needed
 114 001c 80BD     		pop	{r7, pc}
 115              		.cfi_endproc
 116              	.LFE10:
 117              		.size	DMA_SetSrcAddress, .-DMA_SetSrcAddress
 118 001e C046     		.section	.text.DMA_SetDstAddress,"ax",%progbits
 119              		.align	2
 120              		.code	16
 121              		.thumb_func
 122              		.type	DMA_SetDstAddress, %function
 123              	DMA_SetDstAddress:
 124              	.LFB12:
 328:Generated_Source\PSoC4/DMA.h **** 
 329:Generated_Source\PSoC4/DMA.h **** 
 330:Generated_Source\PSoC4/DMA.h **** /*******************************************************************************
 331:Generated_Source\PSoC4/DMA.h **** * Function Name: DMA_GetSrcAddress
 332:Generated_Source\PSoC4/DMA.h **** ********************************************************************************
ARM GAS  C:\Users\ADMINI~1\AppData\Local\Temp\ccOhnORu.s 			page 9


 333:Generated_Source\PSoC4/DMA.h **** *
 334:Generated_Source\PSoC4/DMA.h **** * Summary:
 335:Generated_Source\PSoC4/DMA.h **** *  Returns the source address for the specified descriptor, set by either 
 336:Generated_Source\PSoC4/DMA.h **** *  DMA_Start() or DMA_SetSrcAddress().
 337:Generated_Source\PSoC4/DMA.h **** *
 338:Generated_Source\PSoC4/DMA.h **** * Parameters:
 339:Generated_Source\PSoC4/DMA.h **** *  descriptor: Specifies descriptor (0 or 1) used by this function.
 340:Generated_Source\PSoC4/DMA.h **** *                   
 341:Generated_Source\PSoC4/DMA.h **** * Return:
 342:Generated_Source\PSoC4/DMA.h **** *  Source address written to specified descriptor.
 343:Generated_Source\PSoC4/DMA.h **** *
 344:Generated_Source\PSoC4/DMA.h **** *******************************************************************************/
 345:Generated_Source\PSoC4/DMA.h **** static CY_INLINE void * DMA_GetSrcAddress(int32 descriptor)
 346:Generated_Source\PSoC4/DMA.h **** {
 347:Generated_Source\PSoC4/DMA.h ****     return (CyDmaGetSrcAddress(DMA_CHANNEL, descriptor));
 348:Generated_Source\PSoC4/DMA.h **** }
 349:Generated_Source\PSoC4/DMA.h **** 
 350:Generated_Source\PSoC4/DMA.h **** 
 351:Generated_Source\PSoC4/DMA.h **** /*******************************************************************************
 352:Generated_Source\PSoC4/DMA.h **** * Function Name: DMA_SetDstAddress
 353:Generated_Source\PSoC4/DMA.h **** ********************************************************************************
 354:Generated_Source\PSoC4/DMA.h **** *
 355:Generated_Source\PSoC4/DMA.h **** * Summary:
 356:Generated_Source\PSoC4/DMA.h **** *  Configures the destination address for the specified descriptor.
 357:Generated_Source\PSoC4/DMA.h **** *
 358:Generated_Source\PSoC4/DMA.h **** * Parameters:
 359:Generated_Source\PSoC4/DMA.h **** *  descriptor: Descriptor (0 or 1) modified by this function.
 360:Generated_Source\PSoC4/DMA.h **** *  dstAddress: Address of DMA transfer destination.
 361:Generated_Source\PSoC4/DMA.h **** *                   
 362:Generated_Source\PSoC4/DMA.h **** * Return:
 363:Generated_Source\PSoC4/DMA.h **** *  None.
 364:Generated_Source\PSoC4/DMA.h **** *
 365:Generated_Source\PSoC4/DMA.h **** * Side effect:
 366:Generated_Source\PSoC4/DMA.h **** *  This function should not be called when the specified descriptor is active
 367:Generated_Source\PSoC4/DMA.h **** *  in the DMA transfer engine. This can be checked by calling CyDmaGetStatus(). 
 368:Generated_Source\PSoC4/DMA.h **** *
 369:Generated_Source\PSoC4/DMA.h **** *******************************************************************************/
 370:Generated_Source\PSoC4/DMA.h **** static CY_INLINE void DMA_SetDstAddress(int32 descriptor, void * dstAddress)
 371:Generated_Source\PSoC4/DMA.h **** {
 125              		.loc 1 371 0
 126              		.cfi_startproc
 127              		@ args = 0, pretend = 0, frame = 8
 128              		@ frame_needed = 1, uses_anonymous_args = 0
 129 0000 80B5     		push	{r7, lr}
 130              		.cfi_def_cfa_offset 8
 131              		.cfi_offset 7, -8
 132              		.cfi_offset 14, -4
 133 0002 82B0     		sub	sp, sp, #8
 134              		.cfi_def_cfa_offset 16
 135 0004 00AF     		add	r7, sp, #0
 136              		.cfi_def_cfa_register 7
 137 0006 7860     		str	r0, [r7, #4]
 138 0008 3960     		str	r1, [r7]
 372:Generated_Source\PSoC4/DMA.h ****     CyDmaSetDstAddress(DMA_CHANNEL, descriptor, dstAddress);
 139              		.loc 1 372 0
 140 000a 3A68     		ldr	r2, [r7]
 141 000c 7B68     		ldr	r3, [r7, #4]
ARM GAS  C:\Users\ADMINI~1\AppData\Local\Temp\ccOhnORu.s 			page 10


 142 000e 1900     		movs	r1, r3
 143 0010 0220     		movs	r0, #2
 144 0012 FFF7FEFF 		bl	CyDmaSetDstAddress
 373:Generated_Source\PSoC4/DMA.h **** }
 145              		.loc 1 373 0
 146 0016 C046     		nop
 147 0018 BD46     		mov	sp, r7
 148 001a 02B0     		add	sp, sp, #8
 149              		@ sp needed
 150 001c 80BD     		pop	{r7, pc}
 151              		.cfi_endproc
 152              	.LFE12:
 153              		.size	DMA_SetDstAddress, .-DMA_SetDstAddress
 154              		.global	DMA_initVar
 155 001e C046     		.bss
 156              		.type	DMA_initVar, %object
 157              		.size	DMA_initVar, 1
 158              	DMA_initVar:
 159 0000 00       		.space	1
 160              		.section	.text.DMA_Start,"ax",%progbits
 161              		.align	2
 162              		.global	DMA_Start
 163              		.code	16
 164              		.thumb_func
 165              		.type	DMA_Start, %function
 166              	DMA_Start:
 167              	.LFB32:
 168              		.file 2 "Generated_Source\\PSoC4\\DMA.c"
   1:Generated_Source\PSoC4/DMA.c **** /*******************************************************************************
   2:Generated_Source\PSoC4/DMA.c **** * File Name: DMA.h
   3:Generated_Source\PSoC4/DMA.c **** * Version 1.0
   4:Generated_Source\PSoC4/DMA.c **** *
   5:Generated_Source\PSoC4/DMA.c **** * Description:
   6:Generated_Source\PSoC4/DMA.c **** *  This file contains all of the channel DMA API functions.
   7:Generated_Source\PSoC4/DMA.c **** *
   8:Generated_Source\PSoC4/DMA.c **** ********************************************************************************
   9:Generated_Source\PSoC4/DMA.c **** * Copyright 2015, Cypress Semiconductor Corporation. All rights reserved.
  10:Generated_Source\PSoC4/DMA.c **** * You may use this file only in accordance with the license, terms, conditions,
  11:Generated_Source\PSoC4/DMA.c **** * disclaimers, and limitations in the end user license agreement accompanying
  12:Generated_Source\PSoC4/DMA.c **** * the software package with which this file was provided.
  13:Generated_Source\PSoC4/DMA.c **** *******************************************************************************/
  14:Generated_Source\PSoC4/DMA.c **** 
  15:Generated_Source\PSoC4/DMA.c **** #include "DMA.h"
  16:Generated_Source\PSoC4/DMA.c **** 
  17:Generated_Source\PSoC4/DMA.c **** uint8 DMA_initVar = 0u;
  18:Generated_Source\PSoC4/DMA.c **** 
  19:Generated_Source\PSoC4/DMA.c **** 
  20:Generated_Source\PSoC4/DMA.c **** /*******************************************************************************
  21:Generated_Source\PSoC4/DMA.c **** * Function Name: DMA_Start
  22:Generated_Source\PSoC4/DMA.c **** ********************************************************************************
  23:Generated_Source\PSoC4/DMA.c **** *
  24:Generated_Source\PSoC4/DMA.c **** * Summary:
  25:Generated_Source\PSoC4/DMA.c **** *  Calls Init() to configure the DMA channel based on the customizer settings if
  26:Generated_Source\PSoC4/DMA.c **** *  the channel has not been initialized before.
  27:Generated_Source\PSoC4/DMA.c **** *  Sets source and destination address, validates descriptor 0 and enables the
  28:Generated_Source\PSoC4/DMA.c **** *  channel. After calling this function the DMA channel is active and waiting
  29:Generated_Source\PSoC4/DMA.c **** *  for a trigger.
ARM GAS  C:\Users\ADMINI~1\AppData\Local\Temp\ccOhnORu.s 			page 11


  30:Generated_Source\PSoC4/DMA.c **** *
  31:Generated_Source\PSoC4/DMA.c **** * Parameters:
  32:Generated_Source\PSoC4/DMA.c **** *  srcAddress: Address of DMA transfer source for descriptor 0.
  33:Generated_Source\PSoC4/DMA.c **** *  dstAddress: Address of DMA transfer destination for descriptor 0.
  34:Generated_Source\PSoC4/DMA.c **** *                   
  35:Generated_Source\PSoC4/DMA.c **** * Return:
  36:Generated_Source\PSoC4/DMA.c **** *  None.
  37:Generated_Source\PSoC4/DMA.c **** *
  38:Generated_Source\PSoC4/DMA.c **** *******************************************************************************/
  39:Generated_Source\PSoC4/DMA.c **** void DMA_Start(void * srcAddress, void * dstAddress)
  40:Generated_Source\PSoC4/DMA.c **** {
 169              		.loc 2 40 0
 170              		.cfi_startproc
 171              		@ args = 0, pretend = 0, frame = 8
 172              		@ frame_needed = 1, uses_anonymous_args = 0
 173 0000 80B5     		push	{r7, lr}
 174              		.cfi_def_cfa_offset 8
 175              		.cfi_offset 7, -8
 176              		.cfi_offset 14, -4
 177 0002 82B0     		sub	sp, sp, #8
 178              		.cfi_def_cfa_offset 16
 179 0004 00AF     		add	r7, sp, #0
 180              		.cfi_def_cfa_register 7
 181 0006 7860     		str	r0, [r7, #4]
 182 0008 3960     		str	r1, [r7]
  41:Generated_Source\PSoC4/DMA.c ****     if(0u == DMA_initVar)
 183              		.loc 2 41 0
 184 000a 0F4B     		ldr	r3, .L7
 185 000c 1B78     		ldrb	r3, [r3]
 186 000e 002B     		cmp	r3, #0
 187 0010 04D1     		bne	.L6
  42:Generated_Source\PSoC4/DMA.c ****     {
  43:Generated_Source\PSoC4/DMA.c ****         DMA_Init();
 188              		.loc 2 43 0
 189 0012 FFF7FEFF 		bl	DMA_Init
  44:Generated_Source\PSoC4/DMA.c ****         DMA_initVar = 1u;
 190              		.loc 2 44 0
 191 0016 0C4B     		ldr	r3, .L7
 192 0018 0122     		movs	r2, #1
 193 001a 1A70     		strb	r2, [r3]
 194              	.L6:
  45:Generated_Source\PSoC4/DMA.c ****     }
  46:Generated_Source\PSoC4/DMA.c ****     CyDmaEnable();
 195              		.loc 2 46 0
 196 001c FFF7FEFF 		bl	CyDmaEnable
  47:Generated_Source\PSoC4/DMA.c ****     DMA_SetSrcAddress(0, srcAddress);
 197              		.loc 2 47 0
 198 0020 7B68     		ldr	r3, [r7, #4]
 199 0022 1900     		movs	r1, r3
 200 0024 0020     		movs	r0, #0
 201 0026 FFF7FEFF 		bl	DMA_SetSrcAddress
  48:Generated_Source\PSoC4/DMA.c ****     DMA_SetDstAddress(0, dstAddress);
 202              		.loc 2 48 0
 203 002a 3B68     		ldr	r3, [r7]
 204 002c 1900     		movs	r1, r3
 205 002e 0020     		movs	r0, #0
 206 0030 FFF7FEFF 		bl	DMA_SetDstAddress
ARM GAS  C:\Users\ADMINI~1\AppData\Local\Temp\ccOhnORu.s 			page 12


  49:Generated_Source\PSoC4/DMA.c ****     DMA_ValidateDescriptor(0);
 207              		.loc 2 49 0
 208 0034 0020     		movs	r0, #0
 209 0036 FFF7FEFF 		bl	DMA_ValidateDescriptor
  50:Generated_Source\PSoC4/DMA.c ****     DMA_ChEnable();
 210              		.loc 2 50 0
 211 003a FFF7FEFF 		bl	DMA_ChEnable
  51:Generated_Source\PSoC4/DMA.c **** }
 212              		.loc 2 51 0
 213 003e C046     		nop
 214 0040 BD46     		mov	sp, r7
 215 0042 02B0     		add	sp, sp, #8
 216              		@ sp needed
 217 0044 80BD     		pop	{r7, pc}
 218              	.L8:
 219 0046 C046     		.align	2
 220              	.L7:
 221 0048 00000000 		.word	DMA_initVar
 222              		.cfi_endproc
 223              	.LFE32:
 224              		.size	DMA_Start, .-DMA_Start
 225              		.section	.text.DMA_Init,"ax",%progbits
 226              		.align	2
 227              		.global	DMA_Init
 228              		.code	16
 229              		.thumb_func
 230              		.type	DMA_Init, %function
 231              	DMA_Init:
 232              	.LFB33:
  52:Generated_Source\PSoC4/DMA.c **** 
  53:Generated_Source\PSoC4/DMA.c **** 
  54:Generated_Source\PSoC4/DMA.c **** /*******************************************************************************
  55:Generated_Source\PSoC4/DMA.c **** * Function Name: DMA_Init
  56:Generated_Source\PSoC4/DMA.c **** ********************************************************************************
  57:Generated_Source\PSoC4/DMA.c **** *
  58:Generated_Source\PSoC4/DMA.c **** * Summary:
  59:Generated_Source\PSoC4/DMA.c **** *  Initializes the DMA channel based on the parameters set in the component
  60:Generated_Source\PSoC4/DMA.c **** *  customizer. It is not necessary to call DMA_Init() because the
  61:Generated_Source\PSoC4/DMA.c **** *  DMA_Start() API calls this function, which is the preferred method
  62:Generated_Source\PSoC4/DMA.c **** *  to begin component operation.
  63:Generated_Source\PSoC4/DMA.c **** *
  64:Generated_Source\PSoC4/DMA.c **** * Parameters:
  65:Generated_Source\PSoC4/DMA.c **** *  None.
  66:Generated_Source\PSoC4/DMA.c **** *                   
  67:Generated_Source\PSoC4/DMA.c **** * Return:
  68:Generated_Source\PSoC4/DMA.c **** *  None.
  69:Generated_Source\PSoC4/DMA.c **** *
  70:Generated_Source\PSoC4/DMA.c **** * Side effect:
  71:Generated_Source\PSoC4/DMA.c **** *  The first descriptor is set to descriptor 0. This function should not be
  72:Generated_Source\PSoC4/DMA.c **** *  called while the channel is enabled. All settings will be reset to their
  73:Generated_Source\PSoC4/DMA.c **** *  initial values.
  74:Generated_Source\PSoC4/DMA.c **** *
  75:Generated_Source\PSoC4/DMA.c **** *******************************************************************************/
  76:Generated_Source\PSoC4/DMA.c **** void DMA_Init(void)
  77:Generated_Source\PSoC4/DMA.c **** {
 233              		.loc 2 77 0
 234              		.cfi_startproc
ARM GAS  C:\Users\ADMINI~1\AppData\Local\Temp\ccOhnORu.s 			page 13


 235              		@ args = 0, pretend = 0, frame = 0
 236              		@ frame_needed = 1, uses_anonymous_args = 0
 237 0000 80B5     		push	{r7, lr}
 238              		.cfi_def_cfa_offset 8
 239              		.cfi_offset 7, -8
 240              		.cfi_offset 14, -4
 241 0002 00AF     		add	r7, sp, #0
 242              		.cfi_def_cfa_register 7
  78:Generated_Source\PSoC4/DMA.c ****     CYDMA_CH_CTL_BASE.ctl[DMA_CHANNEL] = DMA_CHANNEL_CFG;
 243              		.loc 2 78 0
 244 0004 064B     		ldr	r3, .L10
 245 0006 C022     		movs	r2, #192
 246 0008 9205     		lsls	r2, r2, #22
 247 000a 9A60     		str	r2, [r3, #8]
  79:Generated_Source\PSoC4/DMA.c ****     CYDMA_DESCR_BASE.descriptor[DMA_CHANNEL][0].ctl = DMA_DESCR0_CFG;
 248              		.loc 2 79 0
 249 000c 054B     		ldr	r3, .L10+4
 250 000e 8222     		movs	r2, #130
 251 0010 D203     		lsls	r2, r2, #15
 252 0012 9A64     		str	r2, [r3, #72]
  80:Generated_Source\PSoC4/DMA.c ****     CYDMA_DESCR_BASE.descriptor[DMA_CHANNEL][1].ctl = DMA_DESCR1_CFG;
 253              		.loc 2 80 0
 254 0014 034B     		ldr	r3, .L10+4
 255 0016 0022     		movs	r2, #0
 256 0018 9A65     		str	r2, [r3, #88]
  81:Generated_Source\PSoC4/DMA.c **** 
  82:Generated_Source\PSoC4/DMA.c ****     /* If the Generate IRQ option is selected for descriptor 0 or 1, set the
  83:Generated_Source\PSoC4/DMA.c ****     * channel bit field in the DMA interrupt mask register.
  84:Generated_Source\PSoC4/DMA.c ****     */
  85:Generated_Source\PSoC4/DMA.c ****     #if (0u != ((DMA_DESCR0_CFG | DMA_DESCR1_CFG) & CYDMA_GENERATE_IRQ))
  86:Generated_Source\PSoC4/DMA.c ****         CYDMA_INTR_MASK_REG |= DMA_CHANNEL_MASK;
  87:Generated_Source\PSoC4/DMA.c ****     #endif /* (0u != ((DMA_DESCR0_CFG | DMA_DESCR1_CFG) & CYDMA_GENERATE_IRQ)) */
  88:Generated_Source\PSoC4/DMA.c **** }
 257              		.loc 2 88 0
 258 001a C046     		nop
 259 001c BD46     		mov	sp, r7
 260              		@ sp needed
 261 001e 80BD     		pop	{r7, pc}
 262              	.L11:
 263              		.align	2
 264              	.L10:
 265 0020 80101040 		.word	1074794624
 266 0024 00181040 		.word	1074796544
 267              		.cfi_endproc
 268              	.LFE33:
 269              		.size	DMA_Init, .-DMA_Init
 270              		.text
 271              	.Letext0:
 272              		.file 3 "Generated_Source\\PSoC4\\cytypes.h"
 273              		.file 4 "Generated_Source\\PSoC4\\CyDMA.h"
 274              		.section	.debug_info,"",%progbits
 275              	.Ldebug_info0:
 276 0000 47020000 		.4byte	0x247
 277 0004 0400     		.2byte	0x4
 278 0006 00000000 		.4byte	.Ldebug_abbrev0
 279 000a 04       		.byte	0x4
 280 000b 01       		.uleb128 0x1
ARM GAS  C:\Users\ADMINI~1\AppData\Local\Temp\ccOhnORu.s 			page 14


 281 000c 78000000 		.4byte	.LASF26
 282 0010 0C       		.byte	0xc
 283 0011 9D010000 		.4byte	.LASF27
 284 0015 08020000 		.4byte	.LASF28
 285 0019 00000000 		.4byte	.Ldebug_ranges0+0
 286 001d 00000000 		.4byte	0
 287 0021 00000000 		.4byte	.Ldebug_line0
 288 0025 02       		.uleb128 0x2
 289 0026 01       		.byte	0x1
 290 0027 06       		.byte	0x6
 291 0028 20010000 		.4byte	.LASF0
 292 002c 02       		.uleb128 0x2
 293 002d 01       		.byte	0x1
 294 002e 08       		.byte	0x8
 295 002f 12010000 		.4byte	.LASF1
 296 0033 02       		.uleb128 0x2
 297 0034 02       		.byte	0x2
 298 0035 05       		.byte	0x5
 299 0036 15000000 		.4byte	.LASF2
 300 003a 02       		.uleb128 0x2
 301 003b 02       		.byte	0x2
 302 003c 07       		.byte	0x7
 303 003d 67010000 		.4byte	.LASF3
 304 0041 02       		.uleb128 0x2
 305 0042 04       		.byte	0x4
 306 0043 05       		.byte	0x5
 307 0044 66000000 		.4byte	.LASF4
 308 0048 02       		.uleb128 0x2
 309 0049 04       		.byte	0x4
 310 004a 07       		.byte	0x7
 311 004b F6010000 		.4byte	.LASF5
 312 004f 02       		.uleb128 0x2
 313 0050 08       		.byte	0x8
 314 0051 05       		.byte	0x5
 315 0052 53000000 		.4byte	.LASF6
 316 0056 02       		.uleb128 0x2
 317 0057 08       		.byte	0x8
 318 0058 07       		.byte	0x7
 319 0059 2C010000 		.4byte	.LASF7
 320 005d 03       		.uleb128 0x3
 321 005e 04       		.byte	0x4
 322 005f 05       		.byte	0x5
 323 0060 696E7400 		.ascii	"int\000"
 324 0064 02       		.uleb128 0x2
 325 0065 04       		.byte	0x4
 326 0066 07       		.byte	0x7
 327 0067 43010000 		.4byte	.LASF8
 328 006b 04       		.uleb128 0x4
 329 006c 41000000 		.4byte	.LASF9
 330 0070 03       		.byte	0x3
 331 0071 C2       		.byte	0xc2
 332 0072 2C000000 		.4byte	0x2c
 333 0076 04       		.uleb128 0x4
 334 0077 EF010000 		.4byte	.LASF10
 335 007b 03       		.byte	0x3
 336 007c C4       		.byte	0xc4
 337 007d 48000000 		.4byte	0x48
ARM GAS  C:\Users\ADMINI~1\AppData\Local\Temp\ccOhnORu.s 			page 15


 338 0081 04       		.uleb128 0x4
 339 0082 4D000000 		.4byte	.LASF11
 340 0086 03       		.byte	0x3
 341 0087 C7       		.byte	0xc7
 342 0088 41000000 		.4byte	0x41
 343 008c 02       		.uleb128 0x2
 344 008d 04       		.byte	0x4
 345 008e 04       		.byte	0x4
 346 008f 47000000 		.4byte	.LASF12
 347 0093 02       		.uleb128 0x2
 348 0094 08       		.byte	0x8
 349 0095 04       		.byte	0x4
 350 0096 62020000 		.4byte	.LASF13
 351 009a 02       		.uleb128 0x2
 352 009b 01       		.byte	0x1
 353 009c 08       		.byte	0x8
 354 009d 61000000 		.4byte	.LASF14
 355 00a1 05       		.uleb128 0x5
 356 00a2 20       		.byte	0x20
 357 00a3 04       		.byte	0x4
 358 00a4 26       		.byte	0x26
 359 00a5 B6000000 		.4byte	0xb6
 360 00a9 06       		.uleb128 0x6
 361 00aa 63746C00 		.ascii	"ctl\000"
 362 00ae 04       		.byte	0x4
 363 00af 28       		.byte	0x28
 364 00b0 B6000000 		.4byte	0xb6
 365 00b4 00       		.byte	0
 366 00b5 00       		.byte	0
 367 00b6 07       		.uleb128 0x7
 368 00b7 76000000 		.4byte	0x76
 369 00bb C6000000 		.4byte	0xc6
 370 00bf 08       		.uleb128 0x8
 371 00c0 C6000000 		.4byte	0xc6
 372 00c4 07       		.byte	0x7
 373 00c5 00       		.byte	0
 374 00c6 02       		.uleb128 0x2
 375 00c7 04       		.byte	0x4
 376 00c8 07       		.byte	0x7
 377 00c9 1F000000 		.4byte	.LASF15
 378 00cd 04       		.uleb128 0x4
 379 00ce 28000000 		.4byte	.LASF16
 380 00d2 04       		.byte	0x4
 381 00d3 29       		.byte	0x29
 382 00d4 A1000000 		.4byte	0xa1
 383 00d8 05       		.uleb128 0x5
 384 00d9 10       		.byte	0x10
 385 00da 04       		.byte	0x4
 386 00db 2C       		.byte	0x2c
 387 00dc 11010000 		.4byte	0x111
 388 00e0 06       		.uleb128 0x6
 389 00e1 73726300 		.ascii	"src\000"
 390 00e5 04       		.byte	0x4
 391 00e6 2E       		.byte	0x2e
 392 00e7 11010000 		.4byte	0x111
 393 00eb 00       		.byte	0
 394 00ec 06       		.uleb128 0x6
ARM GAS  C:\Users\ADMINI~1\AppData\Local\Temp\ccOhnORu.s 			page 16


 395 00ed 64737400 		.ascii	"dst\000"
 396 00f1 04       		.byte	0x4
 397 00f2 2F       		.byte	0x2f
 398 00f3 11010000 		.4byte	0x111
 399 00f7 04       		.byte	0x4
 400 00f8 06       		.uleb128 0x6
 401 00f9 63746C00 		.ascii	"ctl\000"
 402 00fd 04       		.byte	0x4
 403 00fe 30       		.byte	0x30
 404 00ff 76000000 		.4byte	0x76
 405 0103 08       		.byte	0x8
 406 0104 09       		.uleb128 0x9
 407 0105 7A010000 		.4byte	.LASF17
 408 0109 04       		.byte	0x4
 409 010a 31       		.byte	0x31
 410 010b 76000000 		.4byte	0x76
 411 010f 0C       		.byte	0xc
 412 0110 00       		.byte	0
 413 0111 0A       		.uleb128 0xa
 414 0112 04       		.byte	0x4
 415 0113 04       		.uleb128 0x4
 416 0114 BA010000 		.4byte	.LASF18
 417 0118 04       		.byte	0x4
 418 0119 32       		.byte	0x32
 419 011a D8000000 		.4byte	0xd8
 420 011e 0B       		.uleb128 0xb
 421 011f 0001     		.2byte	0x100
 422 0121 04       		.byte	0x4
 423 0122 38       		.byte	0x38
 424 0123 34010000 		.4byte	0x134
 425 0127 09       		.uleb128 0x9
 426 0128 88020000 		.4byte	.LASF19
 427 012c 04       		.byte	0x4
 428 012d 3A       		.byte	0x3a
 429 012e 34010000 		.4byte	0x134
 430 0132 00       		.byte	0
 431 0133 00       		.byte	0
 432 0134 07       		.uleb128 0x7
 433 0135 13010000 		.4byte	0x113
 434 0139 4A010000 		.4byte	0x14a
 435 013d 08       		.uleb128 0x8
 436 013e C6000000 		.4byte	0xc6
 437 0142 07       		.byte	0x7
 438 0143 08       		.uleb128 0x8
 439 0144 C6000000 		.4byte	0xc6
 440 0148 01       		.byte	0x1
 441 0149 00       		.byte	0
 442 014a 04       		.uleb128 0x4
 443 014b 81010000 		.4byte	.LASF20
 444 014f 04       		.byte	0x4
 445 0150 3B       		.byte	0x3b
 446 0151 1E010000 		.4byte	0x11e
 447 0155 0C       		.uleb128 0xc
 448 0156 69020000 		.4byte	.LASF29
 449 015a 01       		.byte	0x1
 450 015b 5E       		.byte	0x5e
 451 015c 00000000 		.4byte	.LFB0
ARM GAS  C:\Users\ADMINI~1\AppData\Local\Temp\ccOhnORu.s 			page 17


 452 0160 10000000 		.4byte	.LFE0-.LFB0
 453 0164 01       		.uleb128 0x1
 454 0165 9C       		.byte	0x9c
 455 0166 0D       		.uleb128 0xd
 456 0167 50010000 		.4byte	.LASF21
 457 016b 01       		.byte	0x1
 458 016c 1501     		.2byte	0x115
 459 016e 00000000 		.4byte	.LFB8
 460 0172 1A000000 		.4byte	.LFE8-.LFB8
 461 0176 01       		.uleb128 0x1
 462 0177 9C       		.byte	0x9c
 463 0178 8C010000 		.4byte	0x18c
 464 017c 0E       		.uleb128 0xe
 465 017d 88020000 		.4byte	.LASF19
 466 0181 01       		.byte	0x1
 467 0182 1501     		.2byte	0x115
 468 0184 81000000 		.4byte	0x81
 469 0188 02       		.uleb128 0x2
 470 0189 91       		.byte	0x91
 471 018a 74       		.sleb128 -12
 472 018b 00       		.byte	0
 473 018c 0D       		.uleb128 0xd
 474 018d 76020000 		.4byte	.LASF22
 475 0191 01       		.byte	0x1
 476 0192 4401     		.2byte	0x144
 477 0194 00000000 		.4byte	.LFB10
 478 0198 1E000000 		.4byte	.LFE10-.LFB10
 479 019c 01       		.uleb128 0x1
 480 019d 9C       		.byte	0x9c
 481 019e C1010000 		.4byte	0x1c1
 482 01a2 0E       		.uleb128 0xe
 483 01a3 88020000 		.4byte	.LASF19
 484 01a7 01       		.byte	0x1
 485 01a8 4401     		.2byte	0x144
 486 01aa 81000000 		.4byte	0x81
 487 01ae 02       		.uleb128 0x2
 488 01af 91       		.byte	0x91
 489 01b0 74       		.sleb128 -12
 490 01b1 0E       		.uleb128 0xe
 491 01b2 E4010000 		.4byte	.LASF23
 492 01b6 01       		.byte	0x1
 493 01b7 4401     		.2byte	0x144
 494 01b9 11010000 		.4byte	0x111
 495 01bd 02       		.uleb128 0x2
 496 01be 91       		.byte	0x91
 497 01bf 70       		.sleb128 -16
 498 01c0 00       		.byte	0
 499 01c1 0D       		.uleb128 0xd
 500 01c2 D2010000 		.4byte	.LASF24
 501 01c6 01       		.byte	0x1
 502 01c7 7201     		.2byte	0x172
 503 01c9 00000000 		.4byte	.LFB12
 504 01cd 1E000000 		.4byte	.LFE12-.LFB12
 505 01d1 01       		.uleb128 0x1
 506 01d2 9C       		.byte	0x9c
 507 01d3 F6010000 		.4byte	0x1f6
 508 01d7 0E       		.uleb128 0xe
ARM GAS  C:\Users\ADMINI~1\AppData\Local\Temp\ccOhnORu.s 			page 18


 509 01d8 88020000 		.4byte	.LASF19
 510 01dc 01       		.byte	0x1
 511 01dd 7201     		.2byte	0x172
 512 01df 81000000 		.4byte	0x81
 513 01e3 02       		.uleb128 0x2
 514 01e4 91       		.byte	0x91
 515 01e5 74       		.sleb128 -12
 516 01e6 0E       		.uleb128 0xe
 517 01e7 0A000000 		.4byte	.LASF25
 518 01eb 01       		.byte	0x1
 519 01ec 7201     		.2byte	0x172
 520 01ee 11010000 		.4byte	0x111
 521 01f2 02       		.uleb128 0x2
 522 01f3 91       		.byte	0x91
 523 01f4 70       		.sleb128 -16
 524 01f5 00       		.byte	0
 525 01f6 0F       		.uleb128 0xf
 526 01f7 00000000 		.4byte	.LASF30
 527 01fb 02       		.byte	0x2
 528 01fc 27       		.byte	0x27
 529 01fd 00000000 		.4byte	.LFB32
 530 0201 4C000000 		.4byte	.LFE32-.LFB32
 531 0205 01       		.uleb128 0x1
 532 0206 9C       		.byte	0x9c
 533 0207 28020000 		.4byte	0x228
 534 020b 10       		.uleb128 0x10
 535 020c E4010000 		.4byte	.LASF23
 536 0210 02       		.byte	0x2
 537 0211 27       		.byte	0x27
 538 0212 11010000 		.4byte	0x111
 539 0216 02       		.uleb128 0x2
 540 0217 91       		.byte	0x91
 541 0218 74       		.sleb128 -12
 542 0219 10       		.uleb128 0x10
 543 021a 0A000000 		.4byte	.LASF25
 544 021e 02       		.byte	0x2
 545 021f 27       		.byte	0x27
 546 0220 11010000 		.4byte	0x111
 547 0224 02       		.uleb128 0x2
 548 0225 91       		.byte	0x91
 549 0226 70       		.sleb128 -16
 550 0227 00       		.byte	0
 551 0228 11       		.uleb128 0x11
 552 0229 6F000000 		.4byte	.LASF31
 553 022d 02       		.byte	0x2
 554 022e 4C       		.byte	0x4c
 555 022f 00000000 		.4byte	.LFB33
 556 0233 28000000 		.4byte	.LFE33-.LFB33
 557 0237 01       		.uleb128 0x1
 558 0238 9C       		.byte	0x9c
 559 0239 12       		.uleb128 0x12
 560 023a 06010000 		.4byte	.LASF32
 561 023e 02       		.byte	0x2
 562 023f 11       		.byte	0x11
 563 0240 6B000000 		.4byte	0x6b
 564 0244 05       		.uleb128 0x5
 565 0245 03       		.byte	0x3
ARM GAS  C:\Users\ADMINI~1\AppData\Local\Temp\ccOhnORu.s 			page 19


 566 0246 00000000 		.4byte	DMA_initVar
 567 024a 00       		.byte	0
 568              		.section	.debug_abbrev,"",%progbits
 569              	.Ldebug_abbrev0:
 570 0000 01       		.uleb128 0x1
 571 0001 11       		.uleb128 0x11
 572 0002 01       		.byte	0x1
 573 0003 25       		.uleb128 0x25
 574 0004 0E       		.uleb128 0xe
 575 0005 13       		.uleb128 0x13
 576 0006 0B       		.uleb128 0xb
 577 0007 03       		.uleb128 0x3
 578 0008 0E       		.uleb128 0xe
 579 0009 1B       		.uleb128 0x1b
 580 000a 0E       		.uleb128 0xe
 581 000b 55       		.uleb128 0x55
 582 000c 17       		.uleb128 0x17
 583 000d 11       		.uleb128 0x11
 584 000e 01       		.uleb128 0x1
 585 000f 10       		.uleb128 0x10
 586 0010 17       		.uleb128 0x17
 587 0011 00       		.byte	0
 588 0012 00       		.byte	0
 589 0013 02       		.uleb128 0x2
 590 0014 24       		.uleb128 0x24
 591 0015 00       		.byte	0
 592 0016 0B       		.uleb128 0xb
 593 0017 0B       		.uleb128 0xb
 594 0018 3E       		.uleb128 0x3e
 595 0019 0B       		.uleb128 0xb
 596 001a 03       		.uleb128 0x3
 597 001b 0E       		.uleb128 0xe
 598 001c 00       		.byte	0
 599 001d 00       		.byte	0
 600 001e 03       		.uleb128 0x3
 601 001f 24       		.uleb128 0x24
 602 0020 00       		.byte	0
 603 0021 0B       		.uleb128 0xb
 604 0022 0B       		.uleb128 0xb
 605 0023 3E       		.uleb128 0x3e
 606 0024 0B       		.uleb128 0xb
 607 0025 03       		.uleb128 0x3
 608 0026 08       		.uleb128 0x8
 609 0027 00       		.byte	0
 610 0028 00       		.byte	0
 611 0029 04       		.uleb128 0x4
 612 002a 16       		.uleb128 0x16
 613 002b 00       		.byte	0
 614 002c 03       		.uleb128 0x3
 615 002d 0E       		.uleb128 0xe
 616 002e 3A       		.uleb128 0x3a
 617 002f 0B       		.uleb128 0xb
 618 0030 3B       		.uleb128 0x3b
 619 0031 0B       		.uleb128 0xb
 620 0032 49       		.uleb128 0x49
 621 0033 13       		.uleb128 0x13
 622 0034 00       		.byte	0
ARM GAS  C:\Users\ADMINI~1\AppData\Local\Temp\ccOhnORu.s 			page 20


 623 0035 00       		.byte	0
 624 0036 05       		.uleb128 0x5
 625 0037 13       		.uleb128 0x13
 626 0038 01       		.byte	0x1
 627 0039 0B       		.uleb128 0xb
 628 003a 0B       		.uleb128 0xb
 629 003b 3A       		.uleb128 0x3a
 630 003c 0B       		.uleb128 0xb
 631 003d 3B       		.uleb128 0x3b
 632 003e 0B       		.uleb128 0xb
 633 003f 01       		.uleb128 0x1
 634 0040 13       		.uleb128 0x13
 635 0041 00       		.byte	0
 636 0042 00       		.byte	0
 637 0043 06       		.uleb128 0x6
 638 0044 0D       		.uleb128 0xd
 639 0045 00       		.byte	0
 640 0046 03       		.uleb128 0x3
 641 0047 08       		.uleb128 0x8
 642 0048 3A       		.uleb128 0x3a
 643 0049 0B       		.uleb128 0xb
 644 004a 3B       		.uleb128 0x3b
 645 004b 0B       		.uleb128 0xb
 646 004c 49       		.uleb128 0x49
 647 004d 13       		.uleb128 0x13
 648 004e 38       		.uleb128 0x38
 649 004f 0B       		.uleb128 0xb
 650 0050 00       		.byte	0
 651 0051 00       		.byte	0
 652 0052 07       		.uleb128 0x7
 653 0053 01       		.uleb128 0x1
 654 0054 01       		.byte	0x1
 655 0055 49       		.uleb128 0x49
 656 0056 13       		.uleb128 0x13
 657 0057 01       		.uleb128 0x1
 658 0058 13       		.uleb128 0x13
 659 0059 00       		.byte	0
 660 005a 00       		.byte	0
 661 005b 08       		.uleb128 0x8
 662 005c 21       		.uleb128 0x21
 663 005d 00       		.byte	0
 664 005e 49       		.uleb128 0x49
 665 005f 13       		.uleb128 0x13
 666 0060 2F       		.uleb128 0x2f
 667 0061 0B       		.uleb128 0xb
 668 0062 00       		.byte	0
 669 0063 00       		.byte	0
 670 0064 09       		.uleb128 0x9
 671 0065 0D       		.uleb128 0xd
 672 0066 00       		.byte	0
 673 0067 03       		.uleb128 0x3
 674 0068 0E       		.uleb128 0xe
 675 0069 3A       		.uleb128 0x3a
 676 006a 0B       		.uleb128 0xb
 677 006b 3B       		.uleb128 0x3b
 678 006c 0B       		.uleb128 0xb
 679 006d 49       		.uleb128 0x49
ARM GAS  C:\Users\ADMINI~1\AppData\Local\Temp\ccOhnORu.s 			page 21


 680 006e 13       		.uleb128 0x13
 681 006f 38       		.uleb128 0x38
 682 0070 0B       		.uleb128 0xb
 683 0071 00       		.byte	0
 684 0072 00       		.byte	0
 685 0073 0A       		.uleb128 0xa
 686 0074 0F       		.uleb128 0xf
 687 0075 00       		.byte	0
 688 0076 0B       		.uleb128 0xb
 689 0077 0B       		.uleb128 0xb
 690 0078 00       		.byte	0
 691 0079 00       		.byte	0
 692 007a 0B       		.uleb128 0xb
 693 007b 13       		.uleb128 0x13
 694 007c 01       		.byte	0x1
 695 007d 0B       		.uleb128 0xb
 696 007e 05       		.uleb128 0x5
 697 007f 3A       		.uleb128 0x3a
 698 0080 0B       		.uleb128 0xb
 699 0081 3B       		.uleb128 0x3b
 700 0082 0B       		.uleb128 0xb
 701 0083 01       		.uleb128 0x1
 702 0084 13       		.uleb128 0x13
 703 0085 00       		.byte	0
 704 0086 00       		.byte	0
 705 0087 0C       		.uleb128 0xc
 706 0088 2E       		.uleb128 0x2e
 707 0089 00       		.byte	0
 708 008a 03       		.uleb128 0x3
 709 008b 0E       		.uleb128 0xe
 710 008c 3A       		.uleb128 0x3a
 711 008d 0B       		.uleb128 0xb
 712 008e 3B       		.uleb128 0x3b
 713 008f 0B       		.uleb128 0xb
 714 0090 27       		.uleb128 0x27
 715 0091 19       		.uleb128 0x19
 716 0092 11       		.uleb128 0x11
 717 0093 01       		.uleb128 0x1
 718 0094 12       		.uleb128 0x12
 719 0095 06       		.uleb128 0x6
 720 0096 40       		.uleb128 0x40
 721 0097 18       		.uleb128 0x18
 722 0098 9642     		.uleb128 0x2116
 723 009a 19       		.uleb128 0x19
 724 009b 00       		.byte	0
 725 009c 00       		.byte	0
 726 009d 0D       		.uleb128 0xd
 727 009e 2E       		.uleb128 0x2e
 728 009f 01       		.byte	0x1
 729 00a0 03       		.uleb128 0x3
 730 00a1 0E       		.uleb128 0xe
 731 00a2 3A       		.uleb128 0x3a
 732 00a3 0B       		.uleb128 0xb
 733 00a4 3B       		.uleb128 0x3b
 734 00a5 05       		.uleb128 0x5
 735 00a6 27       		.uleb128 0x27
 736 00a7 19       		.uleb128 0x19
ARM GAS  C:\Users\ADMINI~1\AppData\Local\Temp\ccOhnORu.s 			page 22


 737 00a8 11       		.uleb128 0x11
 738 00a9 01       		.uleb128 0x1
 739 00aa 12       		.uleb128 0x12
 740 00ab 06       		.uleb128 0x6
 741 00ac 40       		.uleb128 0x40
 742 00ad 18       		.uleb128 0x18
 743 00ae 9642     		.uleb128 0x2116
 744 00b0 19       		.uleb128 0x19
 745 00b1 01       		.uleb128 0x1
 746 00b2 13       		.uleb128 0x13
 747 00b3 00       		.byte	0
 748 00b4 00       		.byte	0
 749 00b5 0E       		.uleb128 0xe
 750 00b6 05       		.uleb128 0x5
 751 00b7 00       		.byte	0
 752 00b8 03       		.uleb128 0x3
 753 00b9 0E       		.uleb128 0xe
 754 00ba 3A       		.uleb128 0x3a
 755 00bb 0B       		.uleb128 0xb
 756 00bc 3B       		.uleb128 0x3b
 757 00bd 05       		.uleb128 0x5
 758 00be 49       		.uleb128 0x49
 759 00bf 13       		.uleb128 0x13
 760 00c0 02       		.uleb128 0x2
 761 00c1 18       		.uleb128 0x18
 762 00c2 00       		.byte	0
 763 00c3 00       		.byte	0
 764 00c4 0F       		.uleb128 0xf
 765 00c5 2E       		.uleb128 0x2e
 766 00c6 01       		.byte	0x1
 767 00c7 3F       		.uleb128 0x3f
 768 00c8 19       		.uleb128 0x19
 769 00c9 03       		.uleb128 0x3
 770 00ca 0E       		.uleb128 0xe
 771 00cb 3A       		.uleb128 0x3a
 772 00cc 0B       		.uleb128 0xb
 773 00cd 3B       		.uleb128 0x3b
 774 00ce 0B       		.uleb128 0xb
 775 00cf 27       		.uleb128 0x27
 776 00d0 19       		.uleb128 0x19
 777 00d1 11       		.uleb128 0x11
 778 00d2 01       		.uleb128 0x1
 779 00d3 12       		.uleb128 0x12
 780 00d4 06       		.uleb128 0x6
 781 00d5 40       		.uleb128 0x40
 782 00d6 18       		.uleb128 0x18
 783 00d7 9642     		.uleb128 0x2116
 784 00d9 19       		.uleb128 0x19
 785 00da 01       		.uleb128 0x1
 786 00db 13       		.uleb128 0x13
 787 00dc 00       		.byte	0
 788 00dd 00       		.byte	0
 789 00de 10       		.uleb128 0x10
 790 00df 05       		.uleb128 0x5
 791 00e0 00       		.byte	0
 792 00e1 03       		.uleb128 0x3
 793 00e2 0E       		.uleb128 0xe
ARM GAS  C:\Users\ADMINI~1\AppData\Local\Temp\ccOhnORu.s 			page 23


 794 00e3 3A       		.uleb128 0x3a
 795 00e4 0B       		.uleb128 0xb
 796 00e5 3B       		.uleb128 0x3b
 797 00e6 0B       		.uleb128 0xb
 798 00e7 49       		.uleb128 0x49
 799 00e8 13       		.uleb128 0x13
 800 00e9 02       		.uleb128 0x2
 801 00ea 18       		.uleb128 0x18
 802 00eb 00       		.byte	0
 803 00ec 00       		.byte	0
 804 00ed 11       		.uleb128 0x11
 805 00ee 2E       		.uleb128 0x2e
 806 00ef 00       		.byte	0
 807 00f0 3F       		.uleb128 0x3f
 808 00f1 19       		.uleb128 0x19
 809 00f2 03       		.uleb128 0x3
 810 00f3 0E       		.uleb128 0xe
 811 00f4 3A       		.uleb128 0x3a
 812 00f5 0B       		.uleb128 0xb
 813 00f6 3B       		.uleb128 0x3b
 814 00f7 0B       		.uleb128 0xb
 815 00f8 27       		.uleb128 0x27
 816 00f9 19       		.uleb128 0x19
 817 00fa 11       		.uleb128 0x11
 818 00fb 01       		.uleb128 0x1
 819 00fc 12       		.uleb128 0x12
 820 00fd 06       		.uleb128 0x6
 821 00fe 40       		.uleb128 0x40
 822 00ff 18       		.uleb128 0x18
 823 0100 9742     		.uleb128 0x2117
 824 0102 19       		.uleb128 0x19
 825 0103 00       		.byte	0
 826 0104 00       		.byte	0
 827 0105 12       		.uleb128 0x12
 828 0106 34       		.uleb128 0x34
 829 0107 00       		.byte	0
 830 0108 03       		.uleb128 0x3
 831 0109 0E       		.uleb128 0xe
 832 010a 3A       		.uleb128 0x3a
 833 010b 0B       		.uleb128 0xb
 834 010c 3B       		.uleb128 0x3b
 835 010d 0B       		.uleb128 0xb
 836 010e 49       		.uleb128 0x49
 837 010f 13       		.uleb128 0x13
 838 0110 3F       		.uleb128 0x3f
 839 0111 19       		.uleb128 0x19
 840 0112 02       		.uleb128 0x2
 841 0113 18       		.uleb128 0x18
 842 0114 00       		.byte	0
 843 0115 00       		.byte	0
 844 0116 00       		.byte	0
 845              		.section	.debug_aranges,"",%progbits
 846 0000 44000000 		.4byte	0x44
 847 0004 0200     		.2byte	0x2
 848 0006 00000000 		.4byte	.Ldebug_info0
 849 000a 04       		.byte	0x4
 850 000b 00       		.byte	0
ARM GAS  C:\Users\ADMINI~1\AppData\Local\Temp\ccOhnORu.s 			page 24


 851 000c 0000     		.2byte	0
 852 000e 0000     		.2byte	0
 853 0010 00000000 		.4byte	.LFB0
 854 0014 10000000 		.4byte	.LFE0-.LFB0
 855 0018 00000000 		.4byte	.LFB8
 856 001c 1A000000 		.4byte	.LFE8-.LFB8
 857 0020 00000000 		.4byte	.LFB10
 858 0024 1E000000 		.4byte	.LFE10-.LFB10
 859 0028 00000000 		.4byte	.LFB12
 860 002c 1E000000 		.4byte	.LFE12-.LFB12
 861 0030 00000000 		.4byte	.LFB32
 862 0034 4C000000 		.4byte	.LFE32-.LFB32
 863 0038 00000000 		.4byte	.LFB33
 864 003c 28000000 		.4byte	.LFE33-.LFB33
 865 0040 00000000 		.4byte	0
 866 0044 00000000 		.4byte	0
 867              		.section	.debug_ranges,"",%progbits
 868              	.Ldebug_ranges0:
 869 0000 00000000 		.4byte	.LFB0
 870 0004 10000000 		.4byte	.LFE0
 871 0008 00000000 		.4byte	.LFB8
 872 000c 1A000000 		.4byte	.LFE8
 873 0010 00000000 		.4byte	.LFB10
 874 0014 1E000000 		.4byte	.LFE10
 875 0018 00000000 		.4byte	.LFB12
 876 001c 1E000000 		.4byte	.LFE12
 877 0020 00000000 		.4byte	.LFB32
 878 0024 4C000000 		.4byte	.LFE32
 879 0028 00000000 		.4byte	.LFB33
 880 002c 28000000 		.4byte	.LFE33
 881 0030 00000000 		.4byte	0
 882 0034 00000000 		.4byte	0
 883              		.section	.debug_line,"",%progbits
 884              	.Ldebug_line0:
 885 0000 D2000000 		.section	.debug_str,"MS",%progbits,1
 885      02005400 
 885      00000201 
 885      FB0E0D00 
 885      01010101 
 886              	.LASF30:
 887 0000 444D415F 		.ascii	"DMA_Start\000"
 887      53746172 
 887      7400
 888              	.LASF25:
 889 000a 64737441 		.ascii	"dstAddress\000"
 889      64647265 
 889      737300
 890              	.LASF2:
 891 0015 73686F72 		.ascii	"short int\000"
 891      7420696E 
 891      7400
 892              	.LASF15:
 893 001f 73697A65 		.ascii	"sizetype\000"
 893      74797065 
 893      00
 894              	.LASF16:
 895 0028 6379646D 		.ascii	"cydma_channel_ctl_struct\000"
ARM GAS  C:\Users\ADMINI~1\AppData\Local\Temp\ccOhnORu.s 			page 25


 895      615F6368 
 895      616E6E65 
 895      6C5F6374 
 895      6C5F7374 
 896              	.LASF9:
 897 0041 75696E74 		.ascii	"uint8\000"
 897      3800
 898              	.LASF12:
 899 0047 666C6F61 		.ascii	"float\000"
 899      7400
 900              	.LASF11:
 901 004d 696E7433 		.ascii	"int32\000"
 901      3200
 902              	.LASF6:
 903 0053 6C6F6E67 		.ascii	"long long int\000"
 903      206C6F6E 
 903      6720696E 
 903      7400
 904              	.LASF14:
 905 0061 63686172 		.ascii	"char\000"
 905      00
 906              	.LASF4:
 907 0066 6C6F6E67 		.ascii	"long int\000"
 907      20696E74 
 907      00
 908              	.LASF31:
 909 006f 444D415F 		.ascii	"DMA_Init\000"
 909      496E6974 
 909      00
 910              	.LASF26:
 911 0078 474E5520 		.ascii	"GNU C11 5.4.1 20160609 (release) [ARM/embedded-5-br"
 911      43313120 
 911      352E342E 
 911      31203230 
 911      31363036 
 912 00ab 616E6368 		.ascii	"anch revision 237715] -mcpu=cortex-m0 -mthumb -g -O"
 912      20726576 
 912      6973696F 
 912      6E203233 
 912      37373135 
 913 00de 30202D66 		.ascii	"0 -ffunction-sections -ffat-lto-objects\000"
 913      66756E63 
 913      74696F6E 
 913      2D736563 
 913      74696F6E 
 914              	.LASF32:
 915 0106 444D415F 		.ascii	"DMA_initVar\000"
 915      696E6974 
 915      56617200 
 916              	.LASF1:
 917 0112 756E7369 		.ascii	"unsigned char\000"
 917      676E6564 
 917      20636861 
 917      7200
 918              	.LASF0:
 919 0120 7369676E 		.ascii	"signed char\000"
 919      65642063 
ARM GAS  C:\Users\ADMINI~1\AppData\Local\Temp\ccOhnORu.s 			page 26


 919      68617200 
 920              	.LASF7:
 921 012c 6C6F6E67 		.ascii	"long long unsigned int\000"
 921      206C6F6E 
 921      6720756E 
 921      7369676E 
 921      65642069 
 922              	.LASF8:
 923 0143 756E7369 		.ascii	"unsigned int\000"
 923      676E6564 
 923      20696E74 
 923      00
 924              	.LASF21:
 925 0150 444D415F 		.ascii	"DMA_ValidateDescriptor\000"
 925      56616C69 
 925      64617465 
 925      44657363 
 925      72697074 
 926              	.LASF3:
 927 0167 73686F72 		.ascii	"short unsigned int\000"
 927      7420756E 
 927      7369676E 
 927      65642069 
 927      6E7400
 928              	.LASF17:
 929 017a 73746174 		.ascii	"status\000"
 929      757300
 930              	.LASF20:
 931 0181 6379646D 		.ascii	"cydma_descriptor_ram_struct\000"
 931      615F6465 
 931      73637269 
 931      70746F72 
 931      5F72616D 
 932              	.LASF27:
 933 019d 47656E65 		.ascii	"Generated_Source\\PSoC4\\DMA.c\000"
 933      72617465 
 933      645F536F 
 933      75726365 
 933      5C50536F 
 934              	.LASF18:
 935 01ba 6379646D 		.ascii	"cydma_descriptor_struct\000"
 935      615F6465 
 935      73637269 
 935      70746F72 
 935      5F737472 
 936              	.LASF24:
 937 01d2 444D415F 		.ascii	"DMA_SetDstAddress\000"
 937      53657444 
 937      73744164 
 937      64726573 
 937      7300
 938              	.LASF23:
 939 01e4 73726341 		.ascii	"srcAddress\000"
 939      64647265 
 939      737300
 940              	.LASF10:
 941 01ef 75696E74 		.ascii	"uint32\000"
ARM GAS  C:\Users\ADMINI~1\AppData\Local\Temp\ccOhnORu.s 			page 27


 941      333200
 942              	.LASF5:
 943 01f6 6C6F6E67 		.ascii	"long unsigned int\000"
 943      20756E73 
 943      69676E65 
 943      6420696E 
 943      7400
 944              	.LASF28:
 945 0208 443A5C43 		.ascii	"D:\\CYTEST\\Micrium_CY8CKIT-044_OS2\\Micrium\\Examp"
 945      59544553 
 945      545C4D69 
 945      63726975 
 945      6D5F4359 
 946 0237 6C65735C 		.ascii	"les\\Cypress\\CY8CKIT-044\\OS2\\PSoC\\OS2.cydsn\000"
 946      43797072 
 946      6573735C 
 946      43593843 
 946      4B49542D 
 947              	.LASF13:
 948 0262 646F7562 		.ascii	"double\000"
 948      6C6500
 949              	.LASF29:
 950 0269 444D415F 		.ascii	"DMA_ChEnable\000"
 950      4368456E 
 950      61626C65 
 950      00
 951              	.LASF22:
 952 0276 444D415F 		.ascii	"DMA_SetSrcAddress\000"
 952      53657453 
 952      72634164 
 952      64726573 
 952      7300
 953              	.LASF19:
 954 0288 64657363 		.ascii	"descriptor\000"
 954      72697074 
 954      6F7200
 955              		.ident	"GCC: (GNU Tools for ARM Embedded Processors) 5.4.1 20160609 (release) [ARM/embedded-5-bran
