ARM GAS  C:\Users\ADMINI~1\AppData\Local\Temp\ccUIuBBY.s 			page 1


   1              		.syntax unified
   2              		.cpu cortex-m0
   3              		.fpu softvfp
   4              		.eabi_attribute 20, 1
   5              		.eabi_attribute 21, 1
   6              		.eabi_attribute 23, 3
   7              		.eabi_attribute 24, 1
   8              		.eabi_attribute 25, 1
   9              		.eabi_attribute 26, 1
  10              		.eabi_attribute 30, 6
  11              		.eabi_attribute 34, 0
  12              		.eabi_attribute 18, 4
  13              		.thumb
  14              		.syntax unified
  15              		.file	"I2C_I2C.c"
  16              		.text
  17              	.Ltext0:
  18              		.cfi_sections	.debug_frame
  19              		.comm	I2C_state,1,1
  20              		.section	.text.I2C_I2CInit,"ax",%progbits
  21              		.align	2
  22              		.global	I2C_I2CInit
  23              		.code	16
  24              		.thumb_func
  25              		.type	I2C_I2CInit, %function
  26              	I2C_I2CInit:
  27              	.LFB1:
  28              		.file 1 "Generated_Source\\PSoC4\\I2C_I2C.c"
   1:Generated_Source\PSoC4/I2C_I2C.c **** /*******************************************************************************
   2:Generated_Source\PSoC4/I2C_I2C.c **** * File Name: I2C_I2C.c
   3:Generated_Source\PSoC4/I2C_I2C.c **** * Version 3.0
   4:Generated_Source\PSoC4/I2C_I2C.c **** *
   5:Generated_Source\PSoC4/I2C_I2C.c **** * Description:
   6:Generated_Source\PSoC4/I2C_I2C.c **** *  This file provides the source code to the API for the SCB Component in
   7:Generated_Source\PSoC4/I2C_I2C.c **** *  I2C mode.
   8:Generated_Source\PSoC4/I2C_I2C.c **** *
   9:Generated_Source\PSoC4/I2C_I2C.c **** * Note:
  10:Generated_Source\PSoC4/I2C_I2C.c **** *
  11:Generated_Source\PSoC4/I2C_I2C.c **** *******************************************************************************
  12:Generated_Source\PSoC4/I2C_I2C.c **** * Copyright 2013-2015, Cypress Semiconductor Corporation.  All rights reserved.
  13:Generated_Source\PSoC4/I2C_I2C.c **** * You may use this file only in accordance with the license, terms, conditions,
  14:Generated_Source\PSoC4/I2C_I2C.c **** * disclaimers, and limitations in the end user license agreement accompanying
  15:Generated_Source\PSoC4/I2C_I2C.c **** * the software package with which this file was provided.
  16:Generated_Source\PSoC4/I2C_I2C.c **** *******************************************************************************/
  17:Generated_Source\PSoC4/I2C_I2C.c **** 
  18:Generated_Source\PSoC4/I2C_I2C.c **** #include "I2C_PVT.h"
  19:Generated_Source\PSoC4/I2C_I2C.c **** #include "I2C_I2C_PVT.h"
  20:Generated_Source\PSoC4/I2C_I2C.c **** 
  21:Generated_Source\PSoC4/I2C_I2C.c **** 
  22:Generated_Source\PSoC4/I2C_I2C.c **** /***************************************
  23:Generated_Source\PSoC4/I2C_I2C.c **** *      I2C Private Vars
  24:Generated_Source\PSoC4/I2C_I2C.c **** ***************************************/
  25:Generated_Source\PSoC4/I2C_I2C.c **** 
  26:Generated_Source\PSoC4/I2C_I2C.c **** volatile uint8 I2C_state;  /* Current state of I2C FSM */
  27:Generated_Source\PSoC4/I2C_I2C.c **** 
  28:Generated_Source\PSoC4/I2C_I2C.c **** #if(I2C_SCB_MODE_UNCONFIG_CONST_CFG)
  29:Generated_Source\PSoC4/I2C_I2C.c **** 
ARM GAS  C:\Users\ADMINI~1\AppData\Local\Temp\ccUIuBBY.s 			page 2


  30:Generated_Source\PSoC4/I2C_I2C.c ****     /***************************************
  31:Generated_Source\PSoC4/I2C_I2C.c ****     *  Configuration Structure Initialization
  32:Generated_Source\PSoC4/I2C_I2C.c ****     ***************************************/
  33:Generated_Source\PSoC4/I2C_I2C.c **** 
  34:Generated_Source\PSoC4/I2C_I2C.c ****     /* Constant configuration of I2C */
  35:Generated_Source\PSoC4/I2C_I2C.c ****     const I2C_I2C_INIT_STRUCT I2C_configI2C =
  36:Generated_Source\PSoC4/I2C_I2C.c ****     {
  37:Generated_Source\PSoC4/I2C_I2C.c ****         I2C_I2C_MODE,
  38:Generated_Source\PSoC4/I2C_I2C.c ****         I2C_I2C_OVS_FACTOR_LOW,
  39:Generated_Source\PSoC4/I2C_I2C.c ****         I2C_I2C_OVS_FACTOR_HIGH,
  40:Generated_Source\PSoC4/I2C_I2C.c ****         I2C_I2C_MEDIAN_FILTER_ENABLE,
  41:Generated_Source\PSoC4/I2C_I2C.c ****         I2C_I2C_SLAVE_ADDRESS,
  42:Generated_Source\PSoC4/I2C_I2C.c ****         I2C_I2C_SLAVE_ADDRESS_MASK,
  43:Generated_Source\PSoC4/I2C_I2C.c ****         I2C_I2C_ACCEPT_ADDRESS,
  44:Generated_Source\PSoC4/I2C_I2C.c ****         I2C_I2C_WAKE_ENABLE,
  45:Generated_Source\PSoC4/I2C_I2C.c ****         I2C_I2C_BYTE_MODE_ENABLE,
  46:Generated_Source\PSoC4/I2C_I2C.c ****         I2C_I2C_DATA_RATE,
  47:Generated_Source\PSoC4/I2C_I2C.c ****         I2C_I2C_ACCEPT_GENERAL_CALL,
  48:Generated_Source\PSoC4/I2C_I2C.c ****     };
  49:Generated_Source\PSoC4/I2C_I2C.c **** 
  50:Generated_Source\PSoC4/I2C_I2C.c ****     /*******************************************************************************
  51:Generated_Source\PSoC4/I2C_I2C.c ****     * Function Name: I2C_I2CInit
  52:Generated_Source\PSoC4/I2C_I2C.c ****     ********************************************************************************
  53:Generated_Source\PSoC4/I2C_I2C.c ****     *
  54:Generated_Source\PSoC4/I2C_I2C.c ****     * Summary:
  55:Generated_Source\PSoC4/I2C_I2C.c ****     *  Configures the SCB for I2C operation.
  56:Generated_Source\PSoC4/I2C_I2C.c ****     *
  57:Generated_Source\PSoC4/I2C_I2C.c ****     * Parameters:
  58:Generated_Source\PSoC4/I2C_I2C.c ****     *  config:  Pointer to a structure that contains the following ordered list of
  59:Generated_Source\PSoC4/I2C_I2C.c ****     *           fields. These fields match the selections available in the
  60:Generated_Source\PSoC4/I2C_I2C.c ****     *           customizer.
  61:Generated_Source\PSoC4/I2C_I2C.c ****     *
  62:Generated_Source\PSoC4/I2C_I2C.c ****     * Return:
  63:Generated_Source\PSoC4/I2C_I2C.c ****     *  None
  64:Generated_Source\PSoC4/I2C_I2C.c ****     *
  65:Generated_Source\PSoC4/I2C_I2C.c ****     *******************************************************************************/
  66:Generated_Source\PSoC4/I2C_I2C.c ****     void I2C_I2CInit(const I2C_I2C_INIT_STRUCT *config)
  67:Generated_Source\PSoC4/I2C_I2C.c ****     {
  68:Generated_Source\PSoC4/I2C_I2C.c ****         uint32 medianFilter;
  69:Generated_Source\PSoC4/I2C_I2C.c ****         uint32 locEnableWake;
  70:Generated_Source\PSoC4/I2C_I2C.c **** 
  71:Generated_Source\PSoC4/I2C_I2C.c ****         if(NULL == config)
  72:Generated_Source\PSoC4/I2C_I2C.c ****         {
  73:Generated_Source\PSoC4/I2C_I2C.c ****             CYASSERT(0u != 0u); /* Halt execution due to bad function parameter */
  74:Generated_Source\PSoC4/I2C_I2C.c ****         }
  75:Generated_Source\PSoC4/I2C_I2C.c ****         else
  76:Generated_Source\PSoC4/I2C_I2C.c ****         {
  77:Generated_Source\PSoC4/I2C_I2C.c ****             /* Configure pins */
  78:Generated_Source\PSoC4/I2C_I2C.c ****             I2C_SetPins(I2C_SCB_MODE_I2C, I2C_DUMMY_PARAM,
  79:Generated_Source\PSoC4/I2C_I2C.c ****                                      I2C_DUMMY_PARAM);
  80:Generated_Source\PSoC4/I2C_I2C.c **** 
  81:Generated_Source\PSoC4/I2C_I2C.c ****             /* Store internal configuration */
  82:Generated_Source\PSoC4/I2C_I2C.c ****             I2C_scbMode       = (uint8) I2C_SCB_MODE_I2C;
  83:Generated_Source\PSoC4/I2C_I2C.c ****             I2C_scbEnableWake = (uint8) config->enableWake;
  84:Generated_Source\PSoC4/I2C_I2C.c ****             I2C_scbEnableIntr = (uint8) I2C_SCB_IRQ_INTERNAL;
  85:Generated_Source\PSoC4/I2C_I2C.c **** 
  86:Generated_Source\PSoC4/I2C_I2C.c ****             I2C_mode          = (uint8) config->mode;
ARM GAS  C:\Users\ADMINI~1\AppData\Local\Temp\ccUIuBBY.s 			page 3


  87:Generated_Source\PSoC4/I2C_I2C.c ****             I2C_acceptAddr    = (uint8) config->acceptAddr;
  88:Generated_Source\PSoC4/I2C_I2C.c **** 
  89:Generated_Source\PSoC4/I2C_I2C.c ****         #if (I2C_CY_SCBIP_V0)
  90:Generated_Source\PSoC4/I2C_I2C.c ****             /* Adjust SDA filter settings. Ticket ID#150521 */
  91:Generated_Source\PSoC4/I2C_I2C.c ****             I2C_SET_I2C_CFG_SDA_FILT_TRIM(I2C_EC_AM_I2C_CFG_SDA_FILT_TRIM);
  92:Generated_Source\PSoC4/I2C_I2C.c ****         #endif /* (I2C_CY_SCBIP_V0) */
  93:Generated_Source\PSoC4/I2C_I2C.c **** 
  94:Generated_Source\PSoC4/I2C_I2C.c ****             /* Adjust AF and DF filter settings. Ticket ID#176179 */
  95:Generated_Source\PSoC4/I2C_I2C.c ****             if (((I2C_I2C_MODE_SLAVE != config->mode) &&
  96:Generated_Source\PSoC4/I2C_I2C.c ****                  (config->dataRate <= I2C_I2C_DATA_RATE_FS_MODE_MAX)) ||
  97:Generated_Source\PSoC4/I2C_I2C.c ****                  (I2C_I2C_MODE_SLAVE == config->mode))
  98:Generated_Source\PSoC4/I2C_I2C.c ****             {
  99:Generated_Source\PSoC4/I2C_I2C.c ****                 /* AF = 1, DF = 0 */
 100:Generated_Source\PSoC4/I2C_I2C.c ****                 I2C_I2C_CFG_ANALOG_FITER_ENABLE;
 101:Generated_Source\PSoC4/I2C_I2C.c ****                 medianFilter = I2C_DIGITAL_FILTER_DISABLE;
 102:Generated_Source\PSoC4/I2C_I2C.c ****             }
 103:Generated_Source\PSoC4/I2C_I2C.c ****             else
 104:Generated_Source\PSoC4/I2C_I2C.c ****             {
 105:Generated_Source\PSoC4/I2C_I2C.c ****                 /* AF = 0, DF = 1 */
 106:Generated_Source\PSoC4/I2C_I2C.c ****                 I2C_I2C_CFG_ANALOG_FITER_DISABLE;
 107:Generated_Source\PSoC4/I2C_I2C.c ****                 medianFilter = I2C_DIGITAL_FILTER_ENABLE;
 108:Generated_Source\PSoC4/I2C_I2C.c ****             }
 109:Generated_Source\PSoC4/I2C_I2C.c **** 
 110:Generated_Source\PSoC4/I2C_I2C.c ****         #if (!I2C_CY_SCBIP_V0)
 111:Generated_Source\PSoC4/I2C_I2C.c ****             locEnableWake = (I2C_I2C_MULTI_MASTER_SLAVE) ? (0u) : (config->enableWake);
 112:Generated_Source\PSoC4/I2C_I2C.c ****         #else
 113:Generated_Source\PSoC4/I2C_I2C.c ****             locEnableWake = config->enableWake;
 114:Generated_Source\PSoC4/I2C_I2C.c ****         #endif /* (!I2C_CY_SCBIP_V0) */
 115:Generated_Source\PSoC4/I2C_I2C.c **** 
 116:Generated_Source\PSoC4/I2C_I2C.c ****             /* Configure I2C interface */
 117:Generated_Source\PSoC4/I2C_I2C.c ****             I2C_CTRL_REG     = I2C_GET_CTRL_BYTE_MODE  (config->enableByteMode) |
 118:Generated_Source\PSoC4/I2C_I2C.c ****                                             I2C_GET_CTRL_ADDR_ACCEPT(config->acceptAddr)     |
 119:Generated_Source\PSoC4/I2C_I2C.c ****                                             I2C_GET_CTRL_EC_AM_MODE (locEnableWake);
 120:Generated_Source\PSoC4/I2C_I2C.c **** 
 121:Generated_Source\PSoC4/I2C_I2C.c ****             I2C_I2C_CTRL_REG = I2C_GET_I2C_CTRL_HIGH_PHASE_OVS(config->oversampleHigh) |
 122:Generated_Source\PSoC4/I2C_I2C.c ****                     I2C_GET_I2C_CTRL_LOW_PHASE_OVS (config->oversampleLow)                         
 123:Generated_Source\PSoC4/I2C_I2C.c ****                     I2C_GET_I2C_CTRL_S_GENERAL_IGNORE((uint32)(0u == config->acceptGeneralAddr))   
 124:Generated_Source\PSoC4/I2C_I2C.c ****                     I2C_GET_I2C_CTRL_SL_MSTR_MODE  (config->mode);
 125:Generated_Source\PSoC4/I2C_I2C.c **** 
 126:Generated_Source\PSoC4/I2C_I2C.c ****             /* Configure RX direction */
 127:Generated_Source\PSoC4/I2C_I2C.c ****             I2C_RX_CTRL_REG      = I2C_GET_RX_CTRL_MEDIAN(medianFilter) |
 128:Generated_Source\PSoC4/I2C_I2C.c ****                                                 I2C_I2C_RX_CTRL;
 129:Generated_Source\PSoC4/I2C_I2C.c ****             I2C_RX_FIFO_CTRL_REG = I2C_CLEAR_REG;
 130:Generated_Source\PSoC4/I2C_I2C.c **** 
 131:Generated_Source\PSoC4/I2C_I2C.c ****             /* Set default address and mask */
 132:Generated_Source\PSoC4/I2C_I2C.c ****             I2C_RX_MATCH_REG    = ((I2C_I2C_SLAVE) ?
 133:Generated_Source\PSoC4/I2C_I2C.c ****                                                 (I2C_GET_I2C_8BIT_ADDRESS(config->slaveAddr) |
 134:Generated_Source\PSoC4/I2C_I2C.c ****                                                  I2C_GET_RX_MATCH_MASK(config->slaveAddrMask)) :
 135:Generated_Source\PSoC4/I2C_I2C.c ****                                                 (I2C_CLEAR_REG));
 136:Generated_Source\PSoC4/I2C_I2C.c **** 
 137:Generated_Source\PSoC4/I2C_I2C.c **** 
 138:Generated_Source\PSoC4/I2C_I2C.c ****             /* Configure TX direction */
 139:Generated_Source\PSoC4/I2C_I2C.c ****             I2C_TX_CTRL_REG      = I2C_I2C_TX_CTRL;
 140:Generated_Source\PSoC4/I2C_I2C.c ****             I2C_TX_FIFO_CTRL_REG = I2C_CLEAR_REG;
 141:Generated_Source\PSoC4/I2C_I2C.c **** 
 142:Generated_Source\PSoC4/I2C_I2C.c ****             /* Configure interrupt with I2C handler but do not enable it */
 143:Generated_Source\PSoC4/I2C_I2C.c ****             CyIntDisable    (I2C_ISR_NUMBER);
ARM GAS  C:\Users\ADMINI~1\AppData\Local\Temp\ccUIuBBY.s 			page 4


 144:Generated_Source\PSoC4/I2C_I2C.c ****             CyIntSetPriority(I2C_ISR_NUMBER, I2C_ISR_PRIORITY);
 145:Generated_Source\PSoC4/I2C_I2C.c ****             (void) CyIntSetVector(I2C_ISR_NUMBER, &I2C_I2C_ISR);
 146:Generated_Source\PSoC4/I2C_I2C.c **** 
 147:Generated_Source\PSoC4/I2C_I2C.c ****             /* Configure interrupt sources */
 148:Generated_Source\PSoC4/I2C_I2C.c ****         #if(!I2C_CY_SCBIP_V1)
 149:Generated_Source\PSoC4/I2C_I2C.c ****             I2C_INTR_SPI_EC_MASK_REG = I2C_NO_INTR_SOURCES;
 150:Generated_Source\PSoC4/I2C_I2C.c ****         #endif /* (!I2C_CY_SCBIP_V1) */
 151:Generated_Source\PSoC4/I2C_I2C.c **** 
 152:Generated_Source\PSoC4/I2C_I2C.c ****             I2C_INTR_I2C_EC_MASK_REG = I2C_NO_INTR_SOURCES;
 153:Generated_Source\PSoC4/I2C_I2C.c ****             I2C_INTR_RX_MASK_REG     = I2C_NO_INTR_SOURCES;
 154:Generated_Source\PSoC4/I2C_I2C.c ****             I2C_INTR_TX_MASK_REG     = I2C_NO_INTR_SOURCES;
 155:Generated_Source\PSoC4/I2C_I2C.c **** 
 156:Generated_Source\PSoC4/I2C_I2C.c ****             I2C_INTR_SLAVE_MASK_REG  = ((I2C_I2C_SLAVE) ?
 157:Generated_Source\PSoC4/I2C_I2C.c ****                             (I2C_GET_INTR_SLAVE_I2C_GENERAL(config->acceptGeneralAddr) |
 158:Generated_Source\PSoC4/I2C_I2C.c ****                              I2C_I2C_INTR_SLAVE_MASK) : (I2C_CLEAR_REG));
 159:Generated_Source\PSoC4/I2C_I2C.c **** 
 160:Generated_Source\PSoC4/I2C_I2C.c ****             I2C_INTR_MASTER_MASK_REG = ((I2C_I2C_MASTER) ?
 161:Generated_Source\PSoC4/I2C_I2C.c ****                                                      (I2C_I2C_INTR_MASTER_MASK) :
 162:Generated_Source\PSoC4/I2C_I2C.c ****                                                      (I2C_CLEAR_REG));
 163:Generated_Source\PSoC4/I2C_I2C.c **** 
 164:Generated_Source\PSoC4/I2C_I2C.c ****             /* Configure global variables */
 165:Generated_Source\PSoC4/I2C_I2C.c ****             I2C_state = I2C_I2C_FSM_IDLE;
 166:Generated_Source\PSoC4/I2C_I2C.c **** 
 167:Generated_Source\PSoC4/I2C_I2C.c ****             /* Internal slave variables */
 168:Generated_Source\PSoC4/I2C_I2C.c ****             I2C_slStatus        = 0u;
 169:Generated_Source\PSoC4/I2C_I2C.c ****             I2C_slRdBufIndex    = 0u;
 170:Generated_Source\PSoC4/I2C_I2C.c ****             I2C_slWrBufIndex    = 0u;
 171:Generated_Source\PSoC4/I2C_I2C.c ****             I2C_slOverFlowCount = 0u;
 172:Generated_Source\PSoC4/I2C_I2C.c **** 
 173:Generated_Source\PSoC4/I2C_I2C.c ****             /* Internal master variables */
 174:Generated_Source\PSoC4/I2C_I2C.c ****             I2C_mstrStatus     = 0u;
 175:Generated_Source\PSoC4/I2C_I2C.c ****             I2C_mstrRdBufIndex = 0u;
 176:Generated_Source\PSoC4/I2C_I2C.c ****             I2C_mstrWrBufIndex = 0u;
 177:Generated_Source\PSoC4/I2C_I2C.c ****         }
 178:Generated_Source\PSoC4/I2C_I2C.c ****     }
 179:Generated_Source\PSoC4/I2C_I2C.c **** 
 180:Generated_Source\PSoC4/I2C_I2C.c **** #else
 181:Generated_Source\PSoC4/I2C_I2C.c **** 
 182:Generated_Source\PSoC4/I2C_I2C.c ****     /*******************************************************************************
 183:Generated_Source\PSoC4/I2C_I2C.c ****     * Function Name: I2C_I2CInit
 184:Generated_Source\PSoC4/I2C_I2C.c ****     ********************************************************************************
 185:Generated_Source\PSoC4/I2C_I2C.c ****     *
 186:Generated_Source\PSoC4/I2C_I2C.c ****     * Summary:
 187:Generated_Source\PSoC4/I2C_I2C.c ****     *  Configures the SCB for the I2C operation.
 188:Generated_Source\PSoC4/I2C_I2C.c ****     *
 189:Generated_Source\PSoC4/I2C_I2C.c ****     * Parameters:
 190:Generated_Source\PSoC4/I2C_I2C.c ****     *  None
 191:Generated_Source\PSoC4/I2C_I2C.c ****     *
 192:Generated_Source\PSoC4/I2C_I2C.c ****     * Return:
 193:Generated_Source\PSoC4/I2C_I2C.c ****     *  None
 194:Generated_Source\PSoC4/I2C_I2C.c ****     *
 195:Generated_Source\PSoC4/I2C_I2C.c ****     *******************************************************************************/
 196:Generated_Source\PSoC4/I2C_I2C.c ****     void I2C_I2CInit(void)
 197:Generated_Source\PSoC4/I2C_I2C.c ****     {
  29              		.loc 1 197 0
  30              		.cfi_startproc
  31              		@ args = 0, pretend = 0, frame = 0
ARM GAS  C:\Users\ADMINI~1\AppData\Local\Temp\ccUIuBBY.s 			page 5


  32              		@ frame_needed = 1, uses_anonymous_args = 0
  33 0000 80B5     		push	{r7, lr}
  34              		.cfi_def_cfa_offset 8
  35              		.cfi_offset 7, -8
  36              		.cfi_offset 14, -4
  37 0002 00AF     		add	r7, sp, #0
  38              		.cfi_def_cfa_register 7
 198:Generated_Source\PSoC4/I2C_I2C.c ****     #if(I2C_CY_SCBIP_V0)
 199:Generated_Source\PSoC4/I2C_I2C.c ****         /* Adjust SDA filter settings. Ticket ID#150521 */
 200:Generated_Source\PSoC4/I2C_I2C.c ****         I2C_SET_I2C_CFG_SDA_FILT_TRIM(I2C_EC_AM_I2C_CFG_SDA_FILT_TRIM);
 201:Generated_Source\PSoC4/I2C_I2C.c ****     #endif /* (I2C_CY_SCBIP_V0) */
 202:Generated_Source\PSoC4/I2C_I2C.c **** 
 203:Generated_Source\PSoC4/I2C_I2C.c ****         /* Adjust AF and DF filter settings. Ticket ID#176179 */
 204:Generated_Source\PSoC4/I2C_I2C.c ****         I2C_I2C_CFG_ANALOG_FITER_ENABLE_ADJ;
 205:Generated_Source\PSoC4/I2C_I2C.c **** 
 206:Generated_Source\PSoC4/I2C_I2C.c ****         /* Configure I2C interface */
 207:Generated_Source\PSoC4/I2C_I2C.c ****         I2C_CTRL_REG     = I2C_I2C_DEFAULT_CTRL;
  39              		.loc 1 207 0
  40 0004 214B     		ldr	r3, .L2
  41 0006 0022     		movs	r2, #0
  42 0008 1A60     		str	r2, [r3]
 208:Generated_Source\PSoC4/I2C_I2C.c ****         I2C_I2C_CTRL_REG = I2C_I2C_DEFAULT_I2C_CTRL;
  43              		.loc 1 208 0
  44 000a 214B     		ldr	r3, .L2+4
  45 000c 214A     		ldr	r2, .L2+8
  46 000e 1A60     		str	r2, [r3]
 209:Generated_Source\PSoC4/I2C_I2C.c **** 
 210:Generated_Source\PSoC4/I2C_I2C.c ****         /* Configure RX direction */
 211:Generated_Source\PSoC4/I2C_I2C.c ****         I2C_RX_CTRL_REG      = I2C_I2C_DEFAULT_RX_CTRL;
  47              		.loc 1 211 0
  48 0010 214B     		ldr	r3, .L2+12
  49 0012 224A     		ldr	r2, .L2+16
  50 0014 1A60     		str	r2, [r3]
 212:Generated_Source\PSoC4/I2C_I2C.c ****         I2C_RX_FIFO_CTRL_REG = I2C_I2C_DEFAULT_RX_FIFO_CTRL;
  51              		.loc 1 212 0
  52 0016 224B     		ldr	r3, .L2+20
  53 0018 0022     		movs	r2, #0
  54 001a 1A60     		str	r2, [r3]
 213:Generated_Source\PSoC4/I2C_I2C.c **** 
 214:Generated_Source\PSoC4/I2C_I2C.c ****         /* Set default address and mask */
 215:Generated_Source\PSoC4/I2C_I2C.c ****         I2C_RX_MATCH_REG     = I2C_I2C_DEFAULT_RX_MATCH;
  55              		.loc 1 215 0
  56 001c 214B     		ldr	r3, .L2+24
  57 001e 0022     		movs	r2, #0
  58 0020 1A60     		str	r2, [r3]
 216:Generated_Source\PSoC4/I2C_I2C.c **** 
 217:Generated_Source\PSoC4/I2C_I2C.c ****         /* Configure TX direction */
 218:Generated_Source\PSoC4/I2C_I2C.c ****         I2C_TX_CTRL_REG      = I2C_I2C_DEFAULT_TX_CTRL;
  59              		.loc 1 218 0
  60 0022 214B     		ldr	r3, .L2+28
  61 0024 1D4A     		ldr	r2, .L2+16
  62 0026 1A60     		str	r2, [r3]
 219:Generated_Source\PSoC4/I2C_I2C.c ****         I2C_TX_FIFO_CTRL_REG = I2C_I2C_DEFAULT_TX_FIFO_CTRL;
  63              		.loc 1 219 0
  64 0028 204B     		ldr	r3, .L2+32
  65 002a 0022     		movs	r2, #0
  66 002c 1A60     		str	r2, [r3]
ARM GAS  C:\Users\ADMINI~1\AppData\Local\Temp\ccUIuBBY.s 			page 6


 220:Generated_Source\PSoC4/I2C_I2C.c **** 
 221:Generated_Source\PSoC4/I2C_I2C.c ****         /* Configure interrupt with I2C handler but do not enable it */
 222:Generated_Source\PSoC4/I2C_I2C.c ****         CyIntDisable    (I2C_ISR_NUMBER);
  67              		.loc 1 222 0
  68 002e 0820     		movs	r0, #8
  69 0030 FFF7FEFF 		bl	CyIntDisable
 223:Generated_Source\PSoC4/I2C_I2C.c ****         CyIntSetPriority(I2C_ISR_NUMBER, I2C_ISR_PRIORITY);
  70              		.loc 1 223 0
  71 0034 0321     		movs	r1, #3
  72 0036 0820     		movs	r0, #8
  73 0038 FFF7FEFF 		bl	CyIntSetPriority
 224:Generated_Source\PSoC4/I2C_I2C.c ****     #if(!I2C_I2C_EXTERN_INTR_HANDLER)
 225:Generated_Source\PSoC4/I2C_I2C.c ****         (void) CyIntSetVector(I2C_ISR_NUMBER, &I2C_I2C_ISR);
  74              		.loc 1 225 0
  75 003c 1C4B     		ldr	r3, .L2+36
  76 003e 1900     		movs	r1, r3
  77 0040 0820     		movs	r0, #8
  78 0042 FFF7FEFF 		bl	CyIntSetVector
 226:Generated_Source\PSoC4/I2C_I2C.c ****     #endif /* (I2C_I2C_EXTERN_INTR_HANDLER) */
 227:Generated_Source\PSoC4/I2C_I2C.c **** 
 228:Generated_Source\PSoC4/I2C_I2C.c ****         /* Configure interrupt sources */
 229:Generated_Source\PSoC4/I2C_I2C.c ****     #if(!I2C_CY_SCBIP_V1)
 230:Generated_Source\PSoC4/I2C_I2C.c ****         I2C_INTR_SPI_EC_MASK_REG = I2C_I2C_DEFAULT_INTR_SPI_EC_MASK;
  79              		.loc 1 230 0
  80 0046 1B4B     		ldr	r3, .L2+40
  81 0048 0022     		movs	r2, #0
  82 004a 1A60     		str	r2, [r3]
 231:Generated_Source\PSoC4/I2C_I2C.c ****     #endif /* (!I2C_CY_SCBIP_V1) */
 232:Generated_Source\PSoC4/I2C_I2C.c **** 
 233:Generated_Source\PSoC4/I2C_I2C.c ****         I2C_INTR_I2C_EC_MASK_REG = I2C_I2C_DEFAULT_INTR_I2C_EC_MASK;
  83              		.loc 1 233 0
  84 004c 1A4B     		ldr	r3, .L2+44
  85 004e 0022     		movs	r2, #0
  86 0050 1A60     		str	r2, [r3]
 234:Generated_Source\PSoC4/I2C_I2C.c ****         I2C_INTR_SLAVE_MASK_REG  = I2C_I2C_DEFAULT_INTR_SLAVE_MASK;
  87              		.loc 1 234 0
  88 0052 1A4B     		ldr	r3, .L2+48
  89 0054 0022     		movs	r2, #0
  90 0056 1A60     		str	r2, [r3]
 235:Generated_Source\PSoC4/I2C_I2C.c ****         I2C_INTR_MASTER_MASK_REG = I2C_I2C_DEFAULT_INTR_MASTER_MASK;
  91              		.loc 1 235 0
  92 0058 194B     		ldr	r3, .L2+52
  93 005a 1422     		movs	r2, #20
  94 005c FF32     		adds	r2, r2, #255
  95 005e 1A60     		str	r2, [r3]
 236:Generated_Source\PSoC4/I2C_I2C.c ****         I2C_INTR_RX_MASK_REG     = I2C_I2C_DEFAULT_INTR_RX_MASK;
  96              		.loc 1 236 0
  97 0060 184B     		ldr	r3, .L2+56
  98 0062 0022     		movs	r2, #0
  99 0064 1A60     		str	r2, [r3]
 237:Generated_Source\PSoC4/I2C_I2C.c ****         I2C_INTR_TX_MASK_REG     = I2C_I2C_DEFAULT_INTR_TX_MASK;
 100              		.loc 1 237 0
 101 0066 184B     		ldr	r3, .L2+60
 102 0068 0022     		movs	r2, #0
 103 006a 1A60     		str	r2, [r3]
 238:Generated_Source\PSoC4/I2C_I2C.c **** 
 239:Generated_Source\PSoC4/I2C_I2C.c ****         /* Configure global variables */
ARM GAS  C:\Users\ADMINI~1\AppData\Local\Temp\ccUIuBBY.s 			page 7


 240:Generated_Source\PSoC4/I2C_I2C.c ****         I2C_state = I2C_I2C_FSM_IDLE;
 104              		.loc 1 240 0
 105 006c 174B     		ldr	r3, .L2+64
 106 006e 1022     		movs	r2, #16
 107 0070 1A70     		strb	r2, [r3]
 241:Generated_Source\PSoC4/I2C_I2C.c **** 
 242:Generated_Source\PSoC4/I2C_I2C.c ****     #if(I2C_I2C_SLAVE)
 243:Generated_Source\PSoC4/I2C_I2C.c ****         /* Internal slave variable */
 244:Generated_Source\PSoC4/I2C_I2C.c ****         I2C_slStatus        = 0u;
 245:Generated_Source\PSoC4/I2C_I2C.c ****         I2C_slRdBufIndex    = 0u;
 246:Generated_Source\PSoC4/I2C_I2C.c ****         I2C_slWrBufIndex    = 0u;
 247:Generated_Source\PSoC4/I2C_I2C.c ****         I2C_slOverFlowCount = 0u;
 248:Generated_Source\PSoC4/I2C_I2C.c ****     #endif /* (I2C_I2C_SLAVE) */
 249:Generated_Source\PSoC4/I2C_I2C.c **** 
 250:Generated_Source\PSoC4/I2C_I2C.c ****     #if(I2C_I2C_MASTER)
 251:Generated_Source\PSoC4/I2C_I2C.c ****     /* Internal master variable */
 252:Generated_Source\PSoC4/I2C_I2C.c ****         I2C_mstrStatus     = 0u;
 108              		.loc 1 252 0
 109 0072 174B     		ldr	r3, .L2+68
 110 0074 0022     		movs	r2, #0
 111 0076 1A80     		strh	r2, [r3]
 253:Generated_Source\PSoC4/I2C_I2C.c ****         I2C_mstrRdBufIndex = 0u;
 112              		.loc 1 253 0
 113 0078 164B     		ldr	r3, .L2+72
 114 007a 0022     		movs	r2, #0
 115 007c 1A60     		str	r2, [r3]
 254:Generated_Source\PSoC4/I2C_I2C.c ****         I2C_mstrWrBufIndex = 0u;
 116              		.loc 1 254 0
 117 007e 164B     		ldr	r3, .L2+76
 118 0080 0022     		movs	r2, #0
 119 0082 1A60     		str	r2, [r3]
 255:Generated_Source\PSoC4/I2C_I2C.c ****     #endif /* (I2C_I2C_MASTER) */
 256:Generated_Source\PSoC4/I2C_I2C.c ****     }
 120              		.loc 1 256 0
 121 0084 C046     		nop
 122 0086 BD46     		mov	sp, r7
 123              		@ sp needed
 124 0088 80BD     		pop	{r7, pc}
 125              	.L3:
 126 008a C046     		.align	2
 127              	.L2:
 128 008c 00002440 		.word	1076101120
 129 0090 60002440 		.word	1076101216
 130 0094 77080080 		.word	-2147481481
 131 0098 00032440 		.word	1076101888
 132 009c 07010080 		.word	-2147483385
 133 00a0 04032440 		.word	1076101892
 134 00a4 10032440 		.word	1076101904
 135 00a8 00022440 		.word	1076101632
 136 00ac 04022440 		.word	1076101636
 137 00b0 00000000 		.word	I2C_I2C_ISR
 138 00b4 C80E2440 		.word	1076104904
 139 00b8 880E2440 		.word	1076104840
 140 00bc 480F2440 		.word	1076105032
 141 00c0 080F2440 		.word	1076104968
 142 00c4 C80F2440 		.word	1076105160
 143 00c8 880F2440 		.word	1076105096
ARM GAS  C:\Users\ADMINI~1\AppData\Local\Temp\ccUIuBBY.s 			page 8


 144 00cc 00000000 		.word	I2C_state
 145 00d0 00000000 		.word	I2C_mstrStatus
 146 00d4 00000000 		.word	I2C_mstrRdBufIndex
 147 00d8 00000000 		.word	I2C_mstrWrBufIndex
 148              		.cfi_endproc
 149              	.LFE1:
 150              		.size	I2C_I2CInit, .-I2C_I2CInit
 151              		.section	.text.I2C_I2CStop,"ax",%progbits
 152              		.align	2
 153              		.global	I2C_I2CStop
 154              		.code	16
 155              		.thumb_func
 156              		.type	I2C_I2CStop, %function
 157              	I2C_I2CStop:
 158              	.LFB2:
 257:Generated_Source\PSoC4/I2C_I2C.c **** #endif /* (I2C_SCB_MODE_UNCONFIG_CONST_CFG) */
 258:Generated_Source\PSoC4/I2C_I2C.c **** 
 259:Generated_Source\PSoC4/I2C_I2C.c **** 
 260:Generated_Source\PSoC4/I2C_I2C.c **** /*******************************************************************************
 261:Generated_Source\PSoC4/I2C_I2C.c **** * Function Name: I2C_I2CStop
 262:Generated_Source\PSoC4/I2C_I2C.c **** ********************************************************************************
 263:Generated_Source\PSoC4/I2C_I2C.c **** *
 264:Generated_Source\PSoC4/I2C_I2C.c **** * Summary:
 265:Generated_Source\PSoC4/I2C_I2C.c **** *  Resets the I2C FSM into the default state.
 266:Generated_Source\PSoC4/I2C_I2C.c **** *
 267:Generated_Source\PSoC4/I2C_I2C.c **** * Parameters:
 268:Generated_Source\PSoC4/I2C_I2C.c **** *  None
 269:Generated_Source\PSoC4/I2C_I2C.c **** *
 270:Generated_Source\PSoC4/I2C_I2C.c **** * Return:
 271:Generated_Source\PSoC4/I2C_I2C.c **** *  None
 272:Generated_Source\PSoC4/I2C_I2C.c **** *
 273:Generated_Source\PSoC4/I2C_I2C.c **** *******************************************************************************/
 274:Generated_Source\PSoC4/I2C_I2C.c **** void I2C_I2CStop(void)
 275:Generated_Source\PSoC4/I2C_I2C.c **** {
 159              		.loc 1 275 0
 160              		.cfi_startproc
 161              		@ args = 0, pretend = 0, frame = 0
 162              		@ frame_needed = 1, uses_anonymous_args = 0
 163 0000 80B5     		push	{r7, lr}
 164              		.cfi_def_cfa_offset 8
 165              		.cfi_offset 7, -8
 166              		.cfi_offset 14, -4
 167 0002 00AF     		add	r7, sp, #0
 168              		.cfi_def_cfa_register 7
 276:Generated_Source\PSoC4/I2C_I2C.c ****     I2C_state = I2C_I2C_FSM_IDLE;
 169              		.loc 1 276 0
 170 0004 024B     		ldr	r3, .L5
 171 0006 1022     		movs	r2, #16
 172 0008 1A70     		strb	r2, [r3]
 277:Generated_Source\PSoC4/I2C_I2C.c **** }
 173              		.loc 1 277 0
 174 000a C046     		nop
 175 000c BD46     		mov	sp, r7
 176              		@ sp needed
 177 000e 80BD     		pop	{r7, pc}
 178              	.L6:
 179              		.align	2
ARM GAS  C:\Users\ADMINI~1\AppData\Local\Temp\ccUIuBBY.s 			page 9


 180              	.L5:
 181 0010 00000000 		.word	I2C_state
 182              		.cfi_endproc
 183              	.LFE2:
 184              		.size	I2C_I2CStop, .-I2C_I2CStop
 185              		.text
 186              	.Letext0:
 187              		.file 2 "Generated_Source\\PSoC4/cytypes.h"
 188              		.file 3 "Generated_Source\\PSoC4\\I2C_I2C_PVT.h"
 189              		.section	.debug_info,"",%progbits
 190              	.Ldebug_info0:
 191 0000 1C010000 		.4byte	0x11c
 192 0004 0400     		.2byte	0x4
 193 0006 00000000 		.4byte	.Ldebug_abbrev0
 194 000a 04       		.byte	0x4
 195 000b 01       		.uleb128 0x1
 196 000c 22000000 		.4byte	.LASF24
 197 0010 0C       		.byte	0xc
 198 0011 C8010000 		.4byte	.LASF25
 199 0015 0E010000 		.4byte	.LASF26
 200 0019 00000000 		.4byte	.Ldebug_ranges0+0
 201 001d 00000000 		.4byte	0
 202 0021 00000000 		.4byte	.Ldebug_line0
 203 0025 02       		.uleb128 0x2
 204 0026 01       		.byte	0x1
 205 0027 06       		.byte	0x6
 206 0028 BC010000 		.4byte	.LASF0
 207 002c 02       		.uleb128 0x2
 208 002d 01       		.byte	0x1
 209 002e 08       		.byte	0x8
 210 002f 00010000 		.4byte	.LASF1
 211 0033 02       		.uleb128 0x2
 212 0034 02       		.byte	0x2
 213 0035 05       		.byte	0x5
 214 0036 01020000 		.4byte	.LASF2
 215 003a 02       		.uleb128 0x2
 216 003b 02       		.byte	0x2
 217 003c 07       		.byte	0x7
 218 003d A9010000 		.4byte	.LASF3
 219 0041 02       		.uleb128 0x2
 220 0042 04       		.byte	0x4
 221 0043 05       		.byte	0x5
 222 0044 80010000 		.4byte	.LASF4
 223 0048 02       		.uleb128 0x2
 224 0049 04       		.byte	0x4
 225 004a 07       		.byte	0x7
 226 004b C5000000 		.4byte	.LASF5
 227 004f 02       		.uleb128 0x2
 228 0050 08       		.byte	0x8
 229 0051 05       		.byte	0x5
 230 0052 00000000 		.4byte	.LASF6
 231 0056 02       		.uleb128 0x2
 232 0057 08       		.byte	0x8
 233 0058 07       		.byte	0x7
 234 0059 E3000000 		.4byte	.LASF7
 235 005d 03       		.uleb128 0x3
 236 005e 04       		.byte	0x4
ARM GAS  C:\Users\ADMINI~1\AppData\Local\Temp\ccUIuBBY.s 			page 10


 237 005f 05       		.byte	0x5
 238 0060 696E7400 		.ascii	"int\000"
 239 0064 02       		.uleb128 0x2
 240 0065 04       		.byte	0x4
 241 0066 07       		.byte	0x7
 242 0067 15000000 		.4byte	.LASF8
 243 006b 04       		.uleb128 0x4
 244 006c BF000000 		.4byte	.LASF9
 245 0070 02       		.byte	0x2
 246 0071 C2       		.byte	0xc2
 247 0072 2C000000 		.4byte	0x2c
 248 0076 04       		.uleb128 0x4
 249 0077 0B020000 		.4byte	.LASF10
 250 007b 02       		.byte	0x2
 251 007c C3       		.byte	0xc3
 252 007d 3A000000 		.4byte	0x3a
 253 0081 04       		.uleb128 0x4
 254 0082 0E000000 		.4byte	.LASF11
 255 0086 02       		.byte	0x2
 256 0087 C4       		.byte	0xc4
 257 0088 48000000 		.4byte	0x48
 258 008c 02       		.uleb128 0x2
 259 008d 04       		.byte	0x4
 260 008e 04       		.byte	0x4
 261 008f FA000000 		.4byte	.LASF12
 262 0093 02       		.uleb128 0x2
 263 0094 08       		.byte	0x8
 264 0095 04       		.byte	0x4
 265 0096 9C010000 		.4byte	.LASF13
 266 009a 02       		.uleb128 0x2
 267 009b 01       		.byte	0x1
 268 009c 08       		.byte	0x8
 269 009d 68010000 		.4byte	.LASF14
 270 00a1 05       		.uleb128 0x5
 271 00a2 6B000000 		.4byte	0x6b
 272 00a6 05       		.uleb128 0x5
 273 00a7 76000000 		.4byte	0x76
 274 00ab 06       		.uleb128 0x6
 275 00ac A3010000 		.4byte	.LASF15
 276 00b0 02       		.byte	0x2
 277 00b1 6E01     		.2byte	0x16e
 278 00b3 B7000000 		.4byte	0xb7
 279 00b7 05       		.uleb128 0x5
 280 00b8 81000000 		.4byte	0x81
 281 00bc 02       		.uleb128 0x2
 282 00bd 08       		.byte	0x8
 283 00be 04       		.byte	0x4
 284 00bf F5010000 		.4byte	.LASF16
 285 00c3 02       		.uleb128 0x2
 286 00c4 04       		.byte	0x4
 287 00c5 07       		.byte	0x7
 288 00c6 1C020000 		.4byte	.LASF17
 289 00ca 07       		.uleb128 0x7
 290 00cb D7000000 		.4byte	.LASF18
 291 00cf 01       		.byte	0x1
 292 00d0 C4       		.byte	0xc4
 293 00d1 00000000 		.4byte	.LFB1
ARM GAS  C:\Users\ADMINI~1\AppData\Local\Temp\ccUIuBBY.s 			page 11


 294 00d5 DC000000 		.4byte	.LFE1-.LFB1
 295 00d9 01       		.uleb128 0x1
 296 00da 9C       		.byte	0x9c
 297 00db 08       		.uleb128 0x8
 298 00dc E9010000 		.4byte	.LASF19
 299 00e0 01       		.byte	0x1
 300 00e1 1201     		.2byte	0x112
 301 00e3 00000000 		.4byte	.LFB2
 302 00e7 14000000 		.4byte	.LFE2-.LFB2
 303 00eb 01       		.uleb128 0x1
 304 00ec 9C       		.byte	0x9c
 305 00ed 09       		.uleb128 0x9
 306 00ee 12020000 		.4byte	.LASF20
 307 00f2 01       		.byte	0x1
 308 00f3 1A       		.byte	0x1a
 309 00f4 A1000000 		.4byte	0xa1
 310 00f8 05       		.uleb128 0x5
 311 00f9 03       		.byte	0x3
 312 00fa 00000000 		.4byte	I2C_state
 313 00fe 0A       		.uleb128 0xa
 314 00ff B0000000 		.4byte	.LASF21
 315 0103 03       		.byte	0x3
 316 0104 30       		.byte	0x30
 317 0105 A6000000 		.4byte	0xa6
 318 0109 0A       		.uleb128 0xa
 319 010a 6D010000 		.4byte	.LASF22
 320 010e 03       		.byte	0x3
 321 010f 36       		.byte	0x36
 322 0110 B7000000 		.4byte	0xb7
 323 0114 0A       		.uleb128 0xa
 324 0115 89010000 		.4byte	.LASF23
 325 0119 03       		.byte	0x3
 326 011a 3B       		.byte	0x3b
 327 011b B7000000 		.4byte	0xb7
 328 011f 00       		.byte	0
 329              		.section	.debug_abbrev,"",%progbits
 330              	.Ldebug_abbrev0:
 331 0000 01       		.uleb128 0x1
 332 0001 11       		.uleb128 0x11
 333 0002 01       		.byte	0x1
 334 0003 25       		.uleb128 0x25
 335 0004 0E       		.uleb128 0xe
 336 0005 13       		.uleb128 0x13
 337 0006 0B       		.uleb128 0xb
 338 0007 03       		.uleb128 0x3
 339 0008 0E       		.uleb128 0xe
 340 0009 1B       		.uleb128 0x1b
 341 000a 0E       		.uleb128 0xe
 342 000b 55       		.uleb128 0x55
 343 000c 17       		.uleb128 0x17
 344 000d 11       		.uleb128 0x11
 345 000e 01       		.uleb128 0x1
 346 000f 10       		.uleb128 0x10
 347 0010 17       		.uleb128 0x17
 348 0011 00       		.byte	0
 349 0012 00       		.byte	0
 350 0013 02       		.uleb128 0x2
ARM GAS  C:\Users\ADMINI~1\AppData\Local\Temp\ccUIuBBY.s 			page 12


 351 0014 24       		.uleb128 0x24
 352 0015 00       		.byte	0
 353 0016 0B       		.uleb128 0xb
 354 0017 0B       		.uleb128 0xb
 355 0018 3E       		.uleb128 0x3e
 356 0019 0B       		.uleb128 0xb
 357 001a 03       		.uleb128 0x3
 358 001b 0E       		.uleb128 0xe
 359 001c 00       		.byte	0
 360 001d 00       		.byte	0
 361 001e 03       		.uleb128 0x3
 362 001f 24       		.uleb128 0x24
 363 0020 00       		.byte	0
 364 0021 0B       		.uleb128 0xb
 365 0022 0B       		.uleb128 0xb
 366 0023 3E       		.uleb128 0x3e
 367 0024 0B       		.uleb128 0xb
 368 0025 03       		.uleb128 0x3
 369 0026 08       		.uleb128 0x8
 370 0027 00       		.byte	0
 371 0028 00       		.byte	0
 372 0029 04       		.uleb128 0x4
 373 002a 16       		.uleb128 0x16
 374 002b 00       		.byte	0
 375 002c 03       		.uleb128 0x3
 376 002d 0E       		.uleb128 0xe
 377 002e 3A       		.uleb128 0x3a
 378 002f 0B       		.uleb128 0xb
 379 0030 3B       		.uleb128 0x3b
 380 0031 0B       		.uleb128 0xb
 381 0032 49       		.uleb128 0x49
 382 0033 13       		.uleb128 0x13
 383 0034 00       		.byte	0
 384 0035 00       		.byte	0
 385 0036 05       		.uleb128 0x5
 386 0037 35       		.uleb128 0x35
 387 0038 00       		.byte	0
 388 0039 49       		.uleb128 0x49
 389 003a 13       		.uleb128 0x13
 390 003b 00       		.byte	0
 391 003c 00       		.byte	0
 392 003d 06       		.uleb128 0x6
 393 003e 16       		.uleb128 0x16
 394 003f 00       		.byte	0
 395 0040 03       		.uleb128 0x3
 396 0041 0E       		.uleb128 0xe
 397 0042 3A       		.uleb128 0x3a
 398 0043 0B       		.uleb128 0xb
 399 0044 3B       		.uleb128 0x3b
 400 0045 05       		.uleb128 0x5
 401 0046 49       		.uleb128 0x49
 402 0047 13       		.uleb128 0x13
 403 0048 00       		.byte	0
 404 0049 00       		.byte	0
 405 004a 07       		.uleb128 0x7
 406 004b 2E       		.uleb128 0x2e
 407 004c 00       		.byte	0
ARM GAS  C:\Users\ADMINI~1\AppData\Local\Temp\ccUIuBBY.s 			page 13


 408 004d 3F       		.uleb128 0x3f
 409 004e 19       		.uleb128 0x19
 410 004f 03       		.uleb128 0x3
 411 0050 0E       		.uleb128 0xe
 412 0051 3A       		.uleb128 0x3a
 413 0052 0B       		.uleb128 0xb
 414 0053 3B       		.uleb128 0x3b
 415 0054 0B       		.uleb128 0xb
 416 0055 27       		.uleb128 0x27
 417 0056 19       		.uleb128 0x19
 418 0057 11       		.uleb128 0x11
 419 0058 01       		.uleb128 0x1
 420 0059 12       		.uleb128 0x12
 421 005a 06       		.uleb128 0x6
 422 005b 40       		.uleb128 0x40
 423 005c 18       		.uleb128 0x18
 424 005d 9642     		.uleb128 0x2116
 425 005f 19       		.uleb128 0x19
 426 0060 00       		.byte	0
 427 0061 00       		.byte	0
 428 0062 08       		.uleb128 0x8
 429 0063 2E       		.uleb128 0x2e
 430 0064 00       		.byte	0
 431 0065 3F       		.uleb128 0x3f
 432 0066 19       		.uleb128 0x19
 433 0067 03       		.uleb128 0x3
 434 0068 0E       		.uleb128 0xe
 435 0069 3A       		.uleb128 0x3a
 436 006a 0B       		.uleb128 0xb
 437 006b 3B       		.uleb128 0x3b
 438 006c 05       		.uleb128 0x5
 439 006d 27       		.uleb128 0x27
 440 006e 19       		.uleb128 0x19
 441 006f 11       		.uleb128 0x11
 442 0070 01       		.uleb128 0x1
 443 0071 12       		.uleb128 0x12
 444 0072 06       		.uleb128 0x6
 445 0073 40       		.uleb128 0x40
 446 0074 18       		.uleb128 0x18
 447 0075 9742     		.uleb128 0x2117
 448 0077 19       		.uleb128 0x19
 449 0078 00       		.byte	0
 450 0079 00       		.byte	0
 451 007a 09       		.uleb128 0x9
 452 007b 34       		.uleb128 0x34
 453 007c 00       		.byte	0
 454 007d 03       		.uleb128 0x3
 455 007e 0E       		.uleb128 0xe
 456 007f 3A       		.uleb128 0x3a
 457 0080 0B       		.uleb128 0xb
 458 0081 3B       		.uleb128 0x3b
 459 0082 0B       		.uleb128 0xb
 460 0083 49       		.uleb128 0x49
 461 0084 13       		.uleb128 0x13
 462 0085 3F       		.uleb128 0x3f
 463 0086 19       		.uleb128 0x19
 464 0087 02       		.uleb128 0x2
ARM GAS  C:\Users\ADMINI~1\AppData\Local\Temp\ccUIuBBY.s 			page 14


 465 0088 18       		.uleb128 0x18
 466 0089 00       		.byte	0
 467 008a 00       		.byte	0
 468 008b 0A       		.uleb128 0xa
 469 008c 34       		.uleb128 0x34
 470 008d 00       		.byte	0
 471 008e 03       		.uleb128 0x3
 472 008f 0E       		.uleb128 0xe
 473 0090 3A       		.uleb128 0x3a
 474 0091 0B       		.uleb128 0xb
 475 0092 3B       		.uleb128 0x3b
 476 0093 0B       		.uleb128 0xb
 477 0094 49       		.uleb128 0x49
 478 0095 13       		.uleb128 0x13
 479 0096 3F       		.uleb128 0x3f
 480 0097 19       		.uleb128 0x19
 481 0098 3C       		.uleb128 0x3c
 482 0099 19       		.uleb128 0x19
 483 009a 00       		.byte	0
 484 009b 00       		.byte	0
 485 009c 00       		.byte	0
 486              		.section	.debug_aranges,"",%progbits
 487 0000 24000000 		.4byte	0x24
 488 0004 0200     		.2byte	0x2
 489 0006 00000000 		.4byte	.Ldebug_info0
 490 000a 04       		.byte	0x4
 491 000b 00       		.byte	0
 492 000c 0000     		.2byte	0
 493 000e 0000     		.2byte	0
 494 0010 00000000 		.4byte	.LFB1
 495 0014 DC000000 		.4byte	.LFE1-.LFB1
 496 0018 00000000 		.4byte	.LFB2
 497 001c 14000000 		.4byte	.LFE2-.LFB2
 498 0020 00000000 		.4byte	0
 499 0024 00000000 		.4byte	0
 500              		.section	.debug_ranges,"",%progbits
 501              	.Ldebug_ranges0:
 502 0000 00000000 		.4byte	.LFB1
 503 0004 DC000000 		.4byte	.LFE1
 504 0008 00000000 		.4byte	.LFB2
 505 000c 14000000 		.4byte	.LFE2
 506 0010 00000000 		.4byte	0
 507 0014 00000000 		.4byte	0
 508              		.section	.debug_line,"",%progbits
 509              	.Ldebug_line0:
 510 0000 96000000 		.section	.debug_str,"MS",%progbits,1
 510      02005500 
 510      00000201 
 510      FB0E0D00 
 510      01010101 
 511              	.LASF6:
 512 0000 6C6F6E67 		.ascii	"long long int\000"
 512      206C6F6E 
 512      6720696E 
 512      7400
 513              	.LASF11:
 514 000e 75696E74 		.ascii	"uint32\000"
ARM GAS  C:\Users\ADMINI~1\AppData\Local\Temp\ccUIuBBY.s 			page 15


 514      333200
 515              	.LASF8:
 516 0015 756E7369 		.ascii	"unsigned int\000"
 516      676E6564 
 516      20696E74 
 516      00
 517              	.LASF24:
 518 0022 474E5520 		.ascii	"GNU C11 5.4.1 20160609 (release) [ARM/embedded-5-br"
 518      43313120 
 518      352E342E 
 518      31203230 
 518      31363036 
 519 0055 616E6368 		.ascii	"anch revision 237715] -mcpu=cortex-m0 -mthumb -g -O"
 519      20726576 
 519      6973696F 
 519      6E203233 
 519      37373135 
 520 0088 30202D66 		.ascii	"0 -ffunction-sections -ffat-lto-objects\000"
 520      66756E63 
 520      74696F6E 
 520      2D736563 
 520      74696F6E 
 521              	.LASF21:
 522 00b0 4932435F 		.ascii	"I2C_mstrStatus\000"
 522      6D737472 
 522      53746174 
 522      757300
 523              	.LASF9:
 524 00bf 75696E74 		.ascii	"uint8\000"
 524      3800
 525              	.LASF5:
 526 00c5 6C6F6E67 		.ascii	"long unsigned int\000"
 526      20756E73 
 526      69676E65 
 526      6420696E 
 526      7400
 527              	.LASF18:
 528 00d7 4932435F 		.ascii	"I2C_I2CInit\000"
 528      49324349 
 528      6E697400 
 529              	.LASF7:
 530 00e3 6C6F6E67 		.ascii	"long long unsigned int\000"
 530      206C6F6E 
 530      6720756E 
 530      7369676E 
 530      65642069 
 531              	.LASF12:
 532 00fa 666C6F61 		.ascii	"float\000"
 532      7400
 533              	.LASF1:
 534 0100 756E7369 		.ascii	"unsigned char\000"
 534      676E6564 
 534      20636861 
 534      7200
 535              	.LASF26:
 536 010e 443A5C43 		.ascii	"D:\\CYTEST\\Micrium_CY8CKIT-044_OS2\\Micrium\\Examp"
 536      59544553 
ARM GAS  C:\Users\ADMINI~1\AppData\Local\Temp\ccUIuBBY.s 			page 16


 536      545C4D69 
 536      63726975 
 536      6D5F4359 
 537 013d 6C65735C 		.ascii	"les\\Cypress\\CY8CKIT-044\\OS2\\PSoC\\OS2.cydsn\000"
 537      43797072 
 537      6573735C 
 537      43593843 
 537      4B49542D 
 538              	.LASF14:
 539 0168 63686172 		.ascii	"char\000"
 539      00
 540              	.LASF22:
 541 016d 4932435F 		.ascii	"I2C_mstrRdBufIndex\000"
 541      6D737472 
 541      52644275 
 541      66496E64 
 541      657800
 542              	.LASF4:
 543 0180 6C6F6E67 		.ascii	"long int\000"
 543      20696E74 
 543      00
 544              	.LASF23:
 545 0189 4932435F 		.ascii	"I2C_mstrWrBufIndex\000"
 545      6D737472 
 545      57724275 
 545      66496E64 
 545      657800
 546              	.LASF13:
 547 019c 646F7562 		.ascii	"double\000"
 547      6C6500
 548              	.LASF15:
 549 01a3 72656733 		.ascii	"reg32\000"
 549      3200
 550              	.LASF3:
 551 01a9 73686F72 		.ascii	"short unsigned int\000"
 551      7420756E 
 551      7369676E 
 551      65642069 
 551      6E7400
 552              	.LASF0:
 553 01bc 7369676E 		.ascii	"signed char\000"
 553      65642063 
 553      68617200 
 554              	.LASF25:
 555 01c8 47656E65 		.ascii	"Generated_Source\\PSoC4\\I2C_I2C.c\000"
 555      72617465 
 555      645F536F 
 555      75726365 
 555      5C50536F 
 556              	.LASF19:
 557 01e9 4932435F 		.ascii	"I2C_I2CStop\000"
 557      49324353 
 557      746F7000 
 558              	.LASF16:
 559 01f5 6C6F6E67 		.ascii	"long double\000"
 559      20646F75 
 559      626C6500 
ARM GAS  C:\Users\ADMINI~1\AppData\Local\Temp\ccUIuBBY.s 			page 17


 560              	.LASF2:
 561 0201 73686F72 		.ascii	"short int\000"
 561      7420696E 
 561      7400
 562              	.LASF10:
 563 020b 75696E74 		.ascii	"uint16\000"
 563      313600
 564              	.LASF20:
 565 0212 4932435F 		.ascii	"I2C_state\000"
 565      73746174 
 565      6500
 566              	.LASF17:
 567 021c 73697A65 		.ascii	"sizetype\000"
 567      74797065 
 567      00
 568              		.ident	"GCC: (GNU Tools for ARM Embedded Processors) 5.4.1 20160609 (release) [ARM/embedded-5-bran
