ARM GAS  C:\Users\ADMINI~1\AppData\Local\Temp\ccKnSqv4.s 			page 1


   1              		.syntax unified
   2              		.cpu cortex-m0
   3              		.fpu softvfp
   4              		.eabi_attribute 20, 1
   5              		.eabi_attribute 21, 1
   6              		.eabi_attribute 23, 3
   7              		.eabi_attribute 24, 1
   8              		.eabi_attribute 25, 1
   9              		.eabi_attribute 26, 1
  10              		.eabi_attribute 30, 6
  11              		.eabi_attribute 34, 0
  12              		.eabi_attribute 18, 4
  13              		.thumb
  14              		.syntax unified
  15              		.file	"Opamp.c"
  16              		.text
  17              	.Ltext0:
  18              		.cfi_sections	.debug_frame
  19              		.global	Opamp_initVar
  20              		.bss
  21              		.type	Opamp_initVar, %object
  22              		.size	Opamp_initVar, 1
  23              	Opamp_initVar:
  24 0000 00       		.space	1
  25 0001 000000   		.align	2
  26              	Opamp_internalPower:
  27 0004 00000000 		.space	4
  28              		.section	.text.Opamp_Init,"ax",%progbits
  29              		.align	2
  30              		.global	Opamp_Init
  31              		.code	16
  32              		.thumb_func
  33              		.type	Opamp_Init, %function
  34              	Opamp_Init:
  35              	.LFB0:
  36              		.file 1 "Generated_Source\\PSoC4\\Opamp.c"
   1:Generated_Source\PSoC4/Opamp.c **** /*******************************************************************************
   2:Generated_Source\PSoC4/Opamp.c **** * File Name: Opamp.c
   3:Generated_Source\PSoC4/Opamp.c **** * Version 1.10
   4:Generated_Source\PSoC4/Opamp.c **** *
   5:Generated_Source\PSoC4/Opamp.c **** * Description:
   6:Generated_Source\PSoC4/Opamp.c **** *  This file provides the source code to the API for the Opamp (Analog Buffer)
   7:Generated_Source\PSoC4/Opamp.c **** *  Component.
   8:Generated_Source\PSoC4/Opamp.c **** *
   9:Generated_Source\PSoC4/Opamp.c **** *
  10:Generated_Source\PSoC4/Opamp.c **** ********************************************************************************
  11:Generated_Source\PSoC4/Opamp.c **** * Copyright 2013-2014, Cypress Semiconductor Corporation.  All rights reserved.
  12:Generated_Source\PSoC4/Opamp.c **** * You may use this file only in accordance with the license, terms, conditions,
  13:Generated_Source\PSoC4/Opamp.c **** * disclaimers, and limitations in the end user license agreement accompanying
  14:Generated_Source\PSoC4/Opamp.c **** * the software package with which this file was provided.
  15:Generated_Source\PSoC4/Opamp.c **** *******************************************************************************/
  16:Generated_Source\PSoC4/Opamp.c **** 
  17:Generated_Source\PSoC4/Opamp.c **** #include "Opamp.h"
  18:Generated_Source\PSoC4/Opamp.c **** 
  19:Generated_Source\PSoC4/Opamp.c **** uint8 Opamp_initVar = 0u; /* Defines if component was initialized */
  20:Generated_Source\PSoC4/Opamp.c **** static uint32 Opamp_internalPower = 0u; /* Defines component Power value */
  21:Generated_Source\PSoC4/Opamp.c **** 
ARM GAS  C:\Users\ADMINI~1\AppData\Local\Temp\ccKnSqv4.s 			page 2


  22:Generated_Source\PSoC4/Opamp.c **** 
  23:Generated_Source\PSoC4/Opamp.c **** /*******************************************************************************
  24:Generated_Source\PSoC4/Opamp.c **** * Function Name: Opamp_Init
  25:Generated_Source\PSoC4/Opamp.c **** ********************************************************************************
  26:Generated_Source\PSoC4/Opamp.c **** *
  27:Generated_Source\PSoC4/Opamp.c **** * Summary:
  28:Generated_Source\PSoC4/Opamp.c **** *  Initializes or restores the component according to the customizer Configure 
  29:Generated_Source\PSoC4/Opamp.c **** *  dialog settings. It is not necessary to call Init() because the Start() API 
  30:Generated_Source\PSoC4/Opamp.c **** *  calls this function and is the preferred method to begin the component operation.
  31:Generated_Source\PSoC4/Opamp.c **** *
  32:Generated_Source\PSoC4/Opamp.c **** * Parameters:
  33:Generated_Source\PSoC4/Opamp.c **** *  None
  34:Generated_Source\PSoC4/Opamp.c **** *
  35:Generated_Source\PSoC4/Opamp.c **** * Return:
  36:Generated_Source\PSoC4/Opamp.c **** *  None
  37:Generated_Source\PSoC4/Opamp.c **** *
  38:Generated_Source\PSoC4/Opamp.c **** *******************************************************************************/
  39:Generated_Source\PSoC4/Opamp.c **** void Opamp_Init(void)
  40:Generated_Source\PSoC4/Opamp.c **** {
  37              		.loc 1 40 0
  38              		.cfi_startproc
  39              		@ args = 0, pretend = 0, frame = 0
  40              		@ frame_needed = 1, uses_anonymous_args = 0
  41 0000 80B5     		push	{r7, lr}
  42              		.cfi_def_cfa_offset 8
  43              		.cfi_offset 7, -8
  44              		.cfi_offset 14, -4
  45 0002 00AF     		add	r7, sp, #0
  46              		.cfi_def_cfa_register 7
  41:Generated_Source\PSoC4/Opamp.c ****     Opamp_internalPower = Opamp_POWER;
  47              		.loc 1 41 0
  48 0004 074B     		ldr	r3, .L2
  49 0006 0222     		movs	r2, #2
  50 0008 1A60     		str	r2, [r3]
  42:Generated_Source\PSoC4/Opamp.c ****     Opamp_CTB_CTRL_REG = Opamp_DEFAULT_CTB_CTRL;
  51              		.loc 1 42 0
  52 000a 074B     		ldr	r3, .L2+4
  53 000c 8022     		movs	r2, #128
  54 000e 1206     		lsls	r2, r2, #24
  55 0010 1A60     		str	r2, [r3]
  43:Generated_Source\PSoC4/Opamp.c ****     Opamp_OA_RES_CTRL_REG = Opamp_DEFAULT_OA_RES_CTRL;
  56              		.loc 1 43 0
  57 0012 064B     		ldr	r3, .L2+8
  58 0014 0422     		movs	r2, #4
  59 0016 1A60     		str	r2, [r3]
  44:Generated_Source\PSoC4/Opamp.c ****     Opamp_OA_COMP_TRIM_REG = Opamp_DEFAULT_OA_COMP_TRIM_REG;
  60              		.loc 1 44 0
  61 0018 054B     		ldr	r3, .L2+12
  62 001a 0322     		movs	r2, #3
  63 001c 1A60     		str	r2, [r3]
  45:Generated_Source\PSoC4/Opamp.c **** }
  64              		.loc 1 45 0
  65 001e C046     		nop
  66 0020 BD46     		mov	sp, r7
  67              		@ sp needed
  68 0022 80BD     		pop	{r7, pc}
  69              	.L3:
ARM GAS  C:\Users\ADMINI~1\AppData\Local\Temp\ccKnSqv4.s 			page 3


  70              		.align	2
  71              	.L2:
  72 0024 04000000 		.word	Opamp_internalPower
  73 0028 00003140 		.word	1076953088
  74 002c 04003140 		.word	1076953092
  75 0030 080F3140 		.word	1076956936
  76              		.cfi_endproc
  77              	.LFE0:
  78              		.size	Opamp_Init, .-Opamp_Init
  79              		.section	.text.Opamp_Enable,"ax",%progbits
  80              		.align	2
  81              		.global	Opamp_Enable
  82              		.code	16
  83              		.thumb_func
  84              		.type	Opamp_Enable, %function
  85              	Opamp_Enable:
  86              	.LFB1:
  46:Generated_Source\PSoC4/Opamp.c **** 
  47:Generated_Source\PSoC4/Opamp.c **** 
  48:Generated_Source\PSoC4/Opamp.c **** /*******************************************************************************
  49:Generated_Source\PSoC4/Opamp.c **** * Function Name: Opamp_Enable
  50:Generated_Source\PSoC4/Opamp.c **** ********************************************************************************
  51:Generated_Source\PSoC4/Opamp.c **** *
  52:Generated_Source\PSoC4/Opamp.c **** * Summary:
  53:Generated_Source\PSoC4/Opamp.c **** *  Activates the hardware and begins the component operation. It is not necessary to 
  54:Generated_Source\PSoC4/Opamp.c **** *  call Enable() because the Start() API calls this function, which is the 
  55:Generated_Source\PSoC4/Opamp.c **** *  preferred method to begin the component operation.
  56:Generated_Source\PSoC4/Opamp.c **** *
  57:Generated_Source\PSoC4/Opamp.c **** * Parameters:
  58:Generated_Source\PSoC4/Opamp.c **** *  None
  59:Generated_Source\PSoC4/Opamp.c **** *
  60:Generated_Source\PSoC4/Opamp.c **** * Return:
  61:Generated_Source\PSoC4/Opamp.c **** *  None
  62:Generated_Source\PSoC4/Opamp.c **** *
  63:Generated_Source\PSoC4/Opamp.c **** *******************************************************************************/
  64:Generated_Source\PSoC4/Opamp.c **** void Opamp_Enable(void)
  65:Generated_Source\PSoC4/Opamp.c **** {
  87              		.loc 1 65 0
  88              		.cfi_startproc
  89              		@ args = 0, pretend = 0, frame = 0
  90              		@ frame_needed = 1, uses_anonymous_args = 0
  91 0000 80B5     		push	{r7, lr}
  92              		.cfi_def_cfa_offset 8
  93              		.cfi_offset 7, -8
  94              		.cfi_offset 14, -4
  95 0002 00AF     		add	r7, sp, #0
  96              		.cfi_def_cfa_register 7
  66:Generated_Source\PSoC4/Opamp.c ****     Opamp_OA_RES_CTRL_REG |= Opamp_internalPower | \
  97              		.loc 1 66 0
  98 0004 064A     		ldr	r2, .L5
  99 0006 064B     		ldr	r3, .L5
 100 0008 1968     		ldr	r1, [r3]
 101 000a 064B     		ldr	r3, .L5+4
 102 000c 1B68     		ldr	r3, [r3]
 103 000e 0B43     		orrs	r3, r1
 104 0010 8021     		movs	r1, #128
 105 0012 0901     		lsls	r1, r1, #4
ARM GAS  C:\Users\ADMINI~1\AppData\Local\Temp\ccKnSqv4.s 			page 4


 106 0014 0B43     		orrs	r3, r1
 107 0016 1360     		str	r3, [r2]
  67:Generated_Source\PSoC4/Opamp.c ****                                         Opamp_OA_PUMP_EN;
  68:Generated_Source\PSoC4/Opamp.c **** }
 108              		.loc 1 68 0
 109 0018 C046     		nop
 110 001a BD46     		mov	sp, r7
 111              		@ sp needed
 112 001c 80BD     		pop	{r7, pc}
 113              	.L6:
 114 001e C046     		.align	2
 115              	.L5:
 116 0020 04003140 		.word	1076953092
 117 0024 04000000 		.word	Opamp_internalPower
 118              		.cfi_endproc
 119              	.LFE1:
 120              		.size	Opamp_Enable, .-Opamp_Enable
 121              		.section	.text.Opamp_Start,"ax",%progbits
 122              		.align	2
 123              		.global	Opamp_Start
 124              		.code	16
 125              		.thumb_func
 126              		.type	Opamp_Start, %function
 127              	Opamp_Start:
 128              	.LFB2:
  69:Generated_Source\PSoC4/Opamp.c **** 
  70:Generated_Source\PSoC4/Opamp.c **** 
  71:Generated_Source\PSoC4/Opamp.c **** /*******************************************************************************
  72:Generated_Source\PSoC4/Opamp.c **** * Function Name: Opamp_Start
  73:Generated_Source\PSoC4/Opamp.c **** ********************************************************************************
  74:Generated_Source\PSoC4/Opamp.c **** *
  75:Generated_Source\PSoC4/Opamp.c **** * Summary:
  76:Generated_Source\PSoC4/Opamp.c **** *  Performs all of the required initialization for the component and enables power 
  77:Generated_Source\PSoC4/Opamp.c **** *  to the block. The first time the routine is executed, the Power level, Mode, 
  78:Generated_Source\PSoC4/Opamp.c **** *  and Output mode are set. When called to restart the Opamp following a Stop() call, 
  79:Generated_Source\PSoC4/Opamp.c **** *  the current component parameter settings are retained.
  80:Generated_Source\PSoC4/Opamp.c **** *
  81:Generated_Source\PSoC4/Opamp.c **** * Parameters:
  82:Generated_Source\PSoC4/Opamp.c **** *  None
  83:Generated_Source\PSoC4/Opamp.c **** *
  84:Generated_Source\PSoC4/Opamp.c **** * Return:
  85:Generated_Source\PSoC4/Opamp.c **** *  None
  86:Generated_Source\PSoC4/Opamp.c **** *
  87:Generated_Source\PSoC4/Opamp.c **** * Global variables:
  88:Generated_Source\PSoC4/Opamp.c **** *  Opamp_initVar: Used to check the initial configuration, modified
  89:Generated_Source\PSoC4/Opamp.c **** *  when this function is called for the first time.
  90:Generated_Source\PSoC4/Opamp.c **** *
  91:Generated_Source\PSoC4/Opamp.c **** *******************************************************************************/
  92:Generated_Source\PSoC4/Opamp.c **** void Opamp_Start(void)
  93:Generated_Source\PSoC4/Opamp.c **** {
 129              		.loc 1 93 0
 130              		.cfi_startproc
 131              		@ args = 0, pretend = 0, frame = 0
 132              		@ frame_needed = 1, uses_anonymous_args = 0
 133 0000 80B5     		push	{r7, lr}
 134              		.cfi_def_cfa_offset 8
 135              		.cfi_offset 7, -8
ARM GAS  C:\Users\ADMINI~1\AppData\Local\Temp\ccKnSqv4.s 			page 5


 136              		.cfi_offset 14, -4
 137 0002 00AF     		add	r7, sp, #0
 138              		.cfi_def_cfa_register 7
  94:Generated_Source\PSoC4/Opamp.c ****     if( 0u == Opamp_initVar)
 139              		.loc 1 94 0
 140 0004 064B     		ldr	r3, .L9
 141 0006 1B78     		ldrb	r3, [r3]
 142 0008 002B     		cmp	r3, #0
 143 000a 04D1     		bne	.L8
  95:Generated_Source\PSoC4/Opamp.c ****     {
  96:Generated_Source\PSoC4/Opamp.c ****         Opamp_Init();
 144              		.loc 1 96 0
 145 000c FFF7FEFF 		bl	Opamp_Init
  97:Generated_Source\PSoC4/Opamp.c ****         Opamp_initVar = 1u;
 146              		.loc 1 97 0
 147 0010 034B     		ldr	r3, .L9
 148 0012 0122     		movs	r2, #1
 149 0014 1A70     		strb	r2, [r3]
 150              	.L8:
  98:Generated_Source\PSoC4/Opamp.c ****     }
  99:Generated_Source\PSoC4/Opamp.c ****     Opamp_Enable();
 151              		.loc 1 99 0
 152 0016 FFF7FEFF 		bl	Opamp_Enable
 100:Generated_Source\PSoC4/Opamp.c **** }
 153              		.loc 1 100 0
 154 001a C046     		nop
 155 001c BD46     		mov	sp, r7
 156              		@ sp needed
 157 001e 80BD     		pop	{r7, pc}
 158              	.L10:
 159              		.align	2
 160              	.L9:
 161 0020 00000000 		.word	Opamp_initVar
 162              		.cfi_endproc
 163              	.LFE2:
 164              		.size	Opamp_Start, .-Opamp_Start
 165              		.section	.text.Opamp_Stop,"ax",%progbits
 166              		.align	2
 167              		.global	Opamp_Stop
 168              		.code	16
 169              		.thumb_func
 170              		.type	Opamp_Stop, %function
 171              	Opamp_Stop:
 172              	.LFB3:
 101:Generated_Source\PSoC4/Opamp.c **** 
 102:Generated_Source\PSoC4/Opamp.c **** 
 103:Generated_Source\PSoC4/Opamp.c **** /*******************************************************************************
 104:Generated_Source\PSoC4/Opamp.c **** * Function Name: Opamp_Stop
 105:Generated_Source\PSoC4/Opamp.c **** ********************************************************************************
 106:Generated_Source\PSoC4/Opamp.c **** *
 107:Generated_Source\PSoC4/Opamp.c **** * Summary:
 108:Generated_Source\PSoC4/Opamp.c **** *  Turn off the Opamp block.
 109:Generated_Source\PSoC4/Opamp.c **** *
 110:Generated_Source\PSoC4/Opamp.c **** * Parameters:
 111:Generated_Source\PSoC4/Opamp.c **** *  None
 112:Generated_Source\PSoC4/Opamp.c **** *
 113:Generated_Source\PSoC4/Opamp.c **** * Return:
ARM GAS  C:\Users\ADMINI~1\AppData\Local\Temp\ccKnSqv4.s 			page 6


 114:Generated_Source\PSoC4/Opamp.c **** *  None
 115:Generated_Source\PSoC4/Opamp.c **** *
 116:Generated_Source\PSoC4/Opamp.c **** *******************************************************************************/
 117:Generated_Source\PSoC4/Opamp.c **** void Opamp_Stop(void)
 118:Generated_Source\PSoC4/Opamp.c **** {
 173              		.loc 1 118 0
 174              		.cfi_startproc
 175              		@ args = 0, pretend = 0, frame = 0
 176              		@ frame_needed = 1, uses_anonymous_args = 0
 177 0000 80B5     		push	{r7, lr}
 178              		.cfi_def_cfa_offset 8
 179              		.cfi_offset 7, -8
 180              		.cfi_offset 14, -4
 181 0002 00AF     		add	r7, sp, #0
 182              		.cfi_def_cfa_register 7
 119:Generated_Source\PSoC4/Opamp.c ****     Opamp_OA_RES_CTRL_REG &= ((uint32)~(Opamp_OA_PWR_MODE_MASK | \
 183              		.loc 1 119 0
 184 0004 044B     		ldr	r3, .L12
 185 0006 044A     		ldr	r2, .L12
 186 0008 1268     		ldr	r2, [r2]
 187 000a 0449     		ldr	r1, .L12+4
 188 000c 0A40     		ands	r2, r1
 189 000e 1A60     		str	r2, [r3]
 120:Generated_Source\PSoC4/Opamp.c ****                                                    Opamp_OA_PUMP_EN));
 121:Generated_Source\PSoC4/Opamp.c **** }
 190              		.loc 1 121 0
 191 0010 C046     		nop
 192 0012 BD46     		mov	sp, r7
 193              		@ sp needed
 194 0014 80BD     		pop	{r7, pc}
 195              	.L13:
 196 0016 C046     		.align	2
 197              	.L12:
 198 0018 04003140 		.word	1076953092
 199 001c FCF7FFFF 		.word	-2052
 200              		.cfi_endproc
 201              	.LFE3:
 202              		.size	Opamp_Stop, .-Opamp_Stop
 203              		.section	.text.Opamp_SetPower,"ax",%progbits
 204              		.align	2
 205              		.global	Opamp_SetPower
 206              		.code	16
 207              		.thumb_func
 208              		.type	Opamp_SetPower, %function
 209              	Opamp_SetPower:
 210              	.LFB4:
 122:Generated_Source\PSoC4/Opamp.c **** 
 123:Generated_Source\PSoC4/Opamp.c **** 
 124:Generated_Source\PSoC4/Opamp.c **** /*******************************************************************************
 125:Generated_Source\PSoC4/Opamp.c **** * Function Name: Opamp_SetPower
 126:Generated_Source\PSoC4/Opamp.c **** ********************************************************************************
 127:Generated_Source\PSoC4/Opamp.c **** *
 128:Generated_Source\PSoC4/Opamp.c **** * Summary:
 129:Generated_Source\PSoC4/Opamp.c **** *  Sets the Opamp to one of the three power levels.
 130:Generated_Source\PSoC4/Opamp.c **** *
 131:Generated_Source\PSoC4/Opamp.c **** * Parameters:
 132:Generated_Source\PSoC4/Opamp.c **** *  power: power levels.
ARM GAS  C:\Users\ADMINI~1\AppData\Local\Temp\ccKnSqv4.s 			page 7


 133:Generated_Source\PSoC4/Opamp.c **** *   Opamp_LOW_POWER - Lowest active power
 134:Generated_Source\PSoC4/Opamp.c **** *   Opamp_MED_POWER - Medium power
 135:Generated_Source\PSoC4/Opamp.c **** *   Opamp_HIGH_POWER - Highest active power
 136:Generated_Source\PSoC4/Opamp.c **** *
 137:Generated_Source\PSoC4/Opamp.c **** * Return:
 138:Generated_Source\PSoC4/Opamp.c **** *  None
 139:Generated_Source\PSoC4/Opamp.c **** *
 140:Generated_Source\PSoC4/Opamp.c **** **********************************************************************************/
 141:Generated_Source\PSoC4/Opamp.c **** void Opamp_SetPower(uint32 power)
 142:Generated_Source\PSoC4/Opamp.c **** {
 211              		.loc 1 142 0
 212              		.cfi_startproc
 213              		@ args = 0, pretend = 0, frame = 16
 214              		@ frame_needed = 1, uses_anonymous_args = 0
 215 0000 80B5     		push	{r7, lr}
 216              		.cfi_def_cfa_offset 8
 217              		.cfi_offset 7, -8
 218              		.cfi_offset 14, -4
 219 0002 84B0     		sub	sp, sp, #16
 220              		.cfi_def_cfa_offset 24
 221 0004 00AF     		add	r7, sp, #0
 222              		.cfi_def_cfa_register 7
 223 0006 7860     		str	r0, [r7, #4]
 143:Generated_Source\PSoC4/Opamp.c ****     uint32 tmp;
 144:Generated_Source\PSoC4/Opamp.c ****     
 145:Generated_Source\PSoC4/Opamp.c ****     Opamp_internalPower = Opamp_GET_OA_PWR_MODE(power);
 224              		.loc 1 145 0
 225 0008 7B68     		ldr	r3, [r7, #4]
 226 000a 0322     		movs	r2, #3
 227 000c 1A40     		ands	r2, r3
 228 000e 084B     		ldr	r3, .L15
 229 0010 1A60     		str	r2, [r3]
 146:Generated_Source\PSoC4/Opamp.c ****     tmp = Opamp_OA_RES_CTRL_REG & \
 230              		.loc 1 146 0
 231 0012 084B     		ldr	r3, .L15+4
 232 0014 1B68     		ldr	r3, [r3]
 233 0016 0322     		movs	r2, #3
 234 0018 9343     		bics	r3, r2
 235 001a FB60     		str	r3, [r7, #12]
 147:Generated_Source\PSoC4/Opamp.c ****            (uint32)~Opamp_OA_PWR_MODE_MASK;
 148:Generated_Source\PSoC4/Opamp.c ****     Opamp_OA_RES_CTRL_REG = tmp | Opamp_internalPower;
 236              		.loc 1 148 0
 237 001c 054A     		ldr	r2, .L15+4
 238 001e 044B     		ldr	r3, .L15
 239 0020 1968     		ldr	r1, [r3]
 240 0022 FB68     		ldr	r3, [r7, #12]
 241 0024 0B43     		orrs	r3, r1
 242 0026 1360     		str	r3, [r2]
 149:Generated_Source\PSoC4/Opamp.c **** }
 243              		.loc 1 149 0
 244 0028 C046     		nop
 245 002a BD46     		mov	sp, r7
 246 002c 04B0     		add	sp, sp, #16
 247              		@ sp needed
 248 002e 80BD     		pop	{r7, pc}
 249              	.L16:
 250              		.align	2
ARM GAS  C:\Users\ADMINI~1\AppData\Local\Temp\ccKnSqv4.s 			page 8


 251              	.L15:
 252 0030 04000000 		.word	Opamp_internalPower
 253 0034 04003140 		.word	1076953092
 254              		.cfi_endproc
 255              	.LFE4:
 256              		.size	Opamp_SetPower, .-Opamp_SetPower
 257              		.section	.text.Opamp_PumpControl,"ax",%progbits
 258              		.align	2
 259              		.global	Opamp_PumpControl
 260              		.code	16
 261              		.thumb_func
 262              		.type	Opamp_PumpControl, %function
 263              	Opamp_PumpControl:
 264              	.LFB5:
 150:Generated_Source\PSoC4/Opamp.c **** 
 151:Generated_Source\PSoC4/Opamp.c **** 
 152:Generated_Source\PSoC4/Opamp.c **** /*******************************************************************************
 153:Generated_Source\PSoC4/Opamp.c **** * Function Name: Opamp_PumpControl
 154:Generated_Source\PSoC4/Opamp.c **** ********************************************************************************
 155:Generated_Source\PSoC4/Opamp.c **** *
 156:Generated_Source\PSoC4/Opamp.c **** * Summary:
 157:Generated_Source\PSoC4/Opamp.c **** *  Allows the user to turn the Opamp's boost pump on or off. By Default the Start() 
 158:Generated_Source\PSoC4/Opamp.c **** *  function turns on the pump. Use this API to turn it off. The boost must be 
 159:Generated_Source\PSoC4/Opamp.c **** *  turned on when the supply is less than 2.7 volts and off if the supply is more 
 160:Generated_Source\PSoC4/Opamp.c **** *  than 4 volts.
 161:Generated_Source\PSoC4/Opamp.c **** *
 162:Generated_Source\PSoC4/Opamp.c **** * Parameters:
 163:Generated_Source\PSoC4/Opamp.c **** *  onOff: Control the pump.
 164:Generated_Source\PSoC4/Opamp.c **** *   Opamp_PUMP_OFF - Turn off the pump
 165:Generated_Source\PSoC4/Opamp.c **** *   Opamp_PUMP_ON - Turn on the pump
 166:Generated_Source\PSoC4/Opamp.c **** *
 167:Generated_Source\PSoC4/Opamp.c **** * Return:
 168:Generated_Source\PSoC4/Opamp.c **** *  None
 169:Generated_Source\PSoC4/Opamp.c **** *
 170:Generated_Source\PSoC4/Opamp.c **** **********************************************************************************/
 171:Generated_Source\PSoC4/Opamp.c **** void Opamp_PumpControl(uint32 onOff)
 172:Generated_Source\PSoC4/Opamp.c **** {
 265              		.loc 1 172 0
 266              		.cfi_startproc
 267              		@ args = 0, pretend = 0, frame = 8
 268              		@ frame_needed = 1, uses_anonymous_args = 0
 269 0000 80B5     		push	{r7, lr}
 270              		.cfi_def_cfa_offset 8
 271              		.cfi_offset 7, -8
 272              		.cfi_offset 14, -4
 273 0002 82B0     		sub	sp, sp, #8
 274              		.cfi_def_cfa_offset 16
 275 0004 00AF     		add	r7, sp, #0
 276              		.cfi_def_cfa_register 7
 277 0006 7860     		str	r0, [r7, #4]
 173:Generated_Source\PSoC4/Opamp.c ****     
 174:Generated_Source\PSoC4/Opamp.c ****     if(0u != onOff)
 278              		.loc 1 174 0
 279 0008 7B68     		ldr	r3, [r7, #4]
 280 000a 002B     		cmp	r3, #0
 281 000c 07D0     		beq	.L18
 175:Generated_Source\PSoC4/Opamp.c ****     {
ARM GAS  C:\Users\ADMINI~1\AppData\Local\Temp\ccKnSqv4.s 			page 9


 176:Generated_Source\PSoC4/Opamp.c ****         Opamp_OA_RES_CTRL |= Opamp_OA_PUMP_EN;    
 282              		.loc 1 176 0
 283 000e 094B     		ldr	r3, .L21
 284 0010 084A     		ldr	r2, .L21
 285 0012 1268     		ldr	r2, [r2]
 286 0014 8021     		movs	r1, #128
 287 0016 0901     		lsls	r1, r1, #4
 288 0018 0A43     		orrs	r2, r1
 289 001a 1A60     		str	r2, [r3]
 177:Generated_Source\PSoC4/Opamp.c ****     }
 178:Generated_Source\PSoC4/Opamp.c ****     else
 179:Generated_Source\PSoC4/Opamp.c ****     {
 180:Generated_Source\PSoC4/Opamp.c ****         Opamp_OA_RES_CTRL &= (uint32)~Opamp_OA_PUMP_EN;
 181:Generated_Source\PSoC4/Opamp.c ****     }
 182:Generated_Source\PSoC4/Opamp.c **** }
 290              		.loc 1 182 0
 291 001c 05E0     		b	.L20
 292              	.L18:
 180:Generated_Source\PSoC4/Opamp.c ****     }
 293              		.loc 1 180 0
 294 001e 054B     		ldr	r3, .L21
 295 0020 044A     		ldr	r2, .L21
 296 0022 1268     		ldr	r2, [r2]
 297 0024 0449     		ldr	r1, .L21+4
 298 0026 0A40     		ands	r2, r1
 299 0028 1A60     		str	r2, [r3]
 300              	.L20:
 301              		.loc 1 182 0
 302 002a C046     		nop
 303 002c BD46     		mov	sp, r7
 304 002e 02B0     		add	sp, sp, #8
 305              		@ sp needed
 306 0030 80BD     		pop	{r7, pc}
 307              	.L22:
 308 0032 C046     		.align	2
 309              	.L21:
 310 0034 04003140 		.word	1076953092
 311 0038 FFF7FFFF 		.word	-2049
 312              		.cfi_endproc
 313              	.LFE5:
 314              		.size	Opamp_PumpControl, .-Opamp_PumpControl
 315              		.text
 316              	.Letext0:
 317              		.file 2 "Generated_Source\\PSoC4\\cytypes.h"
 318              		.section	.debug_info,"",%progbits
 319              	.Ldebug_info0:
 320 0000 60010000 		.4byte	0x160
 321 0004 0400     		.2byte	0x4
 322 0006 00000000 		.4byte	.Ldebug_abbrev0
 323 000a 04       		.byte	0x4
 324 000b 01       		.uleb128 0x1
 325 000c 7A000000 		.4byte	.LASF24
 326 0010 0C       		.byte	0xc
 327 0011 45010000 		.4byte	.LASF25
 328 0015 B4010000 		.4byte	.LASF26
 329 0019 00000000 		.4byte	.Ldebug_ranges0+0
 330 001d 00000000 		.4byte	0
ARM GAS  C:\Users\ADMINI~1\AppData\Local\Temp\ccKnSqv4.s 			page 10


 331 0021 00000000 		.4byte	.Ldebug_line0
 332 0025 02       		.uleb128 0x2
 333 0026 01       		.byte	0x1
 334 0027 06       		.byte	0x6
 335 0028 17020000 		.4byte	.LASF0
 336 002c 02       		.uleb128 0x2
 337 002d 01       		.byte	0x1
 338 002e 08       		.byte	0x8
 339 002f 41000000 		.4byte	.LASF1
 340 0033 02       		.uleb128 0x2
 341 0034 02       		.byte	0x2
 342 0035 05       		.byte	0x5
 343 0036 A4010000 		.4byte	.LASF2
 344 003a 02       		.uleb128 0x2
 345 003b 02       		.byte	0x2
 346 003c 07       		.byte	0x7
 347 003d 67000000 		.4byte	.LASF3
 348 0041 02       		.uleb128 0x2
 349 0042 04       		.byte	0x4
 350 0043 05       		.byte	0x5
 351 0044 0E020000 		.4byte	.LASF4
 352 0048 02       		.uleb128 0x2
 353 0049 04       		.byte	0x4
 354 004a 07       		.byte	0x7
 355 004b 55000000 		.4byte	.LASF5
 356 004f 02       		.uleb128 0x2
 357 0050 08       		.byte	0x8
 358 0051 05       		.byte	0x5
 359 0052 64010000 		.4byte	.LASF6
 360 0056 02       		.uleb128 0x2
 361 0057 08       		.byte	0x8
 362 0058 07       		.byte	0x7
 363 0059 23010000 		.4byte	.LASF7
 364 005d 03       		.uleb128 0x3
 365 005e 04       		.byte	0x4
 366 005f 05       		.byte	0x5
 367 0060 696E7400 		.ascii	"int\000"
 368 0064 02       		.uleb128 0x2
 369 0065 04       		.byte	0x4
 370 0066 07       		.byte	0x7
 371 0067 16010000 		.4byte	.LASF8
 372 006b 04       		.uleb128 0x4
 373 006c AE010000 		.4byte	.LASF9
 374 0070 02       		.byte	0x2
 375 0071 C2       		.byte	0xc2
 376 0072 2C000000 		.4byte	0x2c
 377 0076 04       		.uleb128 0x4
 378 0077 0F010000 		.4byte	.LASF10
 379 007b 02       		.byte	0x2
 380 007c C4       		.byte	0xc4
 381 007d 48000000 		.4byte	0x48
 382 0081 02       		.uleb128 0x2
 383 0082 04       		.byte	0x4
 384 0083 04       		.byte	0x4
 385 0084 2D000000 		.4byte	.LASF11
 386 0088 02       		.uleb128 0x2
 387 0089 08       		.byte	0x8
ARM GAS  C:\Users\ADMINI~1\AppData\Local\Temp\ccKnSqv4.s 			page 11


 388 008a 04       		.byte	0x4
 389 008b 08010000 		.4byte	.LASF12
 390 008f 02       		.uleb128 0x2
 391 0090 01       		.byte	0x1
 392 0091 08       		.byte	0x8
 393 0092 86010000 		.4byte	.LASF13
 394 0096 05       		.uleb128 0x5
 395 0097 00000000 		.4byte	.LASF14
 396 009b 02       		.byte	0x2
 397 009c 6E01     		.2byte	0x16e
 398 009e A2000000 		.4byte	0xa2
 399 00a2 06       		.uleb128 0x6
 400 00a3 76000000 		.4byte	0x76
 401 00a7 07       		.uleb128 0x7
 402 00a8 3A010000 		.4byte	.LASF15
 403 00ac 01       		.byte	0x1
 404 00ad 27       		.byte	0x27
 405 00ae 00000000 		.4byte	.LFB0
 406 00b2 34000000 		.4byte	.LFE0-.LFB0
 407 00b6 01       		.uleb128 0x1
 408 00b7 9C       		.byte	0x9c
 409 00b8 07       		.uleb128 0x7
 410 00b9 8B010000 		.4byte	.LASF16
 411 00bd 01       		.byte	0x1
 412 00be 40       		.byte	0x40
 413 00bf 00000000 		.4byte	.LFB1
 414 00c3 28000000 		.4byte	.LFE1-.LFB1
 415 00c7 01       		.uleb128 0x1
 416 00c8 9C       		.byte	0x9c
 417 00c9 08       		.uleb128 0x8
 418 00ca 98010000 		.4byte	.LASF17
 419 00ce 01       		.byte	0x1
 420 00cf 5C       		.byte	0x5c
 421 00d0 00000000 		.4byte	.LFB2
 422 00d4 24000000 		.4byte	.LFE2-.LFB2
 423 00d8 01       		.uleb128 0x1
 424 00d9 9C       		.byte	0x9c
 425 00da 07       		.uleb128 0x7
 426 00db 23020000 		.4byte	.LASF18
 427 00df 01       		.byte	0x1
 428 00e0 75       		.byte	0x75
 429 00e1 00000000 		.4byte	.LFB3
 430 00e5 20000000 		.4byte	.LFE3-.LFB3
 431 00e9 01       		.uleb128 0x1
 432 00ea 9C       		.byte	0x9c
 433 00eb 09       		.uleb128 0x9
 434 00ec 0C000000 		.4byte	.LASF19
 435 00f0 01       		.byte	0x1
 436 00f1 8D       		.byte	0x8d
 437 00f2 00000000 		.4byte	.LFB4
 438 00f6 38000000 		.4byte	.LFE4-.LFB4
 439 00fa 01       		.uleb128 0x1
 440 00fb 9C       		.byte	0x9c
 441 00fc 1D010000 		.4byte	0x11d
 442 0100 0A       		.uleb128 0xa
 443 0101 06000000 		.4byte	.LASF21
 444 0105 01       		.byte	0x1
ARM GAS  C:\Users\ADMINI~1\AppData\Local\Temp\ccKnSqv4.s 			page 12


 445 0106 8D       		.byte	0x8d
 446 0107 76000000 		.4byte	0x76
 447 010b 02       		.uleb128 0x2
 448 010c 91       		.byte	0x91
 449 010d 6C       		.sleb128 -20
 450 010e 0B       		.uleb128 0xb
 451 010f 746D7000 		.ascii	"tmp\000"
 452 0113 01       		.byte	0x1
 453 0114 8F       		.byte	0x8f
 454 0115 76000000 		.4byte	0x76
 455 0119 02       		.uleb128 0x2
 456 011a 91       		.byte	0x91
 457 011b 74       		.sleb128 -12
 458 011c 00       		.byte	0
 459 011d 09       		.uleb128 0x9
 460 011e 1B000000 		.4byte	.LASF20
 461 0122 01       		.byte	0x1
 462 0123 AB       		.byte	0xab
 463 0124 00000000 		.4byte	.LFB5
 464 0128 3C000000 		.4byte	.LFE5-.LFB5
 465 012c 01       		.uleb128 0x1
 466 012d 9C       		.byte	0x9c
 467 012e 41010000 		.4byte	0x141
 468 0132 0A       		.uleb128 0xa
 469 0133 4F000000 		.4byte	.LASF22
 470 0137 01       		.byte	0x1
 471 0138 AB       		.byte	0xab
 472 0139 76000000 		.4byte	0x76
 473 013d 02       		.uleb128 0x2
 474 013e 91       		.byte	0x91
 475 013f 74       		.sleb128 -12
 476 0140 00       		.byte	0
 477 0141 0C       		.uleb128 0xc
 478 0142 72010000 		.4byte	.LASF23
 479 0146 01       		.byte	0x1
 480 0147 14       		.byte	0x14
 481 0148 76000000 		.4byte	0x76
 482 014c 05       		.uleb128 0x5
 483 014d 03       		.byte	0x3
 484 014e 04000000 		.4byte	Opamp_internalPower
 485 0152 0D       		.uleb128 0xd
 486 0153 33000000 		.4byte	.LASF27
 487 0157 01       		.byte	0x1
 488 0158 13       		.byte	0x13
 489 0159 6B000000 		.4byte	0x6b
 490 015d 05       		.uleb128 0x5
 491 015e 03       		.byte	0x3
 492 015f 00000000 		.4byte	Opamp_initVar
 493 0163 00       		.byte	0
 494              		.section	.debug_abbrev,"",%progbits
 495              	.Ldebug_abbrev0:
 496 0000 01       		.uleb128 0x1
 497 0001 11       		.uleb128 0x11
 498 0002 01       		.byte	0x1
 499 0003 25       		.uleb128 0x25
 500 0004 0E       		.uleb128 0xe
 501 0005 13       		.uleb128 0x13
ARM GAS  C:\Users\ADMINI~1\AppData\Local\Temp\ccKnSqv4.s 			page 13


 502 0006 0B       		.uleb128 0xb
 503 0007 03       		.uleb128 0x3
 504 0008 0E       		.uleb128 0xe
 505 0009 1B       		.uleb128 0x1b
 506 000a 0E       		.uleb128 0xe
 507 000b 55       		.uleb128 0x55
 508 000c 17       		.uleb128 0x17
 509 000d 11       		.uleb128 0x11
 510 000e 01       		.uleb128 0x1
 511 000f 10       		.uleb128 0x10
 512 0010 17       		.uleb128 0x17
 513 0011 00       		.byte	0
 514 0012 00       		.byte	0
 515 0013 02       		.uleb128 0x2
 516 0014 24       		.uleb128 0x24
 517 0015 00       		.byte	0
 518 0016 0B       		.uleb128 0xb
 519 0017 0B       		.uleb128 0xb
 520 0018 3E       		.uleb128 0x3e
 521 0019 0B       		.uleb128 0xb
 522 001a 03       		.uleb128 0x3
 523 001b 0E       		.uleb128 0xe
 524 001c 00       		.byte	0
 525 001d 00       		.byte	0
 526 001e 03       		.uleb128 0x3
 527 001f 24       		.uleb128 0x24
 528 0020 00       		.byte	0
 529 0021 0B       		.uleb128 0xb
 530 0022 0B       		.uleb128 0xb
 531 0023 3E       		.uleb128 0x3e
 532 0024 0B       		.uleb128 0xb
 533 0025 03       		.uleb128 0x3
 534 0026 08       		.uleb128 0x8
 535 0027 00       		.byte	0
 536 0028 00       		.byte	0
 537 0029 04       		.uleb128 0x4
 538 002a 16       		.uleb128 0x16
 539 002b 00       		.byte	0
 540 002c 03       		.uleb128 0x3
 541 002d 0E       		.uleb128 0xe
 542 002e 3A       		.uleb128 0x3a
 543 002f 0B       		.uleb128 0xb
 544 0030 3B       		.uleb128 0x3b
 545 0031 0B       		.uleb128 0xb
 546 0032 49       		.uleb128 0x49
 547 0033 13       		.uleb128 0x13
 548 0034 00       		.byte	0
 549 0035 00       		.byte	0
 550 0036 05       		.uleb128 0x5
 551 0037 16       		.uleb128 0x16
 552 0038 00       		.byte	0
 553 0039 03       		.uleb128 0x3
 554 003a 0E       		.uleb128 0xe
 555 003b 3A       		.uleb128 0x3a
 556 003c 0B       		.uleb128 0xb
 557 003d 3B       		.uleb128 0x3b
 558 003e 05       		.uleb128 0x5
ARM GAS  C:\Users\ADMINI~1\AppData\Local\Temp\ccKnSqv4.s 			page 14


 559 003f 49       		.uleb128 0x49
 560 0040 13       		.uleb128 0x13
 561 0041 00       		.byte	0
 562 0042 00       		.byte	0
 563 0043 06       		.uleb128 0x6
 564 0044 35       		.uleb128 0x35
 565 0045 00       		.byte	0
 566 0046 49       		.uleb128 0x49
 567 0047 13       		.uleb128 0x13
 568 0048 00       		.byte	0
 569 0049 00       		.byte	0
 570 004a 07       		.uleb128 0x7
 571 004b 2E       		.uleb128 0x2e
 572 004c 00       		.byte	0
 573 004d 3F       		.uleb128 0x3f
 574 004e 19       		.uleb128 0x19
 575 004f 03       		.uleb128 0x3
 576 0050 0E       		.uleb128 0xe
 577 0051 3A       		.uleb128 0x3a
 578 0052 0B       		.uleb128 0xb
 579 0053 3B       		.uleb128 0x3b
 580 0054 0B       		.uleb128 0xb
 581 0055 27       		.uleb128 0x27
 582 0056 19       		.uleb128 0x19
 583 0057 11       		.uleb128 0x11
 584 0058 01       		.uleb128 0x1
 585 0059 12       		.uleb128 0x12
 586 005a 06       		.uleb128 0x6
 587 005b 40       		.uleb128 0x40
 588 005c 18       		.uleb128 0x18
 589 005d 9742     		.uleb128 0x2117
 590 005f 19       		.uleb128 0x19
 591 0060 00       		.byte	0
 592 0061 00       		.byte	0
 593 0062 08       		.uleb128 0x8
 594 0063 2E       		.uleb128 0x2e
 595 0064 00       		.byte	0
 596 0065 3F       		.uleb128 0x3f
 597 0066 19       		.uleb128 0x19
 598 0067 03       		.uleb128 0x3
 599 0068 0E       		.uleb128 0xe
 600 0069 3A       		.uleb128 0x3a
 601 006a 0B       		.uleb128 0xb
 602 006b 3B       		.uleb128 0x3b
 603 006c 0B       		.uleb128 0xb
 604 006d 27       		.uleb128 0x27
 605 006e 19       		.uleb128 0x19
 606 006f 11       		.uleb128 0x11
 607 0070 01       		.uleb128 0x1
 608 0071 12       		.uleb128 0x12
 609 0072 06       		.uleb128 0x6
 610 0073 40       		.uleb128 0x40
 611 0074 18       		.uleb128 0x18
 612 0075 9642     		.uleb128 0x2116
 613 0077 19       		.uleb128 0x19
 614 0078 00       		.byte	0
 615 0079 00       		.byte	0
ARM GAS  C:\Users\ADMINI~1\AppData\Local\Temp\ccKnSqv4.s 			page 15


 616 007a 09       		.uleb128 0x9
 617 007b 2E       		.uleb128 0x2e
 618 007c 01       		.byte	0x1
 619 007d 3F       		.uleb128 0x3f
 620 007e 19       		.uleb128 0x19
 621 007f 03       		.uleb128 0x3
 622 0080 0E       		.uleb128 0xe
 623 0081 3A       		.uleb128 0x3a
 624 0082 0B       		.uleb128 0xb
 625 0083 3B       		.uleb128 0x3b
 626 0084 0B       		.uleb128 0xb
 627 0085 27       		.uleb128 0x27
 628 0086 19       		.uleb128 0x19
 629 0087 11       		.uleb128 0x11
 630 0088 01       		.uleb128 0x1
 631 0089 12       		.uleb128 0x12
 632 008a 06       		.uleb128 0x6
 633 008b 40       		.uleb128 0x40
 634 008c 18       		.uleb128 0x18
 635 008d 9742     		.uleb128 0x2117
 636 008f 19       		.uleb128 0x19
 637 0090 01       		.uleb128 0x1
 638 0091 13       		.uleb128 0x13
 639 0092 00       		.byte	0
 640 0093 00       		.byte	0
 641 0094 0A       		.uleb128 0xa
 642 0095 05       		.uleb128 0x5
 643 0096 00       		.byte	0
 644 0097 03       		.uleb128 0x3
 645 0098 0E       		.uleb128 0xe
 646 0099 3A       		.uleb128 0x3a
 647 009a 0B       		.uleb128 0xb
 648 009b 3B       		.uleb128 0x3b
 649 009c 0B       		.uleb128 0xb
 650 009d 49       		.uleb128 0x49
 651 009e 13       		.uleb128 0x13
 652 009f 02       		.uleb128 0x2
 653 00a0 18       		.uleb128 0x18
 654 00a1 00       		.byte	0
 655 00a2 00       		.byte	0
 656 00a3 0B       		.uleb128 0xb
 657 00a4 34       		.uleb128 0x34
 658 00a5 00       		.byte	0
 659 00a6 03       		.uleb128 0x3
 660 00a7 08       		.uleb128 0x8
 661 00a8 3A       		.uleb128 0x3a
 662 00a9 0B       		.uleb128 0xb
 663 00aa 3B       		.uleb128 0x3b
 664 00ab 0B       		.uleb128 0xb
 665 00ac 49       		.uleb128 0x49
 666 00ad 13       		.uleb128 0x13
 667 00ae 02       		.uleb128 0x2
 668 00af 18       		.uleb128 0x18
 669 00b0 00       		.byte	0
 670 00b1 00       		.byte	0
 671 00b2 0C       		.uleb128 0xc
 672 00b3 34       		.uleb128 0x34
ARM GAS  C:\Users\ADMINI~1\AppData\Local\Temp\ccKnSqv4.s 			page 16


 673 00b4 00       		.byte	0
 674 00b5 03       		.uleb128 0x3
 675 00b6 0E       		.uleb128 0xe
 676 00b7 3A       		.uleb128 0x3a
 677 00b8 0B       		.uleb128 0xb
 678 00b9 3B       		.uleb128 0x3b
 679 00ba 0B       		.uleb128 0xb
 680 00bb 49       		.uleb128 0x49
 681 00bc 13       		.uleb128 0x13
 682 00bd 02       		.uleb128 0x2
 683 00be 18       		.uleb128 0x18
 684 00bf 00       		.byte	0
 685 00c0 00       		.byte	0
 686 00c1 0D       		.uleb128 0xd
 687 00c2 34       		.uleb128 0x34
 688 00c3 00       		.byte	0
 689 00c4 03       		.uleb128 0x3
 690 00c5 0E       		.uleb128 0xe
 691 00c6 3A       		.uleb128 0x3a
 692 00c7 0B       		.uleb128 0xb
 693 00c8 3B       		.uleb128 0x3b
 694 00c9 0B       		.uleb128 0xb
 695 00ca 49       		.uleb128 0x49
 696 00cb 13       		.uleb128 0x13
 697 00cc 3F       		.uleb128 0x3f
 698 00cd 19       		.uleb128 0x19
 699 00ce 02       		.uleb128 0x2
 700 00cf 18       		.uleb128 0x18
 701 00d0 00       		.byte	0
 702 00d1 00       		.byte	0
 703 00d2 00       		.byte	0
 704              		.section	.debug_aranges,"",%progbits
 705 0000 44000000 		.4byte	0x44
 706 0004 0200     		.2byte	0x2
 707 0006 00000000 		.4byte	.Ldebug_info0
 708 000a 04       		.byte	0x4
 709 000b 00       		.byte	0
 710 000c 0000     		.2byte	0
 711 000e 0000     		.2byte	0
 712 0010 00000000 		.4byte	.LFB0
 713 0014 34000000 		.4byte	.LFE0-.LFB0
 714 0018 00000000 		.4byte	.LFB1
 715 001c 28000000 		.4byte	.LFE1-.LFB1
 716 0020 00000000 		.4byte	.LFB2
 717 0024 24000000 		.4byte	.LFE2-.LFB2
 718 0028 00000000 		.4byte	.LFB3
 719 002c 20000000 		.4byte	.LFE3-.LFB3
 720 0030 00000000 		.4byte	.LFB4
 721 0034 38000000 		.4byte	.LFE4-.LFB4
 722 0038 00000000 		.4byte	.LFB5
 723 003c 3C000000 		.4byte	.LFE5-.LFB5
 724 0040 00000000 		.4byte	0
 725 0044 00000000 		.4byte	0
 726              		.section	.debug_ranges,"",%progbits
 727              	.Ldebug_ranges0:
 728 0000 00000000 		.4byte	.LFB0
 729 0004 34000000 		.4byte	.LFE0
ARM GAS  C:\Users\ADMINI~1\AppData\Local\Temp\ccKnSqv4.s 			page 17


 730 0008 00000000 		.4byte	.LFB1
 731 000c 28000000 		.4byte	.LFE1
 732 0010 00000000 		.4byte	.LFB2
 733 0014 24000000 		.4byte	.LFE2
 734 0018 00000000 		.4byte	.LFB3
 735 001c 20000000 		.4byte	.LFE3
 736 0020 00000000 		.4byte	.LFB4
 737 0024 38000000 		.4byte	.LFE4
 738 0028 00000000 		.4byte	.LFB5
 739 002c 3C000000 		.4byte	.LFE5
 740 0030 00000000 		.4byte	0
 741 0034 00000000 		.4byte	0
 742              		.section	.debug_line,"",%progbits
 743              	.Ldebug_line0:
 744 0000 BE000000 		.section	.debug_str,"MS",%progbits,1
 744      02004200 
 744      00000201 
 744      FB0E0D00 
 744      01010101 
 745              	.LASF14:
 746 0000 72656733 		.ascii	"reg32\000"
 746      3200
 747              	.LASF21:
 748 0006 706F7765 		.ascii	"power\000"
 748      7200
 749              	.LASF19:
 750 000c 4F70616D 		.ascii	"Opamp_SetPower\000"
 750      705F5365 
 750      74506F77 
 750      657200
 751              	.LASF20:
 752 001b 4F70616D 		.ascii	"Opamp_PumpControl\000"
 752      705F5075 
 752      6D70436F 
 752      6E74726F 
 752      6C00
 753              	.LASF11:
 754 002d 666C6F61 		.ascii	"float\000"
 754      7400
 755              	.LASF27:
 756 0033 4F70616D 		.ascii	"Opamp_initVar\000"
 756      705F696E 
 756      69745661 
 756      7200
 757              	.LASF1:
 758 0041 756E7369 		.ascii	"unsigned char\000"
 758      676E6564 
 758      20636861 
 758      7200
 759              	.LASF22:
 760 004f 6F6E4F66 		.ascii	"onOff\000"
 760      6600
 761              	.LASF5:
 762 0055 6C6F6E67 		.ascii	"long unsigned int\000"
 762      20756E73 
 762      69676E65 
 762      6420696E 
ARM GAS  C:\Users\ADMINI~1\AppData\Local\Temp\ccKnSqv4.s 			page 18


 762      7400
 763              	.LASF3:
 764 0067 73686F72 		.ascii	"short unsigned int\000"
 764      7420756E 
 764      7369676E 
 764      65642069 
 764      6E7400
 765              	.LASF24:
 766 007a 474E5520 		.ascii	"GNU C11 5.4.1 20160609 (release) [ARM/embedded-5-br"
 766      43313120 
 766      352E342E 
 766      31203230 
 766      31363036 
 767 00ad 616E6368 		.ascii	"anch revision 237715] -mcpu=cortex-m0 -mthumb -g -O"
 767      20726576 
 767      6973696F 
 767      6E203233 
 767      37373135 
 768 00e0 30202D66 		.ascii	"0 -ffunction-sections -ffat-lto-objects\000"
 768      66756E63 
 768      74696F6E 
 768      2D736563 
 768      74696F6E 
 769              	.LASF12:
 770 0108 646F7562 		.ascii	"double\000"
 770      6C6500
 771              	.LASF10:
 772 010f 75696E74 		.ascii	"uint32\000"
 772      333200
 773              	.LASF8:
 774 0116 756E7369 		.ascii	"unsigned int\000"
 774      676E6564 
 774      20696E74 
 774      00
 775              	.LASF7:
 776 0123 6C6F6E67 		.ascii	"long long unsigned int\000"
 776      206C6F6E 
 776      6720756E 
 776      7369676E 
 776      65642069 
 777              	.LASF15:
 778 013a 4F70616D 		.ascii	"Opamp_Init\000"
 778      705F496E 
 778      697400
 779              	.LASF25:
 780 0145 47656E65 		.ascii	"Generated_Source\\PSoC4\\Opamp.c\000"
 780      72617465 
 780      645F536F 
 780      75726365 
 780      5C50536F 
 781              	.LASF6:
 782 0164 6C6F6E67 		.ascii	"long long int\000"
 782      206C6F6E 
 782      6720696E 
 782      7400
 783              	.LASF23:
 784 0172 4F70616D 		.ascii	"Opamp_internalPower\000"
ARM GAS  C:\Users\ADMINI~1\AppData\Local\Temp\ccKnSqv4.s 			page 19


 784      705F696E 
 784      7465726E 
 784      616C506F 
 784      77657200 
 785              	.LASF13:
 786 0186 63686172 		.ascii	"char\000"
 786      00
 787              	.LASF16:
 788 018b 4F70616D 		.ascii	"Opamp_Enable\000"
 788      705F456E 
 788      61626C65 
 788      00
 789              	.LASF17:
 790 0198 4F70616D 		.ascii	"Opamp_Start\000"
 790      705F5374 
 790      61727400 
 791              	.LASF2:
 792 01a4 73686F72 		.ascii	"short int\000"
 792      7420696E 
 792      7400
 793              	.LASF9:
 794 01ae 75696E74 		.ascii	"uint8\000"
 794      3800
 795              	.LASF26:
 796 01b4 443A5C43 		.ascii	"D:\\CYTEST\\Micrium_CY8CKIT-044_OS2\\Micrium\\Examp"
 796      59544553 
 796      545C4D69 
 796      63726975 
 796      6D5F4359 
 797 01e3 6C65735C 		.ascii	"les\\Cypress\\CY8CKIT-044\\OS2\\PSoC\\OS2.cydsn\000"
 797      43797072 
 797      6573735C 
 797      43593843 
 797      4B49542D 
 798              	.LASF4:
 799 020e 6C6F6E67 		.ascii	"long int\000"
 799      20696E74 
 799      00
 800              	.LASF0:
 801 0217 7369676E 		.ascii	"signed char\000"
 801      65642063 
 801      68617200 
 802              	.LASF18:
 803 0223 4F70616D 		.ascii	"Opamp_Stop\000"
 803      705F5374 
 803      6F7000
 804              		.ident	"GCC: (GNU Tools for ARM Embedded Processors) 5.4.1 20160609 (release) [ARM/embedded-5-bran
