ARM GAS  C:\Users\ADMINI~1\AppData\Local\Temp\cczhl0Pc.s 			page 1


   1              		.syntax unified
   2              		.cpu cortex-m0
   3              		.fpu softvfp
   4              		.eabi_attribute 20, 1
   5              		.eabi_attribute 21, 1
   6              		.eabi_attribute 23, 3
   7              		.eabi_attribute 24, 1
   8              		.eabi_attribute 25, 1
   9              		.eabi_attribute 26, 1
  10              		.eabi_attribute 30, 6
  11              		.eabi_attribute 34, 0
  12              		.eabi_attribute 18, 4
  13              		.thumb
  14              		.syntax unified
  15              		.file	"PWM_Green_PM.c"
  16              		.text
  17              	.Ltext0:
  18              		.cfi_sections	.debug_frame
  19              		.bss
  20              		.align	2
  21              	PWM_Green_backup:
  22 0000 00       		.space	1
  23              		.section	.text.PWM_Green_SaveConfig,"ax",%progbits
  24              		.align	2
  25              		.global	PWM_Green_SaveConfig
  26              		.code	16
  27              		.thumb_func
  28              		.type	PWM_Green_SaveConfig, %function
  29              	PWM_Green_SaveConfig:
  30              	.LFB1:
  31              		.file 1 "Generated_Source\\PSoC4\\PWM_Green_PM.c"
   1:Generated_Source\PSoC4/PWM_Green_PM.c **** /*******************************************************************************
   2:Generated_Source\PSoC4/PWM_Green_PM.c **** * File Name: PWM_Green_PM.c
   3:Generated_Source\PSoC4/PWM_Green_PM.c **** * Version 2.0
   4:Generated_Source\PSoC4/PWM_Green_PM.c **** *
   5:Generated_Source\PSoC4/PWM_Green_PM.c **** * Description:
   6:Generated_Source\PSoC4/PWM_Green_PM.c **** *  This file contains the setup, control, and status commands to support
   7:Generated_Source\PSoC4/PWM_Green_PM.c **** *  the component operations in the low power mode.
   8:Generated_Source\PSoC4/PWM_Green_PM.c **** *
   9:Generated_Source\PSoC4/PWM_Green_PM.c **** * Note:
  10:Generated_Source\PSoC4/PWM_Green_PM.c **** *  None
  11:Generated_Source\PSoC4/PWM_Green_PM.c **** *
  12:Generated_Source\PSoC4/PWM_Green_PM.c **** ********************************************************************************
  13:Generated_Source\PSoC4/PWM_Green_PM.c **** * Copyright 2013-2014, Cypress Semiconductor Corporation.  All rights reserved.
  14:Generated_Source\PSoC4/PWM_Green_PM.c **** * You may use this file only in accordance with the license, terms, conditions,
  15:Generated_Source\PSoC4/PWM_Green_PM.c **** * disclaimers, and limitations in the end user license agreement accompanying
  16:Generated_Source\PSoC4/PWM_Green_PM.c **** * the software package with which this file was provided.
  17:Generated_Source\PSoC4/PWM_Green_PM.c **** *******************************************************************************/
  18:Generated_Source\PSoC4/PWM_Green_PM.c **** 
  19:Generated_Source\PSoC4/PWM_Green_PM.c **** #include "PWM_Green.h"
  20:Generated_Source\PSoC4/PWM_Green_PM.c **** 
  21:Generated_Source\PSoC4/PWM_Green_PM.c **** static PWM_Green_BACKUP_STRUCT PWM_Green_backup;
  22:Generated_Source\PSoC4/PWM_Green_PM.c **** 
  23:Generated_Source\PSoC4/PWM_Green_PM.c **** 
  24:Generated_Source\PSoC4/PWM_Green_PM.c **** /*******************************************************************************
  25:Generated_Source\PSoC4/PWM_Green_PM.c **** * Function Name: PWM_Green_SaveConfig
  26:Generated_Source\PSoC4/PWM_Green_PM.c **** ********************************************************************************
ARM GAS  C:\Users\ADMINI~1\AppData\Local\Temp\cczhl0Pc.s 			page 2


  27:Generated_Source\PSoC4/PWM_Green_PM.c **** *
  28:Generated_Source\PSoC4/PWM_Green_PM.c **** * Summary:
  29:Generated_Source\PSoC4/PWM_Green_PM.c **** *  All configuration registers are retention. Nothing to save here.
  30:Generated_Source\PSoC4/PWM_Green_PM.c **** *
  31:Generated_Source\PSoC4/PWM_Green_PM.c **** * Parameters:
  32:Generated_Source\PSoC4/PWM_Green_PM.c **** *  None
  33:Generated_Source\PSoC4/PWM_Green_PM.c **** *
  34:Generated_Source\PSoC4/PWM_Green_PM.c **** * Return:
  35:Generated_Source\PSoC4/PWM_Green_PM.c **** *  None
  36:Generated_Source\PSoC4/PWM_Green_PM.c **** *
  37:Generated_Source\PSoC4/PWM_Green_PM.c **** *******************************************************************************/
  38:Generated_Source\PSoC4/PWM_Green_PM.c **** void PWM_Green_SaveConfig(void)
  39:Generated_Source\PSoC4/PWM_Green_PM.c **** {
  32              		.loc 1 39 0
  33              		.cfi_startproc
  34              		@ args = 0, pretend = 0, frame = 0
  35              		@ frame_needed = 1, uses_anonymous_args = 0
  36 0000 80B5     		push	{r7, lr}
  37              		.cfi_def_cfa_offset 8
  38              		.cfi_offset 7, -8
  39              		.cfi_offset 14, -4
  40 0002 00AF     		add	r7, sp, #0
  41              		.cfi_def_cfa_register 7
  40:Generated_Source\PSoC4/PWM_Green_PM.c **** 
  41:Generated_Source\PSoC4/PWM_Green_PM.c **** }
  42              		.loc 1 41 0
  43 0004 C046     		nop
  44 0006 BD46     		mov	sp, r7
  45              		@ sp needed
  46 0008 80BD     		pop	{r7, pc}
  47              		.cfi_endproc
  48              	.LFE1:
  49              		.size	PWM_Green_SaveConfig, .-PWM_Green_SaveConfig
  50 000a C046     		.section	.text.PWM_Green_Sleep,"ax",%progbits
  51              		.align	2
  52              		.global	PWM_Green_Sleep
  53              		.code	16
  54              		.thumb_func
  55              		.type	PWM_Green_Sleep, %function
  56              	PWM_Green_Sleep:
  57              	.LFB2:
  42:Generated_Source\PSoC4/PWM_Green_PM.c **** 
  43:Generated_Source\PSoC4/PWM_Green_PM.c **** 
  44:Generated_Source\PSoC4/PWM_Green_PM.c **** /*******************************************************************************
  45:Generated_Source\PSoC4/PWM_Green_PM.c **** * Function Name: PWM_Green_Sleep
  46:Generated_Source\PSoC4/PWM_Green_PM.c **** ********************************************************************************
  47:Generated_Source\PSoC4/PWM_Green_PM.c **** *
  48:Generated_Source\PSoC4/PWM_Green_PM.c **** * Summary:
  49:Generated_Source\PSoC4/PWM_Green_PM.c **** *  Stops the component operation and saves the user configuration.
  50:Generated_Source\PSoC4/PWM_Green_PM.c **** *
  51:Generated_Source\PSoC4/PWM_Green_PM.c **** * Parameters:
  52:Generated_Source\PSoC4/PWM_Green_PM.c **** *  None
  53:Generated_Source\PSoC4/PWM_Green_PM.c **** *
  54:Generated_Source\PSoC4/PWM_Green_PM.c **** * Return:
  55:Generated_Source\PSoC4/PWM_Green_PM.c **** *  None
  56:Generated_Source\PSoC4/PWM_Green_PM.c **** *
  57:Generated_Source\PSoC4/PWM_Green_PM.c **** *******************************************************************************/
ARM GAS  C:\Users\ADMINI~1\AppData\Local\Temp\cczhl0Pc.s 			page 3


  58:Generated_Source\PSoC4/PWM_Green_PM.c **** void PWM_Green_Sleep(void)
  59:Generated_Source\PSoC4/PWM_Green_PM.c **** {
  58              		.loc 1 59 0
  59              		.cfi_startproc
  60              		@ args = 0, pretend = 0, frame = 0
  61              		@ frame_needed = 1, uses_anonymous_args = 0
  62 0000 80B5     		push	{r7, lr}
  63              		.cfi_def_cfa_offset 8
  64              		.cfi_offset 7, -8
  65              		.cfi_offset 14, -4
  66 0002 00AF     		add	r7, sp, #0
  67              		.cfi_def_cfa_register 7
  60:Generated_Source\PSoC4/PWM_Green_PM.c ****     if(0u != (PWM_Green_BLOCK_CONTROL_REG & PWM_Green_MASK))
  68              		.loc 1 60 0
  69 0004 094B     		ldr	r3, .L5
  70 0006 1B68     		ldr	r3, [r3]
  71 0008 0122     		movs	r2, #1
  72 000a 1340     		ands	r3, r2
  73 000c 03D0     		beq	.L3
  61:Generated_Source\PSoC4/PWM_Green_PM.c ****     {
  62:Generated_Source\PSoC4/PWM_Green_PM.c ****         PWM_Green_backup.enableState = 1u;
  74              		.loc 1 62 0
  75 000e 084B     		ldr	r3, .L5+4
  76 0010 0122     		movs	r2, #1
  77 0012 1A70     		strb	r2, [r3]
  78 0014 02E0     		b	.L4
  79              	.L3:
  63:Generated_Source\PSoC4/PWM_Green_PM.c ****     }
  64:Generated_Source\PSoC4/PWM_Green_PM.c ****     else
  65:Generated_Source\PSoC4/PWM_Green_PM.c ****     {
  66:Generated_Source\PSoC4/PWM_Green_PM.c ****         PWM_Green_backup.enableState = 0u;
  80              		.loc 1 66 0
  81 0016 064B     		ldr	r3, .L5+4
  82 0018 0022     		movs	r2, #0
  83 001a 1A70     		strb	r2, [r3]
  84              	.L4:
  67:Generated_Source\PSoC4/PWM_Green_PM.c ****     }
  68:Generated_Source\PSoC4/PWM_Green_PM.c **** 
  69:Generated_Source\PSoC4/PWM_Green_PM.c ****     PWM_Green_Stop();
  85              		.loc 1 69 0
  86 001c FFF7FEFF 		bl	PWM_Green_Stop
  70:Generated_Source\PSoC4/PWM_Green_PM.c ****     PWM_Green_SaveConfig();
  87              		.loc 1 70 0
  88 0020 FFF7FEFF 		bl	PWM_Green_SaveConfig
  71:Generated_Source\PSoC4/PWM_Green_PM.c **** }
  89              		.loc 1 71 0
  90 0024 C046     		nop
  91 0026 BD46     		mov	sp, r7
  92              		@ sp needed
  93 0028 80BD     		pop	{r7, pc}
  94              	.L6:
  95 002a C046     		.align	2
  96              	.L5:
  97 002c 00002040 		.word	1075838976
  98 0030 00000000 		.word	PWM_Green_backup
  99              		.cfi_endproc
 100              	.LFE2:
ARM GAS  C:\Users\ADMINI~1\AppData\Local\Temp\cczhl0Pc.s 			page 4


 101              		.size	PWM_Green_Sleep, .-PWM_Green_Sleep
 102              		.section	.text.PWM_Green_RestoreConfig,"ax",%progbits
 103              		.align	2
 104              		.global	PWM_Green_RestoreConfig
 105              		.code	16
 106              		.thumb_func
 107              		.type	PWM_Green_RestoreConfig, %function
 108              	PWM_Green_RestoreConfig:
 109              	.LFB3:
  72:Generated_Source\PSoC4/PWM_Green_PM.c **** 
  73:Generated_Source\PSoC4/PWM_Green_PM.c **** 
  74:Generated_Source\PSoC4/PWM_Green_PM.c **** /*******************************************************************************
  75:Generated_Source\PSoC4/PWM_Green_PM.c **** * Function Name: PWM_Green_RestoreConfig
  76:Generated_Source\PSoC4/PWM_Green_PM.c **** ********************************************************************************
  77:Generated_Source\PSoC4/PWM_Green_PM.c **** *
  78:Generated_Source\PSoC4/PWM_Green_PM.c **** * Summary:
  79:Generated_Source\PSoC4/PWM_Green_PM.c **** *  All configuration registers are retention. Nothing to restore here.
  80:Generated_Source\PSoC4/PWM_Green_PM.c **** *
  81:Generated_Source\PSoC4/PWM_Green_PM.c **** * Parameters:
  82:Generated_Source\PSoC4/PWM_Green_PM.c **** *  None
  83:Generated_Source\PSoC4/PWM_Green_PM.c **** *
  84:Generated_Source\PSoC4/PWM_Green_PM.c **** * Return:
  85:Generated_Source\PSoC4/PWM_Green_PM.c **** *  None
  86:Generated_Source\PSoC4/PWM_Green_PM.c **** *
  87:Generated_Source\PSoC4/PWM_Green_PM.c **** *******************************************************************************/
  88:Generated_Source\PSoC4/PWM_Green_PM.c **** void PWM_Green_RestoreConfig(void)
  89:Generated_Source\PSoC4/PWM_Green_PM.c **** {
 110              		.loc 1 89 0
 111              		.cfi_startproc
 112              		@ args = 0, pretend = 0, frame = 0
 113              		@ frame_needed = 1, uses_anonymous_args = 0
 114 0000 80B5     		push	{r7, lr}
 115              		.cfi_def_cfa_offset 8
 116              		.cfi_offset 7, -8
 117              		.cfi_offset 14, -4
 118 0002 00AF     		add	r7, sp, #0
 119              		.cfi_def_cfa_register 7
  90:Generated_Source\PSoC4/PWM_Green_PM.c **** 
  91:Generated_Source\PSoC4/PWM_Green_PM.c **** }
 120              		.loc 1 91 0
 121 0004 C046     		nop
 122 0006 BD46     		mov	sp, r7
 123              		@ sp needed
 124 0008 80BD     		pop	{r7, pc}
 125              		.cfi_endproc
 126              	.LFE3:
 127              		.size	PWM_Green_RestoreConfig, .-PWM_Green_RestoreConfig
 128              		.section	.text.PWM_Green_Wakeup,"ax",%progbits
 129              		.align	2
 130              		.global	PWM_Green_Wakeup
 131              		.code	16
 132              		.thumb_func
 133              		.type	PWM_Green_Wakeup, %function
 134              	PWM_Green_Wakeup:
 135              	.LFB4:
  92:Generated_Source\PSoC4/PWM_Green_PM.c **** 
  93:Generated_Source\PSoC4/PWM_Green_PM.c **** 
ARM GAS  C:\Users\ADMINI~1\AppData\Local\Temp\cczhl0Pc.s 			page 5


  94:Generated_Source\PSoC4/PWM_Green_PM.c **** /*******************************************************************************
  95:Generated_Source\PSoC4/PWM_Green_PM.c **** * Function Name: PWM_Green_Wakeup
  96:Generated_Source\PSoC4/PWM_Green_PM.c **** ********************************************************************************
  97:Generated_Source\PSoC4/PWM_Green_PM.c **** *
  98:Generated_Source\PSoC4/PWM_Green_PM.c **** * Summary:
  99:Generated_Source\PSoC4/PWM_Green_PM.c **** *  Restores the user configuration and restores the enable state.
 100:Generated_Source\PSoC4/PWM_Green_PM.c **** *
 101:Generated_Source\PSoC4/PWM_Green_PM.c **** * Parameters:
 102:Generated_Source\PSoC4/PWM_Green_PM.c **** *  None
 103:Generated_Source\PSoC4/PWM_Green_PM.c **** *
 104:Generated_Source\PSoC4/PWM_Green_PM.c **** * Return:
 105:Generated_Source\PSoC4/PWM_Green_PM.c **** *  None
 106:Generated_Source\PSoC4/PWM_Green_PM.c **** *
 107:Generated_Source\PSoC4/PWM_Green_PM.c **** *******************************************************************************/
 108:Generated_Source\PSoC4/PWM_Green_PM.c **** void PWM_Green_Wakeup(void)
 109:Generated_Source\PSoC4/PWM_Green_PM.c **** {
 136              		.loc 1 109 0
 137              		.cfi_startproc
 138              		@ args = 0, pretend = 0, frame = 0
 139              		@ frame_needed = 1, uses_anonymous_args = 0
 140 0000 80B5     		push	{r7, lr}
 141              		.cfi_def_cfa_offset 8
 142              		.cfi_offset 7, -8
 143              		.cfi_offset 14, -4
 144 0002 00AF     		add	r7, sp, #0
 145              		.cfi_def_cfa_register 7
 110:Generated_Source\PSoC4/PWM_Green_PM.c ****     PWM_Green_RestoreConfig();
 146              		.loc 1 110 0
 147 0004 FFF7FEFF 		bl	PWM_Green_RestoreConfig
 111:Generated_Source\PSoC4/PWM_Green_PM.c **** 
 112:Generated_Source\PSoC4/PWM_Green_PM.c ****     if(0u != PWM_Green_backup.enableState)
 148              		.loc 1 112 0
 149 0008 044B     		ldr	r3, .L11
 150 000a 1B78     		ldrb	r3, [r3]
 151 000c 002B     		cmp	r3, #0
 152 000e 01D0     		beq	.L10
 113:Generated_Source\PSoC4/PWM_Green_PM.c ****     {
 114:Generated_Source\PSoC4/PWM_Green_PM.c ****         PWM_Green_Enable();
 153              		.loc 1 114 0
 154 0010 FFF7FEFF 		bl	PWM_Green_Enable
 155              	.L10:
 115:Generated_Source\PSoC4/PWM_Green_PM.c ****     }
 116:Generated_Source\PSoC4/PWM_Green_PM.c **** }
 156              		.loc 1 116 0
 157 0014 C046     		nop
 158 0016 BD46     		mov	sp, r7
 159              		@ sp needed
 160 0018 80BD     		pop	{r7, pc}
 161              	.L12:
 162 001a C046     		.align	2
 163              	.L11:
 164 001c 00000000 		.word	PWM_Green_backup
 165              		.cfi_endproc
 166              	.LFE4:
 167              		.size	PWM_Green_Wakeup, .-PWM_Green_Wakeup
 168              		.text
 169              	.Letext0:
ARM GAS  C:\Users\ADMINI~1\AppData\Local\Temp\cczhl0Pc.s 			page 6


 170              		.file 2 "Generated_Source\\PSoC4\\cytypes.h"
 171              		.file 3 "Generated_Source\\PSoC4\\PWM_Green.h"
 172              		.section	.debug_info,"",%progbits
 173              	.Ldebug_info0:
 174 0000 27010000 		.4byte	0x127
 175 0004 0400     		.2byte	0x4
 176 0006 00000000 		.4byte	.Ldebug_abbrev0
 177 000a 04       		.byte	0x4
 178 000b 01       		.uleb128 0x1
 179 000c A0010000 		.4byte	.LASF22
 180 0010 0C       		.byte	0xc
 181 0011 8D000000 		.4byte	.LASF23
 182 0015 C1000000 		.4byte	.LASF24
 183 0019 00000000 		.4byte	.Ldebug_ranges0+0
 184 001d 00000000 		.4byte	0
 185 0021 00000000 		.4byte	.Ldebug_line0
 186 0025 02       		.uleb128 0x2
 187 0026 01       		.byte	0x1
 188 0027 06       		.byte	0x6
 189 0028 66010000 		.4byte	.LASF0
 190 002c 02       		.uleb128 0x2
 191 002d 01       		.byte	0x1
 192 002e 08       		.byte	0x8
 193 002f B3000000 		.4byte	.LASF1
 194 0033 02       		.uleb128 0x2
 195 0034 02       		.byte	0x2
 196 0035 05       		.byte	0x5
 197 0036 96010000 		.4byte	.LASF2
 198 003a 02       		.uleb128 0x2
 199 003b 02       		.byte	0x2
 200 003c 07       		.byte	0x7
 201 003d 53010000 		.4byte	.LASF3
 202 0041 02       		.uleb128 0x2
 203 0042 04       		.byte	0x4
 204 0043 05       		.byte	0x5
 205 0044 20010000 		.4byte	.LASF4
 206 0048 02       		.uleb128 0x2
 207 0049 04       		.byte	0x4
 208 004a 07       		.byte	0x7
 209 004b 5E000000 		.4byte	.LASF5
 210 004f 02       		.uleb128 0x2
 211 0050 08       		.byte	0x8
 212 0051 05       		.byte	0x5
 213 0052 00000000 		.4byte	.LASF6
 214 0056 02       		.uleb128 0x2
 215 0057 08       		.byte	0x8
 216 0058 07       		.byte	0x7
 217 0059 70000000 		.4byte	.LASF7
 218 005d 03       		.uleb128 0x3
 219 005e 04       		.byte	0x4
 220 005f 05       		.byte	0x5
 221 0060 696E7400 		.ascii	"int\000"
 222 0064 02       		.uleb128 0x2
 223 0065 04       		.byte	0x4
 224 0066 07       		.byte	0x7
 225 0067 26000000 		.4byte	.LASF8
 226 006b 04       		.uleb128 0x4
ARM GAS  C:\Users\ADMINI~1\AppData\Local\Temp\cczhl0Pc.s 			page 7


 227 006c 58000000 		.4byte	.LASF9
 228 0070 02       		.byte	0x2
 229 0071 C2       		.byte	0xc2
 230 0072 2C000000 		.4byte	0x2c
 231 0076 04       		.uleb128 0x4
 232 0077 0E000000 		.4byte	.LASF10
 233 007b 02       		.byte	0x2
 234 007c C4       		.byte	0xc4
 235 007d 48000000 		.4byte	0x48
 236 0081 02       		.uleb128 0x2
 237 0082 04       		.byte	0x4
 238 0083 04       		.byte	0x4
 239 0084 87000000 		.4byte	.LASF11
 240 0088 02       		.uleb128 0x2
 241 0089 08       		.byte	0x8
 242 008a 04       		.byte	0x4
 243 008b 3B010000 		.4byte	.LASF12
 244 008f 02       		.uleb128 0x2
 245 0090 01       		.byte	0x1
 246 0091 08       		.byte	0x8
 247 0092 1B010000 		.4byte	.LASF13
 248 0096 05       		.uleb128 0x5
 249 0097 29010000 		.4byte	.LASF14
 250 009b 02       		.byte	0x2
 251 009c 6E01     		.2byte	0x16e
 252 009e A2000000 		.4byte	0xa2
 253 00a2 06       		.uleb128 0x6
 254 00a3 76000000 		.4byte	0x76
 255 00a7 02       		.uleb128 0x2
 256 00a8 08       		.byte	0x8
 257 00a9 04       		.byte	0x4
 258 00aa 8A010000 		.4byte	.LASF15
 259 00ae 02       		.uleb128 0x2
 260 00af 04       		.byte	0x4
 261 00b0 07       		.byte	0x7
 262 00b1 46020000 		.4byte	.LASF16
 263 00b5 07       		.uleb128 0x7
 264 00b6 01       		.byte	0x1
 265 00b7 03       		.byte	0x3
 266 00b8 21       		.byte	0x21
 267 00b9 CA000000 		.4byte	0xca
 268 00bd 08       		.uleb128 0x8
 269 00be 2F010000 		.4byte	.LASF25
 270 00c2 03       		.byte	0x3
 271 00c3 23       		.byte	0x23
 272 00c4 6B000000 		.4byte	0x6b
 273 00c8 00       		.byte	0
 274 00c9 00       		.byte	0
 275 00ca 04       		.uleb128 0x4
 276 00cb 72010000 		.4byte	.LASF17
 277 00cf 03       		.byte	0x3
 278 00d0 24       		.byte	0x24
 279 00d1 B5000000 		.4byte	0xb5
 280 00d5 09       		.uleb128 0x9
 281 00d6 43000000 		.4byte	.LASF18
 282 00da 01       		.byte	0x1
 283 00db 26       		.byte	0x26
ARM GAS  C:\Users\ADMINI~1\AppData\Local\Temp\cczhl0Pc.s 			page 8


 284 00dc 00000000 		.4byte	.LFB1
 285 00e0 0A000000 		.4byte	.LFE1-.LFB1
 286 00e4 01       		.uleb128 0x1
 287 00e5 9C       		.byte	0x9c
 288 00e6 0A       		.uleb128 0xa
 289 00e7 33000000 		.4byte	.LASF19
 290 00eb 01       		.byte	0x1
 291 00ec 3A       		.byte	0x3a
 292 00ed 00000000 		.4byte	.LFB2
 293 00f1 34000000 		.4byte	.LFE2-.LFB2
 294 00f5 01       		.uleb128 0x1
 295 00f6 9C       		.byte	0x9c
 296 00f7 09       		.uleb128 0x9
 297 00f8 2E020000 		.4byte	.LASF20
 298 00fc 01       		.byte	0x1
 299 00fd 58       		.byte	0x58
 300 00fe 00000000 		.4byte	.LFB3
 301 0102 0A000000 		.4byte	.LFE3-.LFB3
 302 0106 01       		.uleb128 0x1
 303 0107 9C       		.byte	0x9c
 304 0108 0A       		.uleb128 0xa
 305 0109 15000000 		.4byte	.LASF21
 306 010d 01       		.byte	0x1
 307 010e 6C       		.byte	0x6c
 308 010f 00000000 		.4byte	.LFB4
 309 0113 20000000 		.4byte	.LFE4-.LFB4
 310 0117 01       		.uleb128 0x1
 311 0118 9C       		.byte	0x9c
 312 0119 0B       		.uleb128 0xb
 313 011a 42010000 		.4byte	.LASF26
 314 011e 01       		.byte	0x1
 315 011f 15       		.byte	0x15
 316 0120 CA000000 		.4byte	0xca
 317 0124 05       		.uleb128 0x5
 318 0125 03       		.byte	0x3
 319 0126 00000000 		.4byte	PWM_Green_backup
 320 012a 00       		.byte	0
 321              		.section	.debug_abbrev,"",%progbits
 322              	.Ldebug_abbrev0:
 323 0000 01       		.uleb128 0x1
 324 0001 11       		.uleb128 0x11
 325 0002 01       		.byte	0x1
 326 0003 25       		.uleb128 0x25
 327 0004 0E       		.uleb128 0xe
 328 0005 13       		.uleb128 0x13
 329 0006 0B       		.uleb128 0xb
 330 0007 03       		.uleb128 0x3
 331 0008 0E       		.uleb128 0xe
 332 0009 1B       		.uleb128 0x1b
 333 000a 0E       		.uleb128 0xe
 334 000b 55       		.uleb128 0x55
 335 000c 17       		.uleb128 0x17
 336 000d 11       		.uleb128 0x11
 337 000e 01       		.uleb128 0x1
 338 000f 10       		.uleb128 0x10
 339 0010 17       		.uleb128 0x17
 340 0011 00       		.byte	0
ARM GAS  C:\Users\ADMINI~1\AppData\Local\Temp\cczhl0Pc.s 			page 9


 341 0012 00       		.byte	0
 342 0013 02       		.uleb128 0x2
 343 0014 24       		.uleb128 0x24
 344 0015 00       		.byte	0
 345 0016 0B       		.uleb128 0xb
 346 0017 0B       		.uleb128 0xb
 347 0018 3E       		.uleb128 0x3e
 348 0019 0B       		.uleb128 0xb
 349 001a 03       		.uleb128 0x3
 350 001b 0E       		.uleb128 0xe
 351 001c 00       		.byte	0
 352 001d 00       		.byte	0
 353 001e 03       		.uleb128 0x3
 354 001f 24       		.uleb128 0x24
 355 0020 00       		.byte	0
 356 0021 0B       		.uleb128 0xb
 357 0022 0B       		.uleb128 0xb
 358 0023 3E       		.uleb128 0x3e
 359 0024 0B       		.uleb128 0xb
 360 0025 03       		.uleb128 0x3
 361 0026 08       		.uleb128 0x8
 362 0027 00       		.byte	0
 363 0028 00       		.byte	0
 364 0029 04       		.uleb128 0x4
 365 002a 16       		.uleb128 0x16
 366 002b 00       		.byte	0
 367 002c 03       		.uleb128 0x3
 368 002d 0E       		.uleb128 0xe
 369 002e 3A       		.uleb128 0x3a
 370 002f 0B       		.uleb128 0xb
 371 0030 3B       		.uleb128 0x3b
 372 0031 0B       		.uleb128 0xb
 373 0032 49       		.uleb128 0x49
 374 0033 13       		.uleb128 0x13
 375 0034 00       		.byte	0
 376 0035 00       		.byte	0
 377 0036 05       		.uleb128 0x5
 378 0037 16       		.uleb128 0x16
 379 0038 00       		.byte	0
 380 0039 03       		.uleb128 0x3
 381 003a 0E       		.uleb128 0xe
 382 003b 3A       		.uleb128 0x3a
 383 003c 0B       		.uleb128 0xb
 384 003d 3B       		.uleb128 0x3b
 385 003e 05       		.uleb128 0x5
 386 003f 49       		.uleb128 0x49
 387 0040 13       		.uleb128 0x13
 388 0041 00       		.byte	0
 389 0042 00       		.byte	0
 390 0043 06       		.uleb128 0x6
 391 0044 35       		.uleb128 0x35
 392 0045 00       		.byte	0
 393 0046 49       		.uleb128 0x49
 394 0047 13       		.uleb128 0x13
 395 0048 00       		.byte	0
 396 0049 00       		.byte	0
 397 004a 07       		.uleb128 0x7
ARM GAS  C:\Users\ADMINI~1\AppData\Local\Temp\cczhl0Pc.s 			page 10


 398 004b 13       		.uleb128 0x13
 399 004c 01       		.byte	0x1
 400 004d 0B       		.uleb128 0xb
 401 004e 0B       		.uleb128 0xb
 402 004f 3A       		.uleb128 0x3a
 403 0050 0B       		.uleb128 0xb
 404 0051 3B       		.uleb128 0x3b
 405 0052 0B       		.uleb128 0xb
 406 0053 01       		.uleb128 0x1
 407 0054 13       		.uleb128 0x13
 408 0055 00       		.byte	0
 409 0056 00       		.byte	0
 410 0057 08       		.uleb128 0x8
 411 0058 0D       		.uleb128 0xd
 412 0059 00       		.byte	0
 413 005a 03       		.uleb128 0x3
 414 005b 0E       		.uleb128 0xe
 415 005c 3A       		.uleb128 0x3a
 416 005d 0B       		.uleb128 0xb
 417 005e 3B       		.uleb128 0x3b
 418 005f 0B       		.uleb128 0xb
 419 0060 49       		.uleb128 0x49
 420 0061 13       		.uleb128 0x13
 421 0062 38       		.uleb128 0x38
 422 0063 0B       		.uleb128 0xb
 423 0064 00       		.byte	0
 424 0065 00       		.byte	0
 425 0066 09       		.uleb128 0x9
 426 0067 2E       		.uleb128 0x2e
 427 0068 00       		.byte	0
 428 0069 3F       		.uleb128 0x3f
 429 006a 19       		.uleb128 0x19
 430 006b 03       		.uleb128 0x3
 431 006c 0E       		.uleb128 0xe
 432 006d 3A       		.uleb128 0x3a
 433 006e 0B       		.uleb128 0xb
 434 006f 3B       		.uleb128 0x3b
 435 0070 0B       		.uleb128 0xb
 436 0071 27       		.uleb128 0x27
 437 0072 19       		.uleb128 0x19
 438 0073 11       		.uleb128 0x11
 439 0074 01       		.uleb128 0x1
 440 0075 12       		.uleb128 0x12
 441 0076 06       		.uleb128 0x6
 442 0077 40       		.uleb128 0x40
 443 0078 18       		.uleb128 0x18
 444 0079 9742     		.uleb128 0x2117
 445 007b 19       		.uleb128 0x19
 446 007c 00       		.byte	0
 447 007d 00       		.byte	0
 448 007e 0A       		.uleb128 0xa
 449 007f 2E       		.uleb128 0x2e
 450 0080 00       		.byte	0
 451 0081 3F       		.uleb128 0x3f
 452 0082 19       		.uleb128 0x19
 453 0083 03       		.uleb128 0x3
 454 0084 0E       		.uleb128 0xe
ARM GAS  C:\Users\ADMINI~1\AppData\Local\Temp\cczhl0Pc.s 			page 11


 455 0085 3A       		.uleb128 0x3a
 456 0086 0B       		.uleb128 0xb
 457 0087 3B       		.uleb128 0x3b
 458 0088 0B       		.uleb128 0xb
 459 0089 27       		.uleb128 0x27
 460 008a 19       		.uleb128 0x19
 461 008b 11       		.uleb128 0x11
 462 008c 01       		.uleb128 0x1
 463 008d 12       		.uleb128 0x12
 464 008e 06       		.uleb128 0x6
 465 008f 40       		.uleb128 0x40
 466 0090 18       		.uleb128 0x18
 467 0091 9642     		.uleb128 0x2116
 468 0093 19       		.uleb128 0x19
 469 0094 00       		.byte	0
 470 0095 00       		.byte	0
 471 0096 0B       		.uleb128 0xb
 472 0097 34       		.uleb128 0x34
 473 0098 00       		.byte	0
 474 0099 03       		.uleb128 0x3
 475 009a 0E       		.uleb128 0xe
 476 009b 3A       		.uleb128 0x3a
 477 009c 0B       		.uleb128 0xb
 478 009d 3B       		.uleb128 0x3b
 479 009e 0B       		.uleb128 0xb
 480 009f 49       		.uleb128 0x49
 481 00a0 13       		.uleb128 0x13
 482 00a1 02       		.uleb128 0x2
 483 00a2 18       		.uleb128 0x18
 484 00a3 00       		.byte	0
 485 00a4 00       		.byte	0
 486 00a5 00       		.byte	0
 487              		.section	.debug_aranges,"",%progbits
 488 0000 34000000 		.4byte	0x34
 489 0004 0200     		.2byte	0x2
 490 0006 00000000 		.4byte	.Ldebug_info0
 491 000a 04       		.byte	0x4
 492 000b 00       		.byte	0
 493 000c 0000     		.2byte	0
 494 000e 0000     		.2byte	0
 495 0010 00000000 		.4byte	.LFB1
 496 0014 0A000000 		.4byte	.LFE1-.LFB1
 497 0018 00000000 		.4byte	.LFB2
 498 001c 34000000 		.4byte	.LFE2-.LFB2
 499 0020 00000000 		.4byte	.LFB3
 500 0024 0A000000 		.4byte	.LFE3-.LFB3
 501 0028 00000000 		.4byte	.LFB4
 502 002c 20000000 		.4byte	.LFE4-.LFB4
 503 0030 00000000 		.4byte	0
 504 0034 00000000 		.4byte	0
 505              		.section	.debug_ranges,"",%progbits
 506              	.Ldebug_ranges0:
 507 0000 00000000 		.4byte	.LFB1
 508 0004 0A000000 		.4byte	.LFE1
 509 0008 00000000 		.4byte	.LFB2
 510 000c 34000000 		.4byte	.LFE2
 511 0010 00000000 		.4byte	.LFB3
ARM GAS  C:\Users\ADMINI~1\AppData\Local\Temp\cczhl0Pc.s 			page 12


 512 0014 0A000000 		.4byte	.LFE3
 513 0018 00000000 		.4byte	.LFB4
 514 001c 20000000 		.4byte	.LFE4
 515 0020 00000000 		.4byte	0
 516 0024 00000000 		.4byte	0
 517              		.section	.debug_line,"",%progbits
 518              	.Ldebug_line0:
 519 0000 A8000000 		.section	.debug_str,"MS",%progbits,1
 519      02005800 
 519      00000201 
 519      FB0E0D00 
 519      01010101 
 520              	.LASF6:
 521 0000 6C6F6E67 		.ascii	"long long int\000"
 521      206C6F6E 
 521      6720696E 
 521      7400
 522              	.LASF10:
 523 000e 75696E74 		.ascii	"uint32\000"
 523      333200
 524              	.LASF21:
 525 0015 50574D5F 		.ascii	"PWM_Green_Wakeup\000"
 525      47726565 
 525      6E5F5761 
 525      6B657570 
 525      00
 526              	.LASF8:
 527 0026 756E7369 		.ascii	"unsigned int\000"
 527      676E6564 
 527      20696E74 
 527      00
 528              	.LASF19:
 529 0033 50574D5F 		.ascii	"PWM_Green_Sleep\000"
 529      47726565 
 529      6E5F536C 
 529      65657000 
 530              	.LASF18:
 531 0043 50574D5F 		.ascii	"PWM_Green_SaveConfig\000"
 531      47726565 
 531      6E5F5361 
 531      7665436F 
 531      6E666967 
 532              	.LASF9:
 533 0058 75696E74 		.ascii	"uint8\000"
 533      3800
 534              	.LASF5:
 535 005e 6C6F6E67 		.ascii	"long unsigned int\000"
 535      20756E73 
 535      69676E65 
 535      6420696E 
 535      7400
 536              	.LASF7:
 537 0070 6C6F6E67 		.ascii	"long long unsigned int\000"
 537      206C6F6E 
 537      6720756E 
 537      7369676E 
 537      65642069 
ARM GAS  C:\Users\ADMINI~1\AppData\Local\Temp\cczhl0Pc.s 			page 13


 538              	.LASF11:
 539 0087 666C6F61 		.ascii	"float\000"
 539      7400
 540              	.LASF23:
 541 008d 47656E65 		.ascii	"Generated_Source\\PSoC4\\PWM_Green_PM.c\000"
 541      72617465 
 541      645F536F 
 541      75726365 
 541      5C50536F 
 542              	.LASF1:
 543 00b3 756E7369 		.ascii	"unsigned char\000"
 543      676E6564 
 543      20636861 
 543      7200
 544              	.LASF24:
 545 00c1 443A5C43 		.ascii	"D:\\CYTEST\\Micrium_CY8CKIT-044_OS2\\Micrium\\Examp"
 545      59544553 
 545      545C4D69 
 545      63726975 
 545      6D5F4359 
 546 00f0 6C65735C 		.ascii	"les\\Cypress\\CY8CKIT-044\\OS2\\PSoC\\OS2.cydsn\000"
 546      43797072 
 546      6573735C 
 546      43593843 
 546      4B49542D 
 547              	.LASF13:
 548 011b 63686172 		.ascii	"char\000"
 548      00
 549              	.LASF4:
 550 0120 6C6F6E67 		.ascii	"long int\000"
 550      20696E74 
 550      00
 551              	.LASF14:
 552 0129 72656733 		.ascii	"reg32\000"
 552      3200
 553              	.LASF25:
 554 012f 656E6162 		.ascii	"enableState\000"
 554      6C655374 
 554      61746500 
 555              	.LASF12:
 556 013b 646F7562 		.ascii	"double\000"
 556      6C6500
 557              	.LASF26:
 558 0142 50574D5F 		.ascii	"PWM_Green_backup\000"
 558      47726565 
 558      6E5F6261 
 558      636B7570 
 558      00
 559              	.LASF3:
 560 0153 73686F72 		.ascii	"short unsigned int\000"
 560      7420756E 
 560      7369676E 
 560      65642069 
 560      6E7400
 561              	.LASF0:
 562 0166 7369676E 		.ascii	"signed char\000"
 562      65642063 
ARM GAS  C:\Users\ADMINI~1\AppData\Local\Temp\cczhl0Pc.s 			page 14


 562      68617200 
 563              	.LASF17:
 564 0172 50574D5F 		.ascii	"PWM_Green_BACKUP_STRUCT\000"
 564      47726565 
 564      6E5F4241 
 564      434B5550 
 564      5F535452 
 565              	.LASF15:
 566 018a 6C6F6E67 		.ascii	"long double\000"
 566      20646F75 
 566      626C6500 
 567              	.LASF2:
 568 0196 73686F72 		.ascii	"short int\000"
 568      7420696E 
 568      7400
 569              	.LASF22:
 570 01a0 474E5520 		.ascii	"GNU C11 5.4.1 20160609 (release) [ARM/embedded-5-br"
 570      43313120 
 570      352E342E 
 570      31203230 
 570      31363036 
 571 01d3 616E6368 		.ascii	"anch revision 237715] -mcpu=cortex-m0 -mthumb -g -O"
 571      20726576 
 571      6973696F 
 571      6E203233 
 571      37373135 
 572 0206 30202D66 		.ascii	"0 -ffunction-sections -ffat-lto-objects\000"
 572      66756E63 
 572      74696F6E 
 572      2D736563 
 572      74696F6E 
 573              	.LASF20:
 574 022e 50574D5F 		.ascii	"PWM_Green_RestoreConfig\000"
 574      47726565 
 574      6E5F5265 
 574      73746F72 
 574      65436F6E 
 575              	.LASF16:
 576 0246 73697A65 		.ascii	"sizetype\000"
 576      74797065 
 576      00
 577              		.ident	"GCC: (GNU Tools for ARM Embedded Processors) 5.4.1 20160609 (release) [ARM/embedded-5-bran
