ARM GAS  C:\Users\ADMINI~1\AppData\Local\Temp\ccZPEHUT.s 			page 1


   1              		.syntax unified
   2              		.cpu cortex-m0
   3              		.fpu softvfp
   4              		.eabi_attribute 20, 1
   5              		.eabi_attribute 21, 1
   6              		.eabi_attribute 23, 3
   7              		.eabi_attribute 24, 1
   8              		.eabi_attribute 25, 1
   9              		.eabi_attribute 26, 1
  10              		.eabi_attribute 30, 6
  11              		.eabi_attribute 34, 0
  12              		.eabi_attribute 18, 4
  13              		.thumb
  14              		.syntax unified
  15              		.file	"Temp_Sensor_EOC_ISR.c"
  16              		.text
  17              	.Ltext0:
  18              		.cfi_sections	.debug_frame
  19              		.section	.text.Temp_Sensor_EOC_ISR_Start,"ax",%progbits
  20              		.align	2
  21              		.global	Temp_Sensor_EOC_ISR_Start
  22              		.code	16
  23              		.thumb_func
  24              		.type	Temp_Sensor_EOC_ISR_Start, %function
  25              	Temp_Sensor_EOC_ISR_Start:
  26              	.LFB1:
  27              		.file 1 "Generated_Source\\PSoC4\\Temp_Sensor_EOC_ISR.c"
   1:Generated_Source\PSoC4/Temp_Sensor_EOC_ISR.c **** /*******************************************************************************
   2:Generated_Source\PSoC4/Temp_Sensor_EOC_ISR.c **** * File Name: Temp_Sensor_EOC_ISR.c  
   3:Generated_Source\PSoC4/Temp_Sensor_EOC_ISR.c **** * Version 1.70
   4:Generated_Source\PSoC4/Temp_Sensor_EOC_ISR.c **** *
   5:Generated_Source\PSoC4/Temp_Sensor_EOC_ISR.c **** *  Description:
   6:Generated_Source\PSoC4/Temp_Sensor_EOC_ISR.c **** *   API for controlling the state of an interrupt.
   7:Generated_Source\PSoC4/Temp_Sensor_EOC_ISR.c **** *
   8:Generated_Source\PSoC4/Temp_Sensor_EOC_ISR.c **** *
   9:Generated_Source\PSoC4/Temp_Sensor_EOC_ISR.c **** *  Note:
  10:Generated_Source\PSoC4/Temp_Sensor_EOC_ISR.c **** *
  11:Generated_Source\PSoC4/Temp_Sensor_EOC_ISR.c **** ********************************************************************************
  12:Generated_Source\PSoC4/Temp_Sensor_EOC_ISR.c **** * Copyright 2008-2015, Cypress Semiconductor Corporation.  All rights reserved.
  13:Generated_Source\PSoC4/Temp_Sensor_EOC_ISR.c **** * You may use this file only in accordance with the license, terms, conditions, 
  14:Generated_Source\PSoC4/Temp_Sensor_EOC_ISR.c **** * disclaimers, and limitations in the end user license agreement accompanying 
  15:Generated_Source\PSoC4/Temp_Sensor_EOC_ISR.c **** * the software package with which this file was provided.
  16:Generated_Source\PSoC4/Temp_Sensor_EOC_ISR.c **** *******************************************************************************/
  17:Generated_Source\PSoC4/Temp_Sensor_EOC_ISR.c **** 
  18:Generated_Source\PSoC4/Temp_Sensor_EOC_ISR.c **** 
  19:Generated_Source\PSoC4/Temp_Sensor_EOC_ISR.c **** #include <cydevice_trm.h>
  20:Generated_Source\PSoC4/Temp_Sensor_EOC_ISR.c **** #include <CyLib.h>
  21:Generated_Source\PSoC4/Temp_Sensor_EOC_ISR.c **** #include <Temp_Sensor_EOC_ISR.h>
  22:Generated_Source\PSoC4/Temp_Sensor_EOC_ISR.c **** 
  23:Generated_Source\PSoC4/Temp_Sensor_EOC_ISR.c **** 
  24:Generated_Source\PSoC4/Temp_Sensor_EOC_ISR.c **** #if !defined(Temp_Sensor_EOC_ISR__REMOVED) /* Check for removal by optimization */
  25:Generated_Source\PSoC4/Temp_Sensor_EOC_ISR.c **** 
  26:Generated_Source\PSoC4/Temp_Sensor_EOC_ISR.c **** /*******************************************************************************
  27:Generated_Source\PSoC4/Temp_Sensor_EOC_ISR.c **** *  Place your includes, defines and code here 
  28:Generated_Source\PSoC4/Temp_Sensor_EOC_ISR.c **** ********************************************************************************/
  29:Generated_Source\PSoC4/Temp_Sensor_EOC_ISR.c **** /* `#START Temp_Sensor_EOC_ISR_intc` */
  30:Generated_Source\PSoC4/Temp_Sensor_EOC_ISR.c **** 
ARM GAS  C:\Users\ADMINI~1\AppData\Local\Temp\ccZPEHUT.s 			page 2


  31:Generated_Source\PSoC4/Temp_Sensor_EOC_ISR.c **** /* `#END` */
  32:Generated_Source\PSoC4/Temp_Sensor_EOC_ISR.c **** 
  33:Generated_Source\PSoC4/Temp_Sensor_EOC_ISR.c **** extern cyisraddress CyRamVectors[CYINT_IRQ_BASE + CY_NUM_INTERRUPTS];
  34:Generated_Source\PSoC4/Temp_Sensor_EOC_ISR.c **** 
  35:Generated_Source\PSoC4/Temp_Sensor_EOC_ISR.c **** /* Declared in startup, used to set unused interrupts to. */
  36:Generated_Source\PSoC4/Temp_Sensor_EOC_ISR.c **** CY_ISR_PROTO(IntDefaultHandler);
  37:Generated_Source\PSoC4/Temp_Sensor_EOC_ISR.c **** 
  38:Generated_Source\PSoC4/Temp_Sensor_EOC_ISR.c **** 
  39:Generated_Source\PSoC4/Temp_Sensor_EOC_ISR.c **** /*******************************************************************************
  40:Generated_Source\PSoC4/Temp_Sensor_EOC_ISR.c **** * Function Name: Temp_Sensor_EOC_ISR_Start
  41:Generated_Source\PSoC4/Temp_Sensor_EOC_ISR.c **** ********************************************************************************
  42:Generated_Source\PSoC4/Temp_Sensor_EOC_ISR.c **** *
  43:Generated_Source\PSoC4/Temp_Sensor_EOC_ISR.c **** * Summary:
  44:Generated_Source\PSoC4/Temp_Sensor_EOC_ISR.c **** *  Set up the interrupt and enable it. This function disables the interrupt, 
  45:Generated_Source\PSoC4/Temp_Sensor_EOC_ISR.c **** *  sets the default interrupt vector, sets the priority from the value in the
  46:Generated_Source\PSoC4/Temp_Sensor_EOC_ISR.c **** *  Design Wide Resources Interrupt Editor, then enables the interrupt to the 
  47:Generated_Source\PSoC4/Temp_Sensor_EOC_ISR.c **** *  interrupt controller.
  48:Generated_Source\PSoC4/Temp_Sensor_EOC_ISR.c **** *
  49:Generated_Source\PSoC4/Temp_Sensor_EOC_ISR.c **** * Parameters:  
  50:Generated_Source\PSoC4/Temp_Sensor_EOC_ISR.c **** *   None
  51:Generated_Source\PSoC4/Temp_Sensor_EOC_ISR.c **** *
  52:Generated_Source\PSoC4/Temp_Sensor_EOC_ISR.c **** * Return:
  53:Generated_Source\PSoC4/Temp_Sensor_EOC_ISR.c **** *   None
  54:Generated_Source\PSoC4/Temp_Sensor_EOC_ISR.c **** *
  55:Generated_Source\PSoC4/Temp_Sensor_EOC_ISR.c **** *******************************************************************************/
  56:Generated_Source\PSoC4/Temp_Sensor_EOC_ISR.c **** void Temp_Sensor_EOC_ISR_Start(void)
  57:Generated_Source\PSoC4/Temp_Sensor_EOC_ISR.c **** {
  28              		.loc 1 57 0
  29              		.cfi_startproc
  30              		@ args = 0, pretend = 0, frame = 0
  31              		@ frame_needed = 1, uses_anonymous_args = 0
  32 0000 80B5     		push	{r7, lr}
  33              		.cfi_def_cfa_offset 8
  34              		.cfi_offset 7, -8
  35              		.cfi_offset 14, -4
  36 0002 00AF     		add	r7, sp, #0
  37              		.cfi_def_cfa_register 7
  58:Generated_Source\PSoC4/Temp_Sensor_EOC_ISR.c ****     /* For all we know the interrupt is active. */
  59:Generated_Source\PSoC4/Temp_Sensor_EOC_ISR.c ****     Temp_Sensor_EOC_ISR_Disable();
  38              		.loc 1 59 0
  39 0004 FFF7FEFF 		bl	Temp_Sensor_EOC_ISR_Disable
  60:Generated_Source\PSoC4/Temp_Sensor_EOC_ISR.c **** 
  61:Generated_Source\PSoC4/Temp_Sensor_EOC_ISR.c ****     /* Set the ISR to point to the Temp_Sensor_EOC_ISR Interrupt. */
  62:Generated_Source\PSoC4/Temp_Sensor_EOC_ISR.c ****     Temp_Sensor_EOC_ISR_SetVector(&Temp_Sensor_EOC_ISR_Interrupt);
  40              		.loc 1 62 0
  41 0008 054B     		ldr	r3, .L2
  42 000a 1800     		movs	r0, r3
  43 000c FFF7FEFF 		bl	Temp_Sensor_EOC_ISR_SetVector
  63:Generated_Source\PSoC4/Temp_Sensor_EOC_ISR.c **** 
  64:Generated_Source\PSoC4/Temp_Sensor_EOC_ISR.c ****     /* Set the priority. */
  65:Generated_Source\PSoC4/Temp_Sensor_EOC_ISR.c ****     Temp_Sensor_EOC_ISR_SetPriority((uint8)Temp_Sensor_EOC_ISR_INTC_PRIOR_NUMBER);
  44              		.loc 1 65 0
  45 0010 0320     		movs	r0, #3
  46 0012 FFF7FEFF 		bl	Temp_Sensor_EOC_ISR_SetPriority
  66:Generated_Source\PSoC4/Temp_Sensor_EOC_ISR.c **** 
  67:Generated_Source\PSoC4/Temp_Sensor_EOC_ISR.c ****     /* Enable it. */
  68:Generated_Source\PSoC4/Temp_Sensor_EOC_ISR.c ****     Temp_Sensor_EOC_ISR_Enable();
ARM GAS  C:\Users\ADMINI~1\AppData\Local\Temp\ccZPEHUT.s 			page 3


  47              		.loc 1 68 0
  48 0016 FFF7FEFF 		bl	Temp_Sensor_EOC_ISR_Enable
  69:Generated_Source\PSoC4/Temp_Sensor_EOC_ISR.c **** }
  49              		.loc 1 69 0
  50 001a C046     		nop
  51 001c BD46     		mov	sp, r7
  52              		@ sp needed
  53 001e 80BD     		pop	{r7, pc}
  54              	.L3:
  55              		.align	2
  56              	.L2:
  57 0020 00000000 		.word	Temp_Sensor_EOC_ISR_Interrupt
  58              		.cfi_endproc
  59              	.LFE1:
  60              		.size	Temp_Sensor_EOC_ISR_Start, .-Temp_Sensor_EOC_ISR_Start
  61              		.section	.text.Temp_Sensor_EOC_ISR_StartEx,"ax",%progbits
  62              		.align	2
  63              		.global	Temp_Sensor_EOC_ISR_StartEx
  64              		.code	16
  65              		.thumb_func
  66              		.type	Temp_Sensor_EOC_ISR_StartEx, %function
  67              	Temp_Sensor_EOC_ISR_StartEx:
  68              	.LFB2:
  70:Generated_Source\PSoC4/Temp_Sensor_EOC_ISR.c **** 
  71:Generated_Source\PSoC4/Temp_Sensor_EOC_ISR.c **** 
  72:Generated_Source\PSoC4/Temp_Sensor_EOC_ISR.c **** /*******************************************************************************
  73:Generated_Source\PSoC4/Temp_Sensor_EOC_ISR.c **** * Function Name: Temp_Sensor_EOC_ISR_StartEx
  74:Generated_Source\PSoC4/Temp_Sensor_EOC_ISR.c **** ********************************************************************************
  75:Generated_Source\PSoC4/Temp_Sensor_EOC_ISR.c **** *
  76:Generated_Source\PSoC4/Temp_Sensor_EOC_ISR.c **** * Summary:
  77:Generated_Source\PSoC4/Temp_Sensor_EOC_ISR.c **** *  Sets up the interrupt and enables it. This function disables the interrupt,
  78:Generated_Source\PSoC4/Temp_Sensor_EOC_ISR.c **** *  sets the interrupt vector based on the address passed in, sets the priority 
  79:Generated_Source\PSoC4/Temp_Sensor_EOC_ISR.c **** *  from the value in the Design Wide Resources Interrupt Editor, then enables 
  80:Generated_Source\PSoC4/Temp_Sensor_EOC_ISR.c **** *  the interrupt to the interrupt controller.
  81:Generated_Source\PSoC4/Temp_Sensor_EOC_ISR.c **** *  
  82:Generated_Source\PSoC4/Temp_Sensor_EOC_ISR.c **** *  When defining ISR functions, the CY_ISR and CY_ISR_PROTO macros should be 
  83:Generated_Source\PSoC4/Temp_Sensor_EOC_ISR.c **** *  used to provide consistent definition across compilers:
  84:Generated_Source\PSoC4/Temp_Sensor_EOC_ISR.c **** *  
  85:Generated_Source\PSoC4/Temp_Sensor_EOC_ISR.c **** *  Function definition example:
  86:Generated_Source\PSoC4/Temp_Sensor_EOC_ISR.c **** *   CY_ISR(MyISR)
  87:Generated_Source\PSoC4/Temp_Sensor_EOC_ISR.c **** *   {
  88:Generated_Source\PSoC4/Temp_Sensor_EOC_ISR.c **** *   }
  89:Generated_Source\PSoC4/Temp_Sensor_EOC_ISR.c **** *   Function prototype example:
  90:Generated_Source\PSoC4/Temp_Sensor_EOC_ISR.c **** *   CY_ISR_PROTO(MyISR);
  91:Generated_Source\PSoC4/Temp_Sensor_EOC_ISR.c **** *
  92:Generated_Source\PSoC4/Temp_Sensor_EOC_ISR.c **** * Parameters:  
  93:Generated_Source\PSoC4/Temp_Sensor_EOC_ISR.c **** *   address: Address of the ISR to set in the interrupt vector table.
  94:Generated_Source\PSoC4/Temp_Sensor_EOC_ISR.c **** *
  95:Generated_Source\PSoC4/Temp_Sensor_EOC_ISR.c **** * Return:
  96:Generated_Source\PSoC4/Temp_Sensor_EOC_ISR.c **** *   None
  97:Generated_Source\PSoC4/Temp_Sensor_EOC_ISR.c **** *
  98:Generated_Source\PSoC4/Temp_Sensor_EOC_ISR.c **** *******************************************************************************/
  99:Generated_Source\PSoC4/Temp_Sensor_EOC_ISR.c **** void Temp_Sensor_EOC_ISR_StartEx(cyisraddress address)
 100:Generated_Source\PSoC4/Temp_Sensor_EOC_ISR.c **** {
  69              		.loc 1 100 0
  70              		.cfi_startproc
  71              		@ args = 0, pretend = 0, frame = 8
ARM GAS  C:\Users\ADMINI~1\AppData\Local\Temp\ccZPEHUT.s 			page 4


  72              		@ frame_needed = 1, uses_anonymous_args = 0
  73 0000 80B5     		push	{r7, lr}
  74              		.cfi_def_cfa_offset 8
  75              		.cfi_offset 7, -8
  76              		.cfi_offset 14, -4
  77 0002 82B0     		sub	sp, sp, #8
  78              		.cfi_def_cfa_offset 16
  79 0004 00AF     		add	r7, sp, #0
  80              		.cfi_def_cfa_register 7
  81 0006 7860     		str	r0, [r7, #4]
 101:Generated_Source\PSoC4/Temp_Sensor_EOC_ISR.c ****     /* For all we know the interrupt is active. */
 102:Generated_Source\PSoC4/Temp_Sensor_EOC_ISR.c ****     Temp_Sensor_EOC_ISR_Disable();
  82              		.loc 1 102 0
  83 0008 FFF7FEFF 		bl	Temp_Sensor_EOC_ISR_Disable
 103:Generated_Source\PSoC4/Temp_Sensor_EOC_ISR.c **** 
 104:Generated_Source\PSoC4/Temp_Sensor_EOC_ISR.c ****     /* Set the ISR to point to the Temp_Sensor_EOC_ISR Interrupt. */
 105:Generated_Source\PSoC4/Temp_Sensor_EOC_ISR.c ****     Temp_Sensor_EOC_ISR_SetVector(address);
  84              		.loc 1 105 0
  85 000c 7B68     		ldr	r3, [r7, #4]
  86 000e 1800     		movs	r0, r3
  87 0010 FFF7FEFF 		bl	Temp_Sensor_EOC_ISR_SetVector
 106:Generated_Source\PSoC4/Temp_Sensor_EOC_ISR.c **** 
 107:Generated_Source\PSoC4/Temp_Sensor_EOC_ISR.c ****     /* Set the priority. */
 108:Generated_Source\PSoC4/Temp_Sensor_EOC_ISR.c ****     Temp_Sensor_EOC_ISR_SetPriority((uint8)Temp_Sensor_EOC_ISR_INTC_PRIOR_NUMBER);
  88              		.loc 1 108 0
  89 0014 0320     		movs	r0, #3
  90 0016 FFF7FEFF 		bl	Temp_Sensor_EOC_ISR_SetPriority
 109:Generated_Source\PSoC4/Temp_Sensor_EOC_ISR.c **** 
 110:Generated_Source\PSoC4/Temp_Sensor_EOC_ISR.c ****     /* Enable it. */
 111:Generated_Source\PSoC4/Temp_Sensor_EOC_ISR.c ****     Temp_Sensor_EOC_ISR_Enable();
  91              		.loc 1 111 0
  92 001a FFF7FEFF 		bl	Temp_Sensor_EOC_ISR_Enable
 112:Generated_Source\PSoC4/Temp_Sensor_EOC_ISR.c **** }
  93              		.loc 1 112 0
  94 001e C046     		nop
  95 0020 BD46     		mov	sp, r7
  96 0022 02B0     		add	sp, sp, #8
  97              		@ sp needed
  98 0024 80BD     		pop	{r7, pc}
  99              		.cfi_endproc
 100              	.LFE2:
 101              		.size	Temp_Sensor_EOC_ISR_StartEx, .-Temp_Sensor_EOC_ISR_StartEx
 102 0026 C046     		.section	.text.Temp_Sensor_EOC_ISR_Stop,"ax",%progbits
 103              		.align	2
 104              		.global	Temp_Sensor_EOC_ISR_Stop
 105              		.code	16
 106              		.thumb_func
 107              		.type	Temp_Sensor_EOC_ISR_Stop, %function
 108              	Temp_Sensor_EOC_ISR_Stop:
 109              	.LFB3:
 113:Generated_Source\PSoC4/Temp_Sensor_EOC_ISR.c **** 
 114:Generated_Source\PSoC4/Temp_Sensor_EOC_ISR.c **** 
 115:Generated_Source\PSoC4/Temp_Sensor_EOC_ISR.c **** /*******************************************************************************
 116:Generated_Source\PSoC4/Temp_Sensor_EOC_ISR.c **** * Function Name: Temp_Sensor_EOC_ISR_Stop
 117:Generated_Source\PSoC4/Temp_Sensor_EOC_ISR.c **** ********************************************************************************
 118:Generated_Source\PSoC4/Temp_Sensor_EOC_ISR.c **** *
 119:Generated_Source\PSoC4/Temp_Sensor_EOC_ISR.c **** * Summary:
ARM GAS  C:\Users\ADMINI~1\AppData\Local\Temp\ccZPEHUT.s 			page 5


 120:Generated_Source\PSoC4/Temp_Sensor_EOC_ISR.c **** *   Disables and removes the interrupt.
 121:Generated_Source\PSoC4/Temp_Sensor_EOC_ISR.c **** *
 122:Generated_Source\PSoC4/Temp_Sensor_EOC_ISR.c **** * Parameters:  
 123:Generated_Source\PSoC4/Temp_Sensor_EOC_ISR.c **** *   None
 124:Generated_Source\PSoC4/Temp_Sensor_EOC_ISR.c **** *
 125:Generated_Source\PSoC4/Temp_Sensor_EOC_ISR.c **** * Return:
 126:Generated_Source\PSoC4/Temp_Sensor_EOC_ISR.c **** *   None
 127:Generated_Source\PSoC4/Temp_Sensor_EOC_ISR.c **** *
 128:Generated_Source\PSoC4/Temp_Sensor_EOC_ISR.c **** *******************************************************************************/
 129:Generated_Source\PSoC4/Temp_Sensor_EOC_ISR.c **** void Temp_Sensor_EOC_ISR_Stop(void)
 130:Generated_Source\PSoC4/Temp_Sensor_EOC_ISR.c **** {
 110              		.loc 1 130 0
 111              		.cfi_startproc
 112              		@ args = 0, pretend = 0, frame = 0
 113              		@ frame_needed = 1, uses_anonymous_args = 0
 114 0000 80B5     		push	{r7, lr}
 115              		.cfi_def_cfa_offset 8
 116              		.cfi_offset 7, -8
 117              		.cfi_offset 14, -4
 118 0002 00AF     		add	r7, sp, #0
 119              		.cfi_def_cfa_register 7
 131:Generated_Source\PSoC4/Temp_Sensor_EOC_ISR.c ****     /* Disable this interrupt. */
 132:Generated_Source\PSoC4/Temp_Sensor_EOC_ISR.c ****     Temp_Sensor_EOC_ISR_Disable();
 120              		.loc 1 132 0
 121 0004 FFF7FEFF 		bl	Temp_Sensor_EOC_ISR_Disable
 133:Generated_Source\PSoC4/Temp_Sensor_EOC_ISR.c **** 
 134:Generated_Source\PSoC4/Temp_Sensor_EOC_ISR.c ****     /* Set the ISR to point to the passive one. */
 135:Generated_Source\PSoC4/Temp_Sensor_EOC_ISR.c ****     Temp_Sensor_EOC_ISR_SetVector(&IntDefaultHandler);
 122              		.loc 1 135 0
 123 0008 034B     		ldr	r3, .L6
 124 000a 1800     		movs	r0, r3
 125 000c FFF7FEFF 		bl	Temp_Sensor_EOC_ISR_SetVector
 136:Generated_Source\PSoC4/Temp_Sensor_EOC_ISR.c **** }
 126              		.loc 1 136 0
 127 0010 C046     		nop
 128 0012 BD46     		mov	sp, r7
 129              		@ sp needed
 130 0014 80BD     		pop	{r7, pc}
 131              	.L7:
 132 0016 C046     		.align	2
 133              	.L6:
 134 0018 00000000 		.word	IntDefaultHandler
 135              		.cfi_endproc
 136              	.LFE3:
 137              		.size	Temp_Sensor_EOC_ISR_Stop, .-Temp_Sensor_EOC_ISR_Stop
 138              		.section	.text.Temp_Sensor_EOC_ISR_Interrupt,"ax",%progbits
 139              		.align	2
 140              		.global	Temp_Sensor_EOC_ISR_Interrupt
 141              		.code	16
 142              		.thumb_func
 143              		.type	Temp_Sensor_EOC_ISR_Interrupt, %function
 144              	Temp_Sensor_EOC_ISR_Interrupt:
 145              	.LFB4:
 137:Generated_Source\PSoC4/Temp_Sensor_EOC_ISR.c **** 
 138:Generated_Source\PSoC4/Temp_Sensor_EOC_ISR.c **** 
 139:Generated_Source\PSoC4/Temp_Sensor_EOC_ISR.c **** /*******************************************************************************
 140:Generated_Source\PSoC4/Temp_Sensor_EOC_ISR.c **** * Function Name: Temp_Sensor_EOC_ISR_Interrupt
ARM GAS  C:\Users\ADMINI~1\AppData\Local\Temp\ccZPEHUT.s 			page 6


 141:Generated_Source\PSoC4/Temp_Sensor_EOC_ISR.c **** ********************************************************************************
 142:Generated_Source\PSoC4/Temp_Sensor_EOC_ISR.c **** *
 143:Generated_Source\PSoC4/Temp_Sensor_EOC_ISR.c **** * Summary:
 144:Generated_Source\PSoC4/Temp_Sensor_EOC_ISR.c **** *   The default Interrupt Service Routine for Temp_Sensor_EOC_ISR.
 145:Generated_Source\PSoC4/Temp_Sensor_EOC_ISR.c **** *
 146:Generated_Source\PSoC4/Temp_Sensor_EOC_ISR.c **** *   Add custom code between the START and END comments to keep the next version
 147:Generated_Source\PSoC4/Temp_Sensor_EOC_ISR.c **** *   of this file from over-writing your code.
 148:Generated_Source\PSoC4/Temp_Sensor_EOC_ISR.c **** *
 149:Generated_Source\PSoC4/Temp_Sensor_EOC_ISR.c **** *   Note You may use either the default ISR by using this API, or you may define
 150:Generated_Source\PSoC4/Temp_Sensor_EOC_ISR.c **** *   your own separate ISR through ISR_StartEx().
 151:Generated_Source\PSoC4/Temp_Sensor_EOC_ISR.c **** *
 152:Generated_Source\PSoC4/Temp_Sensor_EOC_ISR.c **** * Parameters:  
 153:Generated_Source\PSoC4/Temp_Sensor_EOC_ISR.c **** *   None
 154:Generated_Source\PSoC4/Temp_Sensor_EOC_ISR.c **** *
 155:Generated_Source\PSoC4/Temp_Sensor_EOC_ISR.c **** * Return:
 156:Generated_Source\PSoC4/Temp_Sensor_EOC_ISR.c **** *   None
 157:Generated_Source\PSoC4/Temp_Sensor_EOC_ISR.c **** *
 158:Generated_Source\PSoC4/Temp_Sensor_EOC_ISR.c **** *******************************************************************************/
 159:Generated_Source\PSoC4/Temp_Sensor_EOC_ISR.c **** CY_ISR(Temp_Sensor_EOC_ISR_Interrupt)
 160:Generated_Source\PSoC4/Temp_Sensor_EOC_ISR.c **** {
 146              		.loc 1 160 0
 147              		.cfi_startproc
 148              		@ args = 0, pretend = 0, frame = 0
 149              		@ frame_needed = 1, uses_anonymous_args = 0
 150 0000 80B5     		push	{r7, lr}
 151              		.cfi_def_cfa_offset 8
 152              		.cfi_offset 7, -8
 153              		.cfi_offset 14, -4
 154 0002 00AF     		add	r7, sp, #0
 155              		.cfi_def_cfa_register 7
 161:Generated_Source\PSoC4/Temp_Sensor_EOC_ISR.c ****     #ifdef Temp_Sensor_EOC_ISR_INTERRUPT_INTERRUPT_CALLBACK
 162:Generated_Source\PSoC4/Temp_Sensor_EOC_ISR.c ****         Temp_Sensor_EOC_ISR_Interrupt_InterruptCallback();
 163:Generated_Source\PSoC4/Temp_Sensor_EOC_ISR.c ****     #endif /* Temp_Sensor_EOC_ISR_INTERRUPT_INTERRUPT_CALLBACK */ 
 164:Generated_Source\PSoC4/Temp_Sensor_EOC_ISR.c **** 
 165:Generated_Source\PSoC4/Temp_Sensor_EOC_ISR.c ****     /*  Place your Interrupt code here. */
 166:Generated_Source\PSoC4/Temp_Sensor_EOC_ISR.c ****     /* `#START Temp_Sensor_EOC_ISR_Interrupt` */
 167:Generated_Source\PSoC4/Temp_Sensor_EOC_ISR.c **** 
 168:Generated_Source\PSoC4/Temp_Sensor_EOC_ISR.c ****     /* `#END` */
 169:Generated_Source\PSoC4/Temp_Sensor_EOC_ISR.c **** }
 156              		.loc 1 169 0
 157 0004 C046     		nop
 158 0006 BD46     		mov	sp, r7
 159              		@ sp needed
 160 0008 80BD     		pop	{r7, pc}
 161              		.cfi_endproc
 162              	.LFE4:
 163              		.size	Temp_Sensor_EOC_ISR_Interrupt, .-Temp_Sensor_EOC_ISR_Interrupt
 164              		.section	.text.Temp_Sensor_EOC_ISR_SetVector,"ax",%progbits
 165              		.align	2
 166              		.global	Temp_Sensor_EOC_ISR_SetVector
 167              		.code	16
 168              		.thumb_func
 169              		.type	Temp_Sensor_EOC_ISR_SetVector, %function
 170              	Temp_Sensor_EOC_ISR_SetVector:
 171              	.LFB5:
 170:Generated_Source\PSoC4/Temp_Sensor_EOC_ISR.c **** 
 171:Generated_Source\PSoC4/Temp_Sensor_EOC_ISR.c **** 
ARM GAS  C:\Users\ADMINI~1\AppData\Local\Temp\ccZPEHUT.s 			page 7


 172:Generated_Source\PSoC4/Temp_Sensor_EOC_ISR.c **** /*******************************************************************************
 173:Generated_Source\PSoC4/Temp_Sensor_EOC_ISR.c **** * Function Name: Temp_Sensor_EOC_ISR_SetVector
 174:Generated_Source\PSoC4/Temp_Sensor_EOC_ISR.c **** ********************************************************************************
 175:Generated_Source\PSoC4/Temp_Sensor_EOC_ISR.c **** *
 176:Generated_Source\PSoC4/Temp_Sensor_EOC_ISR.c **** * Summary:
 177:Generated_Source\PSoC4/Temp_Sensor_EOC_ISR.c **** *   Change the ISR vector for the Interrupt. Note calling Temp_Sensor_EOC_ISR_Start
 178:Generated_Source\PSoC4/Temp_Sensor_EOC_ISR.c **** *   will override any effect this method would have had. To set the vector 
 179:Generated_Source\PSoC4/Temp_Sensor_EOC_ISR.c **** *   before the component has been started use Temp_Sensor_EOC_ISR_StartEx instead.
 180:Generated_Source\PSoC4/Temp_Sensor_EOC_ISR.c **** * 
 181:Generated_Source\PSoC4/Temp_Sensor_EOC_ISR.c **** *   When defining ISR functions, the CY_ISR and CY_ISR_PROTO macros should be 
 182:Generated_Source\PSoC4/Temp_Sensor_EOC_ISR.c **** *   used to provide consistent definition across compilers:
 183:Generated_Source\PSoC4/Temp_Sensor_EOC_ISR.c **** *
 184:Generated_Source\PSoC4/Temp_Sensor_EOC_ISR.c **** *   Function definition example:
 185:Generated_Source\PSoC4/Temp_Sensor_EOC_ISR.c **** *   CY_ISR(MyISR)
 186:Generated_Source\PSoC4/Temp_Sensor_EOC_ISR.c **** *   {
 187:Generated_Source\PSoC4/Temp_Sensor_EOC_ISR.c **** *   }
 188:Generated_Source\PSoC4/Temp_Sensor_EOC_ISR.c **** *
 189:Generated_Source\PSoC4/Temp_Sensor_EOC_ISR.c **** *   Function prototype example:
 190:Generated_Source\PSoC4/Temp_Sensor_EOC_ISR.c **** *     CY_ISR_PROTO(MyISR);
 191:Generated_Source\PSoC4/Temp_Sensor_EOC_ISR.c **** *
 192:Generated_Source\PSoC4/Temp_Sensor_EOC_ISR.c **** * Parameters:
 193:Generated_Source\PSoC4/Temp_Sensor_EOC_ISR.c **** *   address: Address of the ISR to set in the interrupt vector table.
 194:Generated_Source\PSoC4/Temp_Sensor_EOC_ISR.c **** *
 195:Generated_Source\PSoC4/Temp_Sensor_EOC_ISR.c **** * Return:
 196:Generated_Source\PSoC4/Temp_Sensor_EOC_ISR.c **** *   None
 197:Generated_Source\PSoC4/Temp_Sensor_EOC_ISR.c **** *
 198:Generated_Source\PSoC4/Temp_Sensor_EOC_ISR.c **** *******************************************************************************/
 199:Generated_Source\PSoC4/Temp_Sensor_EOC_ISR.c **** void Temp_Sensor_EOC_ISR_SetVector(cyisraddress address)
 200:Generated_Source\PSoC4/Temp_Sensor_EOC_ISR.c **** {
 172              		.loc 1 200 0
 173              		.cfi_startproc
 174              		@ args = 0, pretend = 0, frame = 8
 175              		@ frame_needed = 1, uses_anonymous_args = 0
 176 0000 80B5     		push	{r7, lr}
 177              		.cfi_def_cfa_offset 8
 178              		.cfi_offset 7, -8
 179              		.cfi_offset 14, -4
 180 0002 82B0     		sub	sp, sp, #8
 181              		.cfi_def_cfa_offset 16
 182 0004 00AF     		add	r7, sp, #0
 183              		.cfi_def_cfa_register 7
 184 0006 7860     		str	r0, [r7, #4]
 201:Generated_Source\PSoC4/Temp_Sensor_EOC_ISR.c ****     CyRamVectors[CYINT_IRQ_BASE + Temp_Sensor_EOC_ISR__INTC_NUMBER] = address;
 185              		.loc 1 201 0
 186 0008 034B     		ldr	r3, .L10
 187 000a 7A68     		ldr	r2, [r7, #4]
 188 000c 1A64     		str	r2, [r3, #64]
 202:Generated_Source\PSoC4/Temp_Sensor_EOC_ISR.c **** }
 189              		.loc 1 202 0
 190 000e C046     		nop
 191 0010 BD46     		mov	sp, r7
 192 0012 02B0     		add	sp, sp, #8
 193              		@ sp needed
 194 0014 80BD     		pop	{r7, pc}
 195              	.L11:
 196 0016 C046     		.align	2
 197              	.L10:
ARM GAS  C:\Users\ADMINI~1\AppData\Local\Temp\ccZPEHUT.s 			page 8


 198 0018 00000000 		.word	CyRamVectors
 199              		.cfi_endproc
 200              	.LFE5:
 201              		.size	Temp_Sensor_EOC_ISR_SetVector, .-Temp_Sensor_EOC_ISR_SetVector
 202              		.section	.text.Temp_Sensor_EOC_ISR_GetVector,"ax",%progbits
 203              		.align	2
 204              		.global	Temp_Sensor_EOC_ISR_GetVector
 205              		.code	16
 206              		.thumb_func
 207              		.type	Temp_Sensor_EOC_ISR_GetVector, %function
 208              	Temp_Sensor_EOC_ISR_GetVector:
 209              	.LFB6:
 203:Generated_Source\PSoC4/Temp_Sensor_EOC_ISR.c **** 
 204:Generated_Source\PSoC4/Temp_Sensor_EOC_ISR.c **** 
 205:Generated_Source\PSoC4/Temp_Sensor_EOC_ISR.c **** /*******************************************************************************
 206:Generated_Source\PSoC4/Temp_Sensor_EOC_ISR.c **** * Function Name: Temp_Sensor_EOC_ISR_GetVector
 207:Generated_Source\PSoC4/Temp_Sensor_EOC_ISR.c **** ********************************************************************************
 208:Generated_Source\PSoC4/Temp_Sensor_EOC_ISR.c **** *
 209:Generated_Source\PSoC4/Temp_Sensor_EOC_ISR.c **** * Summary:
 210:Generated_Source\PSoC4/Temp_Sensor_EOC_ISR.c **** *   Gets the "address" of the current ISR vector for the Interrupt.
 211:Generated_Source\PSoC4/Temp_Sensor_EOC_ISR.c **** *
 212:Generated_Source\PSoC4/Temp_Sensor_EOC_ISR.c **** * Parameters:
 213:Generated_Source\PSoC4/Temp_Sensor_EOC_ISR.c **** *   None
 214:Generated_Source\PSoC4/Temp_Sensor_EOC_ISR.c **** *
 215:Generated_Source\PSoC4/Temp_Sensor_EOC_ISR.c **** * Return:
 216:Generated_Source\PSoC4/Temp_Sensor_EOC_ISR.c **** *   Address of the ISR in the interrupt vector table.
 217:Generated_Source\PSoC4/Temp_Sensor_EOC_ISR.c **** *
 218:Generated_Source\PSoC4/Temp_Sensor_EOC_ISR.c **** *******************************************************************************/
 219:Generated_Source\PSoC4/Temp_Sensor_EOC_ISR.c **** cyisraddress Temp_Sensor_EOC_ISR_GetVector(void)
 220:Generated_Source\PSoC4/Temp_Sensor_EOC_ISR.c **** {
 210              		.loc 1 220 0
 211              		.cfi_startproc
 212              		@ args = 0, pretend = 0, frame = 0
 213              		@ frame_needed = 1, uses_anonymous_args = 0
 214 0000 80B5     		push	{r7, lr}
 215              		.cfi_def_cfa_offset 8
 216              		.cfi_offset 7, -8
 217              		.cfi_offset 14, -4
 218 0002 00AF     		add	r7, sp, #0
 219              		.cfi_def_cfa_register 7
 221:Generated_Source\PSoC4/Temp_Sensor_EOC_ISR.c ****     return CyRamVectors[CYINT_IRQ_BASE + Temp_Sensor_EOC_ISR__INTC_NUMBER];
 220              		.loc 1 221 0
 221 0004 024B     		ldr	r3, .L14
 222 0006 1B6C     		ldr	r3, [r3, #64]
 222:Generated_Source\PSoC4/Temp_Sensor_EOC_ISR.c **** }
 223              		.loc 1 222 0
 224 0008 1800     		movs	r0, r3
 225 000a BD46     		mov	sp, r7
 226              		@ sp needed
 227 000c 80BD     		pop	{r7, pc}
 228              	.L15:
 229 000e C046     		.align	2
 230              	.L14:
 231 0010 00000000 		.word	CyRamVectors
 232              		.cfi_endproc
 233              	.LFE6:
 234              		.size	Temp_Sensor_EOC_ISR_GetVector, .-Temp_Sensor_EOC_ISR_GetVector
ARM GAS  C:\Users\ADMINI~1\AppData\Local\Temp\ccZPEHUT.s 			page 9


 235              		.section	.text.Temp_Sensor_EOC_ISR_SetPriority,"ax",%progbits
 236              		.align	2
 237              		.global	Temp_Sensor_EOC_ISR_SetPriority
 238              		.code	16
 239              		.thumb_func
 240              		.type	Temp_Sensor_EOC_ISR_SetPriority, %function
 241              	Temp_Sensor_EOC_ISR_SetPriority:
 242              	.LFB7:
 223:Generated_Source\PSoC4/Temp_Sensor_EOC_ISR.c **** 
 224:Generated_Source\PSoC4/Temp_Sensor_EOC_ISR.c **** 
 225:Generated_Source\PSoC4/Temp_Sensor_EOC_ISR.c **** /*******************************************************************************
 226:Generated_Source\PSoC4/Temp_Sensor_EOC_ISR.c **** * Function Name: Temp_Sensor_EOC_ISR_SetPriority
 227:Generated_Source\PSoC4/Temp_Sensor_EOC_ISR.c **** ********************************************************************************
 228:Generated_Source\PSoC4/Temp_Sensor_EOC_ISR.c **** *
 229:Generated_Source\PSoC4/Temp_Sensor_EOC_ISR.c **** * Summary:
 230:Generated_Source\PSoC4/Temp_Sensor_EOC_ISR.c **** *   Sets the Priority of the Interrupt. 
 231:Generated_Source\PSoC4/Temp_Sensor_EOC_ISR.c **** *
 232:Generated_Source\PSoC4/Temp_Sensor_EOC_ISR.c **** *   Note calling Temp_Sensor_EOC_ISR_Start or Temp_Sensor_EOC_ISR_StartEx will 
 233:Generated_Source\PSoC4/Temp_Sensor_EOC_ISR.c **** *   override any effect this API would have had. This API should only be called
 234:Generated_Source\PSoC4/Temp_Sensor_EOC_ISR.c **** *   after Temp_Sensor_EOC_ISR_Start or Temp_Sensor_EOC_ISR_StartEx has been called. 
 235:Generated_Source\PSoC4/Temp_Sensor_EOC_ISR.c **** *   To set the initial priority for the component, use the Design-Wide Resources
 236:Generated_Source\PSoC4/Temp_Sensor_EOC_ISR.c **** *   Interrupt Editor.
 237:Generated_Source\PSoC4/Temp_Sensor_EOC_ISR.c **** *
 238:Generated_Source\PSoC4/Temp_Sensor_EOC_ISR.c **** *   Note This API has no effect on Non-maskable interrupt NMI).
 239:Generated_Source\PSoC4/Temp_Sensor_EOC_ISR.c **** *
 240:Generated_Source\PSoC4/Temp_Sensor_EOC_ISR.c **** * Parameters:
 241:Generated_Source\PSoC4/Temp_Sensor_EOC_ISR.c **** *   priority: Priority of the interrupt, 0 being the highest priority
 242:Generated_Source\PSoC4/Temp_Sensor_EOC_ISR.c **** *             PSoC 3 and PSoC 5LP: Priority is from 0 to 7.
 243:Generated_Source\PSoC4/Temp_Sensor_EOC_ISR.c **** *             PSoC 4: Priority is from 0 to 3.
 244:Generated_Source\PSoC4/Temp_Sensor_EOC_ISR.c **** *
 245:Generated_Source\PSoC4/Temp_Sensor_EOC_ISR.c **** * Return:
 246:Generated_Source\PSoC4/Temp_Sensor_EOC_ISR.c **** *   None
 247:Generated_Source\PSoC4/Temp_Sensor_EOC_ISR.c **** *
 248:Generated_Source\PSoC4/Temp_Sensor_EOC_ISR.c **** *******************************************************************************/
 249:Generated_Source\PSoC4/Temp_Sensor_EOC_ISR.c **** void Temp_Sensor_EOC_ISR_SetPriority(uint8 priority)
 250:Generated_Source\PSoC4/Temp_Sensor_EOC_ISR.c **** {
 243              		.loc 1 250 0
 244              		.cfi_startproc
 245              		@ args = 0, pretend = 0, frame = 16
 246              		@ frame_needed = 1, uses_anonymous_args = 0
 247 0000 90B5     		push	{r4, r7, lr}
 248              		.cfi_def_cfa_offset 12
 249              		.cfi_offset 4, -12
 250              		.cfi_offset 7, -8
 251              		.cfi_offset 14, -4
 252 0002 85B0     		sub	sp, sp, #20
 253              		.cfi_def_cfa_offset 32
 254 0004 00AF     		add	r7, sp, #0
 255              		.cfi_def_cfa_register 7
 256 0006 0200     		movs	r2, r0
 257 0008 FB1D     		adds	r3, r7, #7
 258 000a 1A70     		strb	r2, [r3]
 251:Generated_Source\PSoC4/Temp_Sensor_EOC_ISR.c **** 	uint8 interruptState;
 252:Generated_Source\PSoC4/Temp_Sensor_EOC_ISR.c ****     uint32 priorityOffset = ((Temp_Sensor_EOC_ISR__INTC_NUMBER % 4u) * 8u) + 6u;
 259              		.loc 1 252 0
 260 000c 0623     		movs	r3, #6
 261 000e FB60     		str	r3, [r7, #12]
ARM GAS  C:\Users\ADMINI~1\AppData\Local\Temp\ccZPEHUT.s 			page 10


 253:Generated_Source\PSoC4/Temp_Sensor_EOC_ISR.c ****     
 254:Generated_Source\PSoC4/Temp_Sensor_EOC_ISR.c **** 	interruptState = CyEnterCriticalSection();
 262              		.loc 1 254 0
 263 0010 0B23     		movs	r3, #11
 264 0012 FC18     		adds	r4, r7, r3
 265 0014 FFF7FEFF 		bl	CyEnterCriticalSection
 266 0018 0300     		movs	r3, r0
 267 001a 2370     		strb	r3, [r4]
 255:Generated_Source\PSoC4/Temp_Sensor_EOC_ISR.c ****     *Temp_Sensor_EOC_ISR_INTC_PRIOR = (*Temp_Sensor_EOC_ISR_INTC_PRIOR & (uint32)(~Temp_Sensor_EOC_
 268              		.loc 1 255 0
 269 001c 0B4B     		ldr	r3, .L17
 270 001e 0B4A     		ldr	r2, .L17
 271 0020 1268     		ldr	r2, [r2]
 272 0022 C021     		movs	r1, #192
 273 0024 8A43     		bics	r2, r1
 274 0026 1100     		movs	r1, r2
 256:Generated_Source\PSoC4/Temp_Sensor_EOC_ISR.c ****                                     ((uint32)priority << priorityOffset);
 275              		.loc 1 256 0
 276 0028 FA1D     		adds	r2, r7, #7
 277 002a 1078     		ldrb	r0, [r2]
 278 002c FA68     		ldr	r2, [r7, #12]
 279 002e 9040     		lsls	r0, r0, r2
 280 0030 0200     		movs	r2, r0
 255:Generated_Source\PSoC4/Temp_Sensor_EOC_ISR.c ****     *Temp_Sensor_EOC_ISR_INTC_PRIOR = (*Temp_Sensor_EOC_ISR_INTC_PRIOR & (uint32)(~Temp_Sensor_EOC_
 281              		.loc 1 255 0
 282 0032 0A43     		orrs	r2, r1
 283 0034 1A60     		str	r2, [r3]
 257:Generated_Source\PSoC4/Temp_Sensor_EOC_ISR.c **** 	CyExitCriticalSection(interruptState);
 284              		.loc 1 257 0
 285 0036 0B23     		movs	r3, #11
 286 0038 FB18     		adds	r3, r7, r3
 287 003a 1B78     		ldrb	r3, [r3]
 288 003c 1800     		movs	r0, r3
 289 003e FFF7FEFF 		bl	CyExitCriticalSection
 258:Generated_Source\PSoC4/Temp_Sensor_EOC_ISR.c **** }
 290              		.loc 1 258 0
 291 0042 C046     		nop
 292 0044 BD46     		mov	sp, r7
 293 0046 05B0     		add	sp, sp, #20
 294              		@ sp needed
 295 0048 90BD     		pop	{r4, r7, pc}
 296              	.L18:
 297 004a C046     		.align	2
 298              	.L17:
 299 004c 00E400E0 		.word	-536812544
 300              		.cfi_endproc
 301              	.LFE7:
 302              		.size	Temp_Sensor_EOC_ISR_SetPriority, .-Temp_Sensor_EOC_ISR_SetPriority
 303              		.section	.text.Temp_Sensor_EOC_ISR_GetPriority,"ax",%progbits
 304              		.align	2
 305              		.global	Temp_Sensor_EOC_ISR_GetPriority
 306              		.code	16
 307              		.thumb_func
 308              		.type	Temp_Sensor_EOC_ISR_GetPriority, %function
 309              	Temp_Sensor_EOC_ISR_GetPriority:
 310              	.LFB8:
 259:Generated_Source\PSoC4/Temp_Sensor_EOC_ISR.c **** 
ARM GAS  C:\Users\ADMINI~1\AppData\Local\Temp\ccZPEHUT.s 			page 11


 260:Generated_Source\PSoC4/Temp_Sensor_EOC_ISR.c **** 
 261:Generated_Source\PSoC4/Temp_Sensor_EOC_ISR.c **** /*******************************************************************************
 262:Generated_Source\PSoC4/Temp_Sensor_EOC_ISR.c **** * Function Name: Temp_Sensor_EOC_ISR_GetPriority
 263:Generated_Source\PSoC4/Temp_Sensor_EOC_ISR.c **** ********************************************************************************
 264:Generated_Source\PSoC4/Temp_Sensor_EOC_ISR.c **** *
 265:Generated_Source\PSoC4/Temp_Sensor_EOC_ISR.c **** * Summary:
 266:Generated_Source\PSoC4/Temp_Sensor_EOC_ISR.c **** *   Gets the Priority of the Interrupt.
 267:Generated_Source\PSoC4/Temp_Sensor_EOC_ISR.c **** *
 268:Generated_Source\PSoC4/Temp_Sensor_EOC_ISR.c **** * Parameters:
 269:Generated_Source\PSoC4/Temp_Sensor_EOC_ISR.c **** *   None
 270:Generated_Source\PSoC4/Temp_Sensor_EOC_ISR.c **** *
 271:Generated_Source\PSoC4/Temp_Sensor_EOC_ISR.c **** * Return:
 272:Generated_Source\PSoC4/Temp_Sensor_EOC_ISR.c **** *   Priority of the interrupt, 0 being the highest priority
 273:Generated_Source\PSoC4/Temp_Sensor_EOC_ISR.c **** *    PSoC 3 and PSoC 5LP: Priority is from 0 to 7.
 274:Generated_Source\PSoC4/Temp_Sensor_EOC_ISR.c **** *    PSoC 4: Priority is from 0 to 3.
 275:Generated_Source\PSoC4/Temp_Sensor_EOC_ISR.c **** *
 276:Generated_Source\PSoC4/Temp_Sensor_EOC_ISR.c **** *******************************************************************************/
 277:Generated_Source\PSoC4/Temp_Sensor_EOC_ISR.c **** uint8 Temp_Sensor_EOC_ISR_GetPriority(void)
 278:Generated_Source\PSoC4/Temp_Sensor_EOC_ISR.c **** {
 311              		.loc 1 278 0
 312              		.cfi_startproc
 313              		@ args = 0, pretend = 0, frame = 8
 314              		@ frame_needed = 1, uses_anonymous_args = 0
 315 0000 80B5     		push	{r7, lr}
 316              		.cfi_def_cfa_offset 8
 317              		.cfi_offset 7, -8
 318              		.cfi_offset 14, -4
 319 0002 82B0     		sub	sp, sp, #8
 320              		.cfi_def_cfa_offset 16
 321 0004 00AF     		add	r7, sp, #0
 322              		.cfi_def_cfa_register 7
 279:Generated_Source\PSoC4/Temp_Sensor_EOC_ISR.c ****     uint32 priority;
 280:Generated_Source\PSoC4/Temp_Sensor_EOC_ISR.c **** 	uint32 priorityOffset = ((Temp_Sensor_EOC_ISR__INTC_NUMBER % 4u) * 8u) + 6u;
 323              		.loc 1 280 0
 324 0006 0623     		movs	r3, #6
 325 0008 7B60     		str	r3, [r7, #4]
 281:Generated_Source\PSoC4/Temp_Sensor_EOC_ISR.c **** 
 282:Generated_Source\PSoC4/Temp_Sensor_EOC_ISR.c ****     priority = (*Temp_Sensor_EOC_ISR_INTC_PRIOR & Temp_Sensor_EOC_ISR__INTC_PRIOR_MASK) >> priority
 326              		.loc 1 282 0
 327 000a 074B     		ldr	r3, .L21
 328 000c 1B68     		ldr	r3, [r3]
 329 000e C022     		movs	r2, #192
 330 0010 1A40     		ands	r2, r3
 331 0012 7B68     		ldr	r3, [r7, #4]
 332 0014 DA40     		lsrs	r2, r2, r3
 333 0016 1300     		movs	r3, r2
 334 0018 3B60     		str	r3, [r7]
 283:Generated_Source\PSoC4/Temp_Sensor_EOC_ISR.c **** 
 284:Generated_Source\PSoC4/Temp_Sensor_EOC_ISR.c ****     return (uint8)priority;
 335              		.loc 1 284 0
 336 001a 3B68     		ldr	r3, [r7]
 337 001c DBB2     		uxtb	r3, r3
 285:Generated_Source\PSoC4/Temp_Sensor_EOC_ISR.c **** }
 338              		.loc 1 285 0
 339 001e 1800     		movs	r0, r3
 340 0020 BD46     		mov	sp, r7
 341 0022 02B0     		add	sp, sp, #8
ARM GAS  C:\Users\ADMINI~1\AppData\Local\Temp\ccZPEHUT.s 			page 12


 342              		@ sp needed
 343 0024 80BD     		pop	{r7, pc}
 344              	.L22:
 345 0026 C046     		.align	2
 346              	.L21:
 347 0028 00E400E0 		.word	-536812544
 348              		.cfi_endproc
 349              	.LFE8:
 350              		.size	Temp_Sensor_EOC_ISR_GetPriority, .-Temp_Sensor_EOC_ISR_GetPriority
 351              		.section	.text.Temp_Sensor_EOC_ISR_Enable,"ax",%progbits
 352              		.align	2
 353              		.global	Temp_Sensor_EOC_ISR_Enable
 354              		.code	16
 355              		.thumb_func
 356              		.type	Temp_Sensor_EOC_ISR_Enable, %function
 357              	Temp_Sensor_EOC_ISR_Enable:
 358              	.LFB9:
 286:Generated_Source\PSoC4/Temp_Sensor_EOC_ISR.c **** 
 287:Generated_Source\PSoC4/Temp_Sensor_EOC_ISR.c **** 
 288:Generated_Source\PSoC4/Temp_Sensor_EOC_ISR.c **** /*******************************************************************************
 289:Generated_Source\PSoC4/Temp_Sensor_EOC_ISR.c **** * Function Name: Temp_Sensor_EOC_ISR_Enable
 290:Generated_Source\PSoC4/Temp_Sensor_EOC_ISR.c **** ********************************************************************************
 291:Generated_Source\PSoC4/Temp_Sensor_EOC_ISR.c **** *
 292:Generated_Source\PSoC4/Temp_Sensor_EOC_ISR.c **** * Summary:
 293:Generated_Source\PSoC4/Temp_Sensor_EOC_ISR.c **** *   Enables the interrupt to the interrupt controller. Do not call this function
 294:Generated_Source\PSoC4/Temp_Sensor_EOC_ISR.c **** *   unless ISR_Start() has been called or the functionality of the ISR_Start() 
 295:Generated_Source\PSoC4/Temp_Sensor_EOC_ISR.c **** *   function, which sets the vector and the priority, has been called.
 296:Generated_Source\PSoC4/Temp_Sensor_EOC_ISR.c **** *
 297:Generated_Source\PSoC4/Temp_Sensor_EOC_ISR.c **** * Parameters:
 298:Generated_Source\PSoC4/Temp_Sensor_EOC_ISR.c **** *   None
 299:Generated_Source\PSoC4/Temp_Sensor_EOC_ISR.c **** *
 300:Generated_Source\PSoC4/Temp_Sensor_EOC_ISR.c **** * Return:
 301:Generated_Source\PSoC4/Temp_Sensor_EOC_ISR.c **** *   None
 302:Generated_Source\PSoC4/Temp_Sensor_EOC_ISR.c **** *
 303:Generated_Source\PSoC4/Temp_Sensor_EOC_ISR.c **** *******************************************************************************/
 304:Generated_Source\PSoC4/Temp_Sensor_EOC_ISR.c **** void Temp_Sensor_EOC_ISR_Enable(void)
 305:Generated_Source\PSoC4/Temp_Sensor_EOC_ISR.c **** {
 359              		.loc 1 305 0
 360              		.cfi_startproc
 361              		@ args = 0, pretend = 0, frame = 0
 362              		@ frame_needed = 1, uses_anonymous_args = 0
 363 0000 80B5     		push	{r7, lr}
 364              		.cfi_def_cfa_offset 8
 365              		.cfi_offset 7, -8
 366              		.cfi_offset 14, -4
 367 0002 00AF     		add	r7, sp, #0
 368              		.cfi_def_cfa_register 7
 306:Generated_Source\PSoC4/Temp_Sensor_EOC_ISR.c ****     /* Enable the general interrupt. */
 307:Generated_Source\PSoC4/Temp_Sensor_EOC_ISR.c ****     *Temp_Sensor_EOC_ISR_INTC_SET_EN = Temp_Sensor_EOC_ISR__INTC_MASK;
 369              		.loc 1 307 0
 370 0004 024B     		ldr	r3, .L24
 371 0006 0122     		movs	r2, #1
 372 0008 1A60     		str	r2, [r3]
 308:Generated_Source\PSoC4/Temp_Sensor_EOC_ISR.c **** }
 373              		.loc 1 308 0
 374 000a C046     		nop
 375 000c BD46     		mov	sp, r7
ARM GAS  C:\Users\ADMINI~1\AppData\Local\Temp\ccZPEHUT.s 			page 13


 376              		@ sp needed
 377 000e 80BD     		pop	{r7, pc}
 378              	.L25:
 379              		.align	2
 380              	.L24:
 381 0010 00E100E0 		.word	-536813312
 382              		.cfi_endproc
 383              	.LFE9:
 384              		.size	Temp_Sensor_EOC_ISR_Enable, .-Temp_Sensor_EOC_ISR_Enable
 385              		.section	.text.Temp_Sensor_EOC_ISR_GetState,"ax",%progbits
 386              		.align	2
 387              		.global	Temp_Sensor_EOC_ISR_GetState
 388              		.code	16
 389              		.thumb_func
 390              		.type	Temp_Sensor_EOC_ISR_GetState, %function
 391              	Temp_Sensor_EOC_ISR_GetState:
 392              	.LFB10:
 309:Generated_Source\PSoC4/Temp_Sensor_EOC_ISR.c **** 
 310:Generated_Source\PSoC4/Temp_Sensor_EOC_ISR.c **** 
 311:Generated_Source\PSoC4/Temp_Sensor_EOC_ISR.c **** /*******************************************************************************
 312:Generated_Source\PSoC4/Temp_Sensor_EOC_ISR.c **** * Function Name: Temp_Sensor_EOC_ISR_GetState
 313:Generated_Source\PSoC4/Temp_Sensor_EOC_ISR.c **** ********************************************************************************
 314:Generated_Source\PSoC4/Temp_Sensor_EOC_ISR.c **** *
 315:Generated_Source\PSoC4/Temp_Sensor_EOC_ISR.c **** * Summary:
 316:Generated_Source\PSoC4/Temp_Sensor_EOC_ISR.c **** *   Gets the state (enabled, disabled) of the Interrupt.
 317:Generated_Source\PSoC4/Temp_Sensor_EOC_ISR.c **** *
 318:Generated_Source\PSoC4/Temp_Sensor_EOC_ISR.c **** * Parameters:
 319:Generated_Source\PSoC4/Temp_Sensor_EOC_ISR.c **** *   None
 320:Generated_Source\PSoC4/Temp_Sensor_EOC_ISR.c **** *
 321:Generated_Source\PSoC4/Temp_Sensor_EOC_ISR.c **** * Return:
 322:Generated_Source\PSoC4/Temp_Sensor_EOC_ISR.c **** *   1 if enabled, 0 if disabled.
 323:Generated_Source\PSoC4/Temp_Sensor_EOC_ISR.c **** *
 324:Generated_Source\PSoC4/Temp_Sensor_EOC_ISR.c **** *******************************************************************************/
 325:Generated_Source\PSoC4/Temp_Sensor_EOC_ISR.c **** uint8 Temp_Sensor_EOC_ISR_GetState(void)
 326:Generated_Source\PSoC4/Temp_Sensor_EOC_ISR.c **** {
 393              		.loc 1 326 0
 394              		.cfi_startproc
 395              		@ args = 0, pretend = 0, frame = 0
 396              		@ frame_needed = 1, uses_anonymous_args = 0
 397 0000 80B5     		push	{r7, lr}
 398              		.cfi_def_cfa_offset 8
 399              		.cfi_offset 7, -8
 400              		.cfi_offset 14, -4
 401 0002 00AF     		add	r7, sp, #0
 402              		.cfi_def_cfa_register 7
 327:Generated_Source\PSoC4/Temp_Sensor_EOC_ISR.c ****     /* Get the state of the general interrupt. */
 328:Generated_Source\PSoC4/Temp_Sensor_EOC_ISR.c ****     return ((*Temp_Sensor_EOC_ISR_INTC_SET_EN & (uint32)Temp_Sensor_EOC_ISR__INTC_MASK) != 0u) ? 1u
 403              		.loc 1 328 0
 404 0004 044B     		ldr	r3, .L28
 405 0006 1B68     		ldr	r3, [r3]
 406 0008 DBB2     		uxtb	r3, r3
 407 000a 0122     		movs	r2, #1
 408 000c 1340     		ands	r3, r2
 409 000e DBB2     		uxtb	r3, r3
 329:Generated_Source\PSoC4/Temp_Sensor_EOC_ISR.c **** }
 410              		.loc 1 329 0
 411 0010 1800     		movs	r0, r3
ARM GAS  C:\Users\ADMINI~1\AppData\Local\Temp\ccZPEHUT.s 			page 14


 412 0012 BD46     		mov	sp, r7
 413              		@ sp needed
 414 0014 80BD     		pop	{r7, pc}
 415              	.L29:
 416 0016 C046     		.align	2
 417              	.L28:
 418 0018 00E100E0 		.word	-536813312
 419              		.cfi_endproc
 420              	.LFE10:
 421              		.size	Temp_Sensor_EOC_ISR_GetState, .-Temp_Sensor_EOC_ISR_GetState
 422              		.section	.text.Temp_Sensor_EOC_ISR_Disable,"ax",%progbits
 423              		.align	2
 424              		.global	Temp_Sensor_EOC_ISR_Disable
 425              		.code	16
 426              		.thumb_func
 427              		.type	Temp_Sensor_EOC_ISR_Disable, %function
 428              	Temp_Sensor_EOC_ISR_Disable:
 429              	.LFB11:
 330:Generated_Source\PSoC4/Temp_Sensor_EOC_ISR.c **** 
 331:Generated_Source\PSoC4/Temp_Sensor_EOC_ISR.c **** 
 332:Generated_Source\PSoC4/Temp_Sensor_EOC_ISR.c **** /*******************************************************************************
 333:Generated_Source\PSoC4/Temp_Sensor_EOC_ISR.c **** * Function Name: Temp_Sensor_EOC_ISR_Disable
 334:Generated_Source\PSoC4/Temp_Sensor_EOC_ISR.c **** ********************************************************************************
 335:Generated_Source\PSoC4/Temp_Sensor_EOC_ISR.c **** *
 336:Generated_Source\PSoC4/Temp_Sensor_EOC_ISR.c **** * Summary:
 337:Generated_Source\PSoC4/Temp_Sensor_EOC_ISR.c **** *   Disables the Interrupt in the interrupt controller.
 338:Generated_Source\PSoC4/Temp_Sensor_EOC_ISR.c **** *
 339:Generated_Source\PSoC4/Temp_Sensor_EOC_ISR.c **** * Parameters:
 340:Generated_Source\PSoC4/Temp_Sensor_EOC_ISR.c **** *   None
 341:Generated_Source\PSoC4/Temp_Sensor_EOC_ISR.c **** *
 342:Generated_Source\PSoC4/Temp_Sensor_EOC_ISR.c **** * Return:
 343:Generated_Source\PSoC4/Temp_Sensor_EOC_ISR.c **** *   None
 344:Generated_Source\PSoC4/Temp_Sensor_EOC_ISR.c **** *
 345:Generated_Source\PSoC4/Temp_Sensor_EOC_ISR.c **** *******************************************************************************/
 346:Generated_Source\PSoC4/Temp_Sensor_EOC_ISR.c **** void Temp_Sensor_EOC_ISR_Disable(void)
 347:Generated_Source\PSoC4/Temp_Sensor_EOC_ISR.c **** {
 430              		.loc 1 347 0
 431              		.cfi_startproc
 432              		@ args = 0, pretend = 0, frame = 0
 433              		@ frame_needed = 1, uses_anonymous_args = 0
 434 0000 80B5     		push	{r7, lr}
 435              		.cfi_def_cfa_offset 8
 436              		.cfi_offset 7, -8
 437              		.cfi_offset 14, -4
 438 0002 00AF     		add	r7, sp, #0
 439              		.cfi_def_cfa_register 7
 348:Generated_Source\PSoC4/Temp_Sensor_EOC_ISR.c ****     /* Disable the general interrupt. */
 349:Generated_Source\PSoC4/Temp_Sensor_EOC_ISR.c ****     *Temp_Sensor_EOC_ISR_INTC_CLR_EN = Temp_Sensor_EOC_ISR__INTC_MASK;
 440              		.loc 1 349 0
 441 0004 024B     		ldr	r3, .L31
 442 0006 0122     		movs	r2, #1
 443 0008 1A60     		str	r2, [r3]
 350:Generated_Source\PSoC4/Temp_Sensor_EOC_ISR.c **** }
 444              		.loc 1 350 0
 445 000a C046     		nop
 446 000c BD46     		mov	sp, r7
 447              		@ sp needed
ARM GAS  C:\Users\ADMINI~1\AppData\Local\Temp\ccZPEHUT.s 			page 15


 448 000e 80BD     		pop	{r7, pc}
 449              	.L32:
 450              		.align	2
 451              	.L31:
 452 0010 80E100E0 		.word	-536813184
 453              		.cfi_endproc
 454              	.LFE11:
 455              		.size	Temp_Sensor_EOC_ISR_Disable, .-Temp_Sensor_EOC_ISR_Disable
 456              		.section	.text.Temp_Sensor_EOC_ISR_SetPending,"ax",%progbits
 457              		.align	2
 458              		.global	Temp_Sensor_EOC_ISR_SetPending
 459              		.code	16
 460              		.thumb_func
 461              		.type	Temp_Sensor_EOC_ISR_SetPending, %function
 462              	Temp_Sensor_EOC_ISR_SetPending:
 463              	.LFB12:
 351:Generated_Source\PSoC4/Temp_Sensor_EOC_ISR.c **** 
 352:Generated_Source\PSoC4/Temp_Sensor_EOC_ISR.c **** 
 353:Generated_Source\PSoC4/Temp_Sensor_EOC_ISR.c **** /*******************************************************************************
 354:Generated_Source\PSoC4/Temp_Sensor_EOC_ISR.c **** * Function Name: Temp_Sensor_EOC_ISR_SetPending
 355:Generated_Source\PSoC4/Temp_Sensor_EOC_ISR.c **** ********************************************************************************
 356:Generated_Source\PSoC4/Temp_Sensor_EOC_ISR.c **** *
 357:Generated_Source\PSoC4/Temp_Sensor_EOC_ISR.c **** * Summary:
 358:Generated_Source\PSoC4/Temp_Sensor_EOC_ISR.c **** *   Causes the Interrupt to enter the pending state, a software method of
 359:Generated_Source\PSoC4/Temp_Sensor_EOC_ISR.c **** *   generating the interrupt.
 360:Generated_Source\PSoC4/Temp_Sensor_EOC_ISR.c **** *
 361:Generated_Source\PSoC4/Temp_Sensor_EOC_ISR.c **** * Parameters:
 362:Generated_Source\PSoC4/Temp_Sensor_EOC_ISR.c **** *   None
 363:Generated_Source\PSoC4/Temp_Sensor_EOC_ISR.c **** *
 364:Generated_Source\PSoC4/Temp_Sensor_EOC_ISR.c **** * Return:
 365:Generated_Source\PSoC4/Temp_Sensor_EOC_ISR.c **** *   None
 366:Generated_Source\PSoC4/Temp_Sensor_EOC_ISR.c **** *
 367:Generated_Source\PSoC4/Temp_Sensor_EOC_ISR.c **** * Side Effects:
 368:Generated_Source\PSoC4/Temp_Sensor_EOC_ISR.c **** *   If interrupts are enabled and the interrupt is set up properly, the ISR is
 369:Generated_Source\PSoC4/Temp_Sensor_EOC_ISR.c **** *   entered (depending on the priority of this interrupt and other pending 
 370:Generated_Source\PSoC4/Temp_Sensor_EOC_ISR.c **** *   interrupts).
 371:Generated_Source\PSoC4/Temp_Sensor_EOC_ISR.c **** *
 372:Generated_Source\PSoC4/Temp_Sensor_EOC_ISR.c **** *******************************************************************************/
 373:Generated_Source\PSoC4/Temp_Sensor_EOC_ISR.c **** void Temp_Sensor_EOC_ISR_SetPending(void)
 374:Generated_Source\PSoC4/Temp_Sensor_EOC_ISR.c **** {
 464              		.loc 1 374 0
 465              		.cfi_startproc
 466              		@ args = 0, pretend = 0, frame = 0
 467              		@ frame_needed = 1, uses_anonymous_args = 0
 468 0000 80B5     		push	{r7, lr}
 469              		.cfi_def_cfa_offset 8
 470              		.cfi_offset 7, -8
 471              		.cfi_offset 14, -4
 472 0002 00AF     		add	r7, sp, #0
 473              		.cfi_def_cfa_register 7
 375:Generated_Source\PSoC4/Temp_Sensor_EOC_ISR.c ****     *Temp_Sensor_EOC_ISR_INTC_SET_PD = Temp_Sensor_EOC_ISR__INTC_MASK;
 474              		.loc 1 375 0
 475 0004 024B     		ldr	r3, .L34
 476 0006 0122     		movs	r2, #1
 477 0008 1A60     		str	r2, [r3]
 376:Generated_Source\PSoC4/Temp_Sensor_EOC_ISR.c **** }
 478              		.loc 1 376 0
ARM GAS  C:\Users\ADMINI~1\AppData\Local\Temp\ccZPEHUT.s 			page 16


 479 000a C046     		nop
 480 000c BD46     		mov	sp, r7
 481              		@ sp needed
 482 000e 80BD     		pop	{r7, pc}
 483              	.L35:
 484              		.align	2
 485              	.L34:
 486 0010 00E200E0 		.word	-536813056
 487              		.cfi_endproc
 488              	.LFE12:
 489              		.size	Temp_Sensor_EOC_ISR_SetPending, .-Temp_Sensor_EOC_ISR_SetPending
 490              		.section	.text.Temp_Sensor_EOC_ISR_ClearPending,"ax",%progbits
 491              		.align	2
 492              		.global	Temp_Sensor_EOC_ISR_ClearPending
 493              		.code	16
 494              		.thumb_func
 495              		.type	Temp_Sensor_EOC_ISR_ClearPending, %function
 496              	Temp_Sensor_EOC_ISR_ClearPending:
 497              	.LFB13:
 377:Generated_Source\PSoC4/Temp_Sensor_EOC_ISR.c **** 
 378:Generated_Source\PSoC4/Temp_Sensor_EOC_ISR.c **** 
 379:Generated_Source\PSoC4/Temp_Sensor_EOC_ISR.c **** /*******************************************************************************
 380:Generated_Source\PSoC4/Temp_Sensor_EOC_ISR.c **** * Function Name: Temp_Sensor_EOC_ISR_ClearPending
 381:Generated_Source\PSoC4/Temp_Sensor_EOC_ISR.c **** ********************************************************************************
 382:Generated_Source\PSoC4/Temp_Sensor_EOC_ISR.c **** *
 383:Generated_Source\PSoC4/Temp_Sensor_EOC_ISR.c **** * Summary:
 384:Generated_Source\PSoC4/Temp_Sensor_EOC_ISR.c **** *   Clears a pending interrupt in the interrupt controller.
 385:Generated_Source\PSoC4/Temp_Sensor_EOC_ISR.c **** *
 386:Generated_Source\PSoC4/Temp_Sensor_EOC_ISR.c **** *   Note Some interrupt sources are clear-on-read and require the block 
 387:Generated_Source\PSoC4/Temp_Sensor_EOC_ISR.c **** *   interrupt/status register to be read/cleared with the appropriate block API 
 388:Generated_Source\PSoC4/Temp_Sensor_EOC_ISR.c **** *   (GPIO, UART, and so on). Otherwise the ISR will continue to remain in 
 389:Generated_Source\PSoC4/Temp_Sensor_EOC_ISR.c **** *   pending state even though the interrupt itself is cleared using this API.
 390:Generated_Source\PSoC4/Temp_Sensor_EOC_ISR.c **** *
 391:Generated_Source\PSoC4/Temp_Sensor_EOC_ISR.c **** * Parameters:
 392:Generated_Source\PSoC4/Temp_Sensor_EOC_ISR.c **** *   None
 393:Generated_Source\PSoC4/Temp_Sensor_EOC_ISR.c **** *
 394:Generated_Source\PSoC4/Temp_Sensor_EOC_ISR.c **** * Return:
 395:Generated_Source\PSoC4/Temp_Sensor_EOC_ISR.c **** *   None
 396:Generated_Source\PSoC4/Temp_Sensor_EOC_ISR.c **** *
 397:Generated_Source\PSoC4/Temp_Sensor_EOC_ISR.c **** *******************************************************************************/
 398:Generated_Source\PSoC4/Temp_Sensor_EOC_ISR.c **** void Temp_Sensor_EOC_ISR_ClearPending(void)
 399:Generated_Source\PSoC4/Temp_Sensor_EOC_ISR.c **** {
 498              		.loc 1 399 0
 499              		.cfi_startproc
 500              		@ args = 0, pretend = 0, frame = 0
 501              		@ frame_needed = 1, uses_anonymous_args = 0
 502 0000 80B5     		push	{r7, lr}
 503              		.cfi_def_cfa_offset 8
 504              		.cfi_offset 7, -8
 505              		.cfi_offset 14, -4
 506 0002 00AF     		add	r7, sp, #0
 507              		.cfi_def_cfa_register 7
 400:Generated_Source\PSoC4/Temp_Sensor_EOC_ISR.c ****     *Temp_Sensor_EOC_ISR_INTC_CLR_PD = Temp_Sensor_EOC_ISR__INTC_MASK;
 508              		.loc 1 400 0
 509 0004 024B     		ldr	r3, .L37
 510 0006 0122     		movs	r2, #1
 511 0008 1A60     		str	r2, [r3]
ARM GAS  C:\Users\ADMINI~1\AppData\Local\Temp\ccZPEHUT.s 			page 17


 401:Generated_Source\PSoC4/Temp_Sensor_EOC_ISR.c **** }
 512              		.loc 1 401 0
 513 000a C046     		nop
 514 000c BD46     		mov	sp, r7
 515              		@ sp needed
 516 000e 80BD     		pop	{r7, pc}
 517              	.L38:
 518              		.align	2
 519              	.L37:
 520 0010 80E200E0 		.word	-536812928
 521              		.cfi_endproc
 522              	.LFE13:
 523              		.size	Temp_Sensor_EOC_ISR_ClearPending, .-Temp_Sensor_EOC_ISR_ClearPending
 524              		.text
 525              	.Letext0:
 526              		.file 2 "Generated_Source\\PSoC4/cytypes.h"
 527              		.section	.debug_info,"",%progbits
 528              	.Ldebug_info0:
 529 0000 47020000 		.4byte	0x247
 530 0004 0400     		.2byte	0x4
 531 0006 00000000 		.4byte	.Ldebug_abbrev0
 532 000a 04       		.byte	0x4
 533 000b 01       		.uleb128 0x1
 534 000c E1010000 		.4byte	.LASF34
 535 0010 0C       		.byte	0xc
 536 0011 8C000000 		.4byte	.LASF35
 537 0015 32000000 		.4byte	.LASF36
 538 0019 00000000 		.4byte	.Ldebug_ranges0+0
 539 001d 00000000 		.4byte	0
 540 0021 00000000 		.4byte	.Ldebug_line0
 541 0025 02       		.uleb128 0x2
 542 0026 01       		.byte	0x1
 543 0027 06       		.byte	0x6
 544 0028 71030000 		.4byte	.LASF0
 545 002c 02       		.uleb128 0x2
 546 002d 01       		.byte	0x1
 547 002e 08       		.byte	0x8
 548 002f 78020000 		.4byte	.LASF1
 549 0033 02       		.uleb128 0x2
 550 0034 02       		.byte	0x2
 551 0035 05       		.byte	0x5
 552 0036 43030000 		.4byte	.LASF2
 553 003a 02       		.uleb128 0x2
 554 003b 02       		.byte	0x2
 555 003c 07       		.byte	0x7
 556 003d D6000000 		.4byte	.LASF3
 557 0041 02       		.uleb128 0x2
 558 0042 04       		.byte	0x4
 559 0043 05       		.byte	0x5
 560 0044 5C030000 		.4byte	.LASF4
 561 0048 02       		.uleb128 0x2
 562 0049 04       		.byte	0x4
 563 004a 07       		.byte	0x7
 564 004b A9010000 		.4byte	.LASF5
 565 004f 02       		.uleb128 0x2
 566 0050 08       		.byte	0x8
 567 0051 05       		.byte	0x5
ARM GAS  C:\Users\ADMINI~1\AppData\Local\Temp\ccZPEHUT.s 			page 18


 568 0052 12030000 		.4byte	.LASF6
 569 0056 02       		.uleb128 0x2
 570 0057 08       		.byte	0x8
 571 0058 07       		.byte	0x7
 572 0059 A9020000 		.4byte	.LASF7
 573 005d 03       		.uleb128 0x3
 574 005e 04       		.byte	0x4
 575 005f 05       		.byte	0x5
 576 0060 696E7400 		.ascii	"int\000"
 577 0064 02       		.uleb128 0x2
 578 0065 04       		.byte	0x4
 579 0066 07       		.byte	0x7
 580 0067 94020000 		.4byte	.LASF8
 581 006b 04       		.uleb128 0x4
 582 006c BB010000 		.4byte	.LASF9
 583 0070 02       		.byte	0x2
 584 0071 C2       		.byte	0xc2
 585 0072 2C000000 		.4byte	0x2c
 586 0076 04       		.uleb128 0x4
 587 0077 8D020000 		.4byte	.LASF10
 588 007b 02       		.byte	0x2
 589 007c C4       		.byte	0xc4
 590 007d 48000000 		.4byte	0x48
 591 0081 02       		.uleb128 0x2
 592 0082 04       		.byte	0x4
 593 0083 04       		.byte	0x4
 594 0084 43010000 		.4byte	.LASF11
 595 0088 02       		.uleb128 0x2
 596 0089 08       		.byte	0x8
 597 008a 04       		.byte	0x4
 598 008b 86020000 		.4byte	.LASF12
 599 008f 02       		.uleb128 0x2
 600 0090 01       		.byte	0x1
 601 0091 08       		.byte	0x8
 602 0092 20030000 		.4byte	.LASF13
 603 0096 05       		.uleb128 0x5
 604 0097 00000000 		.4byte	.LASF14
 605 009b 02       		.byte	0x2
 606 009c 6E01     		.2byte	0x16e
 607 009e A2000000 		.4byte	0xa2
 608 00a2 06       		.uleb128 0x6
 609 00a3 76000000 		.4byte	0x76
 610 00a7 05       		.uleb128 0x5
 611 00a8 C0020000 		.4byte	.LASF15
 612 00ac 02       		.byte	0x2
 613 00ad 7E01     		.2byte	0x17e
 614 00af B3000000 		.4byte	0xb3
 615 00b3 07       		.uleb128 0x7
 616 00b4 04       		.byte	0x4
 617 00b5 B9000000 		.4byte	0xb9
 618 00b9 08       		.uleb128 0x8
 619 00ba 02       		.uleb128 0x2
 620 00bb 08       		.byte	0x8
 621 00bc 04       		.byte	0x4
 622 00bd 65030000 		.4byte	.LASF16
 623 00c1 02       		.uleb128 0x2
 624 00c2 04       		.byte	0x4
ARM GAS  C:\Users\ADMINI~1\AppData\Local\Temp\ccZPEHUT.s 			page 19


 625 00c3 07       		.byte	0x7
 626 00c4 ED020000 		.4byte	.LASF17
 627 00c8 09       		.uleb128 0x9
 628 00c9 80010000 		.4byte	.LASF18
 629 00cd 01       		.byte	0x1
 630 00ce 38       		.byte	0x38
 631 00cf 00000000 		.4byte	.LFB1
 632 00d3 24000000 		.4byte	.LFE1-.LFB1
 633 00d7 01       		.uleb128 0x1
 634 00d8 9C       		.byte	0x9c
 635 00d9 0A       		.uleb128 0xa
 636 00da F6020000 		.4byte	.LASF21
 637 00de 01       		.byte	0x1
 638 00df 63       		.byte	0x63
 639 00e0 00000000 		.4byte	.LFB2
 640 00e4 26000000 		.4byte	.LFE2-.LFB2
 641 00e8 01       		.uleb128 0x1
 642 00e9 9C       		.byte	0x9c
 643 00ea FD000000 		.4byte	0xfd
 644 00ee 0B       		.uleb128 0xb
 645 00ef A1020000 		.4byte	.LASF23
 646 00f3 01       		.byte	0x1
 647 00f4 63       		.byte	0x63
 648 00f5 A7000000 		.4byte	0xa7
 649 00f9 02       		.uleb128 0x2
 650 00fa 91       		.byte	0x91
 651 00fb 74       		.sleb128 -12
 652 00fc 00       		.byte	0
 653 00fd 09       		.uleb128 0x9
 654 00fe 67010000 		.4byte	.LASF19
 655 0102 01       		.byte	0x1
 656 0103 81       		.byte	0x81
 657 0104 00000000 		.4byte	.LFB3
 658 0108 1C000000 		.4byte	.LFE3-.LFB3
 659 010c 01       		.uleb128 0x1
 660 010d 9C       		.byte	0x9c
 661 010e 0C       		.uleb128 0xc
 662 010f 25030000 		.4byte	.LASF20
 663 0113 01       		.byte	0x1
 664 0114 9F       		.byte	0x9f
 665 0115 00000000 		.4byte	.LFB4
 666 0119 0A000000 		.4byte	.LFE4-.LFB4
 667 011d 01       		.uleb128 0x1
 668 011e 9C       		.byte	0x9c
 669 011f 0D       		.uleb128 0xd
 670 0120 0A010000 		.4byte	.LASF22
 671 0124 01       		.byte	0x1
 672 0125 C7       		.byte	0xc7
 673 0126 00000000 		.4byte	.LFB5
 674 012a 1C000000 		.4byte	.LFE5-.LFB5
 675 012e 01       		.uleb128 0x1
 676 012f 9C       		.byte	0x9c
 677 0130 43010000 		.4byte	0x143
 678 0134 0B       		.uleb128 0xb
 679 0135 A1020000 		.4byte	.LASF23
 680 0139 01       		.byte	0x1
 681 013a C7       		.byte	0xc7
ARM GAS  C:\Users\ADMINI~1\AppData\Local\Temp\ccZPEHUT.s 			page 20


 682 013b A7000000 		.4byte	0xa7
 683 013f 02       		.uleb128 0x2
 684 0140 91       		.byte	0x91
 685 0141 74       		.sleb128 -12
 686 0142 00       		.byte	0
 687 0143 0E       		.uleb128 0xe
 688 0144 49010000 		.4byte	.LASF29
 689 0148 01       		.byte	0x1
 690 0149 DB       		.byte	0xdb
 691 014a A7000000 		.4byte	0xa7
 692 014e 00000000 		.4byte	.LFB6
 693 0152 14000000 		.4byte	.LFE6-.LFB6
 694 0156 01       		.uleb128 0x1
 695 0157 9C       		.byte	0x9c
 696 0158 0A       		.uleb128 0xa
 697 0159 CD020000 		.4byte	.LASF24
 698 015d 01       		.byte	0x1
 699 015e F9       		.byte	0xf9
 700 015f 00000000 		.4byte	.LFB7
 701 0163 50000000 		.4byte	.LFE7-.LFB7
 702 0167 01       		.uleb128 0x1
 703 0168 9C       		.byte	0x9c
 704 0169 98010000 		.4byte	0x198
 705 016d 0B       		.uleb128 0xb
 706 016e 6F020000 		.4byte	.LASF25
 707 0172 01       		.byte	0x1
 708 0173 F9       		.byte	0xf9
 709 0174 6B000000 		.4byte	0x6b
 710 0178 02       		.uleb128 0x2
 711 0179 91       		.byte	0x91
 712 017a 67       		.sleb128 -25
 713 017b 0F       		.uleb128 0xf
 714 017c 9A010000 		.4byte	.LASF26
 715 0180 01       		.byte	0x1
 716 0181 FB       		.byte	0xfb
 717 0182 6B000000 		.4byte	0x6b
 718 0186 02       		.uleb128 0x2
 719 0187 91       		.byte	0x91
 720 0188 6B       		.sleb128 -21
 721 0189 0F       		.uleb128 0xf
 722 018a 4D030000 		.4byte	.LASF27
 723 018e 01       		.byte	0x1
 724 018f FC       		.byte	0xfc
 725 0190 76000000 		.4byte	0x76
 726 0194 02       		.uleb128 0x2
 727 0195 91       		.byte	0x91
 728 0196 6C       		.sleb128 -20
 729 0197 00       		.byte	0
 730 0198 10       		.uleb128 0x10
 731 0199 C1010000 		.4byte	.LASF37
 732 019d 01       		.byte	0x1
 733 019e 1501     		.2byte	0x115
 734 01a0 6B000000 		.4byte	0x6b
 735 01a4 00000000 		.4byte	.LFB8
 736 01a8 2C000000 		.4byte	.LFE8-.LFB8
 737 01ac 01       		.uleb128 0x1
 738 01ad 9C       		.byte	0x9c
ARM GAS  C:\Users\ADMINI~1\AppData\Local\Temp\ccZPEHUT.s 			page 21


 739 01ae D1010000 		.4byte	0x1d1
 740 01b2 11       		.uleb128 0x11
 741 01b3 6F020000 		.4byte	.LASF25
 742 01b7 01       		.byte	0x1
 743 01b8 1701     		.2byte	0x117
 744 01ba 76000000 		.4byte	0x76
 745 01be 02       		.uleb128 0x2
 746 01bf 91       		.byte	0x91
 747 01c0 70       		.sleb128 -16
 748 01c1 11       		.uleb128 0x11
 749 01c2 4D030000 		.4byte	.LASF27
 750 01c6 01       		.byte	0x1
 751 01c7 1801     		.2byte	0x118
 752 01c9 76000000 		.4byte	0x76
 753 01cd 02       		.uleb128 0x2
 754 01ce 91       		.byte	0x91
 755 01cf 74       		.sleb128 -12
 756 01d0 00       		.byte	0
 757 01d1 12       		.uleb128 0x12
 758 01d2 28010000 		.4byte	.LASF28
 759 01d6 01       		.byte	0x1
 760 01d7 3001     		.2byte	0x130
 761 01d9 00000000 		.4byte	.LFB9
 762 01dd 14000000 		.4byte	.LFE9-.LFB9
 763 01e1 01       		.uleb128 0x1
 764 01e2 9C       		.byte	0x9c
 765 01e3 13       		.uleb128 0x13
 766 01e4 B9000000 		.4byte	.LASF30
 767 01e8 01       		.byte	0x1
 768 01e9 4501     		.2byte	0x145
 769 01eb 6B000000 		.4byte	0x6b
 770 01ef 00000000 		.4byte	.LFB10
 771 01f3 1C000000 		.4byte	.LFE10-.LFB10
 772 01f7 01       		.uleb128 0x1
 773 01f8 9C       		.byte	0x9c
 774 01f9 12       		.uleb128 0x12
 775 01fa 7D030000 		.4byte	.LASF31
 776 01fe 01       		.byte	0x1
 777 01ff 5A01     		.2byte	0x15a
 778 0201 00000000 		.4byte	.LFB11
 779 0205 14000000 		.4byte	.LFE11-.LFB11
 780 0209 01       		.uleb128 0x1
 781 020a 9C       		.byte	0x9c
 782 020b 12       		.uleb128 0x12
 783 020c 06000000 		.4byte	.LASF32
 784 0210 01       		.byte	0x1
 785 0211 7501     		.2byte	0x175
 786 0213 00000000 		.4byte	.LFB12
 787 0217 14000000 		.4byte	.LFE12-.LFB12
 788 021b 01       		.uleb128 0x1
 789 021c 9C       		.byte	0x9c
 790 021d 12       		.uleb128 0x12
 791 021e E9000000 		.4byte	.LASF33
 792 0222 01       		.byte	0x1
 793 0223 8E01     		.2byte	0x18e
 794 0225 00000000 		.4byte	.LFB13
 795 0229 14000000 		.4byte	.LFE13-.LFB13
ARM GAS  C:\Users\ADMINI~1\AppData\Local\Temp\ccZPEHUT.s 			page 22


 796 022d 01       		.uleb128 0x1
 797 022e 9C       		.byte	0x9c
 798 022f 14       		.uleb128 0x14
 799 0230 A7000000 		.4byte	0xa7
 800 0234 3F020000 		.4byte	0x23f
 801 0238 15       		.uleb128 0x15
 802 0239 C1000000 		.4byte	0xc1
 803 023d 2F       		.byte	0x2f
 804 023e 00       		.byte	0
 805 023f 16       		.uleb128 0x16
 806 0240 25000000 		.4byte	.LASF38
 807 0244 01       		.byte	0x1
 808 0245 21       		.byte	0x21
 809 0246 2F020000 		.4byte	0x22f
 810 024a 00       		.byte	0
 811              		.section	.debug_abbrev,"",%progbits
 812              	.Ldebug_abbrev0:
 813 0000 01       		.uleb128 0x1
 814 0001 11       		.uleb128 0x11
 815 0002 01       		.byte	0x1
 816 0003 25       		.uleb128 0x25
 817 0004 0E       		.uleb128 0xe
 818 0005 13       		.uleb128 0x13
 819 0006 0B       		.uleb128 0xb
 820 0007 03       		.uleb128 0x3
 821 0008 0E       		.uleb128 0xe
 822 0009 1B       		.uleb128 0x1b
 823 000a 0E       		.uleb128 0xe
 824 000b 55       		.uleb128 0x55
 825 000c 17       		.uleb128 0x17
 826 000d 11       		.uleb128 0x11
 827 000e 01       		.uleb128 0x1
 828 000f 10       		.uleb128 0x10
 829 0010 17       		.uleb128 0x17
 830 0011 00       		.byte	0
 831 0012 00       		.byte	0
 832 0013 02       		.uleb128 0x2
 833 0014 24       		.uleb128 0x24
 834 0015 00       		.byte	0
 835 0016 0B       		.uleb128 0xb
 836 0017 0B       		.uleb128 0xb
 837 0018 3E       		.uleb128 0x3e
 838 0019 0B       		.uleb128 0xb
 839 001a 03       		.uleb128 0x3
 840 001b 0E       		.uleb128 0xe
 841 001c 00       		.byte	0
 842 001d 00       		.byte	0
 843 001e 03       		.uleb128 0x3
 844 001f 24       		.uleb128 0x24
 845 0020 00       		.byte	0
 846 0021 0B       		.uleb128 0xb
 847 0022 0B       		.uleb128 0xb
 848 0023 3E       		.uleb128 0x3e
 849 0024 0B       		.uleb128 0xb
 850 0025 03       		.uleb128 0x3
 851 0026 08       		.uleb128 0x8
 852 0027 00       		.byte	0
ARM GAS  C:\Users\ADMINI~1\AppData\Local\Temp\ccZPEHUT.s 			page 23


 853 0028 00       		.byte	0
 854 0029 04       		.uleb128 0x4
 855 002a 16       		.uleb128 0x16
 856 002b 00       		.byte	0
 857 002c 03       		.uleb128 0x3
 858 002d 0E       		.uleb128 0xe
 859 002e 3A       		.uleb128 0x3a
 860 002f 0B       		.uleb128 0xb
 861 0030 3B       		.uleb128 0x3b
 862 0031 0B       		.uleb128 0xb
 863 0032 49       		.uleb128 0x49
 864 0033 13       		.uleb128 0x13
 865 0034 00       		.byte	0
 866 0035 00       		.byte	0
 867 0036 05       		.uleb128 0x5
 868 0037 16       		.uleb128 0x16
 869 0038 00       		.byte	0
 870 0039 03       		.uleb128 0x3
 871 003a 0E       		.uleb128 0xe
 872 003b 3A       		.uleb128 0x3a
 873 003c 0B       		.uleb128 0xb
 874 003d 3B       		.uleb128 0x3b
 875 003e 05       		.uleb128 0x5
 876 003f 49       		.uleb128 0x49
 877 0040 13       		.uleb128 0x13
 878 0041 00       		.byte	0
 879 0042 00       		.byte	0
 880 0043 06       		.uleb128 0x6
 881 0044 35       		.uleb128 0x35
 882 0045 00       		.byte	0
 883 0046 49       		.uleb128 0x49
 884 0047 13       		.uleb128 0x13
 885 0048 00       		.byte	0
 886 0049 00       		.byte	0
 887 004a 07       		.uleb128 0x7
 888 004b 0F       		.uleb128 0xf
 889 004c 00       		.byte	0
 890 004d 0B       		.uleb128 0xb
 891 004e 0B       		.uleb128 0xb
 892 004f 49       		.uleb128 0x49
 893 0050 13       		.uleb128 0x13
 894 0051 00       		.byte	0
 895 0052 00       		.byte	0
 896 0053 08       		.uleb128 0x8
 897 0054 15       		.uleb128 0x15
 898 0055 00       		.byte	0
 899 0056 27       		.uleb128 0x27
 900 0057 19       		.uleb128 0x19
 901 0058 00       		.byte	0
 902 0059 00       		.byte	0
 903 005a 09       		.uleb128 0x9
 904 005b 2E       		.uleb128 0x2e
 905 005c 00       		.byte	0
 906 005d 3F       		.uleb128 0x3f
 907 005e 19       		.uleb128 0x19
 908 005f 03       		.uleb128 0x3
 909 0060 0E       		.uleb128 0xe
ARM GAS  C:\Users\ADMINI~1\AppData\Local\Temp\ccZPEHUT.s 			page 24


 910 0061 3A       		.uleb128 0x3a
 911 0062 0B       		.uleb128 0xb
 912 0063 3B       		.uleb128 0x3b
 913 0064 0B       		.uleb128 0xb
 914 0065 27       		.uleb128 0x27
 915 0066 19       		.uleb128 0x19
 916 0067 11       		.uleb128 0x11
 917 0068 01       		.uleb128 0x1
 918 0069 12       		.uleb128 0x12
 919 006a 06       		.uleb128 0x6
 920 006b 40       		.uleb128 0x40
 921 006c 18       		.uleb128 0x18
 922 006d 9642     		.uleb128 0x2116
 923 006f 19       		.uleb128 0x19
 924 0070 00       		.byte	0
 925 0071 00       		.byte	0
 926 0072 0A       		.uleb128 0xa
 927 0073 2E       		.uleb128 0x2e
 928 0074 01       		.byte	0x1
 929 0075 3F       		.uleb128 0x3f
 930 0076 19       		.uleb128 0x19
 931 0077 03       		.uleb128 0x3
 932 0078 0E       		.uleb128 0xe
 933 0079 3A       		.uleb128 0x3a
 934 007a 0B       		.uleb128 0xb
 935 007b 3B       		.uleb128 0x3b
 936 007c 0B       		.uleb128 0xb
 937 007d 27       		.uleb128 0x27
 938 007e 19       		.uleb128 0x19
 939 007f 11       		.uleb128 0x11
 940 0080 01       		.uleb128 0x1
 941 0081 12       		.uleb128 0x12
 942 0082 06       		.uleb128 0x6
 943 0083 40       		.uleb128 0x40
 944 0084 18       		.uleb128 0x18
 945 0085 9642     		.uleb128 0x2116
 946 0087 19       		.uleb128 0x19
 947 0088 01       		.uleb128 0x1
 948 0089 13       		.uleb128 0x13
 949 008a 00       		.byte	0
 950 008b 00       		.byte	0
 951 008c 0B       		.uleb128 0xb
 952 008d 05       		.uleb128 0x5
 953 008e 00       		.byte	0
 954 008f 03       		.uleb128 0x3
 955 0090 0E       		.uleb128 0xe
 956 0091 3A       		.uleb128 0x3a
 957 0092 0B       		.uleb128 0xb
 958 0093 3B       		.uleb128 0x3b
 959 0094 0B       		.uleb128 0xb
 960 0095 49       		.uleb128 0x49
 961 0096 13       		.uleb128 0x13
 962 0097 02       		.uleb128 0x2
 963 0098 18       		.uleb128 0x18
 964 0099 00       		.byte	0
 965 009a 00       		.byte	0
 966 009b 0C       		.uleb128 0xc
ARM GAS  C:\Users\ADMINI~1\AppData\Local\Temp\ccZPEHUT.s 			page 25


 967 009c 2E       		.uleb128 0x2e
 968 009d 00       		.byte	0
 969 009e 3F       		.uleb128 0x3f
 970 009f 19       		.uleb128 0x19
 971 00a0 03       		.uleb128 0x3
 972 00a1 0E       		.uleb128 0xe
 973 00a2 3A       		.uleb128 0x3a
 974 00a3 0B       		.uleb128 0xb
 975 00a4 3B       		.uleb128 0x3b
 976 00a5 0B       		.uleb128 0xb
 977 00a6 27       		.uleb128 0x27
 978 00a7 19       		.uleb128 0x19
 979 00a8 11       		.uleb128 0x11
 980 00a9 01       		.uleb128 0x1
 981 00aa 12       		.uleb128 0x12
 982 00ab 06       		.uleb128 0x6
 983 00ac 40       		.uleb128 0x40
 984 00ad 18       		.uleb128 0x18
 985 00ae 9742     		.uleb128 0x2117
 986 00b0 19       		.uleb128 0x19
 987 00b1 00       		.byte	0
 988 00b2 00       		.byte	0
 989 00b3 0D       		.uleb128 0xd
 990 00b4 2E       		.uleb128 0x2e
 991 00b5 01       		.byte	0x1
 992 00b6 3F       		.uleb128 0x3f
 993 00b7 19       		.uleb128 0x19
 994 00b8 03       		.uleb128 0x3
 995 00b9 0E       		.uleb128 0xe
 996 00ba 3A       		.uleb128 0x3a
 997 00bb 0B       		.uleb128 0xb
 998 00bc 3B       		.uleb128 0x3b
 999 00bd 0B       		.uleb128 0xb
 1000 00be 27       		.uleb128 0x27
 1001 00bf 19       		.uleb128 0x19
 1002 00c0 11       		.uleb128 0x11
 1003 00c1 01       		.uleb128 0x1
 1004 00c2 12       		.uleb128 0x12
 1005 00c3 06       		.uleb128 0x6
 1006 00c4 40       		.uleb128 0x40
 1007 00c5 18       		.uleb128 0x18
 1008 00c6 9742     		.uleb128 0x2117
 1009 00c8 19       		.uleb128 0x19
 1010 00c9 01       		.uleb128 0x1
 1011 00ca 13       		.uleb128 0x13
 1012 00cb 00       		.byte	0
 1013 00cc 00       		.byte	0
 1014 00cd 0E       		.uleb128 0xe
 1015 00ce 2E       		.uleb128 0x2e
 1016 00cf 00       		.byte	0
 1017 00d0 3F       		.uleb128 0x3f
 1018 00d1 19       		.uleb128 0x19
 1019 00d2 03       		.uleb128 0x3
 1020 00d3 0E       		.uleb128 0xe
 1021 00d4 3A       		.uleb128 0x3a
 1022 00d5 0B       		.uleb128 0xb
 1023 00d6 3B       		.uleb128 0x3b
ARM GAS  C:\Users\ADMINI~1\AppData\Local\Temp\ccZPEHUT.s 			page 26


 1024 00d7 0B       		.uleb128 0xb
 1025 00d8 27       		.uleb128 0x27
 1026 00d9 19       		.uleb128 0x19
 1027 00da 49       		.uleb128 0x49
 1028 00db 13       		.uleb128 0x13
 1029 00dc 11       		.uleb128 0x11
 1030 00dd 01       		.uleb128 0x1
 1031 00de 12       		.uleb128 0x12
 1032 00df 06       		.uleb128 0x6
 1033 00e0 40       		.uleb128 0x40
 1034 00e1 18       		.uleb128 0x18
 1035 00e2 9742     		.uleb128 0x2117
 1036 00e4 19       		.uleb128 0x19
 1037 00e5 00       		.byte	0
 1038 00e6 00       		.byte	0
 1039 00e7 0F       		.uleb128 0xf
 1040 00e8 34       		.uleb128 0x34
 1041 00e9 00       		.byte	0
 1042 00ea 03       		.uleb128 0x3
 1043 00eb 0E       		.uleb128 0xe
 1044 00ec 3A       		.uleb128 0x3a
 1045 00ed 0B       		.uleb128 0xb
 1046 00ee 3B       		.uleb128 0x3b
 1047 00ef 0B       		.uleb128 0xb
 1048 00f0 49       		.uleb128 0x49
 1049 00f1 13       		.uleb128 0x13
 1050 00f2 02       		.uleb128 0x2
 1051 00f3 18       		.uleb128 0x18
 1052 00f4 00       		.byte	0
 1053 00f5 00       		.byte	0
 1054 00f6 10       		.uleb128 0x10
 1055 00f7 2E       		.uleb128 0x2e
 1056 00f8 01       		.byte	0x1
 1057 00f9 3F       		.uleb128 0x3f
 1058 00fa 19       		.uleb128 0x19
 1059 00fb 03       		.uleb128 0x3
 1060 00fc 0E       		.uleb128 0xe
 1061 00fd 3A       		.uleb128 0x3a
 1062 00fe 0B       		.uleb128 0xb
 1063 00ff 3B       		.uleb128 0x3b
 1064 0100 05       		.uleb128 0x5
 1065 0101 27       		.uleb128 0x27
 1066 0102 19       		.uleb128 0x19
 1067 0103 49       		.uleb128 0x49
 1068 0104 13       		.uleb128 0x13
 1069 0105 11       		.uleb128 0x11
 1070 0106 01       		.uleb128 0x1
 1071 0107 12       		.uleb128 0x12
 1072 0108 06       		.uleb128 0x6
 1073 0109 40       		.uleb128 0x40
 1074 010a 18       		.uleb128 0x18
 1075 010b 9742     		.uleb128 0x2117
 1076 010d 19       		.uleb128 0x19
 1077 010e 01       		.uleb128 0x1
 1078 010f 13       		.uleb128 0x13
 1079 0110 00       		.byte	0
 1080 0111 00       		.byte	0
ARM GAS  C:\Users\ADMINI~1\AppData\Local\Temp\ccZPEHUT.s 			page 27


 1081 0112 11       		.uleb128 0x11
 1082 0113 34       		.uleb128 0x34
 1083 0114 00       		.byte	0
 1084 0115 03       		.uleb128 0x3
 1085 0116 0E       		.uleb128 0xe
 1086 0117 3A       		.uleb128 0x3a
 1087 0118 0B       		.uleb128 0xb
 1088 0119 3B       		.uleb128 0x3b
 1089 011a 05       		.uleb128 0x5
 1090 011b 49       		.uleb128 0x49
 1091 011c 13       		.uleb128 0x13
 1092 011d 02       		.uleb128 0x2
 1093 011e 18       		.uleb128 0x18
 1094 011f 00       		.byte	0
 1095 0120 00       		.byte	0
 1096 0121 12       		.uleb128 0x12
 1097 0122 2E       		.uleb128 0x2e
 1098 0123 00       		.byte	0
 1099 0124 3F       		.uleb128 0x3f
 1100 0125 19       		.uleb128 0x19
 1101 0126 03       		.uleb128 0x3
 1102 0127 0E       		.uleb128 0xe
 1103 0128 3A       		.uleb128 0x3a
 1104 0129 0B       		.uleb128 0xb
 1105 012a 3B       		.uleb128 0x3b
 1106 012b 05       		.uleb128 0x5
 1107 012c 27       		.uleb128 0x27
 1108 012d 19       		.uleb128 0x19
 1109 012e 11       		.uleb128 0x11
 1110 012f 01       		.uleb128 0x1
 1111 0130 12       		.uleb128 0x12
 1112 0131 06       		.uleb128 0x6
 1113 0132 40       		.uleb128 0x40
 1114 0133 18       		.uleb128 0x18
 1115 0134 9742     		.uleb128 0x2117
 1116 0136 19       		.uleb128 0x19
 1117 0137 00       		.byte	0
 1118 0138 00       		.byte	0
 1119 0139 13       		.uleb128 0x13
 1120 013a 2E       		.uleb128 0x2e
 1121 013b 00       		.byte	0
 1122 013c 3F       		.uleb128 0x3f
 1123 013d 19       		.uleb128 0x19
 1124 013e 03       		.uleb128 0x3
 1125 013f 0E       		.uleb128 0xe
 1126 0140 3A       		.uleb128 0x3a
 1127 0141 0B       		.uleb128 0xb
 1128 0142 3B       		.uleb128 0x3b
 1129 0143 05       		.uleb128 0x5
 1130 0144 27       		.uleb128 0x27
 1131 0145 19       		.uleb128 0x19
 1132 0146 49       		.uleb128 0x49
 1133 0147 13       		.uleb128 0x13
 1134 0148 11       		.uleb128 0x11
 1135 0149 01       		.uleb128 0x1
 1136 014a 12       		.uleb128 0x12
 1137 014b 06       		.uleb128 0x6
ARM GAS  C:\Users\ADMINI~1\AppData\Local\Temp\ccZPEHUT.s 			page 28


 1138 014c 40       		.uleb128 0x40
 1139 014d 18       		.uleb128 0x18
 1140 014e 9742     		.uleb128 0x2117
 1141 0150 19       		.uleb128 0x19
 1142 0151 00       		.byte	0
 1143 0152 00       		.byte	0
 1144 0153 14       		.uleb128 0x14
 1145 0154 01       		.uleb128 0x1
 1146 0155 01       		.byte	0x1
 1147 0156 49       		.uleb128 0x49
 1148 0157 13       		.uleb128 0x13
 1149 0158 01       		.uleb128 0x1
 1150 0159 13       		.uleb128 0x13
 1151 015a 00       		.byte	0
 1152 015b 00       		.byte	0
 1153 015c 15       		.uleb128 0x15
 1154 015d 21       		.uleb128 0x21
 1155 015e 00       		.byte	0
 1156 015f 49       		.uleb128 0x49
 1157 0160 13       		.uleb128 0x13
 1158 0161 2F       		.uleb128 0x2f
 1159 0162 0B       		.uleb128 0xb
 1160 0163 00       		.byte	0
 1161 0164 00       		.byte	0
 1162 0165 16       		.uleb128 0x16
 1163 0166 34       		.uleb128 0x34
 1164 0167 00       		.byte	0
 1165 0168 03       		.uleb128 0x3
 1166 0169 0E       		.uleb128 0xe
 1167 016a 3A       		.uleb128 0x3a
 1168 016b 0B       		.uleb128 0xb
 1169 016c 3B       		.uleb128 0x3b
 1170 016d 0B       		.uleb128 0xb
 1171 016e 49       		.uleb128 0x49
 1172 016f 13       		.uleb128 0x13
 1173 0170 3F       		.uleb128 0x3f
 1174 0171 19       		.uleb128 0x19
 1175 0172 3C       		.uleb128 0x3c
 1176 0173 19       		.uleb128 0x19
 1177 0174 00       		.byte	0
 1178 0175 00       		.byte	0
 1179 0176 00       		.byte	0
 1180              		.section	.debug_aranges,"",%progbits
 1181 0000 7C000000 		.4byte	0x7c
 1182 0004 0200     		.2byte	0x2
 1183 0006 00000000 		.4byte	.Ldebug_info0
 1184 000a 04       		.byte	0x4
 1185 000b 00       		.byte	0
 1186 000c 0000     		.2byte	0
 1187 000e 0000     		.2byte	0
 1188 0010 00000000 		.4byte	.LFB1
 1189 0014 24000000 		.4byte	.LFE1-.LFB1
 1190 0018 00000000 		.4byte	.LFB2
 1191 001c 26000000 		.4byte	.LFE2-.LFB2
 1192 0020 00000000 		.4byte	.LFB3
 1193 0024 1C000000 		.4byte	.LFE3-.LFB3
 1194 0028 00000000 		.4byte	.LFB4
ARM GAS  C:\Users\ADMINI~1\AppData\Local\Temp\ccZPEHUT.s 			page 29


 1195 002c 0A000000 		.4byte	.LFE4-.LFB4
 1196 0030 00000000 		.4byte	.LFB5
 1197 0034 1C000000 		.4byte	.LFE5-.LFB5
 1198 0038 00000000 		.4byte	.LFB6
 1199 003c 14000000 		.4byte	.LFE6-.LFB6
 1200 0040 00000000 		.4byte	.LFB7
 1201 0044 50000000 		.4byte	.LFE7-.LFB7
 1202 0048 00000000 		.4byte	.LFB8
 1203 004c 2C000000 		.4byte	.LFE8-.LFB8
 1204 0050 00000000 		.4byte	.LFB9
 1205 0054 14000000 		.4byte	.LFE9-.LFB9
 1206 0058 00000000 		.4byte	.LFB10
 1207 005c 1C000000 		.4byte	.LFE10-.LFB10
 1208 0060 00000000 		.4byte	.LFB11
 1209 0064 14000000 		.4byte	.LFE11-.LFB11
 1210 0068 00000000 		.4byte	.LFB12
 1211 006c 14000000 		.4byte	.LFE12-.LFB12
 1212 0070 00000000 		.4byte	.LFB13
 1213 0074 14000000 		.4byte	.LFE13-.LFB13
 1214 0078 00000000 		.4byte	0
 1215 007c 00000000 		.4byte	0
 1216              		.section	.debug_ranges,"",%progbits
 1217              	.Ldebug_ranges0:
 1218 0000 00000000 		.4byte	.LFB1
 1219 0004 24000000 		.4byte	.LFE1
 1220 0008 00000000 		.4byte	.LFB2
 1221 000c 26000000 		.4byte	.LFE2
 1222 0010 00000000 		.4byte	.LFB3
 1223 0014 1C000000 		.4byte	.LFE3
 1224 0018 00000000 		.4byte	.LFB4
 1225 001c 0A000000 		.4byte	.LFE4
 1226 0020 00000000 		.4byte	.LFB5
 1227 0024 1C000000 		.4byte	.LFE5
 1228 0028 00000000 		.4byte	.LFB6
 1229 002c 14000000 		.4byte	.LFE6
 1230 0030 00000000 		.4byte	.LFB7
 1231 0034 50000000 		.4byte	.LFE7
 1232 0038 00000000 		.4byte	.LFB8
 1233 003c 2C000000 		.4byte	.LFE8
 1234 0040 00000000 		.4byte	.LFB9
 1235 0044 14000000 		.4byte	.LFE9
 1236 0048 00000000 		.4byte	.LFB10
 1237 004c 1C000000 		.4byte	.LFE10
 1238 0050 00000000 		.4byte	.LFB11
 1239 0054 14000000 		.4byte	.LFE11
 1240 0058 00000000 		.4byte	.LFB12
 1241 005c 14000000 		.4byte	.LFE12
 1242 0060 00000000 		.4byte	.LFB13
 1243 0064 14000000 		.4byte	.LFE13
 1244 0068 00000000 		.4byte	0
 1245 006c 00000000 		.4byte	0
 1246              		.section	.debug_line,"",%progbits
 1247              	.Ldebug_line0:
 1248 0000 4E010000 		.section	.debug_str,"MS",%progbits,1
 1248      02005000 
 1248      00000201 
 1248      FB0E0D00 
ARM GAS  C:\Users\ADMINI~1\AppData\Local\Temp\ccZPEHUT.s 			page 30


 1248      01010101 
 1249              	.LASF14:
 1250 0000 72656733 		.ascii	"reg32\000"
 1250      3200
 1251              	.LASF32:
 1252 0006 54656D70 		.ascii	"Temp_Sensor_EOC_ISR_SetPending\000"
 1252      5F53656E 
 1252      736F725F 
 1252      454F435F 
 1252      4953525F 
 1253              	.LASF38:
 1254 0025 43795261 		.ascii	"CyRamVectors\000"
 1254      6D566563 
 1254      746F7273 
 1254      00
 1255              	.LASF36:
 1256 0032 443A5C43 		.ascii	"D:\\CYTEST\\Micrium_CY8CKIT-044_OS2\\Micrium\\Examp"
 1256      59544553 
 1256      545C4D69 
 1256      63726975 
 1256      6D5F4359 
 1257 0061 6C65735C 		.ascii	"les\\Cypress\\CY8CKIT-044\\OS2\\PSoC\\OS2.cydsn\000"
 1257      43797072 
 1257      6573735C 
 1257      43593843 
 1257      4B49542D 
 1258              	.LASF35:
 1259 008c 47656E65 		.ascii	"Generated_Source\\PSoC4\\Temp_Sensor_EOC_ISR.c\000"
 1259      72617465 
 1259      645F536F 
 1259      75726365 
 1259      5C50536F 
 1260              	.LASF30:
 1261 00b9 54656D70 		.ascii	"Temp_Sensor_EOC_ISR_GetState\000"
 1261      5F53656E 
 1261      736F725F 
 1261      454F435F 
 1261      4953525F 
 1262              	.LASF3:
 1263 00d6 73686F72 		.ascii	"short unsigned int\000"
 1263      7420756E 
 1263      7369676E 
 1263      65642069 
 1263      6E7400
 1264              	.LASF33:
 1265 00e9 54656D70 		.ascii	"Temp_Sensor_EOC_ISR_ClearPending\000"
 1265      5F53656E 
 1265      736F725F 
 1265      454F435F 
 1265      4953525F 
 1266              	.LASF22:
 1267 010a 54656D70 		.ascii	"Temp_Sensor_EOC_ISR_SetVector\000"
 1267      5F53656E 
 1267      736F725F 
 1267      454F435F 
 1267      4953525F 
 1268              	.LASF28:
ARM GAS  C:\Users\ADMINI~1\AppData\Local\Temp\ccZPEHUT.s 			page 31


 1269 0128 54656D70 		.ascii	"Temp_Sensor_EOC_ISR_Enable\000"
 1269      5F53656E 
 1269      736F725F 
 1269      454F435F 
 1269      4953525F 
 1270              	.LASF11:
 1271 0143 666C6F61 		.ascii	"float\000"
 1271      7400
 1272              	.LASF29:
 1273 0149 54656D70 		.ascii	"Temp_Sensor_EOC_ISR_GetVector\000"
 1273      5F53656E 
 1273      736F725F 
 1273      454F435F 
 1273      4953525F 
 1274              	.LASF19:
 1275 0167 54656D70 		.ascii	"Temp_Sensor_EOC_ISR_Stop\000"
 1275      5F53656E 
 1275      736F725F 
 1275      454F435F 
 1275      4953525F 
 1276              	.LASF18:
 1277 0180 54656D70 		.ascii	"Temp_Sensor_EOC_ISR_Start\000"
 1277      5F53656E 
 1277      736F725F 
 1277      454F435F 
 1277      4953525F 
 1278              	.LASF26:
 1279 019a 696E7465 		.ascii	"interruptState\000"
 1279      72727570 
 1279      74537461 
 1279      746500
 1280              	.LASF5:
 1281 01a9 6C6F6E67 		.ascii	"long unsigned int\000"
 1281      20756E73 
 1281      69676E65 
 1281      6420696E 
 1281      7400
 1282              	.LASF9:
 1283 01bb 75696E74 		.ascii	"uint8\000"
 1283      3800
 1284              	.LASF37:
 1285 01c1 54656D70 		.ascii	"Temp_Sensor_EOC_ISR_GetPriority\000"
 1285      5F53656E 
 1285      736F725F 
 1285      454F435F 
 1285      4953525F 
 1286              	.LASF34:
 1287 01e1 474E5520 		.ascii	"GNU C11 5.4.1 20160609 (release) [ARM/embedded-5-br"
 1287      43313120 
 1287      352E342E 
 1287      31203230 
 1287      31363036 
 1288 0214 616E6368 		.ascii	"anch revision 237715] -mcpu=cortex-m0 -mthumb -g -O"
 1288      20726576 
 1288      6973696F 
 1288      6E203233 
 1288      37373135 
ARM GAS  C:\Users\ADMINI~1\AppData\Local\Temp\ccZPEHUT.s 			page 32


 1289 0247 30202D66 		.ascii	"0 -ffunction-sections -ffat-lto-objects\000"
 1289      66756E63 
 1289      74696F6E 
 1289      2D736563 
 1289      74696F6E 
 1290              	.LASF25:
 1291 026f 7072696F 		.ascii	"priority\000"
 1291      72697479 
 1291      00
 1292              	.LASF1:
 1293 0278 756E7369 		.ascii	"unsigned char\000"
 1293      676E6564 
 1293      20636861 
 1293      7200
 1294              	.LASF12:
 1295 0286 646F7562 		.ascii	"double\000"
 1295      6C6500
 1296              	.LASF10:
 1297 028d 75696E74 		.ascii	"uint32\000"
 1297      333200
 1298              	.LASF8:
 1299 0294 756E7369 		.ascii	"unsigned int\000"
 1299      676E6564 
 1299      20696E74 
 1299      00
 1300              	.LASF23:
 1301 02a1 61646472 		.ascii	"address\000"
 1301      65737300 
 1302              	.LASF7:
 1303 02a9 6C6F6E67 		.ascii	"long long unsigned int\000"
 1303      206C6F6E 
 1303      6720756E 
 1303      7369676E 
 1303      65642069 
 1304              	.LASF15:
 1305 02c0 63796973 		.ascii	"cyisraddress\000"
 1305      72616464 
 1305      72657373 
 1305      00
 1306              	.LASF24:
 1307 02cd 54656D70 		.ascii	"Temp_Sensor_EOC_ISR_SetPriority\000"
 1307      5F53656E 
 1307      736F725F 
 1307      454F435F 
 1307      4953525F 
 1308              	.LASF17:
 1309 02ed 73697A65 		.ascii	"sizetype\000"
 1309      74797065 
 1309      00
 1310              	.LASF21:
 1311 02f6 54656D70 		.ascii	"Temp_Sensor_EOC_ISR_StartEx\000"
 1311      5F53656E 
 1311      736F725F 
 1311      454F435F 
 1311      4953525F 
 1312              	.LASF6:
 1313 0312 6C6F6E67 		.ascii	"long long int\000"
ARM GAS  C:\Users\ADMINI~1\AppData\Local\Temp\ccZPEHUT.s 			page 33


 1313      206C6F6E 
 1313      6720696E 
 1313      7400
 1314              	.LASF13:
 1315 0320 63686172 		.ascii	"char\000"
 1315      00
 1316              	.LASF20:
 1317 0325 54656D70 		.ascii	"Temp_Sensor_EOC_ISR_Interrupt\000"
 1317      5F53656E 
 1317      736F725F 
 1317      454F435F 
 1317      4953525F 
 1318              	.LASF2:
 1319 0343 73686F72 		.ascii	"short int\000"
 1319      7420696E 
 1319      7400
 1320              	.LASF27:
 1321 034d 7072696F 		.ascii	"priorityOffset\000"
 1321      72697479 
 1321      4F666673 
 1321      657400
 1322              	.LASF4:
 1323 035c 6C6F6E67 		.ascii	"long int\000"
 1323      20696E74 
 1323      00
 1324              	.LASF16:
 1325 0365 6C6F6E67 		.ascii	"long double\000"
 1325      20646F75 
 1325      626C6500 
 1326              	.LASF0:
 1327 0371 7369676E 		.ascii	"signed char\000"
 1327      65642063 
 1327      68617200 
 1328              	.LASF31:
 1329 037d 54656D70 		.ascii	"Temp_Sensor_EOC_ISR_Disable\000"
 1329      5F53656E 
 1329      736F725F 
 1329      454F435F 
 1329      4953525F 
 1330              		.ident	"GCC: (GNU Tools for ARM Embedded Processors) 5.4.1 20160609 (release) [ARM/embedded-5-bran
